Log file open, 12/06/17 15:16:26
LogWindows: Failed to load 'aqProf.dll' (GetLastError=126)
LogWindows: File 'aqProf.dll' does not exist
LogWindows: Failed to load 'VSPerf140.dll' (GetLastError=126)
LogWindows: File 'VSPerf140.dll' does not exist
LogWindows: Failed to load 'VtuneApi.dll' (GetLastError=126)
LogWindows: File 'VtuneApi.dll' does not exist
LogWindows: Failed to load 'VtuneApi32e.dll' (GetLastError=126)
LogWindows: File 'VtuneApi32e.dll' does not exist
LogInit: Display: Running engine for game: KairosVR_new
LogPlatformFile: Not using cached read wrapper
LogInit: Display: RandInit(-1199110412) SRandInit(-1199110412).
LogTaskGraph: Started task graph with 5 named threads and 20 total threads with 3 sets of task threads.
LogStats: Stats thread started at 0.227584
LogD3D11RHI: Aftermath initialized
LogPluginManager: Mounting plugin Paper2D
LogPluginManager: Mounting plugin LightPropagationVolume
LogPluginManager: Mounting plugin CodeLiteSourceCodeAccess
LogPluginManager: Mounting plugin GitSourceControl
LogPluginManager: Mounting plugin KDevelopSourceCodeAccess
LogPluginManager: Mounting plugin NullSourceCodeAccess
LogPluginManager: Mounting plugin PerforceSourceControl
LogPluginManager: Mounting plugin SubversionSourceControl
LogPluginManager: Mounting plugin UObjectPlugin
LogPluginManager: Mounting plugin VisualStudioSourceCodeAccess
LogPluginManager: Mounting plugin XCodeSourceCodeAccess
LogPluginManager: Mounting plugin AssetManagerEditor
LogPluginManager: Mounting plugin AudioCapture
LogPluginManager: Mounting plugin FacialAnimation
LogPluginManager: Mounting plugin GameplayTagsEditor
LogPluginManager: Mounting plugin MobileLauncherProfileWizard
LogPluginManager: Mounting plugin PluginBrowser
LogPluginManager: Mounting plugin SpeedTreeImporter
LogPluginManager: Mounting plugin AlembicImporter
LogPluginManager: Mounting plugin CharacterAI
LogPluginManager: Mounting plugin HTML5Networking
LogPluginManager: Mounting plugin AndroidMedia
LogPluginManager: Mounting plugin AvfMedia
LogPluginManager: Mounting plugin MediaPlayerEditor
LogPluginManager: Mounting plugin WmfMedia
LogPluginManager: Mounting plugin TcpMessaging
LogPluginManager: Mounting plugin UdpMessaging
LogPluginManager: Mounting plugin LevelSequenceEditor
LogPluginManager: Mounting plugin MatineeToLevelSequence
LogPluginManager: Mounting plugin OnlineSubsystemGooglePlay
LogPluginManager: Mounting plugin OnlineSubsystemIOS
LogPluginManager: Mounting plugin OnlineSubsystem
LogPluginManager: Mounting plugin OnlineSubsystemNull
LogPluginManager: Mounting plugin OnlineSubsystemUtils
LogPluginManager: Mounting plugin AndroidDeviceProfileSelector
LogPluginManager: Mounting plugin AndroidMoviePlayer
LogPluginManager: Mounting plugin AndroidPermission
LogPluginManager: Mounting plugin AppleMoviePlayer
LogPluginManager: Mounting plugin ArchVisCharacter
LogPluginManager: Mounting plugin CableComponent
LogPluginManager: Mounting plugin CustomMeshComponent
LogPluginManager: Mounting plugin ExampleDeviceProfileSelector
LogPluginManager: Mounting plugin GoogleCloudMessaging
LogPluginManager: Mounting plugin ImmediatePhysics
LogPluginManager: Mounting plugin IOSDeviceProfileSelector
LogPluginManager: Mounting plugin LinuxDeviceProfileSelector
LogPluginManager: Mounting plugin LocationServicesBPLibrary
LogPluginManager: Mounting plugin MobilePatchingUtils
LogPluginManager: Mounting plugin OculusVR
LogPluginManager: Mounting plugin PhysXVehicles
LogPluginManager: Mounting plugin ProceduralMeshComponent
LogPluginManager: Mounting plugin RuntimePhysXCooking
LogPluginManager: Mounting plugin SteamVR
LogPluginManager: Mounting plugin WindowsMoviePlayer
LogInit: Using libcurl 7.47.1
LogInit:  - built for x86_64-pc-win32
LogInit:  - supports SSL with OpenSSL/1.0.2g
LogInit:  - supports HTTP deflate (compression) using libz 1.2.8
LogInit:  - other features:
LogInit:      CURL_VERSION_SSL
LogInit:      CURL_VERSION_LIBZ
LogInit:      CURL_VERSION_IPV6
LogInit:      CURL_VERSION_ASYNCHDNS
LogInit:      CURL_VERSION_LARGEFILE
LogInit:      CURL_VERSION_IDN
LogInit:  CurlRequestOptions (configurable via config and command line):
LogInit:  - bVerifyPeer = false  - Libcurl will NOT verify peer certificate
LogInit:  - bUseHttpProxy = false  - Libcurl will NOT use HTTP proxy
LogInit:  - bDontReuseConnections = false  - Libcurl will reuse connections
LogInit:  - CertBundlePath = nullptr  - Libcurl will use whatever was configured at build time.
LogInit: Build: ++UE4+Release-4.17-CL-3658906
LogInit: Engine Version: 4.17.2-3658906+++UE4+Release-4.17
LogInit: Compatible Engine Version: 4.17.0-3573198+++UE4+Release-4.17
LogInit: Net CL: 3573198
LogDevObjectVersion: Number of dev versions registered: 16
LogDevObjectVersion:   Dev-Blueprints (B0D832E4-1F89-4F0D-ACCF-7EB736FD4AA2): 10
LogDevObjectVersion:   Dev-Build (E1C64328-A22C-4D53-A36C-8E866417BD8C): 0
LogDevObjectVersion:   Dev-Core (375EC13C-06E4-48FB-B500-84F0262A717E): 2
LogDevObjectVersion:   Dev-Editor (E4B068ED-F494-42E9-A231-DA0B2E46BB41): 20
LogDevObjectVersion:   Dev-Framework (CFFC743F-43B0-4480-9391-14DF171D2073): 28
LogDevObjectVersion:   Dev-Mobile (B02B49B5-BB20-44E9-A304-32B752E40360): 0
LogDevObjectVersion:   Dev-Networking (A4E4105C-59A1-49B5-A7C5-40C4547EDFEE): 0
LogDevObjectVersion:   Dev-Online (39C831C9-5AE6-47DC-9A44-9C173E1C8E7C): 0
LogDevObjectVersion:   Dev-Physics (78F01B33-EBEA-4F98-B9B4-84EACCB95AA2): 0
LogDevObjectVersion:   Dev-Platform (6631380F-2D4D-43E0-8009-CF276956A95A): 0
LogDevObjectVersion:   Dev-Rendering (12F88B9F-8875-4AFC-A67C-D90C383ABD29): 19
LogDevObjectVersion:   Dev-Sequencer (7B5AE74C-D270-4C10-A958-57980B212A5A): 4
LogDevObjectVersion:   Dev-VR (D7296918-1DD6-4BDD-9DE2-64A83CC13884): 0
LogDevObjectVersion:   Dev-LoadTimes (C2A15278-BFE7-4AFE-6C17-90FF531DF755): 1
LogDevObjectVersion:   Private-Geometry (6EACA3D4-40EC-4CC1-B786-8BED09428FC5): 1
LogDevObjectVersion:   Dev-AnimPhys (29E575DD-E0A3-4627-9D10-D276232CDCEA): 7
LogInit: Compiled (64-bit): Sep 22 2017 13:47:16
LogInit: Compiled with Visual C++: 19.00.24215.01
LogInit: Build Configuration: Development
LogInit: Branch Name: ++UE4+Release-4.17
LogInit: Command line:  
LogInit: Base directory: C:/Users/oatesj/Desktop/UE_4.17/Engine/Binaries/Win64/
LogInit: Installed Engine Build: 1
LogInit: Presizing for max 8388607 objects, including 0 objects not considered by GC, pre-allocating 0 bytes for permanent pool.
LogInit: Object subsystem initialized
[2017.12.06-20.16.26:552][  0]LogInit: Selected Device Profile: [Windows]
[2017.12.06-20.16.26:552][  0]LogInit: Applying CVar settings loaded from the selected device profile: [Windows]
[2017.12.06-20.16.26:563][  0]LogInit: Computer: SA2502-PC01
[2017.12.06-20.16.26:563][  0]LogInit: User: OATESJ
[2017.12.06-20.16.26:563][  0]LogInit: CPU Page size=4096, Cores=6
[2017.12.06-20.16.26:563][  0]LogInit: High frequency timer resolution =3.410072 MHz
[2017.12.06-20.16.26:563][  0]LogMemory: Memory total: Physical=31.9GB (32GB approx)
[2017.12.06-20.16.26:563][  0]LogMemory: Platform Memory Stats for Windows
[2017.12.06-20.16.26:563][  0]LogMemory: Process Physical Memory: 279.10 MB used, 279.10 MB peak
[2017.12.06-20.16.26:563][  0]LogMemory: Process Virtual Memory: 282.66 MB used, 282.66 MB peak
[2017.12.06-20.16.26:563][  0]LogMemory: Physical Memory: 4965.51 MB used,  27724.78 MB free, 32690.29 MB total
[2017.12.06-20.16.26:563][  0]LogMemory: Virtual Memory: 715.62 MB used,  27724.78 MB free, 134217728.00 MB total
[2017.12.06-20.16.26:703][  0]LogInit: Using OS detected language (en-US).
[2017.12.06-20.16.26:703][  0]LogInit: Using OS detected locale (en-US).
[2017.12.06-20.16.26:706][  0]LogTextLocalizationManager: No specific localization for 'en-US' exists, so the 'en' localization will be used.
[2017.12.06-20.16.27:366][  0]LogD3D11RHI: D3D11 adapters:
[2017.12.06-20.16.27:397][  0]LogD3D11RHI:    0. 'NVIDIA GeForce GTX 1080' (Feature Level 11_0)
[2017.12.06-20.16.27:397][  0]LogD3D11RHI:       8076/0/16345 MB DedicatedVideo/DedicatedSystem/SharedSystem, Outputs:2, VendorId:0x10de
[2017.12.06-20.16.27:399][  0]LogD3D11RHI:    1. 'Microsoft Basic Render Driver' (Feature Level 11_0)
[2017.12.06-20.16.27:399][  0]LogD3D11RHI:       0/0/16345 MB DedicatedVideo/DedicatedSystem/SharedSystem, Outputs:0, VendorId:0x1414
[2017.12.06-20.16.27:399][  0]LogD3D11RHI: Chosen D3D11 Adapter: 0
[2017.12.06-20.16.27:404][  0]LogD3D11RHI: Creating new Direct3DDevice
[2017.12.06-20.16.27:404][  0]LogD3D11RHI:     GPU DeviceId: 0x1b80 (for the marketing name, search the web for "GPU Device Id")
[2017.12.06-20.16.27:404][  0]LogWindows: EnumDisplayDevices:
[2017.12.06-20.16.27:405][  0]LogWindows:    0. 'NVIDIA GeForce GTX 1080' (P:0 D:1)
[2017.12.06-20.16.27:405][  0]LogWindows:    1. 'NVIDIA GeForce GTX 1080' (P:1 D:1)
[2017.12.06-20.16.27:405][  0]LogWindows:    2. 'NVIDIA GeForce GTX 1080' (P:0 D:0)
[2017.12.06-20.16.27:405][  0]LogWindows:    3. 'NVIDIA GeForce GTX 1080' (P:0 D:0)
[2017.12.06-20.16.27:405][  0]LogWindows: DebugString: GetVideoDriverDetailsInvalid PrimaryIsNotTheChoosenAdapter GetVideoDriverDetailsInvalid PrimaryIsNotTheChoosenAdapter GetVideoDriverDetailsInvalid PrimaryIsNotTheChoosenAdapter GetVideoDriverDetailsInvalid PrimaryIsNotTheChoosenAdapter FoundDriverCount:0 
[2017.12.06-20.16.27:405][  0]LogD3D11RHI:     Adapter Name: NVIDIA GeForce GTX 1080
[2017.12.06-20.16.27:405][  0]LogD3D11RHI:   Driver Version: Unknown (internal:Unknown, unified:Unknown)
[2017.12.06-20.16.27:405][  0]LogD3D11RHI:      Driver Date: Unknown
[2017.12.06-20.16.27:405][  0]LogRHI: Texture pool is 1361 MB (70% of 1945 MB)
[2017.12.06-20.16.27:424][  0]LogD3D11RHI: Async texture creation enabled
[2017.12.06-20.16.27:435][  0]LogD3D11RHI: GPU Timing Frequency: 1000.000000 (Debug: 2 1)
[2017.12.06-20.16.27:479][  0]LogShaderCompilers: Guid format shader working directory is 4 characters bigger than the processId version (../../../../ExperimentalGame_VR/KairosVR_new/Intermediate/Shaders/WorkingDirectory/104/).
[2017.12.06-20.16.27:479][  0]LogShaderCompilers: Cleaned the shader compiler working directory 'C:/Users/oatesj/AppData/Local/Temp/UnrealShaderWorkingDir/834E7B7D43551171EEC38281A512B128/'.
[2017.12.06-20.16.27:479][  0]LogShaderCompilers: Display: Using Local Shader Compiler.
[2017.12.06-20.16.28:376][  0]LogTemp: Display: Loaded TP AllDesktopTargetPlatform
[2017.12.06-20.16.28:422][  0]LogTemp: Display: Loaded TP MacClientTargetPlatform
[2017.12.06-20.16.28:469][  0]LogTemp: Display: Loaded TP MacNoEditorTargetPlatform
[2017.12.06-20.16.28:515][  0]LogTemp: Display: Loaded TP MacServerTargetPlatform
[2017.12.06-20.16.28:564][  0]LogTemp: Display: Loaded TP MacTargetPlatform
[2017.12.06-20.16.28:613][  0]LogTemp: Display: Loaded TP WindowsClientTargetPlatform
[2017.12.06-20.16.28:661][  0]LogTemp: Display: Loaded TP WindowsNoEditorTargetPlatform
[2017.12.06-20.16.28:709][  0]LogTemp: Display: Loaded TP WindowsServerTargetPlatform
[2017.12.06-20.16.28:756][  0]LogTemp: Display: Loaded TP WindowsTargetPlatform
[2017.12.06-20.16.28:802][  0]LogTemp: Display: Loaded TP AndroidTargetPlatform
[2017.12.06-20.16.28:847][  0]LogTemp: Display: Loaded TP Android_ASTCTargetPlatform
[2017.12.06-20.16.28:892][  0]LogTemp: Display: Loaded TP Android_ATCTargetPlatform
[2017.12.06-20.16.28:940][  0]LogTemp: Display: Loaded TP Android_DXTTargetPlatform
[2017.12.06-20.16.28:985][  0]LogTemp: Display: Loaded TP Android_ETC1TargetPlatform
[2017.12.06-20.16.29:032][  0]LogTemp: Display: Loaded TP Android_ETC2TargetPlatform
[2017.12.06-20.16.29:126][  0]LogTemp: Display: Loaded TP Android_MultiTargetPlatform
[2017.12.06-20.16.29:126][  0]LogTemp: Display: Loaded TP Android_PVRTCTargetPlatform
[2017.12.06-20.16.29:160][  0]LogTemp: Display: Loaded TP HTML5TargetPlatform
[2017.12.06-20.16.29:247][  0]LogTemp: Display: Loaded TP IOSTargetPlatform
[2017.12.06-20.16.29:279][  0]LogTemp: Display: Loaded TP TVOSTargetPlatform
[2017.12.06-20.16.29:329][  0]LogTemp: Display: Loaded TP LinuxClientTargetPlatform
[2017.12.06-20.16.29:374][  0]LogTemp: Display: Loaded TP LinuxNoEditorTargetPlatform
[2017.12.06-20.16.29:424][  0]LogTemp: Display: Loaded TP LinuxServerTargetPlatform
[2017.12.06-20.16.29:469][  0]LogTemp: Display: Loaded TP LinuxTargetPlatform
[2017.12.06-20.16.29:469][  0]LogTargetPlatformManager: Display: Building Assets For Windows
[2017.12.06-20.16.29:910][  0]LogDerivedDataCache: Display: Max Cache Size: 512 MB
[2017.12.06-20.16.29:991][  0]LogDerivedDataCache: Loaded boot cache 0.08s 93MB C:/Users/oatesj/AppData/Local/UnrealEngine/4.17/DerivedDataCache/Boot.ddc.
[2017.12.06-20.16.29:991][  0]LogDerivedDataCache: Display: Loaded Boot cache: C:/Users/oatesj/AppData/Local/UnrealEngine/4.17/DerivedDataCache/Boot.ddc
[2017.12.06-20.16.29:992][  0]LogDerivedDataCache: FDerivedDataBackendGraph:  Pak pak cache file ../../../../ExperimentalGame_VR/KairosVR_new/DerivedDataCache/DDC.ddp not found, will not use a pak cache.
[2017.12.06-20.16.29:992][  0]LogDerivedDataCache: Unable to find inner node Pak for hierarchical cache Hierarchy.
[2017.12.06-20.16.29:992][  0]LogDerivedDataCache: FDerivedDataBackendGraph:  CompressedPak pak cache file ../../../../ExperimentalGame_VR/KairosVR_new/DerivedDataCache/Compressed.ddp not found, will not use a pak cache.
[2017.12.06-20.16.29:992][  0]LogDerivedDataCache: Unable to find inner node CompressedPak for hierarchical cache Hierarchy.
[2017.12.06-20.16.30:007][  0]LogDerivedDataCache: Display: Pak cache opened for reading ../../../Engine/DerivedDataCache/Compressed.ddp.
[2017.12.06-20.16.30:018][  0]LogDerivedDataCache: Using Local data cache path C:/Users/oatesj/AppData/Local/UnrealEngine/Common/DerivedDataCache: Writable
[2017.12.06-20.16.30:028][  0]LogMaterial: Verifying Global Shaders for PCD3D_SM5
[2017.12.06-20.16.30:029][  0]LogSlate: Using Freetype 2.6.0
[2017.12.06-20.16.30:029][  0]LogSlate: SlateFontCache - WITH_FREETYPE: 1, WITH_HARFBUZZ: 1
[2017.12.06-20.16.30:029][  0]LogSlate: SlateFontCache - WITH_FREETYPE: 1, WITH_HARFBUZZ: 1
[2017.12.06-20.16.30:294][  0]LogAssetRegistry: FAssetRegistry took 0.0262 seconds to start up
[2017.12.06-20.16.30:409][  0]LogInit: Selected Device Profile: [Windows]
[2017.12.06-20.16.30:533][  0]LogContentStreaming: Texture pool size is 0.00 MB
[2017.12.06-20.16.30:817][  0]LogSimplygon: Simplygon DLL not present - disabling.
[2017.12.06-20.16.30:855][  0]LogMeshReduction: Using SimplygonSwarm for distributed automatic mesh merging
[2017.12.06-20.16.30:855][  0]LogMeshReduction: Using QuadricMeshReduction for automatic static mesh reduction
[2017.12.06-20.16.30:855][  0]LogMeshReduction: No automatic skeletal mesh reduction module available
[2017.12.06-20.16.30:855][  0]LogMeshReduction: No automatic mesh merging module available
[2017.12.06-20.16.30:856][  0]LogMeshMerging: No automatic mesh merging module available
[2017.12.06-20.16.31:184][  0]LogNetVersion: KairosVR_new , NetCL: 3573198, EngineNetVer: 2, GameNetVer: 0 (Checksum: 3281661072)
[2017.12.06-20.16.31:391][  0]LogPackageLocalizationCache: Processed 5 localized package path(s) for 2 prioritized culture(s) in 0.048707 seconds
[2017.12.06-20.16.31:397][  0]LogUObjectArray: 35825 objects as part of root set at end of initial load.
[2017.12.06-20.16.31:397][  0]LogUObjectAllocator: 7529104 out of 0 bytes used by permanent object pool.
[2017.12.06-20.16.31:397][  0]LogUObjectArray: CloseDisregardForGC: 0/0 objects in disregard for GC pool
[2017.12.06-20.16.31:453][  0]LogInit: WinSock: version 1.1 (2.2), MaxSocks=32767, MaxUdp=65467
[2017.12.06-20.16.33:818][  0]LogTcpMessaging: Initializing TcpMessaging bridge
[2017.12.06-20.16.33:854][  0]LogUdpMessaging: Initializing bridge on interface 0.0.0.0:0 to multicast group 230.0.0.1:6666.
[2017.12.06-20.16.34:426][  0]LogMaterial: Uniform references updated for custom material expression Custom.
[2017.12.06-20.16.34:793][  0]SourceControl: Source control is disabled
[2017.12.06-20.16.34:793][  0]SourceControl: Source control is disabled
[2017.12.06-20.16.34:833][  0]SourceControl: Source control is disabled
[2017.12.06-20.16.34:876][  0]SourceControl: Source control is disabled
[2017.12.06-20.16.35:397][  0]LogAndroidPermission: UAndroidPermissionCallbackProxy::GetInstance
[2017.12.06-20.16.35:614][  0]LogOcInput: OculusInput pre-init called
[2017.12.06-20.16.35:850][  0]LogEngine: Initializing Engine...
[2017.12.06-20.16.36:399][  0]LogHMD: SteamVR initialized.  Driver: lighthouse  Display: LHR-E7E95ADB
[2017.12.06-20.16.36:602][  0]LogStats: UGameplayTagsManager::ConstructGameplayTagTree: Construct from data asset -  0.000 s
[2017.12.06-20.16.36:602][  0]LogStats: UGameplayTagsManager::ConstructGameplayTagTree: GameplayTagTreeChangedEvent.Broadcast -  0.000 s
[2017.12.06-20.16.36:708][  0]LogAIModule: Creating AISystem for world Untitled
[2017.12.06-20.16.36:718][  0]LogInit: XAudio2 using 'Speakers / Headphones (Realtek Audio)' : 2 channels at 48 kHz using 32 bits per sample (channel mask 0x3)
[2017.12.06-20.16.36:737][  0]LogInit: FAudioDevice initialized.
[2017.12.06-20.16.36:790][  0]LogDerivedDataCache: Saved boot cache 0.05s 93MB C:/Users/oatesj/AppData/Local/UnrealEngine/4.17/DerivedDataCache/Boot.ddc.
[2017.12.06-20.16.36:802][  0]LogInit: Texture streaming: Enabled
[2017.12.06-20.16.36:901][  0]LogEngineSessionManager: EngineSessionManager initialized
[2017.12.06-20.16.37:092][  0]LogInit: Transaction tracking system initialized
[2017.12.06-20.16.37:358][  0]BlueprintLog: New page: Editor Load
[2017.12.06-20.16.38:151][  0]LocalizationService: Localization service is disabled
[2017.12.06-20.16.38:757][  0]LogConsoleResponse: Display: 
[2017.12.06-20.16.38:920][  0]LogCook: Display: Max memory allowance for cook 16384mb min free memory 0mb
[2017.12.06-20.16.38:920][  0]LogCook: Display: Mobile HDR setting 1
[2017.12.06-20.16.38:920][  0]LogGameplayTags: Display: UGameplayTagsManager::DoneAddingNativeTags. DelegateIsBound: 0
[2017.12.06-20.16.39:833][  0]LogFileCache: Scanning file cache for directory 'C:/Users/oatesj/Desktop/ExperimentalGame_VR/KairosVR_new/Content/' took 0.01s
[2017.12.06-20.16.39:833][  0]SourceControl: Source control is disabled
[2017.12.06-20.16.39:833][  0]Cmd: MAP LOAD FILE="../../../../ExperimentalGame_VR/KairosVR_new/Content/Maps/ShipInterior.umap" TEMPLATE=0 SHOWPROGRESS=1 FEATURELEVEL=3
[2017.12.06-20.16.39:833][  0]LightingResults: New page: Lighting Build
[2017.12.06-20.16.39:871][  0]MapCheck: New page: Map Check
[2017.12.06-20.16.39:872][  0]LightingResults: New page: Lighting Build
[2017.12.06-20.16.40:896][  0]LogAIModule: Creating AISystem for world ShipInterior
[2017.12.06-20.16.40:905][  0]LogEditorServer: Finished looking for orphan Actors (0.000 secs)
[2017.12.06-20.16.40:925][  0]Cmd: MAP CHECKDEP NOCLEARLOG
[2017.12.06-20.16.40:981][  0]MapCheck: Map check complete: 0 Error(s), 0 Warning(s), took 55.172ms to complete.
[2017.12.06-20.16.40:981][  0]LogFileHelpers: Loading map 'ShipInterior' took 1.148
[2017.12.06-20.16.41:127][  0]LogCollectionManager: Loaded 0 collections in 0.001327 seconds
[2017.12.06-20.16.41:208][  0]LogFileCache: Scanning file cache for directory 'C:/Users/oatesj/Desktop/ExperimentalGame_VR/KairosVR_new/Saved/Collections/' took 0.01s
[2017.12.06-20.16.41:208][  0]LogFileCache: Scanning file cache for directory 'C:/Users/oatesj/Desktop/ExperimentalGame_VR/KairosVR_new/Content/Developers/OATESJ/Collections/' took 0.01s
[2017.12.06-20.16.41:208][  0]LogFileCache: Scanning file cache for directory 'C:/Users/oatesj/Desktop/ExperimentalGame_VR/KairosVR_new/Content/Collections/' took 0.01s
[2017.12.06-20.16.41:208][  0]LogCollectionManager: Rebuilt the GUID cache for 0 collections in 0.000001 seconds
[2017.12.06-20.16.41:219][  0]LogContentBrowser: Native class hierarchy populated in 0.0112 seconds. Added 2386 classes and 500 folders.
[2017.12.06-20.16.41:276][  0]LogContentBrowser: Native class hierarchy updated for 'WidgetCarousel' in 0.0006 seconds. Added 0 classes and 0 folders.
[2017.12.06-20.16.41:310][  0]LogContentBrowser: Native class hierarchy updated for 'AddContentDialog' in 0.0006 seconds. Added 0 classes and 0 folders.
[2017.12.06-20.16.41:350][  0]LogContentBrowser: Native class hierarchy updated for 'SceneOutliner' in 0.0006 seconds. Added 1 classes and 2 folders.
[2017.12.06-20.16.41:371][  0]LogSlate: Took 0.000230 seconds to synchronously load lazily loaded font '../../../Engine/Content/Slate/Fonts/Roboto-Regular.ttf' (155K)
[2017.12.06-20.16.41:373][  0]LogSlate: Took 0.000184 seconds to synchronously load lazily loaded font '../../../Engine/Content/Slate/Fonts/Roboto-Bold.ttf' (160K)
[2017.12.06-20.16.41:378][  0]LogSlate: Took 0.000162 seconds to synchronously load lazily loaded font '../../../Engine/Content/Editor/Slate/Fonts/FontAwesome.ttf' (139K)
[2017.12.06-20.16.41:471][  0]LogRenderer: Reallocating scene render targets to support 1208x652 Format 26 NumSamples 1 (Frame:1).
[2017.12.06-20.16.41:612][  0]LogContentBrowser: Native class hierarchy updated for 'HierarchicalLODOutliner' in 0.0006 seconds. Added 1 classes and 2 folders.
[2017.12.06-20.16.41:613][  0]LogLoad: (Engine Initialization) Total time: 16.59 seconds
[2017.12.06-20.16.41:613][  0]LogLoad: (Engine Initialization) Total Blueprint compile time: 0.00 seconds
[2017.12.06-20.16.41:613][  0]LogExternalProfiler: No external profilers were discovered.  External profiling features will not be available.
[2017.12.06-20.16.41:621][  0]LogWindowsTextInputMethodSystem: Display: IME system now deactivated.
[2017.12.06-20.16.41:622][  0]LogSteamVRController: Controller role for device 1 is 1 (invalid=0, left=1, right=2).
[2017.12.06-20.16.41:622][  0]LogSteamVRController: Warning: Controller device 1 is being assigned to its prefered role 'left'.
[2017.12.06-20.16.41:622][  0]LogSteamVRController: Controller role for device 4 is 2 (invalid=0, left=1, right=2).
[2017.12.06-20.16.41:622][  0]LogSteamVRController: Putting controller 4 on the right hand because there is already a controller for the left.
[2017.12.06-20.16.41:655][  0]LogContentStreaming: Texture pool size now 1000 MB
[2017.12.06-20.16.41:702][  0]LogSlate: Took 0.000157 seconds to synchronously load lazily loaded font '../../../Engine/Content/Slate/Fonts/Roboto-Light.ttf' (159K)
[2017.12.06-20.16.41:713][  1]LogFileCache: Retrieving MD5 hashes for directory 'C:/Users/oatesj/Desktop/ExperimentalGame_VR/KairosVR_new/Content/' took 0.08s
[2017.12.06-20.16.41:722][  1]LogAssetRegistry: Asset discovery search completed in 11.4500 seconds
[2017.12.06-20.16.41:723][  1]LogCollectionManager: Rebuilt the object cache for 0 collections in 0.000001 seconds (found 0 objects)
[2017.12.06-20.16.41:723][  1]LogCollectionManager: Fixed up redirectors for 0 collections in 0.000042 seconds (updated 0 objects)
[2017.12.06-20.16.42:640][103]LogSlate: Took 0.000226 seconds to synchronously load lazily loaded font '../../../Engine/Content/Slate/Fonts/Roboto-Light.ttf' (159K)
[2017.12.06-20.16.46:446][557]LogTemp: Repeating last play command: VR Preview
[2017.12.06-20.16.46:487][557]LogPlayLevel: PlayLevel: No blueprints needed recompiling
[2017.12.06-20.16.46:487][557]PIE: New page: PIE session: ShipInterior (Dec 6, 2017, 10:16:46 AM)
[2017.12.06-20.16.46:487][557]LogPlayLevel: Creating play world package: /Game/Maps/UEDPIE_0_ShipInterior
[2017.12.06-20.16.46:489][557]LogPlayLevel: PIE: StaticDuplicateObject took: (0.001907s)
[2017.12.06-20.16.46:490][557]LogAIModule: Creating AISystem for world ShipInterior
[2017.12.06-20.16.46:490][557]LogPlayLevel: PIE: World Init took: (0.000607s)
[2017.12.06-20.16.46:490][557]LogPlayLevel: PIE: Created PIE world by copying editor world from /Game/Maps/ShipInterior.ShipInterior to /Game/Maps/UEDPIE_0_ShipInterior.ShipInterior (0.002737s)
[2017.12.06-20.16.46:509][557]LogInit: XAudio2 using 'Speakers / Headphones (Realtek Audio)' : 2 channels at 48 kHz using 32 bits per sample (channel mask 0x3)
[2017.12.06-20.16.46:524][557]LogInit: FAudioDevice initialized.
[2017.12.06-20.16.46:618][557]LogUObjectGlobals: Warning: Failed to find object 'Class None.'
[2017.12.06-20.16.46:618][557]LogLoad: Game class is 'GameModeBase'
[2017.12.06-20.16.46:620][557]LogWorld: Bringing World /Game/Maps/UEDPIE_0_ShipInterior.ShipInterior up for play (max tick rate 0) at 2017.12.06-15.16.46
[2017.12.06-20.16.46:620][557]LogWorld: Bringing up level for play took: 0.001281
[2017.12.06-20.16.46:661][557]LogContentBrowser: Native class hierarchy updated for 'MovieSceneCapture' in 0.0006 seconds. Added 11 classes and 0 folders.
[2017.12.06-20.16.46:672][557]PIE: Play in editor start time for /Game/Maps/UEDPIE_0_ShipInterior -0.063
[2017.12.06-20.16.46:709][558]LogRenderer: Reallocating scene render targets to support 3024x1680 Format 26 NumSamples 1 (Frame:1).
[2017.12.06-20.17.53:905][256]LogSlate: Took 0.000148 seconds to synchronously load lazily loaded font '../../../Engine/Content/Slate/Fonts/Roboto-Light.ttf' (159K)
[2017.12.06-20.17.54:223][256]LogContentBrowser: Native class hierarchy updated for 'BlueprintGraph' in 0.0009 seconds. Added 113 classes and 0 folders.
[2017.12.06-20.17.54:850][256]LogSlate: Took 0.000127 seconds to synchronously load lazily loaded font '../../../Engine/Content/Slate/Fonts/Roboto-Regular.ttf' (155K)
[2017.12.06-20.17.54:910][256]LogSlate: Took 0.000207 seconds to synchronously load lazily loaded font '../../../Engine/Content/Editor/Slate/Fonts/Roboto-BoldCondensed.ttf' (158K)
[2017.12.06-20.17.55:183][257]LogSlate: Took 0.000233 seconds to synchronously load lazily loaded font '../../../Engine/Content/Editor/Slate/Fonts/Roboto-Italic.ttf' (157K)
[2017.12.06-20.18.32:652][245]BlueprintLog: New page: Compile BP_GenericShip
[2017.12.06-20.18.36:568][537]Cmd: OBJ SAVEPACKAGE PACKAGE="/Game/Maps/ShipInterior" FILE="../../../../ExperimentalGame_VR/KairosVR_new/Content/Maps/ShipInterior.umap" SILENT=true AUTOSAVING=false KEEPDIRTY=false
[2017.12.06-20.18.36:632][537]LogSavePackage: Save=36.60ms
[2017.12.06-20.18.36:632][537]LogSavePackage: Moving '../../../../ExperimentalGame_VR/KairosVR_new/Saved/ShipInterior40712C4F4DFCAEC1FDDB6EB92F12A666.tmp' to '../../../../ExperimentalGame_VR/KairosVR_new/Content/Maps/ShipInterior.umap'
[2017.12.06-20.18.36:635][537]LogSavePackage: Display: Finished SavePackage ../../../../ExperimentalGame_VR/KairosVR_new/Content/Maps/ShipInterior.umap
[2017.12.06-20.18.36:667][537]LogFileHelpers: Saving map 'ShipInterior' took 0.157
[2017.12.06-20.18.36:680][537]Cmd: OBJ SAVEPACKAGE PACKAGE="/Game/Blueprints/BP_GenericShip" FILE="../../../../ExperimentalGame_VR/KairosVR_new/Content/Blueprints/BP_GenericShip.uasset" SILENT=true
[2017.12.06-20.18.36:884][537]LogSavePackage: Save=191.79ms
[2017.12.06-20.18.36:884][537]LogSavePackage: Moving '../../../../ExperimentalGame_VR/KairosVR_new/Saved/BP_GenericShip75FDEF03479F911911456D91090171F0.tmp' to '../../../../ExperimentalGame_VR/KairosVR_new/Content/Blueprints/BP_GenericShip.uasset'
[2017.12.06-20.18.36:887][537]LogSavePackage: Display: Finished SavePackage ../../../../ExperimentalGame_VR/KairosVR_new/Content/Blueprints/BP_GenericShip.uasset
[2017.12.06-20.19.34:718][922]BlueprintLog: New page: Compile BP_GenericShip
[2017.12.06-20.20.19:586][295]BlueprintLog: New page: Compile BP_MotionController
[2017.12.06-20.22.34:687][261]Cmd: OBJ SAVEPACKAGE PACKAGE="/Game/Maps/ShipInterior" FILE="../../../../ExperimentalGame_VR/KairosVR_new/Content/Maps/ShipInterior.umap" SILENT=true AUTOSAVING=false KEEPDIRTY=false
[2017.12.06-20.22.34:756][261]LogSavePackage: Save=33.71ms
[2017.12.06-20.22.34:756][261]LogSavePackage: Moving '../../../../ExperimentalGame_VR/KairosVR_new/Saved/ShipInterior51CC1A0243B663E06BE670A4AC7E88AF.tmp' to '../../../../ExperimentalGame_VR/KairosVR_new/Content/Maps/ShipInterior.umap'
[2017.12.06-20.22.34:759][261]LogSavePackage: Display: Finished SavePackage ../../../../ExperimentalGame_VR/KairosVR_new/Content/Maps/ShipInterior.umap
[2017.12.06-20.22.34:796][261]LogFileHelpers: Saving map 'ShipInterior' took 0.166
[2017.12.06-20.22.34:810][261]Cmd: OBJ SAVEPACKAGE PACKAGE="/Game/Blueprints/BP_GenericShip" FILE="../../../../ExperimentalGame_VR/KairosVR_new/Content/Blueprints/BP_GenericShip.uasset" SILENT=true
[2017.12.06-20.22.35:019][261]LogSavePackage: Save=202.46ms
[2017.12.06-20.22.35:019][261]LogSavePackage: Moving '../../../../ExperimentalGame_VR/KairosVR_new/Saved/BP_GenericShip009E5981408CE2BDEB580E853D8D7C1A.tmp' to '../../../../ExperimentalGame_VR/KairosVR_new/Content/Blueprints/BP_GenericShip.uasset'
[2017.12.06-20.22.35:021][261]LogSavePackage: Display: Finished SavePackage ../../../../ExperimentalGame_VR/KairosVR_new/Content/Blueprints/BP_GenericShip.uasset
[2017.12.06-20.22.35:599][261]LogSavePackage: Save=552.92ms
[2017.12.06-20.22.35:599][261]LogSavePackage: Moving '../../../../ExperimentalGame_VR/KairosVR_new/Saved/BP_MotionController9D4575704C2C00B5A2E6FEAF819B8CF1.tmp' to '../../../../ExperimentalGame_VR/KairosVR_new/Content/VirtualRealityBP/Blueprints/BP_MotionController.uasset'
[2017.12.06-20.22.35:602][261]LogSavePackage: Display: Finished SavePackage ../../../../ExperimentalGame_VR/KairosVR_new/Content/VirtualRealityBP/Blueprints/BP_MotionController.uasset
[2017.12.06-20.25.25:214][215]BlueprintLog: New page: Compile BP_MotionController
[2017.12.06-20.25.28:096][389]Cmd: OBJ SAVEPACKAGE PACKAGE="/Game/Maps/ShipInterior" FILE="../../../../ExperimentalGame_VR/KairosVR_new/Content/Maps/ShipInterior.umap" SILENT=true AUTOSAVING=false KEEPDIRTY=false
[2017.12.06-20.25.28:158][389]LogSavePackage: Save=33.81ms
[2017.12.06-20.25.28:158][389]LogSavePackage: Moving '../../../../ExperimentalGame_VR/KairosVR_new/Saved/ShipInterior0EA362154F00EDD9E4E642AAB5003EB2.tmp' to '../../../../ExperimentalGame_VR/KairosVR_new/Content/Maps/ShipInterior.umap'
[2017.12.06-20.25.28:162][389]LogSavePackage: Display: Finished SavePackage ../../../../ExperimentalGame_VR/KairosVR_new/Content/Maps/ShipInterior.umap
[2017.12.06-20.25.28:195][389]LogFileHelpers: Saving map 'ShipInterior' took 0.159
[2017.12.06-20.25.28:774][389]LogSavePackage: Save=561.41ms
[2017.12.06-20.25.28:774][389]LogSavePackage: Moving '../../../../ExperimentalGame_VR/KairosVR_new/Saved/BP_MotionController333CB1114E32BAD7C6AD38823A8DDA85.tmp' to '../../../../ExperimentalGame_VR/KairosVR_new/Content/VirtualRealityBP/Blueprints/BP_MotionController.uasset'
[2017.12.06-20.25.28:777][389]LogSavePackage: Display: Finished SavePackage ../../../../ExperimentalGame_VR/KairosVR_new/Content/VirtualRealityBP/Blueprints/BP_MotionController.uasset
[2017.12.06-20.25.40:972][790]LogTemp: Repeating last play command: VR Preview
[2017.12.06-20.25.40:998][790]LogPlayLevel: PlayLevel: No blueprints needed recompiling
[2017.12.06-20.25.40:998][790]PIE: New page: PIE session: ShipInterior (Dec 6, 2017, 10:25:40 AM)
[2017.12.06-20.25.40:998][790]LogPlayLevel: Creating play world package: /Game/Maps/UEDPIE_0_ShipInterior
[2017.12.06-20.25.41:000][790]LogPlayLevel: PIE: StaticDuplicateObject took: (0.002007s)
[2017.12.06-20.25.41:001][790]LogAIModule: Creating AISystem for world ShipInterior
[2017.12.06-20.25.41:001][790]LogPlayLevel: PIE: World Init took: (0.000853s)
[2017.12.06-20.25.41:001][790]LogPlayLevel: PIE: Created PIE world by copying editor world from /Game/Maps/ShipInterior.ShipInterior to /Game/Maps/UEDPIE_0_ShipInterior.ShipInterior (0.003117s)
[2017.12.06-20.25.41:034][790]LogInit: XAudio2 using 'Speakers / Headphones (Realtek Audio)' : 2 channels at 48 kHz using 32 bits per sample (channel mask 0x3)
[2017.12.06-20.25.41:049][790]LogInit: FAudioDevice initialized.
[2017.12.06-20.25.41:134][790]LogUObjectGlobals: Warning: Failed to find object 'Class None.'
[2017.12.06-20.25.41:134][790]LogLoad: Game class is 'GameModeBase'
[2017.12.06-20.25.41:135][790]LogWorld: Bringing World /Game/Maps/UEDPIE_0_ShipInterior.ShipInterior up for play (max tick rate 0) at 2017.12.06-15.25.41
[2017.12.06-20.25.41:136][790]LogWorld: Bringing up level for play took: 0.001217
[2017.12.06-20.25.41:136][790]LogGameMode: FindPlayerStart: PATHS NOT DEFINED or NO PLAYERSTART with positive rating
[2017.12.06-20.25.41:150][790]PIE: Play in editor start time for /Game/Maps/UEDPIE_0_ShipInterior 0.416
[2017.12.06-20.25.48:818][521]LogActorComponent: UnregisterComponent: (/Engine/Transient.EditorFloorComp) Not registered. Aborting.
[2017.12.06-20.25.49:039][522]Cmd: QUIT_EDITOR
[2017.12.06-20.25.49:976][522]LogWindowsTextInputMethodSystem: Display: IME system now deactivated.
[2017.12.06-20.25.49:986][522]LogExit: Preparing to exit.
[2017.12.06-20.25.51:197][522]LogDirectoryWatcher: A directory notification for 'C:/Users/oatesj/Desktop/ExperimentalGame_VR/KairosVR_new/Content/' was aborted.
[2017.12.06-20.25.51:231][522]LogExit: Editor shut down
[2017.12.06-20.25.51:235][522]LogExit: Transaction tracking system shut down
[2017.12.06-20.25.51:377][522]LogDirectoryWatcher: A directory notification for '../../../Engine/Content/' was aborted.
[2017.12.06-20.25.51:377][522]LogDirectoryWatcher: A directory notification for '../../../../ExperimentalGame_VR/KairosVR_new/Content/' was aborted.
[2017.12.06-20.25.51:377][522]LogDirectoryWatcher: A directory notification for '../../../Engine/Plugins/2D/Paper2D/Content/' was aborted.
[2017.12.06-20.25.51:377][522]LogDirectoryWatcher: A directory notification for '../../../Engine/Plugins/Runtime/Oculus/OculusVR/Content/' was aborted.
[2017.12.06-20.25.51:377][522]LogDirectoryWatcher: A directory notification for '../../../Engine/Plugins/Runtime/Steam/SteamVR/Content/' was aborted.
[2017.12.06-20.25.51:456][522]LogExit: Object subsystem successfully closed.
[2017.12.06-20.25.51:474][522]LogD3D11RHI: Shutdown
[2017.12.06-20.25.51:474][522]LogD3D11RHI: CleanupD3DDevice
[2017.12.06-20.25.51:476][522]LogD3D11RHI: ~FD3D11DynamicRHI
[2017.12.06-20.25.51:488][522]LogModuleManager: Shutting down and abandoning module BlueprintGraph (536)
[2017.12.06-20.25.51:488][522]LogModuleManager: Shutting down and abandoning module BlueprintProfiler (534)
[2017.12.06-20.25.51:488][522]LogModuleManager: Shutting down and abandoning module MovieSceneCapture (532)
[2017.12.06-20.25.51:488][522]LogModuleManager: Shutting down and abandoning module HierarchicalLODOutliner (530)
[2017.12.06-20.25.51:488][522]LogModuleManager: Shutting down and abandoning module SceneOutliner (528)
[2017.12.06-20.25.51:488][522]LogModuleManager: Shutting down and abandoning module AddContentDialog (526)
[2017.12.06-20.25.51:488][522]LogDirectoryWatcher: A directory notification for 'C:/Users/oatesj/Desktop/UE_4.17/FeaturePacks/' was aborted.
[2017.12.06-20.25.51:489][522]LogModuleManager: Shutting down and abandoning module WidgetCarousel (525)
[2017.12.06-20.25.51:489][522]LogModuleManager: Shutting down and abandoning module EditorWidgets (522)
[2017.12.06-20.25.51:489][522]LogModuleManager: Shutting down and abandoning module CollectionManager (520)
[2017.12.06-20.25.51:489][522]LogDirectoryWatcher: A directory notification for 'C:/Users/oatesj/Desktop/ExperimentalGame_VR/KairosVR_new/Content/Collections/' was aborted.
[2017.12.06-20.25.51:489][522]LogDirectoryWatcher: A directory notification for 'C:/Users/oatesj/Desktop/ExperimentalGame_VR/KairosVR_new/Content/Developers/OATESJ/Collections/' was aborted.
[2017.12.06-20.25.51:489][522]LogDirectoryWatcher: A directory notification for 'C:/Users/oatesj/Desktop/ExperimentalGame_VR/KairosVR_new/Saved/Collections/' was aborted.
[2017.12.06-20.25.51:489][522]LogModuleManager: Shutting down and abandoning module StatsViewer (518)
[2017.12.06-20.25.51:489][522]LogModuleManager: Shutting down and abandoning module FoliageEdit (516)
[2017.12.06-20.25.51:489][522]LogModuleManager: Shutting down and abandoning module LandscapeEditor (514)
[2017.12.06-20.25.51:490][522]LogModuleManager: Shutting down and abandoning module MeshPaintMode (512)
[2017.12.06-20.25.51:490][522]LogModuleManager: Shutting down and abandoning module SceneDepthPickerMode (510)
[2017.12.06-20.25.51:490][522]LogModuleManager: Shutting down and abandoning module ActorPickerMode (508)
[2017.12.06-20.25.51:490][522]LogModuleManager: Shutting down and abandoning module GeometryMode (506)
[2017.12.06-20.25.51:490][522]LogModuleManager: Shutting down and abandoning module TextureAlignMode (504)
[2017.12.06-20.25.51:490][522]LogModuleManager: Shutting down and abandoning module BspMode (502)
[2017.12.06-20.25.51:490][522]LogModuleManager: Shutting down and abandoning module PIEPreviewDeviceProfileSelector (500)
[2017.12.06-20.25.51:490][522]LogModuleManager: Shutting down and abandoning module HardwareSurvey (498)
[2017.12.06-20.25.51:490][522]LogModuleManager: Shutting down and abandoning module SequenceRecorderSections (496)
[2017.12.06-20.25.51:490][522]LogModuleManager: Shutting down and abandoning module AutomationWorker (494)
[2017.12.06-20.25.51:490][522]LogModuleManager: Shutting down and abandoning module MatineeToLevelSequence (492)
[2017.12.06-20.25.51:490][522]LogModuleManager: Shutting down and abandoning module LevelSequenceEditor (490)
[2017.12.06-20.25.51:490][522]LogModuleManager: Shutting down and abandoning module PlacementMode (489)
[2017.12.06-20.25.51:490][522]LogModuleManager: Shutting down and abandoning module WmfMediaFactory (486)
[2017.12.06-20.25.51:490][522]LogModuleManager: Shutting down and abandoning module WmfMediaEditor (484)
[2017.12.06-20.25.51:490][522]LogModuleManager: Shutting down and abandoning module AvfMediaFactory (482)
[2017.12.06-20.25.51:490][522]LogModuleManager: Shutting down and abandoning module AvfMediaEditor (480)
[2017.12.06-20.25.51:490][522]LogModuleManager: Shutting down and abandoning module AndroidMediaFactory (478)
[2017.12.06-20.25.51:490][522]LogModuleManager: Shutting down and abandoning module Media (477)
[2017.12.06-20.25.51:490][522]LogModuleManager: Shutting down and abandoning module AndroidMediaEditor (474)
[2017.12.06-20.25.51:490][522]LogModuleManager: Shutting down and abandoning module CharacterAI (472)
[2017.12.06-20.25.51:490][522]LogModuleManager: Shutting down and abandoning module AudioCapture (470)
[2017.12.06-20.25.51:490][522]LogModuleManager: Shutting down and abandoning module SequenceRecorder (469)
[2017.12.06-20.25.51:490][522]LogModuleManager: Shutting down and abandoning module SmartSnapping (466)
[2017.12.06-20.25.51:490][522]LogModuleManager: Shutting down and abandoning module SessionServices (464)
[2017.12.06-20.25.51:490][522]LogModuleManager: Shutting down and abandoning module ViewportSnapping (462)
[2017.12.06-20.25.51:490][522]LogModuleManager: Shutting down and abandoning module ViewportInteraction (460)
[2017.12.06-20.25.51:490][522]LogModuleManager: Shutting down and abandoning module ClothPainter (458)
[2017.12.06-20.25.51:490][522]LogModuleManager: Shutting down and abandoning module LogVisualizer (456)
[2017.12.06-20.25.51:490][522]LogModuleManager: Shutting down and abandoning module IntroTutorials (454)
[2017.12.06-20.25.51:491][522]LogModuleManager: Shutting down and abandoning module GameProjectGeneration (453)
[2017.12.06-20.25.51:491][522]LogModuleManager: Shutting down and abandoning module IOSPlatformEditor (450)
[2017.12.06-20.25.51:491][522]LogModuleManager: Shutting down and abandoning module HTML5PlatformEditor (448)
[2017.12.06-20.25.51:491][522]LogModuleManager: Shutting down and abandoning module AndroidPlatformEditor (446)
[2017.12.06-20.25.51:491][522]LogModuleManager: Shutting down and abandoning module AndroidDeviceDetection (445)
[2017.12.06-20.25.51:687][522]LogModuleManager: Shutting down and abandoning module WindowsPlatformEditor (442)
[2017.12.06-20.25.51:687][522]LogModuleManager: Shutting down and abandoning module IOSRuntimeSettings (440)
[2017.12.06-20.25.51:687][522]LogModuleManager: Shutting down and abandoning module AndroidRuntimeSettings (438)
[2017.12.06-20.25.51:687][522]LogModuleManager: Shutting down and abandoning module InputBindingEditor (436)
[2017.12.06-20.25.51:687][522]LogModuleManager: Shutting down and abandoning module MergeActors (434)
[2017.12.06-20.25.51:687][522]LogModuleManager: Shutting down and abandoning module SizeMap (432)
[2017.12.06-20.25.51:687][522]LogModuleManager: Shutting down and abandoning module TreeMap (430)
[2017.12.06-20.25.51:687][522]LogModuleManager: Shutting down and abandoning module ReferenceViewer (428)
[2017.12.06-20.25.51:687][522]LogModuleManager: Shutting down and abandoning module LocalizationDashboard (426)
[2017.12.06-20.25.51:687][522]LogModuleManager: Shutting down and abandoning module LocalizationService (425)
[2017.12.06-20.25.51:687][522]LogModuleManager: Shutting down and abandoning module HardwareTargeting (422)
[2017.12.06-20.25.51:687][522]LogModuleManager: Shutting down and abandoning module DeviceProfileEditor (420)
[2017.12.06-20.25.51:687][522]LogModuleManager: Shutting down and abandoning module UndoHistory (418)
[2017.12.06-20.25.51:687][522]LogModuleManager: Shutting down and abandoning module XmlParser (416)
[2017.12.06-20.25.51:687][522]LogModuleManager: Shutting down and abandoning module Blutility (414)
[2017.12.06-20.25.51:687][522]LogModuleManager: Shutting down and abandoning module ProjectSettingsViewer (412)
[2017.12.06-20.25.51:687][522]LogModuleManager: Shutting down and abandoning module ProjectTargetPlatformEditor (411)
[2017.12.06-20.25.51:687][522]LogModuleManager: Shutting down and abandoning module EditorSettingsViewer (408)
[2017.12.06-20.25.51:687][522]LogModuleManager: Shutting down and abandoning module SettingsEditor (406)
[2017.12.06-20.25.51:687][522]LogModuleManager: Shutting down and abandoning module ProjectLauncher (404)
[2017.12.06-20.25.51:687][522]LogModuleManager: Shutting down and abandoning module SessionFrontend (402)
[2017.12.06-20.25.51:687][522]LogModuleManager: Shutting down and abandoning module ProfilerClient (400)
[2017.12.06-20.25.51:687][522]LogModuleManager: Shutting down and abandoning module DeviceManager (398)
[2017.12.06-20.25.51:687][522]LogModuleManager: Shutting down and abandoning module TargetDeviceServices (397)
[2017.12.06-20.25.51:751][522]LogModuleManager: Shutting down and abandoning module AutomationController (394)
[2017.12.06-20.25.51:751][522]LogModuleManager: Shutting down and abandoning module AutomationWindow (392)
[2017.12.06-20.25.51:751][522]LogModuleManager: Shutting down and abandoning module Layers (390)
[2017.12.06-20.25.51:751][522]LogModuleManager: Shutting down and abandoning module ComponentVisualizers (388)
[2017.12.06-20.25.51:751][522]LogModuleManager: Shutting down and abandoning module DetailCustomizations (386)
[2017.12.06-20.25.51:751][522]LogModuleManager: Shutting down and abandoning module PackagesDialog (384)
[2017.12.06-20.25.51:751][522]LogModuleManager: Shutting down and abandoning module Persona (382)
[2017.12.06-20.25.51:752][522]LogModuleManager: Shutting down and abandoning module AdvancedPreviewScene (381)
[2017.12.06-20.25.51:752][522]LogModuleManager: Shutting down and abandoning module AnimGraph (379)
[2017.12.06-20.25.51:752][522]LogModuleManager: Shutting down and abandoning module Kismet (376)
[2017.12.06-20.25.51:761][522]LogModuleManager: Shutting down and abandoning module ClassViewer (374)
[2017.12.06-20.25.51:761][522]LogModuleManager: Shutting down and abandoning module Toolbox (372)
[2017.12.06-20.25.51:761][522]LogModuleManager: Shutting down and abandoning module ModuleUI (370)
[2017.12.06-20.25.51:761][522]LogModuleManager: Shutting down and abandoning module MovieSceneTools (368)
[2017.12.06-20.25.51:761][522]LogModuleManager: Shutting down and abandoning module OutputLog (366)
[2017.12.06-20.25.51:761][522]LogModuleManager: Shutting down and abandoning module GammaUI (364)
[2017.12.06-20.25.51:761][522]LogModuleManager: Shutting down and abandoning module Documentation (362)
[2017.12.06-20.25.51:762][522]LogModuleManager: Shutting down and abandoning module MovieSceneTracks (360)
[2017.12.06-20.25.51:762][522]LogModuleManager: Shutting down and abandoning module MovieScene (358)
[2017.12.06-20.25.51:762][522]LogModuleManager: Shutting down and abandoning module Niagara (356)
[2017.12.06-20.25.51:762][522]LogModuleManager: Shutting down and abandoning module NiagaraEditor (355)
[2017.12.06-20.25.51:762][522]LogModuleManager: Shutting down and abandoning module StreamingPauseRendering (352)
[2017.12.06-20.25.51:762][522]LogModuleManager: Shutting down and abandoning module LauncherPlatform (350)
[2017.12.06-20.25.51:762][522]LogModuleManager: Shutting down and abandoning module AnalyticsET (348)
[2017.12.06-20.25.51:762][522]LogModuleManager: Shutting down and abandoning module PortalServices (346)
[2017.12.06-20.25.51:762][522]LogModuleManager: Shutting down and abandoning module PortalRpc (344)
[2017.12.06-20.25.51:762][522]LogModuleManager: Shutting down and abandoning module MessagingRpc (342)
[2017.12.06-20.25.51:762][522]LogModuleManager: Shutting down and abandoning module AIModule (340)
[2017.12.06-20.25.51:762][522]LogModuleManager: Shutting down and abandoning module GameplayDebugger (339)
[2017.12.06-20.25.51:762][522]LogModuleManager: Shutting down and abandoning module AITestSuite (337)
[2017.12.06-20.25.51:762][522]LogModuleManager: Shutting down and abandoning module ProfilerService (334)
[2017.12.06-20.25.51:990][522]LogModuleManager: Shutting down and abandoning module TaskGraph (332)
[2017.12.06-20.25.51:990][522]LogModuleManager: Shutting down and abandoning module SteamVRController (330)
[2017.12.06-20.25.51:990][522]LogModuleManager: Shutting down and abandoning module ProceduralMeshComponentEditor (328)
[2017.12.06-20.25.51:990][522]LogModuleManager: Shutting down and abandoning module ProceduralMeshComponent (326)
[2017.12.06-20.25.51:990][522]LogModuleManager: Shutting down and abandoning module OculusInput (324)
[2017.12.06-20.25.51:990][522]LogModuleManager: Shutting down and abandoning module MobilePatchingUtils (322)
[2017.12.06-20.25.51:990][522]LogModuleManager: Shutting down and abandoning module CustomMeshComponent (320)
[2017.12.06-20.25.51:990][522]LogModuleManager: Shutting down and abandoning module CableComponent (318)
[2017.12.06-20.25.51:990][522]LogModuleManager: Shutting down and abandoning module ArchVisCharacter (316)
[2017.12.06-20.25.51:990][522]LogModuleManager: Shutting down and abandoning module AndroidPermission (314)
[2017.12.06-20.25.51:990][522]LogModuleManager: Shutting down and abandoning module MediaPlayerEditor (310)
[2017.12.06-20.25.51:990][522]LogModuleManager: Shutting down and abandoning module HTML5Networking (308)
[2017.12.06-20.25.51:990][522]LogModuleManager: Shutting down and abandoning module AlembicImporter (306)
[2017.12.06-20.25.51:990][522]LogModuleManager: Shutting down and abandoning module AlembicLibrary (305)
[2017.12.06-20.25.51:990][522]LogModuleManager: Shutting down and abandoning module GeometryCache (304)
[2017.12.06-20.25.51:990][522]LogModuleManager: Shutting down and abandoning module GeometryCacheEd (303)
[2017.12.06-20.25.51:990][522]LogModuleManager: Shutting down and abandoning module SpeedTreeImporter (298)
[2017.12.06-20.25.51:990][522]LogModuleManager: Shutting down and abandoning module PluginBrowser (296)
[2017.12.06-20.25.51:990][522]LogModuleManager: Shutting down and abandoning module MobileLauncherProfileWizard (294)
[2017.12.06-20.25.51:990][522]LogModuleManager: Shutting down and abandoning module VisualStudioSourceCodeAccess (292)
[2017.12.06-20.25.51:990][522]LogModuleManager: Shutting down and abandoning module DesktopPlatform (291)
[2017.12.06-20.25.51:990][522]LogModuleManager: Shutting down and abandoning module UObjectPlugin (288)
[2017.12.06-20.25.51:990][522]LogModuleManager: Shutting down and abandoning module SubversionSourceControl (286)
[2017.12.06-20.25.51:990][522]LogModuleManager: Shutting down and abandoning module PerforceSourceControl (284)
[2017.12.06-20.25.51:990][522]LogModuleManager: Shutting down and abandoning module GitSourceControl (282)
[2017.12.06-20.25.51:990][522]LogModuleManager: Shutting down and abandoning module SourceControl (281)
[2017.12.06-20.25.51:990][522]LogModuleManager: Shutting down and abandoning module LightPropagationVolumeEditor (278)
[2017.12.06-20.25.51:990][522]LogModuleManager: Shutting down and abandoning module PaperTiledImporter (276)
[2017.12.06-20.25.51:990][522]LogModuleManager: Shutting down and abandoning module PaperSpriteSheetImporter (274)
[2017.12.06-20.25.51:990][522]LogModuleManager: Shutting down and abandoning module Paper2DEditor (272)
[2017.12.06-20.25.51:990][522]LogModuleManager: Shutting down and abandoning module MeshPaint (271)
[2017.12.06-20.25.51:990][522]LogModuleManager: Shutting down and abandoning module LevelEditor (269)
[2017.12.06-20.25.51:991][522]LogModuleManager: Shutting down and abandoning module PixelInspectorModule (268)
[2017.12.06-20.25.51:991][522]LogModuleManager: Shutting down and abandoning module MainFrame (266)
[2017.12.06-20.25.51:991][522]LogModuleManager: Shutting down and abandoning module HotReload (265)
[2017.12.06-20.25.51:992][522]LogModuleManager: Shutting down and abandoning module RuntimePhysXCooking (260)
[2017.12.06-20.25.51:992][522]LogModuleManager: Shutting down and abandoning module PhysXVehiclesEditor (258)
[2017.12.06-20.25.51:992][522]LogModuleManager: Shutting down and abandoning module PhysXVehicles (256)
[2017.12.06-20.25.51:992][522]LogModuleManager: Shutting down and abandoning module OculusEditor (254)
[2017.12.06-20.25.51:992][522]LogModuleManager: Shutting down and abandoning module LocationServicesBPLibrary (252)
[2017.12.06-20.25.51:992][522]LogModuleManager: Shutting down and abandoning module ImmediatePhysicsEditor (250)
[2017.12.06-20.25.51:992][522]LogModuleManager: Shutting down and abandoning module ImmediatePhysics (248)
[2017.12.06-20.25.51:992][522]LogModuleManager: Shutting down and abandoning module UdpMessaging (246)
[2017.12.06-20.25.52:092][522]LogModuleManager: Shutting down and abandoning module TcpMessaging (244)
[2017.12.06-20.25.52:192][522]LogModuleManager: Shutting down and abandoning module GameplayTagsEditor (242)
[2017.12.06-20.25.52:192][522]LogModuleManager: Shutting down and abandoning module FacialAnimationEditor (240)
[2017.12.06-20.25.52:192][522]LogModuleManager: Shutting down and abandoning module FacialAnimation (238)
[2017.12.06-20.25.52:192][522]LogModuleManager: Shutting down and abandoning module AssetManagerEditor (236)
[2017.12.06-20.25.52:192][522]LogModuleManager: Shutting down and abandoning module GraphEditor (235)
[2017.12.06-20.25.52:192][522]LogModuleManager: Shutting down and abandoning module ContentBrowser (233)
[2017.12.06-20.25.52:193][522]LogModuleManager: Shutting down and abandoning module LightPropagationVolumeRuntime (230)
[2017.12.06-20.25.52:193][522]LogModuleManager: Shutting down and abandoning module Paper2D (228)
[2017.12.06-20.25.52:193][522]LogModuleManager: Shutting down and abandoning module WindowsMoviePlayer (226)
[2017.12.06-20.25.52:193][522]LogModuleManager: Shutting down and abandoning module WmfMedia (224)
[2017.12.06-20.25.52:195][522]LogModuleManager: Shutting down and abandoning module PacketHandler (222)
[2017.12.06-20.25.52:195][522]LogModuleManager: Shutting down and abandoning module ClothingSystemEditor (220)
[2017.12.06-20.25.52:195][522]LogModuleManager: Shutting down and abandoning module ClothingSystemRuntime (218)
[2017.12.06-20.25.52:195][522]LogModuleManager: Shutting down and abandoning module Overlay (216)
[2017.12.06-20.25.52:195][522]LogModuleManager: Shutting down and abandoning module OverlayEditor (215)
[2017.12.06-20.25.52:195][522]LogModuleManager: Shutting down and abandoning module MediaAssets (212)
[2017.12.06-20.25.52:195][522]LogModuleManager: Shutting down and abandoning module VREditor (210)
[2017.12.06-20.25.52:195][522]LogModuleManager: Shutting down and abandoning module StringTableEditor (208)
[2017.12.06-20.25.52:195][522]LogModuleManager: Shutting down and abandoning module GameplayTasksEditor (206)
[2017.12.06-20.25.52:195][522]LogModuleManager: Shutting down and abandoning module BehaviorTreeEditor (204)
[2017.12.06-20.25.52:195][522]LogModuleManager: Shutting down and abandoning module FunctionalTesting (202)
[2017.12.06-20.25.52:195][522]LogModuleManager: Shutting down and abandoning module CollisionAnalyzer (200)
[2017.12.06-20.25.52:195][522]LogModuleManager: Shutting down and abandoning module WorkspaceMenuStructure (199)
[2017.12.06-20.25.52:195][522]LogModuleManager: Shutting down and abandoning module UMG (196)
[2017.12.06-20.25.52:195][522]LogModuleManager: Shutting down and abandoning module UMGEditor (195)
[2017.12.06-20.25.52:195][522]LogModuleManager: Shutting down and abandoning module Sequencer (194)
[2017.12.06-20.25.52:195][522]LogModuleManager: Shutting down and abandoning module MessageLog (191)
[2017.12.06-20.25.52:195][522]LogModuleManager: Shutting down and abandoning module SlateReflector (186)
[2017.12.06-20.25.52:195][522]LogModuleManager: Shutting down and abandoning module Slate (184)
[2017.12.06-20.25.52:195][522]LogModuleManager: Shutting down and abandoning module EditorStyle (182)
[2017.12.06-20.25.52:197][522]LogModuleManager: Shutting down and abandoning module MRMesh (180)
[2017.12.06-20.25.52:197][522]LogModuleManager: Shutting down and abandoning module SourceCodeAccess (178)
[2017.12.06-20.25.52:197][522]LogModuleManager: Shutting down and abandoning module HeadMountedDisplay (176)
[2017.12.06-20.25.52:197][522]LogModuleManager: Shutting down and abandoning module XAudio2 (174)
[2017.12.06-20.25.52:197][522]LogModuleManager: Shutting down and abandoning module Networking (172)
[2017.12.06-20.25.52:197][522]LogModuleManager: Shutting down and abandoning module Core (168)
[2017.12.06-20.25.52:197][522]LogModuleManager: Shutting down and abandoning module KismetCompiler (164)
[2017.12.06-20.25.52:197][522]LogModuleManager: Shutting down and abandoning module LevelSequence (162)
[2017.12.06-20.25.52:197][522]LogModuleManager: Shutting down and abandoning module MeshUtilities (160)
[2017.12.06-20.25.52:197][522]LogModuleManager: Shutting down and abandoning module MeshMergeUtilities (159)
[2017.12.06-20.25.52:197][522]LogModuleManager: Shutting down and abandoning module MeshReductionInterface (158)
[2017.12.06-20.25.52:197][522]LogModuleManager: Shutting down and abandoning module SimplygonSwarm (157)
[2017.12.06-20.25.52:197][522]LogModuleManager: Shutting down and abandoning module SimplygonMeshReduction (155)
[2017.12.06-20.25.52:197][522]LogModuleManager: Shutting down and abandoning module QuadricMeshReduction (153)
[2017.12.06-20.25.52:197][522]LogModuleManager: Shutting down and abandoning module MaterialBaking (149)
[2017.12.06-20.25.52:197][522]LogModuleManager: Shutting down and abandoning module DirectoryWatcher (146)
[2017.12.06-20.25.52:198][522]LogModuleManager: Shutting down and abandoning module DerivedDataCache (144)
[2017.12.06-20.25.52:293][522]LogDerivedDataCache: Shutdown
[2017.12.06-20.25.52:293][522]LogModuleManager: Shutting down and abandoning module TargetPlatform (142)
[2017.12.06-20.25.52:293][522]LogModuleManager: Shutting down and abandoning module VulkanShaderFormat (141)
[2017.12.06-20.25.52:293][522]LogModuleManager: Shutting down and abandoning module ShaderFormatVectorVM (139)
[2017.12.06-20.25.52:293][522]LogModuleManager: Shutting down and abandoning module ShaderFormatOpenGL (137)
[2017.12.06-20.25.52:293][522]LogModuleManager: Shutting down and abandoning module ShaderFormatD3D (135)
[2017.12.06-20.25.52:293][522]LogModuleManager: Shutting down and abandoning module MetalShaderFormat (133)
[2017.12.06-20.25.52:293][522]LogModuleManager: Shutting down and abandoning module TextureFormatUncompressed (131)
[2017.12.06-20.25.52:293][522]LogModuleManager: Shutting down and abandoning module TextureFormatPVR (129)
[2017.12.06-20.25.52:293][522]LogModuleManager: Shutting down and abandoning module TextureFormatDXT (127)
[2017.12.06-20.25.52:293][522]LogModuleManager: Shutting down and abandoning module TextureFormatIntelISPCTexComp (125)
[2017.12.06-20.25.52:293][522]LogModuleManager: Shutting down and abandoning module TextureFormatASTC (123)
[2017.12.06-20.25.52:293][522]LogModuleManager: Shutting down and abandoning module ImageWrapper (122)
[2017.12.06-20.25.52:293][522]LogModuleManager: Shutting down and abandoning module TextureFormatAndroid (119)
[2017.12.06-20.25.52:293][522]LogModuleManager: Shutting down and abandoning module AudioFormatOpus (117)
[2017.12.06-20.25.52:293][522]LogModuleManager: Shutting down and abandoning module AudioFormatOgg (115)
[2017.12.06-20.25.52:293][522]LogModuleManager: Shutting down and abandoning module AudioFormatADPCM (113)
[2017.12.06-20.25.52:293][522]LogModuleManager: Shutting down and abandoning module LinuxTargetPlatform (111)
[2017.12.06-20.25.52:293][522]LogModuleManager: Shutting down and abandoning module LinuxServerTargetPlatform (109)
[2017.12.06-20.25.52:293][522]LogModuleManager: Shutting down and abandoning module LinuxNoEditorTargetPlatform (107)
[2017.12.06-20.25.52:293][522]LogModuleManager: Shutting down and abandoning module LinuxClientTargetPlatform (105)
[2017.12.06-20.25.52:293][522]LogModuleManager: Shutting down and abandoning module TVOSTargetPlatform (103)
[2017.12.06-20.25.52:293][522]LogModuleManager: Shutting down and abandoning module Messaging (101)
[2017.12.06-20.25.52:293][522]LogModuleManager: Shutting down and abandoning module IOSTargetPlatform (99)
[2017.12.06-20.25.52:293][522]LogModuleManager: Shutting down and abandoning module HTML5TargetPlatform (97)
[2017.12.06-20.25.52:293][522]LogModuleManager: Shutting down and abandoning module Android_PVRTCTargetPlatform (95)
[2017.12.06-20.25.52:293][522]LogModuleManager: Shutting down and abandoning module Android_MultiTargetPlatform (93)
[2017.12.06-20.25.52:293][522]LogModuleManager: Shutting down and abandoning module Android_ETC2TargetPlatform (91)
[2017.12.06-20.25.52:293][522]LogModuleManager: Shutting down and abandoning module Android_ETC1TargetPlatform (89)
[2017.12.06-20.25.52:293][522]LogModuleManager: Shutting down and abandoning module Android_DXTTargetPlatform (87)
[2017.12.06-20.25.52:293][522]LogModuleManager: Shutting down and abandoning module Android_ATCTargetPlatform (85)
[2017.12.06-20.25.52:293][522]LogModuleManager: Shutting down and abandoning module Android_ASTCTargetPlatform (83)
[2017.12.06-20.25.52:293][522]LogModuleManager: Shutting down and abandoning module AndroidTargetPlatform (81)
[2017.12.06-20.25.52:293][522]LogModuleManager: Shutting down and abandoning module WindowsTargetPlatform (79)
[2017.12.06-20.25.52:293][522]LogModuleManager: Shutting down and abandoning module WindowsServerTargetPlatform (77)
[2017.12.06-20.25.52:293][522]LogModuleManager: Shutting down and abandoning module WindowsNoEditorTargetPlatform (75)
[2017.12.06-20.25.52:293][522]LogModuleManager: Shutting down and abandoning module WindowsClientTargetPlatform (73)
[2017.12.06-20.25.52:293][522]LogModuleManager: Shutting down and abandoning module MacTargetPlatform (71)
[2017.12.06-20.25.52:293][522]LogModuleManager: Shutting down and abandoning module MacServerTargetPlatform (69)
[2017.12.06-20.25.52:293][522]LogModuleManager: Shutting down and abandoning module MacNoEditorTargetPlatform (67)
[2017.12.06-20.25.52:293][522]LogModuleManager: Shutting down and abandoning module MacClientTargetPlatform (65)
[2017.12.06-20.25.52:293][522]LogModuleManager: Shutting down and abandoning module AllDesktopTargetPlatform (63)
[2017.12.06-20.25.52:293][522]LogModuleManager: Shutting down and abandoning module InputCore (60)
[2017.12.06-20.25.52:293][522]LogModuleManager: Shutting down and abandoning module Settings (58)
[2017.12.06-20.25.52:293][522]LogModuleManager: Shutting down and abandoning module PhysXCooking (56)
[2017.12.06-20.25.52:293][522]LogModuleManager: Shutting down and abandoning module SteamVR (54)
[2017.12.06-20.25.52:293][522]LogModuleManager: Shutting down and abandoning module OculusHMD (52)
[2017.12.06-20.25.52:293][522]LogModuleManager: Shutting down and abandoning module ExampleDeviceProfileSelector (50)
[2017.12.06-20.25.52:293][522]LogModuleManager: Shutting down and abandoning module OnlineBlueprintSupport (48)
[2017.12.06-20.25.52:293][522]LogModuleManager: Shutting down and abandoning module OnlineSubsystem (44)
[2017.12.06-20.25.52:293][522]LogOnline: Display: Unloading online subsystem: NULL
[2017.12.06-20.25.52:293][522]LogModuleManager: Shutting down and abandoning module XMPP (43)
[2017.12.06-20.25.52:293][522]LogModuleManager: Shutting down and abandoning module HTTP (41)
[2017.12.06-20.25.52:293][522]LogHttp: Display: Http module shutting down, but needs to wait on 1 outstanding Http requests:
[2017.12.06-20.25.52:293][522]LogHttp: Display: 	verb=[POST] url=[https://datarouter.ol.epicgames.com/datarouter/api/v1/public/data?SessionID=%7BCE03231D-4430-74A8-FDAA-D4A3EB7F637E%7D&AppID=UEEditor.Rocket.Release&AppVersion=4.17.2-3658906%2B%2B%2BUE4%2BRelease-4.17&UserID=2266ebbb49f2b0cb8666b8a861d30b5e%7C9975c818dc15487da82246fda931f30b%7Cbd879407-05ce-43f6-8cb5-3551e3ed1734&AppEnvironment=datacollector-binary&UploadType=eteventstream] status=Processing
[2017.12.06-20.25.52:312][522]LogModuleManager: Shutting down and abandoning module SSL (40)
[2017.12.06-20.25.52:313][522]LogModuleManager: Shutting down and abandoning module AnimationModifiers (36)
[2017.12.06-20.25.52:313][522]LogModuleManager: Shutting down and abandoning module PropertyEditor (35)
[2017.12.06-20.25.52:313][522]LogModuleManager: Shutting down and abandoning module AudioEditor (32)
[2017.12.06-20.25.52:313][522]LogModuleManager: Shutting down and abandoning module TextureCompressor (30)
[2017.12.06-20.25.52:313][522]LogModuleManager: Shutting down and abandoning module ShaderCore (28)
[2017.12.06-20.25.52:313][522]LogModuleManager: Shutting down and abandoning module Landscape (26)
[2017.12.06-20.25.52:313][522]LogModuleManager: Shutting down and abandoning module SlateRHIRenderer (24)
[2017.12.06-20.25.52:314][522]LogModuleManager: Shutting down and abandoning module OpenGLDrv (22)
[2017.12.06-20.25.52:314][522]LogModuleManager: Shutting down and abandoning module D3D11RHI (20)
[2017.12.06-20.25.52:314][522]LogModuleManager: Shutting down and abandoning module AnimGraphRuntime (18)
[2017.12.06-20.25.52:314][522]LogModuleManager: Shutting down and abandoning module Renderer (16)
[2017.12.06-20.25.52:314][522]LogModuleManager: Shutting down and abandoning module Engine (14)
[2017.12.06-20.25.52:314][522]LogModuleManager: Shutting down and abandoning module CoreUObject (12)
[2017.12.06-20.25.52:314][522]LogModuleManager: Shutting down and abandoning module NetworkFile (10)
[2017.12.06-20.25.52:314][522]LogModuleManager: Shutting down and abandoning module CookedIterativeFile (8)
[2017.12.06-20.25.52:314][522]LogModuleManager: Shutting down and abandoning module StreamingFile (6)
[2017.12.06-20.25.52:314][522]LogModuleManager: Shutting down and abandoning module SandboxFile (4)
[2017.12.06-20.25.52:314][522]LogModuleManager: Shutting down and abandoning module PakFile (2)
[2017.12.06-20.25.52:318][522]LogExit: Exiting.
[2017.12.06-20.25.52:331][522]Log file closed, 12/06/17 15:25:52
