Log file open, 12/11/17 20:29:36
LogWindows: Failed to load 'aqProf.dll' (GetLastError=126)
LogWindows: File 'aqProf.dll' does not exist
LogWindows: Failed to load 'VtuneApi.dll' (GetLastError=126)
LogWindows: File 'VtuneApi.dll' does not exist
LogWindows: Failed to load 'VtuneApi32e.dll' (GetLastError=126)
LogWindows: File 'VtuneApi32e.dll' does not exist
LogInit: Display: Running engine for game: KairosVR_new
LogPlatformFile: Not using cached read wrapper
LogInit: Display: RandInit(305071656) SRandInit(305071656).
LogTaskGraph: Started task graph with 5 named threads and 14 total threads with 3 sets of task threads.
LogStats: Stats thread started at 0.375626
LogD3D11RHI: Aftermath initialized
LogPluginManager: Mounting plugin Paper2D
LogPluginManager: Mounting plugin LightPropagationVolume
LogPluginManager: Mounting plugin CodeLiteSourceCodeAccess
LogPluginManager: Mounting plugin GitSourceControl
LogPluginManager: Mounting plugin KDevelopSourceCodeAccess
LogPluginManager: Mounting plugin NullSourceCodeAccess
LogPluginManager: Mounting plugin PerforceSourceControl
LogPluginManager: Mounting plugin SubversionSourceControl
LogPluginManager: Mounting plugin UObjectPlugin
LogPluginManager: Mounting plugin VisualStudioSourceCodeAccess
LogPluginManager: Mounting plugin XCodeSourceCodeAccess
LogPluginManager: Mounting plugin AssetManagerEditor
LogPluginManager: Mounting plugin AudioCapture
LogPluginManager: Mounting plugin FacialAnimation
LogPluginManager: Mounting plugin GameplayTagsEditor
LogPluginManager: Mounting plugin MobileLauncherProfileWizard
LogPluginManager: Mounting plugin PluginBrowser
LogPluginManager: Mounting plugin SpeedTreeImporter
LogPluginManager: Mounting plugin AlembicImporter
LogPluginManager: Mounting plugin CharacterAI
LogPluginManager: Mounting plugin HTML5Networking
LogPluginManager: Mounting plugin AndroidMedia
LogPluginManager: Mounting plugin AvfMedia
LogPluginManager: Mounting plugin MediaPlayerEditor
LogPluginManager: Mounting plugin WmfMedia
LogPluginManager: Mounting plugin TcpMessaging
LogPluginManager: Mounting plugin UdpMessaging
LogPluginManager: Mounting plugin LevelSequenceEditor
LogPluginManager: Mounting plugin MatineeToLevelSequence
LogPluginManager: Mounting plugin OnlineSubsystemGooglePlay
LogPluginManager: Mounting plugin OnlineSubsystemIOS
LogPluginManager: Mounting plugin OnlineSubsystem
LogPluginManager: Mounting plugin OnlineSubsystemNull
LogPluginManager: Mounting plugin OnlineSubsystemUtils
LogPluginManager: Mounting plugin AndroidDeviceProfileSelector
LogPluginManager: Mounting plugin AndroidMoviePlayer
LogPluginManager: Mounting plugin AndroidPermission
LogPluginManager: Mounting plugin AppleMoviePlayer
LogPluginManager: Mounting plugin ArchVisCharacter
LogPluginManager: Mounting plugin CableComponent
LogPluginManager: Mounting plugin CustomMeshComponent
LogPluginManager: Mounting plugin ExampleDeviceProfileSelector
LogPluginManager: Mounting plugin GoogleCloudMessaging
LogPluginManager: Mounting plugin ImmediatePhysics
LogPluginManager: Mounting plugin IOSDeviceProfileSelector
LogPluginManager: Mounting plugin LinuxDeviceProfileSelector
LogPluginManager: Mounting plugin LocationServicesBPLibrary
LogPluginManager: Mounting plugin MobilePatchingUtils
LogPluginManager: Mounting plugin OculusVR
LogPluginManager: Mounting plugin PhysXVehicles
LogPluginManager: Mounting plugin ProceduralMeshComponent
LogPluginManager: Mounting plugin RuntimePhysXCooking
LogPluginManager: Mounting plugin SteamVR
LogPluginManager: Mounting plugin WindowsMoviePlayer
LogInit: Using libcurl 7.47.1
LogInit:  - built for x86_64-pc-win32
LogInit:  - supports SSL with OpenSSL/1.0.2g
LogInit:  - supports HTTP deflate (compression) using libz 1.2.8
LogInit:  - other features:
LogInit:      CURL_VERSION_SSL
LogInit:      CURL_VERSION_LIBZ
LogInit:      CURL_VERSION_IPV6
LogInit:      CURL_VERSION_ASYNCHDNS
LogInit:      CURL_VERSION_LARGEFILE
LogInit:      CURL_VERSION_IDN
LogInit:  CurlRequestOptions (configurable via config and command line):
LogInit:  - bVerifyPeer = false  - Libcurl will NOT verify peer certificate
LogInit:  - bUseHttpProxy = false  - Libcurl will NOT use HTTP proxy
LogInit:  - bDontReuseConnections = false  - Libcurl will reuse connections
LogInit:  - CertBundlePath = nullptr  - Libcurl will use whatever was configured at build time.
LogInit: Build: ++UE4+Release-4.17-CL-3658906
LogInit: Engine Version: 4.17.2-3658906+++UE4+Release-4.17
LogInit: Compatible Engine Version: 4.17.0-3573198+++UE4+Release-4.17
LogInit: Net CL: 3573198
LogDevObjectVersion: Number of dev versions registered: 16
LogDevObjectVersion:   Dev-Blueprints (B0D832E4-1F89-4F0D-ACCF-7EB736FD4AA2): 10
LogDevObjectVersion:   Dev-Build (E1C64328-A22C-4D53-A36C-8E866417BD8C): 0
LogDevObjectVersion:   Dev-Core (375EC13C-06E4-48FB-B500-84F0262A717E): 2
LogDevObjectVersion:   Dev-Editor (E4B068ED-F494-42E9-A231-DA0B2E46BB41): 20
LogDevObjectVersion:   Dev-Framework (CFFC743F-43B0-4480-9391-14DF171D2073): 28
LogDevObjectVersion:   Dev-Mobile (B02B49B5-BB20-44E9-A304-32B752E40360): 0
LogDevObjectVersion:   Dev-Networking (A4E4105C-59A1-49B5-A7C5-40C4547EDFEE): 0
LogDevObjectVersion:   Dev-Online (39C831C9-5AE6-47DC-9A44-9C173E1C8E7C): 0
LogDevObjectVersion:   Dev-Physics (78F01B33-EBEA-4F98-B9B4-84EACCB95AA2): 0
LogDevObjectVersion:   Dev-Platform (6631380F-2D4D-43E0-8009-CF276956A95A): 0
LogDevObjectVersion:   Dev-Rendering (12F88B9F-8875-4AFC-A67C-D90C383ABD29): 19
LogDevObjectVersion:   Dev-Sequencer (7B5AE74C-D270-4C10-A958-57980B212A5A): 4
LogDevObjectVersion:   Dev-VR (D7296918-1DD6-4BDD-9DE2-64A83CC13884): 0
LogDevObjectVersion:   Dev-LoadTimes (C2A15278-BFE7-4AFE-6C17-90FF531DF755): 1
LogDevObjectVersion:   Private-Geometry (6EACA3D4-40EC-4CC1-B786-8BED09428FC5): 1
LogDevObjectVersion:   Dev-AnimPhys (29E575DD-E0A3-4627-9D10-D276232CDCEA): 7
LogInit: Compiled (64-bit): Sep 22 2017 13:47:16
LogInit: Compiled with Visual C++: 19.00.24215.01
LogInit: Build Configuration: Development
LogInit: Branch Name: ++UE4+Release-4.17
LogInit: Command line:  
LogInit: Base directory: C:/Program Files/Epic Games/UE_4.17/Engine/Binaries/Win64/
LogInit: Installed Engine Build: 1
LogInit: Presizing for max 8388607 objects, including 0 objects not considered by GC, pre-allocating 0 bytes for permanent pool.
LogInit: Object subsystem initialized
[2017.12.12-01.29.39:553][  0]LogInit: Selected Device Profile: [Windows]
[2017.12.12-01.29.39:553][  0]LogInit: Applying CVar settings loaded from the selected device profile: [Windows]
[2017.12.12-01.29.39:686][  0]LogInit: Computer: DESKTOP-G1FM37K
[2017.12.12-01.29.39:687][  0]LogInit: User: JonathanOates
[2017.12.12-01.29.39:687][  0]LogInit: CPU Page size=4096, Cores=4
[2017.12.12-01.29.39:687][  0]LogInit: High frequency timer resolution =4.311334 MHz
[2017.12.12-01.29.39:687][  0]LogMemory: Memory total: Physical=31.9GB (32GB approx)
[2017.12.12-01.29.39:687][  0]LogMemory: Platform Memory Stats for Windows
[2017.12.12-01.29.39:687][  0]LogMemory: Process Physical Memory: 278.26 MB used, 278.26 MB peak
[2017.12.12-01.29.39:687][  0]LogMemory: Process Virtual Memory: 274.50 MB used, 274.50 MB peak
[2017.12.12-01.29.39:687][  0]LogMemory: Physical Memory: 3094.67 MB used,  29569.93 MB free, 32664.60 MB total
[2017.12.12-01.29.39:687][  0]LogMemory: Virtual Memory: 655.02 MB used,  29569.93 MB free, 134217728.00 MB total
[2017.12.12-01.29.41:664][  0]LogInit: Using OS detected language (en-US).
[2017.12.12-01.29.41:664][  0]LogInit: Using OS detected locale (en-US).
[2017.12.12-01.29.41:882][  0]LogTextLocalizationManager: No specific localization for 'en-US' exists, so the 'en' localization will be used.
[2017.12.12-01.29.45:482][  0]LogD3D11RHI: D3D11 adapters:
[2017.12.12-01.29.46:372][  0]LogD3D11RHI:    0. 'NVIDIA GeForce GTX 1080' (Feature Level 11_0)
[2017.12.12-01.29.46:372][  0]LogD3D11RHI:       8091/0/16332 MB DedicatedVideo/DedicatedSystem/SharedSystem, Outputs:2, VendorId:0x10de
[2017.12.12-01.29.46:410][  0]LogD3D11RHI:    1. 'Microsoft Basic Render Driver' (Feature Level 11_0)
[2017.12.12-01.29.46:410][  0]LogD3D11RHI:       0/0/16332 MB DedicatedVideo/DedicatedSystem/SharedSystem, Outputs:0, VendorId:0x1414
[2017.12.12-01.29.46:410][  0]LogD3D11RHI: Chosen D3D11 Adapter: 0
[2017.12.12-01.29.46:415][  0]LogD3D11RHI: Creating new Direct3DDevice
[2017.12.12-01.29.46:415][  0]LogD3D11RHI:     GPU DeviceId: 0x1b80 (for the marketing name, search the web for "GPU Device Id")
[2017.12.12-01.29.46:416][  0]LogWindows: EnumDisplayDevices:
[2017.12.12-01.29.46:416][  0]LogWindows:    0. 'NVIDIA GeForce GTX 1080' (P:1 D:1)
[2017.12.12-01.29.46:416][  0]LogWindows:    1. 'NVIDIA GeForce GTX 1080' (P:0 D:1)
[2017.12.12-01.29.46:416][  0]LogWindows:    2. 'NVIDIA GeForce GTX 1080' (P:0 D:0)
[2017.12.12-01.29.46:417][  0]LogWindows:    3. 'NVIDIA GeForce GTX 1080' (P:0 D:0)
[2017.12.12-01.29.46:417][  0]LogWindows: DebugString: FoundDriverCount:4 
[2017.12.12-01.29.46:417][  0]LogD3D11RHI:     Adapter Name: NVIDIA GeForce GTX 1080
[2017.12.12-01.29.46:417][  0]LogD3D11RHI:   Driver Version: 388.13 (internal:23.21.13.8813, unified:388.13)
[2017.12.12-01.29.46:417][  0]LogD3D11RHI:      Driver Date: 10-27-2017
[2017.12.12-01.29.46:417][  0]LogRHI: Texture pool is 1361 MB (70% of 1945 MB)
[2017.12.12-01.29.46:484][  0]LogD3D11RHI: Async texture creation enabled
[2017.12.12-01.29.46:756][  0]LogD3D11RHI: GPU Timing Frequency: 1000.000000 (Debug: 2 1)
[2017.12.12-01.29.46:877][  0]LogShaderCompilers: Guid format shader working directory is -37 characters bigger than the processId version (../../../../../../Users/Jonathan Oates/Desktop/Repositories/ExperimentalGame_VR/KairosVR_new/Intermediate/Shaders/WorkingDirectory/7284/).
[2017.12.12-01.29.46:920][  0]LogShaderCompilers: Cleaned the shader compiler working directory 'C:/Users/Jonathan Oates/AppData/Local/Temp/UnrealShaderWorkingDir/5018E19C4B8C262989E279B62EE8EC31/'.
[2017.12.12-01.29.46:944][  0]LogShaderCompilers: Display: Using Local Shader Compiler.
[2017.12.12-01.29.52:936][  0]LogTemp: Display: Loaded TP AllDesktopTargetPlatform
[2017.12.12-01.29.53:035][  0]LogTemp: Display: Loaded TP MacClientTargetPlatform
[2017.12.12-01.29.53:140][  0]LogTemp: Display: Loaded TP MacNoEditorTargetPlatform
[2017.12.12-01.29.53:242][  0]LogTemp: Display: Loaded TP MacServerTargetPlatform
[2017.12.12-01.29.53:400][  0]LogTemp: Display: Loaded TP MacTargetPlatform
[2017.12.12-01.29.53:505][  0]LogTemp: Display: Loaded TP WindowsClientTargetPlatform
[2017.12.12-01.29.53:605][  0]LogTemp: Display: Loaded TP WindowsNoEditorTargetPlatform
[2017.12.12-01.29.53:709][  0]LogTemp: Display: Loaded TP WindowsServerTargetPlatform
[2017.12.12-01.29.53:807][  0]LogTemp: Display: Loaded TP WindowsTargetPlatform
[2017.12.12-01.29.53:930][  0]LogTemp: Display: Loaded TP AndroidTargetPlatform
[2017.12.12-01.29.54:040][  0]LogTemp: Display: Loaded TP Android_ASTCTargetPlatform
[2017.12.12-01.29.54:153][  0]LogTemp: Display: Loaded TP Android_ATCTargetPlatform
[2017.12.12-01.29.54:268][  0]LogTemp: Display: Loaded TP Android_DXTTargetPlatform
[2017.12.12-01.29.54:376][  0]LogTemp: Display: Loaded TP Android_ETC1TargetPlatform
[2017.12.12-01.29.54:484][  0]LogTemp: Display: Loaded TP Android_ETC2TargetPlatform
[2017.12.12-01.29.54:712][  0]LogTemp: Display: Loaded TP Android_MultiTargetPlatform
[2017.12.12-01.29.54:712][  0]LogTemp: Display: Loaded TP Android_PVRTCTargetPlatform
[2017.12.12-01.29.54:814][  0]LogTemp: Display: Loaded TP HTML5TargetPlatform
[2017.12.12-01.29.55:062][  0]LogTemp: Display: Loaded TP IOSTargetPlatform
[2017.12.12-01.29.55:132][  0]LogTemp: Display: Loaded TP TVOSTargetPlatform
[2017.12.12-01.29.55:231][  0]LogTemp: Display: Loaded TP LinuxClientTargetPlatform
[2017.12.12-01.29.55:335][  0]LogTemp: Display: Loaded TP LinuxNoEditorTargetPlatform
[2017.12.12-01.29.55:432][  0]LogTemp: Display: Loaded TP LinuxServerTargetPlatform
[2017.12.12-01.29.55:570][  0]LogTemp: Display: Loaded TP LinuxTargetPlatform
[2017.12.12-01.29.55:570][  0]LogTargetPlatformManager: Display: Building Assets For Windows
[2017.12.12-01.29.57:400][  0]LogDerivedDataCache: Display: Max Cache Size: 512 MB
[2017.12.12-01.29.58:100][  0]LogDerivedDataCache: Loaded boot cache 0.69s 94MB C:/Users/Jonathan Oates/AppData/Local/UnrealEngine/4.17/DerivedDataCache/Boot.ddc.
[2017.12.12-01.29.58:100][  0]LogDerivedDataCache: Display: Loaded Boot cache: C:/Users/Jonathan Oates/AppData/Local/UnrealEngine/4.17/DerivedDataCache/Boot.ddc
[2017.12.12-01.29.58:100][  0]LogDerivedDataCache: FDerivedDataBackendGraph:  Pak pak cache file ../../../../../../Users/Jonathan Oates/Desktop/Repositories/ExperimentalGame_VR/KairosVR_new/DerivedDataCache/DDC.ddp not found, will not use a pak cache.
[2017.12.12-01.29.58:100][  0]LogDerivedDataCache: Unable to find inner node Pak for hierarchical cache Hierarchy.
[2017.12.12-01.29.58:101][  0]LogDerivedDataCache: FDerivedDataBackendGraph:  CompressedPak pak cache file ../../../../../../Users/Jonathan Oates/Desktop/Repositories/ExperimentalGame_VR/KairosVR_new/DerivedDataCache/Compressed.ddp not found, will not use a pak cache.
[2017.12.12-01.29.58:101][  0]LogDerivedDataCache: Unable to find inner node CompressedPak for hierarchical cache Hierarchy.
[2017.12.12-01.29.58:163][  0]LogDerivedDataCache: Display: Pak cache opened for reading ../../../Engine/DerivedDataCache/Compressed.ddp.
[2017.12.12-01.29.58:194][  0]LogDerivedDataCache: Using Local data cache path C:/Users/Jonathan Oates/AppData/Local/UnrealEngine/Common/DerivedDataCache: Writable
[2017.12.12-01.29.58:250][  0]LogMaterial: Verifying Global Shaders for PCD3D_SM5
[2017.12.12-01.29.58:289][  0]LogSlate: Using Freetype 2.6.0
[2017.12.12-01.29.58:326][  0]LogSlate: SlateFontCache - WITH_FREETYPE: 1, WITH_HARFBUZZ: 1
[2017.12.12-01.29.58:326][  0]LogSlate: SlateFontCache - WITH_FREETYPE: 1, WITH_HARFBUZZ: 1
[2017.12.12-01.30.02:751][  0]LogAssetRegistry: FAssetRegistry took 0.0278 seconds to start up
[2017.12.12-01.30.03:488][  0]LogInit: Selected Device Profile: [Windows]
[2017.12.12-01.30.05:777][  0]LogContentStreaming: Texture pool size is 0.00 MB
[2017.12.12-01.30.07:341][  0]LogSimplygon: Simplygon DLL not present - disabling.
[2017.12.12-01.30.07:451][  0]LogMeshReduction: Using SimplygonSwarm for distributed automatic mesh merging
[2017.12.12-01.30.07:451][  0]LogMeshReduction: Using QuadricMeshReduction for automatic static mesh reduction
[2017.12.12-01.30.07:451][  0]LogMeshReduction: No automatic skeletal mesh reduction module available
[2017.12.12-01.30.07:451][  0]LogMeshReduction: No automatic mesh merging module available
[2017.12.12-01.30.07:451][  0]LogMeshMerging: No automatic mesh merging module available
[2017.12.12-01.30.09:628][  0]LogNetVersion: KairosVR_new , NetCL: 3573198, EngineNetVer: 2, GameNetVer: 0 (Checksum: 3281661072)
[2017.12.12-01.30.10:761][  0]LogPackageLocalizationCache: Processed 5 localized package path(s) for 2 prioritized culture(s) in 0.164791 seconds
[2017.12.12-01.30.10:771][  0]LogUObjectArray: 35827 objects as part of root set at end of initial load.
[2017.12.12-01.30.10:771][  0]LogUObjectAllocator: 7529648 out of 0 bytes used by permanent object pool.
[2017.12.12-01.30.10:771][  0]LogUObjectArray: CloseDisregardForGC: 0/0 objects in disregard for GC pool
[2017.12.12-01.30.10:915][  0]LogInit: WinSock: version 1.1 (2.2), MaxSocks=32767, MaxUdp=65467
[2017.12.12-01.30.33:086][  0]LogTcpMessaging: Initializing TcpMessaging bridge
[2017.12.12-01.30.33:184][  0]LogUdpMessaging: Initializing bridge on interface 0.0.0.0:0 to multicast group 230.0.0.1:6666.
[2017.12.12-01.30.35:455][  0]LogMaterial: Uniform references updated for custom material expression Custom.
[2017.12.12-01.30.36:825][  0]SourceControl: Source control is disabled
[2017.12.12-01.30.36:825][  0]SourceControl: Source control is disabled
[2017.12.12-01.30.37:018][  0]SourceControl: Source control is disabled
[2017.12.12-01.30.37:167][  0]SourceControl: Source control is disabled
[2017.12.12-01.30.39:070][  0]LogAndroidPermission: UAndroidPermissionCallbackProxy::GetInstance
[2017.12.12-01.30.39:693][  0]LogOcInput: OculusInput pre-init called
[2017.12.12-01.30.40:983][  0]LogEngine: Initializing Engine...
[2017.12.12-01.30.42:002][  0]LogHMD: Failed to initialize OpenVR with code 126
[2017.12.12-01.30.44:472][  0]LogStats: UGameplayTagsManager::ConstructGameplayTagTree: Construct from data asset -  0.000 s
[2017.12.12-01.30.44:472][  0]LogStats: UGameplayTagsManager::ConstructGameplayTagTree: GameplayTagTreeChangedEvent.Broadcast -  0.000 s
[2017.12.12-01.30.44:979][  0]LogAIModule: Creating AISystem for world Untitled
[2017.12.12-01.30.45:119][  0]LogInit: XAudio2 using 'Speakers (2- High Definition Audio Device)' : 2 channels at 44.1 kHz using 16 bits per sample (channel mask 0x3)
[2017.12.12-01.30.45:533][  0]LogInit: FAudioDevice initialized.
[2017.12.12-01.30.45:831][  0]LogDerivedDataCache: Saved boot cache 0.30s 93MB C:/Users/Jonathan Oates/AppData/Local/UnrealEngine/4.17/DerivedDataCache/Boot.ddc.
[2017.12.12-01.30.45:880][  0]LogInit: Texture streaming: Enabled
[2017.12.12-01.30.46:387][  0]LogEngineSessionManager: EngineSessionManager initialized
[2017.12.12-01.30.46:387][  0]LogEngineSessionManager: EngineSessionManager sent abnormal shutdown report. Type=AbnormalShutdown, SessionId={AAFBC4AA-46A1-6F4E-2F96-7CB67102B244}
[2017.12.12-01.30.48:668][  0]LogInit: Transaction tracking system initialized
[2017.12.12-01.30.49:949][  0]BlueprintLog: New page: Editor Load
[2017.12.12-01.30.56:056][  0]LocalizationService: Localization service is disabled
[2017.12.12-01.30.59:485][  0]LogConsoleResponse: Display: 
[2017.12.12-01.31.03:710][  0]LogCook: Display: Max memory allowance for cook 16384mb min free memory 0mb
[2017.12.12-01.31.03:710][  0]LogCook: Display: Mobile HDR setting 1
[2017.12.12-01.31.03:795][  0]LogFileCache: Scanning file cache for directory 'C:/Users/Jonathan Oates/Desktop/Repositories/ExperimentalGame_VR/KairosVR_new/Content/' took 0.08s
[2017.12.12-01.31.03:795][  0]LogGameplayTags: Display: UGameplayTagsManager::DoneAddingNativeTags. DelegateIsBound: 0
[2017.12.12-01.31.08:878][  0]SourceControl: Source control is disabled
[2017.12.12-01.31.09:002][  0]Cmd: MAP LOAD FILE="../../../../../../Users/Jonathan Oates/Desktop/Repositories/ExperimentalGame_VR/KairosVR_new/Content/Maps/ShipInterior.umap" TEMPLATE=0 SHOWPROGRESS=1 FEATURELEVEL=3
[2017.12.12-01.31.09:031][  0]LightingResults: New page: Lighting Build
[2017.12.12-01.31.09:296][  0]MapCheck: New page: Map Check
[2017.12.12-01.31.09:296][  0]LightingResults: New page: Lighting Build
[2017.12.12-01.31.21:778][  0]LogAIModule: Creating AISystem for world ShipInterior
[2017.12.12-01.31.22:164][  0]LogEditorServer: Finished looking for orphan Actors (0.000 secs)
[2017.12.12-01.31.22:319][  0]Cmd: MAP CHECKDEP NOCLEARLOG
[2017.12.12-01.31.22:464][  0]MapCheck: Map check complete: 0 Error(s), 0 Warning(s), took 144.032ms to complete.
[2017.12.12-01.31.22:464][  0]LogFileHelpers: Loading map 'ShipInterior' took 13.497
[2017.12.12-01.31.23:693][  0]LogCollectionManager: Loaded 0 collections in 0.020360 seconds
[2017.12.12-01.31.23:917][  0]LogFileCache: Scanning file cache for directory 'C:/Users/Jonathan Oates/Desktop/Repositories/ExperimentalGame_VR/KairosVR_new/Saved/Collections/' took 0.01s
[2017.12.12-01.31.23:917][  0]LogFileCache: Scanning file cache for directory 'C:/Users/Jonathan Oates/Desktop/Repositories/ExperimentalGame_VR/KairosVR_new/Content/Developers/JonathanOates/Collections/' took 0.01s
[2017.12.12-01.31.23:917][  0]LogFileCache: Scanning file cache for directory 'C:/Users/Jonathan Oates/Desktop/Repositories/ExperimentalGame_VR/KairosVR_new/Content/Collections/' took 0.01s
[2017.12.12-01.31.23:917][  0]LogCollectionManager: Rebuilt the GUID cache for 0 collections in 0.000000 seconds
[2017.12.12-01.31.23:931][  0]LogContentBrowser: Native class hierarchy populated in 0.0128 seconds. Added 2386 classes and 500 folders.
[2017.12.12-01.31.24:054][  0]LogContentBrowser: Native class hierarchy updated for 'WidgetCarousel' in 0.0008 seconds. Added 0 classes and 0 folders.
[2017.12.12-01.31.27:042][  0]LogContentBrowser: Native class hierarchy updated for 'AddContentDialog' in 0.0008 seconds. Added 0 classes and 0 folders.
[2017.12.12-01.31.27:360][  0]LogContentBrowser: Native class hierarchy updated for 'SceneOutliner' in 0.0009 seconds. Added 1 classes and 2 folders.
[2017.12.12-01.31.28:541][  0]LogSlate: Took 0.016052 seconds to synchronously load lazily loaded font '../../../Engine/Content/Slate/Fonts/Roboto-Regular.ttf' (155K)
[2017.12.12-01.31.28:553][  0]LogSlate: Took 0.009208 seconds to synchronously load lazily loaded font '../../../Engine/Content/Slate/Fonts/Roboto-Bold.ttf' (160K)
[2017.12.12-01.31.28:730][  0]LogSlate: Took 0.018310 seconds to synchronously load lazily loaded font '../../../Engine/Content/Editor/Slate/Fonts/FontAwesome.ttf' (139K)
[2017.12.12-01.31.29:778][  0]LogRenderer: Reallocating scene render targets to support 1136x652 Format 26 NumSamples 1 (Frame:1).
[2017.12.12-01.31.31:640][  0]LogContentBrowser: Native class hierarchy updated for 'HierarchicalLODOutliner' in 0.0009 seconds. Added 1 classes and 2 folders.
[2017.12.12-01.31.31:640][  0]LogLoad: (Engine Initialization) Total time: 121.19 seconds
[2017.12.12-01.31.31:641][  0]LogLoad: (Engine Initialization) Total Blueprint compile time: 0.00 seconds
[2017.12.12-01.31.31:641][  0]LogExternalProfiler: Found external profiler: VSPerf
[2017.12.12-01.31.31:641][  0]LogExternalProfiler: Using external profiler: VSPerf
[2017.12.12-01.31.32:187][  0]LogContentStreaming: Texture pool size now 1000 MB
[2017.12.12-01.31.32:366][  0]LogSlate: Took 0.034459 seconds to synchronously load lazily loaded font '../../../Engine/Content/Slate/Fonts/Roboto-Light.ttf' (159K)
[2017.12.12-01.31.32:439][  1]LogFileCache: Retrieving MD5 hashes for directory 'C:/Users/Jonathan Oates/Desktop/Repositories/ExperimentalGame_VR/KairosVR_new/Content/' took 0.39s
[2017.12.12-01.31.32:793][  2]LogAssetRegistry: Asset discovery search completed in 90.0641 seconds
[2017.12.12-01.31.32:795][  2]LogCollectionManager: Rebuilt the object cache for 0 collections in 0.000001 seconds (found 0 objects)
[2017.12.12-01.31.32:795][  2]LogCollectionManager: Fixed up redirectors for 0 collections in 0.000058 seconds (updated 0 objects)
[2017.12.12-01.31.33:144][  3]LogSlate: Took 0.000300 seconds to synchronously load lazily loaded font '../../../Engine/Content/Slate/Fonts/Roboto-Light.ttf' (159K)
[2017.12.12-01.31.41:248][ 27]LogSlate: Took 0.000250 seconds to synchronously load lazily loaded font '../../../Engine/Content/Slate/Fonts/Roboto-Light.ttf' (159K)
[2017.12.12-01.31.42:050][ 27]LogSlate: Took 0.000277 seconds to synchronously load lazily loaded font '../../../Engine/Content/Slate/Fonts/Roboto-Regular.ttf' (155K)
[2017.12.12-01.31.42:623][ 27]LogContentBrowser: Native class hierarchy updated for 'BlueprintGraph' in 0.0016 seconds. Added 113 classes and 0 folders.
[2017.12.12-01.31.44:386][ 27]LogSlate: Took 0.017566 seconds to synchronously load lazily loaded font '../../../Engine/Content/Editor/Slate/Fonts/Roboto-BoldCondensed.ttf' (158K)
[2017.12.12-01.31.44:715][ 28]LogSlate: Took 0.006199 seconds to synchronously load lazily loaded font '../../../Engine/Content/Editor/Slate/Fonts/Roboto-Italic.ttf' (157K)
[2017.12.12-01.31.50:172][538]LogContentBrowser: Native class hierarchy updated for 'MaterialEditor' in 0.0008 seconds. Added 1 classes and 0 folders.
[2017.12.12-01.31.50:185][538]LogMaterial: Missing cached shader map for material M_Health, compiling. 
[2017.12.12-01.31.50:485][538]LogMaterial: Missing cached shader map for material M_Health, compiling. 
[2017.12.12-01.31.50:497][538]LogMaterial: Missing cached shader map for material M_Health, compiling. 
[2017.12.12-01.31.50:581][538]LogMaterial: Missing cached shader map for material FMatExpressionPreview MaterialExpressionMultiply_1, compiling. 
[2017.12.12-01.31.50:652][538]LogMaterial: Missing cached shader map for material FMatExpressionPreview MaterialExpressionTextureSample_0, compiling. 
[2017.12.12-01.31.50:676][538]LogMaterial: Missing cached shader map for material FMatExpressionPreview MaterialExpressionMultiply_0, compiling. 
[2017.12.12-01.31.53:005][619]MaterialEditorStats: Base pass shader without light map: 70 instructions
[2017.12.12-01.31.53:005][619]MaterialEditorStats: Vertex shader: 206 instructions
[2017.12.12-01.31.53:005][619]MaterialEditorStats: Texture samplers: 3/16
[2017.12.12-01.31.53:005][619]MaterialEditorStats: User interpolators: 2/4 Scalars (1/4 Vectors) (TexCoords: 2, Custom: 0)
[2017.12.12-01.31.53:892][678]LogMaterial: Missing cached shader map for material M_Health, compiling. 
[2017.12.12-01.31.54:883][731]MaterialEditorStats: Base pass shader without light map: 69 instructions
[2017.12.12-01.31.54:883][731]MaterialEditorStats: Vertex shader: 206 instructions
[2017.12.12-01.31.54:883][731]MaterialEditorStats: Texture samplers: 3/16
[2017.12.12-01.31.54:883][731]MaterialEditorStats: User interpolators: 2/4 Scalars (1/4 Vectors) (TexCoords: 2, Custom: 0)
[2017.12.12-01.31.57:801][950]LogMaterial: Missing cached shader map for material M_Health, compiling. 
[2017.12.12-01.31.57:831][950]LogMaterial: Missing cached shader map for material FMatExpressionPreview MaterialExpressionTextureSample_0, compiling. 
[2017.12.12-01.31.58:808][  1]MaterialEditorStats: Base pass shader without light map: 70 instructions
[2017.12.12-01.31.58:808][  1]MaterialEditorStats: Vertex shader: 206 instructions
[2017.12.12-01.31.58:808][  1]MaterialEditorStats: Texture samplers: 3/16
[2017.12.12-01.31.58:808][  1]MaterialEditorStats: User interpolators: 2/4 Scalars (1/4 Vectors) (TexCoords: 2, Custom: 0)
[2017.12.12-01.32.00:646][128]LogMaterialEditor: Applying material M_Health
[2017.12.12-01.32.01:397][128]LogMaterial: Missing cached shader map for material M_Health, compiling. 
[2017.12.12-01.32.01:454][128]LogMaterial: Missing cached shader map for material M_Health, compiling. 
[2017.12.12-01.32.01:510][128]LogMaterial: Missing cached shader map for material M_Health, compiling. 
[2017.12.12-01.32.01:607][128]LogMaterial: Missing cached shader map for material FDebugViewModeMaterialProxy M_Health, compiling. 
[2017.12.12-01.32.02:192][128]TextureStreamingBuild: Display: Compiling optional shaders took 0.605 seconds.
[2017.12.12-01.32.05:045][332]MaterialEditorStats: Base pass shader without light map: 70 instructions
[2017.12.12-01.32.05:045][332]MaterialEditorStats: Vertex shader: 206 instructions
[2017.12.12-01.32.05:045][332]MaterialEditorStats: Texture samplers: 3/16
[2017.12.12-01.32.05:046][332]MaterialEditorStats: User interpolators: 2/4 Scalars (1/4 Vectors) (TexCoords: 2, Custom: 0)
[2017.12.12-01.32.05:874][430]LogMaterialEditor: Saving and Compiling material M_Health
[2017.12.12-01.32.05:935][430]Cmd: OBJ SAVEPACKAGE PACKAGE="/Game/Materials/M_Health" FILE="../../../../../../Users/Jonathan Oates/Desktop/Repositories/ExperimentalGame_VR/KairosVR_new/Content/Materials/M_Health.uasset" SILENT=true
[2017.12.12-01.32.06:563][430]LogSavePackage: Save=48.51ms
[2017.12.12-01.32.06:563][430]LogSavePackage: Moving '../../../../../../Users/Jonathan Oates/Desktop/Repositories/ExperimentalGame_VR/KairosVR_new/Saved/M_HealthB6D2ED064416EFD7C40464ABFDED1BE8.tmp' to '../../../../../../Users/Jonathan Oates/Desktop/Repositories/ExperimentalGame_VR/KairosVR_new/Content/Materials/M_Health.uasset'
[2017.12.12-01.32.06:582][430]LogSavePackage: Display: Finished SavePackage ../../../../../../Users/Jonathan Oates/Desktop/Repositories/ExperimentalGame_VR/KairosVR_new/Content/Materials/M_Health.uasset
[2017.12.12-01.32.17:020][648]LogMaterial: Missing cached shader map for material M_Health, compiling. 
[2017.12.12-01.32.17:031][648]LogMaterial: Missing cached shader map for material FMatExpressionPreview MaterialExpressionTextureSample_0, compiling. 
[2017.12.12-01.32.17:062][648]LogMaterial: Missing cached shader map for material FMatExpressionPreview MaterialExpressionMultiply_0, compiling. 
[2017.12.12-01.32.18:530][797]LogMaterial: Missing cached shader map for material M_Health, compiling. 
[2017.12.12-01.32.18:559][797]LogMaterial: Missing cached shader map for material FMatExpressionPreview MaterialExpressionMultiply_0, compiling. 
[2017.12.12-01.32.19:713][918]MaterialEditorStats: Base pass shader without light map: 70 instructions
[2017.12.12-01.32.19:713][918]MaterialEditorStats: Vertex shader: 206 instructions
[2017.12.12-01.32.19:713][918]MaterialEditorStats: Texture samplers: 3/16
[2017.12.12-01.32.19:713][918]MaterialEditorStats: User interpolators: 2/4 Scalars (1/4 Vectors) (TexCoords: 2, Custom: 0)
[2017.12.12-01.32.24:385][476]LogMaterial: Missing cached shader map for material M_Health, compiling. 
[2017.12.12-01.32.24:397][476]LogMaterial: Missing cached shader map for material FMatExpressionPreview MaterialExpressionMultiply_0, compiling. 
[2017.12.12-01.32.25:368][583]MaterialEditorStats: Base pass shader without light map: 70 instructions
[2017.12.12-01.32.25:368][583]MaterialEditorStats: Vertex shader: 206 instructions
[2017.12.12-01.32.25:368][583]MaterialEditorStats: Texture samplers: 3/16
[2017.12.12-01.32.25:368][583]MaterialEditorStats: User interpolators: 2/4 Scalars (1/4 Vectors) (TexCoords: 2, Custom: 0)
[2017.12.12-01.32.27:190][792]LogMaterialEditor: Applying material M_Health
[2017.12.12-01.32.27:957][792]LogMaterial: Missing cached shader map for material M_Health, compiling. 
[2017.12.12-01.32.28:005][792]LogMaterial: Missing cached shader map for material M_Health, compiling. 
[2017.12.12-01.32.28:035][792]LogMaterial: Missing cached shader map for material M_Health, compiling. 
[2017.12.12-01.32.28:125][792]LogMaterial: Missing cached shader map for material FDebugViewModeMaterialProxy M_Health, compiling. 
[2017.12.12-01.32.28:698][792]TextureStreamingBuild: Display: Compiling optional shaders took 0.587 seconds.
[2017.12.12-01.32.29:359][862]LogMaterialEditor: Saving and Compiling material M_Health
[2017.12.12-01.32.30:627][862]Cmd: OBJ SAVEPACKAGE PACKAGE="/Game/Materials/M_Health" FILE="../../../../../../Users/Jonathan Oates/Desktop/Repositories/ExperimentalGame_VR/KairosVR_new/Content/Materials/M_Health.uasset" SILENT=true
[2017.12.12-01.32.30:687][862]LogSavePackage: Save=11.72ms
[2017.12.12-01.32.30:687][862]LogSavePackage: Moving '../../../../../../Users/Jonathan Oates/Desktop/Repositories/ExperimentalGame_VR/KairosVR_new/Saved/M_Health20976EEA41C4519F8279D9B112DCA57E.tmp' to '../../../../../../Users/Jonathan Oates/Desktop/Repositories/ExperimentalGame_VR/KairosVR_new/Content/Materials/M_Health.uasset'
[2017.12.12-01.32.30:697][862]LogSavePackage: Display: Finished SavePackage ../../../../../../Users/Jonathan Oates/Desktop/Repositories/ExperimentalGame_VR/KairosVR_new/Content/Materials/M_Health.uasset
[2017.12.12-01.32.30:704][862]MaterialEditorStats: Base pass shader without light map: 70 instructions
[2017.12.12-01.32.30:704][862]MaterialEditorStats: Vertex shader: 206 instructions
[2017.12.12-01.32.30:704][862]MaterialEditorStats: Texture samplers: 3/16
[2017.12.12-01.32.30:704][862]MaterialEditorStats: User interpolators: 2/4 Scalars (1/4 Vectors) (TexCoords: 2, Custom: 0)
[2017.12.12-01.33.01:353][426]LogTemp: Repeating last play command: Simulate
[2017.12.12-01.33.01:474][426]LogPlayLevel: PlayLevel: No blueprints needed recompiling
[2017.12.12-01.33.01:475][426]PIE: New page: SIE session: ShipInterior (Dec 11, 2017, 3:33:01 PM)
[2017.12.12-01.33.01:475][426]LogPlayLevel: Creating play world package: /Game/Maps/UEDPIE_0_ShipInterior
[2017.12.12-01.33.01:480][426]LogPlayLevel: PIE: StaticDuplicateObject took: (0.005338s)
[2017.12.12-01.33.01:481][426]LogAIModule: Creating AISystem for world ShipInterior
[2017.12.12-01.33.01:481][426]LogPlayLevel: PIE: World Init took: (0.001236s)
[2017.12.12-01.33.01:482][426]LogPlayLevel: PIE: Created PIE world by copying editor world from /Game/Maps/ShipInterior.ShipInterior to /Game/Maps/UEDPIE_0_ShipInterior.ShipInterior (0.006950s)
[2017.12.12-01.33.01:586][426]LogInit: XAudio2 using 'Speakers (2- High Definition Audio Device)' : 2 channels at 44.1 kHz using 16 bits per sample (channel mask 0x3)
[2017.12.12-01.33.01:599][426]LogInit: FAudioDevice initialized.
[2017.12.12-01.33.01:664][426]LogUObjectGlobals: Warning: Failed to find object 'Class None.'
[2017.12.12-01.33.01:676][426]LogLoad: Game class is 'GameModeBase'
[2017.12.12-01.33.01:699][426]LogWorld: Bringing World /Game/Maps/UEDPIE_0_ShipInterior.ShipInterior up for play (max tick rate 0) at 2017.12.11-20.33.01
[2017.12.12-01.33.01:710][426]LogWorld: Bringing up level for play took: 0.013326
[2017.12.12-01.33.01:711][426]LogGameMode: FindPlayerStart: PATHS NOT DEFINED or NO PLAYERSTART with positive rating
[2017.12.12-01.33.01:803][426]LogContentBrowser: Native class hierarchy updated for 'MovieSceneCapture' in 0.0009 seconds. Added 11 classes and 0 folders.
[2017.12.12-01.33.01:856][426]LogBlueprintUserMessages: Warning: Time Dilation must be between 0.000100 and 20.000000.  Clamped value to that range.
[2017.12.12-01.33.01:862][426]PIE: Play in editor start time for /Game/Maps/UEDPIE_0_ShipInterior -0.042
[2017.12.12-01.33.11:879][539]LogMaterial: Missing cached shader map for material M_Health, compiling. 
[2017.12.12-01.33.11:890][539]LogMaterial: Missing cached shader map for material FMatExpressionPreview MaterialExpressionMultiply_0, compiling. 
[2017.12.12-01.33.13:215][686]MaterialEditorStats: Base pass shader without light map: 70 instructions
[2017.12.12-01.33.13:215][686]MaterialEditorStats: Vertex shader: 206 instructions
[2017.12.12-01.33.13:215][686]MaterialEditorStats: Texture samplers: 3/16
[2017.12.12-01.33.13:215][686]MaterialEditorStats: User interpolators: 2/4 Scalars (1/4 Vectors) (TexCoords: 2, Custom: 0)
[2017.12.12-01.33.13:683][742]LogMaterialEditor: Applying material M_Health
[2017.12.12-01.33.14:419][742]LogMaterial: Missing cached shader map for material M_Health, compiling. 
[2017.12.12-01.33.14:458][742]LogMaterial: Missing cached shader map for material M_Health, compiling. 
[2017.12.12-01.33.14:479][742]LogMaterial: Missing cached shader map for material M_Health, compiling. 
[2017.12.12-01.33.14:552][742]LogMaterial: Missing cached shader map for material FDebugViewModeMaterialProxy M_Health, compiling. 
[2017.12.12-01.33.15:094][742]TextureStreamingBuild: Display: Compiling optional shaders took 0.548 seconds.
[2017.12.12-01.33.15:621][797]LogMaterialEditor: Saving and Compiling material M_Health
[2017.12.12-01.33.16:754][797]Cmd: OBJ SAVEPACKAGE PACKAGE="/Game/Materials/M_Health" FILE="../../../../../../Users/Jonathan Oates/Desktop/Repositories/ExperimentalGame_VR/KairosVR_new/Content/Materials/M_Health.uasset" SILENT=true
[2017.12.12-01.33.16:814][797]LogSavePackage: Save=11.06ms
[2017.12.12-01.33.16:814][797]LogSavePackage: Moving '../../../../../../Users/Jonathan Oates/Desktop/Repositories/ExperimentalGame_VR/KairosVR_new/Saved/M_HealthACDC3A6F4B8EBA790238AEAF55BB5BF9.tmp' to '../../../../../../Users/Jonathan Oates/Desktop/Repositories/ExperimentalGame_VR/KairosVR_new/Content/Materials/M_Health.uasset'
[2017.12.12-01.33.16:824][797]LogSavePackage: Display: Finished SavePackage ../../../../../../Users/Jonathan Oates/Desktop/Repositories/ExperimentalGame_VR/KairosVR_new/Content/Materials/M_Health.uasset
[2017.12.12-01.33.16:830][797]MaterialEditorStats: Base pass shader without light map: 70 instructions
[2017.12.12-01.33.16:831][797]MaterialEditorStats: Vertex shader: 206 instructions
[2017.12.12-01.33.16:831][797]MaterialEditorStats: Texture samplers: 3/16
[2017.12.12-01.33.16:831][797]MaterialEditorStats: User interpolators: 2/4 Scalars (1/4 Vectors) (TexCoords: 2, Custom: 0)
[2017.12.12-01.33.32:951][659]LogWindowsTextInputMethodSystem: Display: IME system now deactivated.
[2017.12.12-01.33.33:145][660]Cmd: QUIT_EDITOR
[2017.12.12-01.33.33:900][660]LogExit: Preparing to exit.
[2017.12.12-01.33.34:388][660]LogDirectoryWatcher: A directory notification for 'C:/Users/Jonathan Oates/Desktop/Repositories/ExperimentalGame_VR/KairosVR_new/Content/' was aborted.
[2017.12.12-01.33.34:443][660]LogExit: Editor shut down
[2017.12.12-01.33.34:453][660]LogExit: Transaction tracking system shut down
[2017.12.12-01.33.34:707][660]LogDirectoryWatcher: A directory notification for '../../../Engine/Content/' was aborted.
[2017.12.12-01.33.34:708][660]LogDirectoryWatcher: A directory notification for '../../../../../../Users/Jonathan Oates/Desktop/Repositories/ExperimentalGame_VR/KairosVR_new/Content/' was aborted.
[2017.12.12-01.33.34:708][660]LogDirectoryWatcher: A directory notification for '../../../Engine/Plugins/2D/Paper2D/Content/' was aborted.
[2017.12.12-01.33.34:708][660]LogDirectoryWatcher: A directory notification for '../../../Engine/Plugins/Runtime/Oculus/OculusVR/Content/' was aborted.
[2017.12.12-01.33.34:708][660]LogDirectoryWatcher: A directory notification for '../../../Engine/Plugins/Runtime/Steam/SteamVR/Content/' was aborted.
[2017.12.12-01.33.34:836][660]LogExit: Object subsystem successfully closed.
[2017.12.12-01.33.34:855][660]LogD3D11RHI: Shutdown
[2017.12.12-01.33.34:855][660]LogD3D11RHI: CleanupD3DDevice
[2017.12.12-01.33.35:020][660]LogD3D11RHI: ~FD3D11DynamicRHI
[2017.12.12-01.33.35:066][660]LogModuleManager: Shutting down and abandoning module MovieSceneCapture (538)
[2017.12.12-01.33.35:066][660]LogModuleManager: Shutting down and abandoning module MaterialEditor (536)
[2017.12.12-01.33.35:066][660]LogModuleManager: Shutting down and abandoning module BlueprintGraph (534)
[2017.12.12-01.33.35:066][660]LogModuleManager: Shutting down and abandoning module BlueprintProfiler (532)
[2017.12.12-01.33.35:066][660]LogModuleManager: Shutting down and abandoning module HierarchicalLODOutliner (530)
[2017.12.12-01.33.35:066][660]LogModuleManager: Shutting down and abandoning module SceneOutliner (528)
[2017.12.12-01.33.35:066][660]LogModuleManager: Shutting down and abandoning module AddContentDialog (526)
[2017.12.12-01.33.35:066][660]LogDirectoryWatcher: A directory notification for 'C:/Program Files/Epic Games/UE_4.17/FeaturePacks/' was aborted.
[2017.12.12-01.33.35:068][660]LogModuleManager: Shutting down and abandoning module WidgetCarousel (525)
[2017.12.12-01.33.35:068][660]LogModuleManager: Shutting down and abandoning module EditorWidgets (522)
[2017.12.12-01.33.35:068][660]LogModuleManager: Shutting down and abandoning module CollectionManager (520)
[2017.12.12-01.33.35:068][660]LogDirectoryWatcher: A directory notification for 'C:/Users/Jonathan Oates/Desktop/Repositories/ExperimentalGame_VR/KairosVR_new/Content/Collections/' was aborted.
[2017.12.12-01.33.35:068][660]LogDirectoryWatcher: A directory notification for 'C:/Users/Jonathan Oates/Desktop/Repositories/ExperimentalGame_VR/KairosVR_new/Content/Developers/JonathanOates/Collections/' was aborted.
[2017.12.12-01.33.35:068][660]LogDirectoryWatcher: A directory notification for 'C:/Users/Jonathan Oates/Desktop/Repositories/ExperimentalGame_VR/KairosVR_new/Saved/Collections/' was aborted.
[2017.12.12-01.33.35:069][660]LogModuleManager: Shutting down and abandoning module StatsViewer (518)
[2017.12.12-01.33.35:069][660]LogModuleManager: Shutting down and abandoning module FoliageEdit (516)
[2017.12.12-01.33.35:069][660]LogModuleManager: Shutting down and abandoning module LandscapeEditor (514)
[2017.12.12-01.33.35:069][660]LogModuleManager: Shutting down and abandoning module MeshPaintMode (512)
[2017.12.12-01.33.35:069][660]LogModuleManager: Shutting down and abandoning module SceneDepthPickerMode (510)
[2017.12.12-01.33.35:069][660]LogModuleManager: Shutting down and abandoning module ActorPickerMode (508)
[2017.12.12-01.33.35:069][660]LogModuleManager: Shutting down and abandoning module GeometryMode (506)
[2017.12.12-01.33.35:069][660]LogModuleManager: Shutting down and abandoning module TextureAlignMode (504)
[2017.12.12-01.33.35:069][660]LogModuleManager: Shutting down and abandoning module BspMode (502)
[2017.12.12-01.33.35:069][660]LogModuleManager: Shutting down and abandoning module PIEPreviewDeviceProfileSelector (500)
[2017.12.12-01.33.35:069][660]LogModuleManager: Shutting down and abandoning module HardwareSurvey (498)
[2017.12.12-01.33.35:069][660]LogModuleManager: Shutting down and abandoning module SequenceRecorderSections (496)
[2017.12.12-01.33.35:069][660]LogModuleManager: Shutting down and abandoning module AutomationWorker (494)
[2017.12.12-01.33.35:069][660]LogModuleManager: Shutting down and abandoning module MatineeToLevelSequence (492)
[2017.12.12-01.33.35:069][660]LogModuleManager: Shutting down and abandoning module LevelSequenceEditor (490)
[2017.12.12-01.33.35:070][660]LogModuleManager: Shutting down and abandoning module PlacementMode (489)
[2017.12.12-01.33.35:070][660]LogModuleManager: Shutting down and abandoning module WmfMediaFactory (486)
[2017.12.12-01.33.35:070][660]LogModuleManager: Shutting down and abandoning module WmfMediaEditor (484)
[2017.12.12-01.33.35:070][660]LogModuleManager: Shutting down and abandoning module AvfMediaFactory (482)
[2017.12.12-01.33.35:070][660]LogModuleManager: Shutting down and abandoning module AvfMediaEditor (480)
[2017.12.12-01.33.35:070][660]LogModuleManager: Shutting down and abandoning module AndroidMediaFactory (478)
[2017.12.12-01.33.35:070][660]LogModuleManager: Shutting down and abandoning module Media (477)
[2017.12.12-01.33.35:070][660]LogModuleManager: Shutting down and abandoning module AndroidMediaEditor (474)
[2017.12.12-01.33.35:070][660]LogModuleManager: Shutting down and abandoning module CharacterAI (472)
[2017.12.12-01.33.35:070][660]LogModuleManager: Shutting down and abandoning module AudioCapture (470)
[2017.12.12-01.33.35:070][660]LogModuleManager: Shutting down and abandoning module SequenceRecorder (469)
[2017.12.12-01.33.35:070][660]LogModuleManager: Shutting down and abandoning module SmartSnapping (466)
[2017.12.12-01.33.35:070][660]LogModuleManager: Shutting down and abandoning module SessionServices (464)
[2017.12.12-01.33.35:070][660]LogModuleManager: Shutting down and abandoning module ViewportSnapping (462)
[2017.12.12-01.33.35:070][660]LogModuleManager: Shutting down and abandoning module ViewportInteraction (460)
[2017.12.12-01.33.35:070][660]LogModuleManager: Shutting down and abandoning module ClothPainter (458)
[2017.12.12-01.33.35:070][660]LogModuleManager: Shutting down and abandoning module LogVisualizer (456)
[2017.12.12-01.33.35:071][660]LogModuleManager: Shutting down and abandoning module IntroTutorials (454)
[2017.12.12-01.33.35:071][660]LogModuleManager: Shutting down and abandoning module GameProjectGeneration (453)
[2017.12.12-01.33.35:071][660]LogModuleManager: Shutting down and abandoning module IOSPlatformEditor (450)
[2017.12.12-01.33.35:071][660]LogModuleManager: Shutting down and abandoning module HTML5PlatformEditor (448)
[2017.12.12-01.33.35:071][660]LogModuleManager: Shutting down and abandoning module AndroidPlatformEditor (446)
[2017.12.12-01.33.35:071][660]LogModuleManager: Shutting down and abandoning module AndroidDeviceDetection (445)
[2017.12.12-01.33.35:412][660]LogModuleManager: Shutting down and abandoning module WindowsPlatformEditor (442)
[2017.12.12-01.33.35:413][660]LogModuleManager: Shutting down and abandoning module IOSRuntimeSettings (440)
[2017.12.12-01.33.35:413][660]LogModuleManager: Shutting down and abandoning module AndroidRuntimeSettings (438)
[2017.12.12-01.33.35:413][660]LogModuleManager: Shutting down and abandoning module InputBindingEditor (436)
[2017.12.12-01.33.35:413][660]LogModuleManager: Shutting down and abandoning module MergeActors (434)
[2017.12.12-01.33.35:413][660]LogModuleManager: Shutting down and abandoning module SizeMap (432)
[2017.12.12-01.33.35:413][660]LogModuleManager: Shutting down and abandoning module TreeMap (430)
[2017.12.12-01.33.35:413][660]LogModuleManager: Shutting down and abandoning module ReferenceViewer (428)
[2017.12.12-01.33.35:413][660]LogModuleManager: Shutting down and abandoning module LocalizationDashboard (426)
[2017.12.12-01.33.35:413][660]LogModuleManager: Shutting down and abandoning module LocalizationService (425)
[2017.12.12-01.33.35:413][660]LogModuleManager: Shutting down and abandoning module HardwareTargeting (422)
[2017.12.12-01.33.35:413][660]LogModuleManager: Shutting down and abandoning module DeviceProfileEditor (420)
[2017.12.12-01.33.35:413][660]LogModuleManager: Shutting down and abandoning module UndoHistory (418)
[2017.12.12-01.33.35:413][660]LogModuleManager: Shutting down and abandoning module XmlParser (416)
[2017.12.12-01.33.35:413][660]LogModuleManager: Shutting down and abandoning module Blutility (414)
[2017.12.12-01.33.35:413][660]LogModuleManager: Shutting down and abandoning module ProjectSettingsViewer (412)
[2017.12.12-01.33.35:413][660]LogModuleManager: Shutting down and abandoning module ProjectTargetPlatformEditor (411)
[2017.12.12-01.33.35:413][660]LogModuleManager: Shutting down and abandoning module EditorSettingsViewer (408)
[2017.12.12-01.33.35:413][660]LogModuleManager: Shutting down and abandoning module SettingsEditor (406)
[2017.12.12-01.33.35:413][660]LogModuleManager: Shutting down and abandoning module ProjectLauncher (404)
[2017.12.12-01.33.35:413][660]LogModuleManager: Shutting down and abandoning module SessionFrontend (402)
[2017.12.12-01.33.35:413][660]LogModuleManager: Shutting down and abandoning module ProfilerClient (400)
[2017.12.12-01.33.35:413][660]LogModuleManager: Shutting down and abandoning module DeviceManager (398)
[2017.12.12-01.33.35:413][660]LogModuleManager: Shutting down and abandoning module TargetDeviceServices (397)
[2017.12.12-01.33.35:467][660]LogModuleManager: Shutting down and abandoning module AutomationController (394)
[2017.12.12-01.33.35:467][660]LogModuleManager: Shutting down and abandoning module AutomationWindow (392)
[2017.12.12-01.33.35:467][660]LogModuleManager: Shutting down and abandoning module Layers (390)
[2017.12.12-01.33.35:467][660]LogModuleManager: Shutting down and abandoning module ComponentVisualizers (388)
[2017.12.12-01.33.35:467][660]LogModuleManager: Shutting down and abandoning module DetailCustomizations (386)
[2017.12.12-01.33.35:467][660]LogModuleManager: Shutting down and abandoning module PackagesDialog (384)
[2017.12.12-01.33.35:467][660]LogModuleManager: Shutting down and abandoning module Persona (382)
[2017.12.12-01.33.35:467][660]LogModuleManager: Shutting down and abandoning module AdvancedPreviewScene (381)
[2017.12.12-01.33.35:467][660]LogModuleManager: Shutting down and abandoning module AnimGraph (379)
[2017.12.12-01.33.35:467][660]LogModuleManager: Shutting down and abandoning module Kismet (376)
[2017.12.12-01.33.35:479][660]LogModuleManager: Shutting down and abandoning module ClassViewer (374)
[2017.12.12-01.33.35:479][660]LogModuleManager: Shutting down and abandoning module Toolbox (372)
[2017.12.12-01.33.35:479][660]LogModuleManager: Shutting down and abandoning module ModuleUI (370)
[2017.12.12-01.33.35:479][660]LogModuleManager: Shutting down and abandoning module MovieSceneTools (368)
[2017.12.12-01.33.35:479][660]LogModuleManager: Shutting down and abandoning module OutputLog (366)
[2017.12.12-01.33.35:479][660]LogModuleManager: Shutting down and abandoning module GammaUI (364)
[2017.12.12-01.33.35:479][660]LogModuleManager: Shutting down and abandoning module Documentation (362)
[2017.12.12-01.33.35:479][660]LogModuleManager: Shutting down and abandoning module MovieSceneTracks (360)
[2017.12.12-01.33.35:479][660]LogModuleManager: Shutting down and abandoning module MovieScene (358)
[2017.12.12-01.33.35:479][660]LogModuleManager: Shutting down and abandoning module Niagara (356)
[2017.12.12-01.33.35:479][660]LogModuleManager: Shutting down and abandoning module NiagaraEditor (355)
[2017.12.12-01.33.35:479][660]LogModuleManager: Shutting down and abandoning module StreamingPauseRendering (352)
[2017.12.12-01.33.35:479][660]LogModuleManager: Shutting down and abandoning module LauncherPlatform (350)
[2017.12.12-01.33.35:479][660]LogModuleManager: Shutting down and abandoning module AnalyticsET (348)
[2017.12.12-01.33.35:479][660]LogModuleManager: Shutting down and abandoning module PortalServices (346)
[2017.12.12-01.33.35:479][660]LogModuleManager: Shutting down and abandoning module PortalRpc (344)
[2017.12.12-01.33.35:479][660]LogModuleManager: Shutting down and abandoning module MessagingRpc (342)
[2017.12.12-01.33.35:479][660]LogModuleManager: Shutting down and abandoning module AIModule (340)
[2017.12.12-01.33.35:479][660]LogModuleManager: Shutting down and abandoning module GameplayDebugger (339)
[2017.12.12-01.33.35:480][660]LogModuleManager: Shutting down and abandoning module AITestSuite (337)
[2017.12.12-01.33.35:480][660]LogModuleManager: Shutting down and abandoning module ProfilerService (334)
[2017.12.12-01.33.35:533][660]LogModuleManager: Shutting down and abandoning module TaskGraph (332)
[2017.12.12-01.33.35:533][660]LogModuleManager: Shutting down and abandoning module SteamVRController (330)
[2017.12.12-01.33.35:533][660]LogModuleManager: Shutting down and abandoning module ProceduralMeshComponentEditor (328)
[2017.12.12-01.33.35:534][660]LogModuleManager: Shutting down and abandoning module ProceduralMeshComponent (326)
[2017.12.12-01.33.35:534][660]LogModuleManager: Shutting down and abandoning module OculusInput (324)
[2017.12.12-01.33.35:534][660]LogModuleManager: Shutting down and abandoning module MobilePatchingUtils (322)
[2017.12.12-01.33.35:534][660]LogModuleManager: Shutting down and abandoning module CustomMeshComponent (320)
[2017.12.12-01.33.35:534][660]LogModuleManager: Shutting down and abandoning module CableComponent (318)
[2017.12.12-01.33.35:534][660]LogModuleManager: Shutting down and abandoning module ArchVisCharacter (316)
[2017.12.12-01.33.35:534][660]LogModuleManager: Shutting down and abandoning module AndroidPermission (314)
[2017.12.12-01.33.35:534][660]LogModuleManager: Shutting down and abandoning module MediaPlayerEditor (310)
[2017.12.12-01.33.35:534][660]LogModuleManager: Shutting down and abandoning module HTML5Networking (308)
[2017.12.12-01.33.35:534][660]LogModuleManager: Shutting down and abandoning module AlembicImporter (306)
[2017.12.12-01.33.35:534][660]LogModuleManager: Shutting down and abandoning module AlembicLibrary (305)
[2017.12.12-01.33.35:534][660]LogModuleManager: Shutting down and abandoning module GeometryCache (304)
[2017.12.12-01.33.35:534][660]LogModuleManager: Shutting down and abandoning module GeometryCacheEd (303)
[2017.12.12-01.33.35:534][660]LogModuleManager: Shutting down and abandoning module SpeedTreeImporter (298)
[2017.12.12-01.33.35:534][660]LogModuleManager: Shutting down and abandoning module PluginBrowser (296)
[2017.12.12-01.33.35:534][660]LogModuleManager: Shutting down and abandoning module MobileLauncherProfileWizard (294)
[2017.12.12-01.33.35:534][660]LogModuleManager: Shutting down and abandoning module VisualStudioSourceCodeAccess (292)
[2017.12.12-01.33.35:534][660]LogModuleManager: Shutting down and abandoning module DesktopPlatform (291)
[2017.12.12-01.33.35:534][660]LogModuleManager: Shutting down and abandoning module UObjectPlugin (288)
[2017.12.12-01.33.35:534][660]LogModuleManager: Shutting down and abandoning module SubversionSourceControl (286)
[2017.12.12-01.33.35:534][660]LogModuleManager: Shutting down and abandoning module PerforceSourceControl (284)
[2017.12.12-01.33.35:534][660]LogModuleManager: Shutting down and abandoning module GitSourceControl (282)
[2017.12.12-01.33.35:534][660]LogModuleManager: Shutting down and abandoning module SourceControl (281)
[2017.12.12-01.33.35:534][660]LogModuleManager: Shutting down and abandoning module LightPropagationVolumeEditor (278)
[2017.12.12-01.33.35:534][660]LogModuleManager: Shutting down and abandoning module PaperTiledImporter (276)
[2017.12.12-01.33.35:534][660]LogModuleManager: Shutting down and abandoning module PaperSpriteSheetImporter (274)
[2017.12.12-01.33.35:534][660]LogModuleManager: Shutting down and abandoning module Paper2DEditor (272)
[2017.12.12-01.33.35:535][660]LogModuleManager: Shutting down and abandoning module MeshPaint (271)
[2017.12.12-01.33.35:535][660]LogModuleManager: Shutting down and abandoning module LevelEditor (269)
[2017.12.12-01.33.35:535][660]LogModuleManager: Shutting down and abandoning module PixelInspectorModule (268)
[2017.12.12-01.33.35:536][660]LogModuleManager: Shutting down and abandoning module MainFrame (266)
[2017.12.12-01.33.35:536][660]LogModuleManager: Shutting down and abandoning module HotReload (265)
[2017.12.12-01.33.35:536][660]LogModuleManager: Shutting down and abandoning module RuntimePhysXCooking (260)
[2017.12.12-01.33.35:536][660]LogModuleManager: Shutting down and abandoning module PhysXVehiclesEditor (258)
[2017.12.12-01.33.35:536][660]LogModuleManager: Shutting down and abandoning module PhysXVehicles (256)
[2017.12.12-01.33.35:536][660]LogModuleManager: Shutting down and abandoning module OculusEditor (254)
[2017.12.12-01.33.35:536][660]LogModuleManager: Shutting down and abandoning module LocationServicesBPLibrary (252)
[2017.12.12-01.33.35:536][660]LogModuleManager: Shutting down and abandoning module ImmediatePhysicsEditor (250)
[2017.12.12-01.33.35:536][660]LogModuleManager: Shutting down and abandoning module ImmediatePhysics (248)
[2017.12.12-01.33.35:536][660]LogModuleManager: Shutting down and abandoning module UdpMessaging (246)
[2017.12.12-01.33.35:638][660]LogModuleManager: Shutting down and abandoning module TcpMessaging (244)
[2017.12.12-01.33.35:738][660]LogModuleManager: Shutting down and abandoning module GameplayTagsEditor (242)
[2017.12.12-01.33.35:738][660]LogModuleManager: Shutting down and abandoning module FacialAnimationEditor (240)
[2017.12.12-01.33.35:738][660]LogModuleManager: Shutting down and abandoning module FacialAnimation (238)
[2017.12.12-01.33.35:738][660]LogModuleManager: Shutting down and abandoning module AssetManagerEditor (236)
[2017.12.12-01.33.35:738][660]LogModuleManager: Shutting down and abandoning module GraphEditor (235)
[2017.12.12-01.33.35:738][660]LogModuleManager: Shutting down and abandoning module ContentBrowser (233)
[2017.12.12-01.33.35:739][660]LogModuleManager: Shutting down and abandoning module LightPropagationVolumeRuntime (230)
[2017.12.12-01.33.35:739][660]LogModuleManager: Shutting down and abandoning module Paper2D (228)
[2017.12.12-01.33.35:739][660]LogModuleManager: Shutting down and abandoning module WindowsMoviePlayer (226)
[2017.12.12-01.33.35:739][660]LogModuleManager: Shutting down and abandoning module WmfMedia (224)
[2017.12.12-01.33.35:739][660]LogModuleManager: Shutting down and abandoning module PacketHandler (222)
[2017.12.12-01.33.35:739][660]LogModuleManager: Shutting down and abandoning module ClothingSystemEditor (220)
[2017.12.12-01.33.35:739][660]LogModuleManager: Shutting down and abandoning module ClothingSystemRuntime (218)
[2017.12.12-01.33.35:740][660]LogModuleManager: Shutting down and abandoning module Overlay (216)
[2017.12.12-01.33.35:740][660]LogModuleManager: Shutting down and abandoning module OverlayEditor (215)
[2017.12.12-01.33.35:740][660]LogModuleManager: Shutting down and abandoning module MediaAssets (212)
[2017.12.12-01.33.35:740][660]LogModuleManager: Shutting down and abandoning module VREditor (210)
[2017.12.12-01.33.35:740][660]LogModuleManager: Shutting down and abandoning module StringTableEditor (208)
[2017.12.12-01.33.35:740][660]LogModuleManager: Shutting down and abandoning module GameplayTasksEditor (206)
[2017.12.12-01.33.35:740][660]LogModuleManager: Shutting down and abandoning module BehaviorTreeEditor (204)
[2017.12.12-01.33.35:740][660]LogModuleManager: Shutting down and abandoning module FunctionalTesting (202)
[2017.12.12-01.33.35:740][660]LogModuleManager: Shutting down and abandoning module CollisionAnalyzer (200)
[2017.12.12-01.33.35:740][660]LogModuleManager: Shutting down and abandoning module WorkspaceMenuStructure (199)
[2017.12.12-01.33.35:740][660]LogModuleManager: Shutting down and abandoning module UMG (196)
[2017.12.12-01.33.35:740][660]LogModuleManager: Shutting down and abandoning module UMGEditor (195)
[2017.12.12-01.33.35:740][660]LogModuleManager: Shutting down and abandoning module Sequencer (194)
[2017.12.12-01.33.35:740][660]LogModuleManager: Shutting down and abandoning module MessageLog (191)
[2017.12.12-01.33.35:740][660]LogModuleManager: Shutting down and abandoning module SlateReflector (186)
[2017.12.12-01.33.35:740][660]LogModuleManager: Shutting down and abandoning module Slate (184)
[2017.12.12-01.33.35:740][660]LogModuleManager: Shutting down and abandoning module EditorStyle (182)
[2017.12.12-01.33.35:744][660]LogModuleManager: Shutting down and abandoning module MRMesh (180)
[2017.12.12-01.33.35:744][660]LogModuleManager: Shutting down and abandoning module SourceCodeAccess (178)
[2017.12.12-01.33.35:744][660]LogModuleManager: Shutting down and abandoning module HeadMountedDisplay (176)
[2017.12.12-01.33.35:744][660]LogModuleManager: Shutting down and abandoning module XAudio2 (174)
[2017.12.12-01.33.35:744][660]LogModuleManager: Shutting down and abandoning module Networking (172)
[2017.12.12-01.33.35:744][660]LogModuleManager: Shutting down and abandoning module Core (168)
[2017.12.12-01.33.35:744][660]LogModuleManager: Shutting down and abandoning module KismetCompiler (164)
[2017.12.12-01.33.35:744][660]LogModuleManager: Shutting down and abandoning module LevelSequence (162)
[2017.12.12-01.33.35:744][660]LogModuleManager: Shutting down and abandoning module MeshUtilities (160)
[2017.12.12-01.33.35:744][660]LogModuleManager: Shutting down and abandoning module MeshMergeUtilities (159)
[2017.12.12-01.33.35:744][660]LogModuleManager: Shutting down and abandoning module MeshReductionInterface (158)
[2017.12.12-01.33.35:744][660]LogModuleManager: Shutting down and abandoning module SimplygonSwarm (157)
[2017.12.12-01.33.35:744][660]LogModuleManager: Shutting down and abandoning module SimplygonMeshReduction (155)
[2017.12.12-01.33.35:744][660]LogModuleManager: Shutting down and abandoning module QuadricMeshReduction (153)
[2017.12.12-01.33.35:744][660]LogModuleManager: Shutting down and abandoning module MaterialBaking (149)
[2017.12.12-01.33.35:744][660]LogModuleManager: Shutting down and abandoning module DirectoryWatcher (146)
[2017.12.12-01.33.35:745][660]LogModuleManager: Shutting down and abandoning module DerivedDataCache (144)
[2017.12.12-01.33.35:799][660]LogDerivedDataCache: Shutdown
[2017.12.12-01.33.35:799][660]LogModuleManager: Shutting down and abandoning module TargetPlatform (142)
[2017.12.12-01.33.35:799][660]LogModuleManager: Shutting down and abandoning module VulkanShaderFormat (141)
[2017.12.12-01.33.35:800][660]LogModuleManager: Shutting down and abandoning module ShaderFormatVectorVM (139)
[2017.12.12-01.33.35:800][660]LogModuleManager: Shutting down and abandoning module ShaderFormatOpenGL (137)
[2017.12.12-01.33.35:800][660]LogModuleManager: Shutting down and abandoning module ShaderFormatD3D (135)
[2017.12.12-01.33.35:800][660]LogModuleManager: Shutting down and abandoning module MetalShaderFormat (133)
[2017.12.12-01.33.35:800][660]LogModuleManager: Shutting down and abandoning module TextureFormatUncompressed (131)
[2017.12.12-01.33.35:800][660]LogModuleManager: Shutting down and abandoning module TextureFormatPVR (129)
[2017.12.12-01.33.35:800][660]LogModuleManager: Shutting down and abandoning module TextureFormatDXT (127)
[2017.12.12-01.33.35:800][660]LogModuleManager: Shutting down and abandoning module TextureFormatIntelISPCTexComp (125)
[2017.12.12-01.33.35:800][660]LogModuleManager: Shutting down and abandoning module TextureFormatASTC (123)
[2017.12.12-01.33.35:800][660]LogModuleManager: Shutting down and abandoning module ImageWrapper (122)
[2017.12.12-01.33.35:800][660]LogModuleManager: Shutting down and abandoning module TextureFormatAndroid (119)
[2017.12.12-01.33.35:800][660]LogModuleManager: Shutting down and abandoning module AudioFormatOpus (117)
[2017.12.12-01.33.35:800][660]LogModuleManager: Shutting down and abandoning module AudioFormatOgg (115)
[2017.12.12-01.33.35:800][660]LogModuleManager: Shutting down and abandoning module AudioFormatADPCM (113)
[2017.12.12-01.33.35:800][660]LogModuleManager: Shutting down and abandoning module LinuxTargetPlatform (111)
[2017.12.12-01.33.35:800][660]LogModuleManager: Shutting down and abandoning module LinuxServerTargetPlatform (109)
[2017.12.12-01.33.35:800][660]LogModuleManager: Shutting down and abandoning module LinuxNoEditorTargetPlatform (107)
[2017.12.12-01.33.35:800][660]LogModuleManager: Shutting down and abandoning module LinuxClientTargetPlatform (105)
[2017.12.12-01.33.35:800][660]LogModuleManager: Shutting down and abandoning module TVOSTargetPlatform (103)
[2017.12.12-01.33.35:800][660]LogModuleManager: Shutting down and abandoning module Messaging (101)
[2017.12.12-01.33.35:800][660]LogModuleManager: Shutting down and abandoning module IOSTargetPlatform (99)
[2017.12.12-01.33.35:800][660]LogModuleManager: Shutting down and abandoning module HTML5TargetPlatform (97)
[2017.12.12-01.33.35:800][660]LogModuleManager: Shutting down and abandoning module Android_PVRTCTargetPlatform (95)
[2017.12.12-01.33.35:800][660]LogModuleManager: Shutting down and abandoning module Android_MultiTargetPlatform (93)
[2017.12.12-01.33.35:800][660]LogModuleManager: Shutting down and abandoning module Android_ETC2TargetPlatform (91)
[2017.12.12-01.33.35:800][660]LogModuleManager: Shutting down and abandoning module Android_ETC1TargetPlatform (89)
[2017.12.12-01.33.35:800][660]LogModuleManager: Shutting down and abandoning module Android_DXTTargetPlatform (87)
[2017.12.12-01.33.35:800][660]LogModuleManager: Shutting down and abandoning module Android_ATCTargetPlatform (85)
[2017.12.12-01.33.35:800][660]LogModuleManager: Shutting down and abandoning module Android_ASTCTargetPlatform (83)
[2017.12.12-01.33.35:800][660]LogModuleManager: Shutting down and abandoning module AndroidTargetPlatform (81)
[2017.12.12-01.33.35:800][660]LogModuleManager: Shutting down and abandoning module WindowsTargetPlatform (79)
[2017.12.12-01.33.35:800][660]LogModuleManager: Shutting down and abandoning module WindowsServerTargetPlatform (77)
[2017.12.12-01.33.35:800][660]LogModuleManager: Shutting down and abandoning module WindowsNoEditorTargetPlatform (75)
[2017.12.12-01.33.35:800][660]LogModuleManager: Shutting down and abandoning module WindowsClientTargetPlatform (73)
[2017.12.12-01.33.35:800][660]LogModuleManager: Shutting down and abandoning module MacTargetPlatform (71)
[2017.12.12-01.33.35:800][660]LogModuleManager: Shutting down and abandoning module MacServerTargetPlatform (69)
[2017.12.12-01.33.35:800][660]LogModuleManager: Shutting down and abandoning module MacNoEditorTargetPlatform (67)
[2017.12.12-01.33.35:800][660]LogModuleManager: Shutting down and abandoning module MacClientTargetPlatform (65)
[2017.12.12-01.33.35:800][660]LogModuleManager: Shutting down and abandoning module AllDesktopTargetPlatform (63)
[2017.12.12-01.33.35:800][660]LogModuleManager: Shutting down and abandoning module InputCore (60)
[2017.12.12-01.33.35:800][660]LogModuleManager: Shutting down and abandoning module Settings (58)
[2017.12.12-01.33.35:800][660]LogModuleManager: Shutting down and abandoning module PhysXCooking (56)
[2017.12.12-01.33.35:801][660]LogModuleManager: Shutting down and abandoning module SteamVR (54)
[2017.12.12-01.33.35:801][660]LogModuleManager: Shutting down and abandoning module OculusHMD (52)
[2017.12.12-01.33.35:801][660]LogModuleManager: Shutting down and abandoning module ExampleDeviceProfileSelector (50)
[2017.12.12-01.33.35:801][660]LogModuleManager: Shutting down and abandoning module OnlineBlueprintSupport (48)
[2017.12.12-01.33.35:801][660]LogModuleManager: Shutting down and abandoning module OnlineSubsystem (44)
[2017.12.12-01.33.35:801][660]LogOnline: Display: Unloading online subsystem: NULL
[2017.12.12-01.33.35:801][660]LogModuleManager: Shutting down and abandoning module XMPP (43)
[2017.12.12-01.33.35:801][660]LogModuleManager: Shutting down and abandoning module HTTP (41)
[2017.12.12-01.33.35:801][660]LogHttp: Display: Http module shutting down, but needs to wait on 1 outstanding Http requests:
[2017.12.12-01.33.35:801][660]LogHttp: Display: 	verb=[POST] url=[https://datarouter.ol.epicgames.com/datarouter/api/v1/public/data?SessionID=%7B4FF7423E-4C0E-5E1D-74E8-3CA87414AE1B%7D&AppID=UEEditor.Rocket.Release&AppVersion=4.17.2-3658906%2B%2B%2BUE4%2BRelease-4.17&UserID=0c00cb594444ce5292f97aadf3b4bd87%7C9975c818dc15487da82246fda931f30b%7C03c2f105-f08a-4122-bd94-ebf12ae9fd8f&AppEnvironment=datacollector-binary&UploadType=eteventstream] status=Processing
[2017.12.12-01.33.35:834][660]LogModuleManager: Shutting down and abandoning module SSL (40)
[2017.12.12-01.33.35:836][660]LogModuleManager: Shutting down and abandoning module AnimationModifiers (36)
[2017.12.12-01.33.35:836][660]LogModuleManager: Shutting down and abandoning module PropertyEditor (35)
[2017.12.12-01.33.35:836][660]LogModuleManager: Shutting down and abandoning module AudioEditor (32)
[2017.12.12-01.33.35:836][660]LogModuleManager: Shutting down and abandoning module TextureCompressor (30)
[2017.12.12-01.33.35:836][660]LogModuleManager: Shutting down and abandoning module ShaderCore (28)
[2017.12.12-01.33.35:836][660]LogModuleManager: Shutting down and abandoning module Landscape (26)
[2017.12.12-01.33.35:836][660]LogModuleManager: Shutting down and abandoning module SlateRHIRenderer (24)
[2017.12.12-01.33.35:838][660]LogModuleManager: Shutting down and abandoning module OpenGLDrv (22)
[2017.12.12-01.33.35:838][660]LogModuleManager: Shutting down and abandoning module D3D11RHI (20)
[2017.12.12-01.33.35:838][660]LogModuleManager: Shutting down and abandoning module AnimGraphRuntime (18)
[2017.12.12-01.33.35:838][660]LogModuleManager: Shutting down and abandoning module Renderer (16)
[2017.12.12-01.33.35:838][660]LogModuleManager: Shutting down and abandoning module Engine (14)
[2017.12.12-01.33.35:838][660]LogModuleManager: Shutting down and abandoning module CoreUObject (12)
[2017.12.12-01.33.35:838][660]LogModuleManager: Shutting down and abandoning module NetworkFile (10)
[2017.12.12-01.33.35:838][660]LogModuleManager: Shutting down and abandoning module CookedIterativeFile (8)
[2017.12.12-01.33.35:838][660]LogModuleManager: Shutting down and abandoning module StreamingFile (6)
[2017.12.12-01.33.35:838][660]LogModuleManager: Shutting down and abandoning module SandboxFile (4)
[2017.12.12-01.33.35:838][660]LogModuleManager: Shutting down and abandoning module PakFile (2)
[2017.12.12-01.33.35:842][660]LogExit: Exiting.
[2017.12.12-01.33.35:860][660]Log file closed, 12/11/17 20:33:35
