Log file open, 11/27/17 16:28:36
LogWindows: Failed to load 'aqProf.dll' (GetLastError=126)
LogWindows: File 'aqProf.dll' does not exist
LogWindows: Failed to load 'VtuneApi.dll' (GetLastError=126)
LogWindows: File 'VtuneApi.dll' does not exist
LogWindows: Failed to load 'VtuneApi32e.dll' (GetLastError=126)
LogWindows: File 'VtuneApi32e.dll' does not exist
LogInit: Display: Running engine for game: KairosVR_new
LogPlatformFile: Not using cached read wrapper
LogInit: Display: RandInit(1283662328) SRandInit(1283662328).
LogTaskGraph: Started task graph with 5 named threads and 14 total threads with 3 sets of task threads.
LogStats: Stats thread started at 3.328233
LogD3D11RHI: Aftermath initialized
LogPluginManager: Mounting plugin Paper2D
LogPluginManager: Mounting plugin LightPropagationVolume
LogPluginManager: Mounting plugin CodeLiteSourceCodeAccess
LogPluginManager: Mounting plugin GitSourceControl
LogPluginManager: Mounting plugin KDevelopSourceCodeAccess
LogPluginManager: Mounting plugin NullSourceCodeAccess
LogPluginManager: Mounting plugin PerforceSourceControl
LogPluginManager: Mounting plugin SubversionSourceControl
LogPluginManager: Mounting plugin UObjectPlugin
LogPluginManager: Mounting plugin VisualStudioSourceCodeAccess
LogPluginManager: Mounting plugin XCodeSourceCodeAccess
LogPluginManager: Mounting plugin AssetManagerEditor
LogPluginManager: Mounting plugin AudioCapture
LogPluginManager: Mounting plugin FacialAnimation
LogPluginManager: Mounting plugin GameplayTagsEditor
LogPluginManager: Mounting plugin MobileLauncherProfileWizard
LogPluginManager: Mounting plugin PluginBrowser
LogPluginManager: Mounting plugin SpeedTreeImporter
LogPluginManager: Mounting plugin AlembicImporter
LogPluginManager: Mounting plugin CharacterAI
LogPluginManager: Mounting plugin HTML5Networking
LogPluginManager: Mounting plugin AndroidMedia
LogPluginManager: Mounting plugin AvfMedia
LogPluginManager: Mounting plugin MediaPlayerEditor
LogPluginManager: Mounting plugin WmfMedia
LogPluginManager: Mounting plugin TcpMessaging
LogPluginManager: Mounting plugin UdpMessaging
LogPluginManager: Mounting plugin LevelSequenceEditor
LogPluginManager: Mounting plugin MatineeToLevelSequence
LogPluginManager: Mounting plugin OnlineSubsystemGooglePlay
LogPluginManager: Mounting plugin OnlineSubsystemIOS
LogPluginManager: Mounting plugin OnlineSubsystem
LogPluginManager: Mounting plugin OnlineSubsystemNull
LogPluginManager: Mounting plugin OnlineSubsystemUtils
LogPluginManager: Mounting plugin AndroidDeviceProfileSelector
LogPluginManager: Mounting plugin AndroidMoviePlayer
LogPluginManager: Mounting plugin AndroidPermission
LogPluginManager: Mounting plugin AppleMoviePlayer
LogPluginManager: Mounting plugin ArchVisCharacter
LogPluginManager: Mounting plugin CableComponent
LogPluginManager: Mounting plugin CustomMeshComponent
LogPluginManager: Mounting plugin ExampleDeviceProfileSelector
LogPluginManager: Mounting plugin GoogleCloudMessaging
LogPluginManager: Mounting plugin ImmediatePhysics
LogPluginManager: Mounting plugin IOSDeviceProfileSelector
LogPluginManager: Mounting plugin LinuxDeviceProfileSelector
LogPluginManager: Mounting plugin LocationServicesBPLibrary
LogPluginManager: Mounting plugin MobilePatchingUtils
LogPluginManager: Mounting plugin OculusVR
LogPluginManager: Mounting plugin PhysXVehicles
LogPluginManager: Mounting plugin ProceduralMeshComponent
LogPluginManager: Mounting plugin RuntimePhysXCooking
LogPluginManager: Mounting plugin SteamVR
LogPluginManager: Mounting plugin WindowsMoviePlayer
LogInit: Using libcurl 7.47.1
LogInit:  - built for x86_64-pc-win32
LogInit:  - supports SSL with OpenSSL/1.0.2g
LogInit:  - supports HTTP deflate (compression) using libz 1.2.8
LogInit:  - other features:
LogInit:      CURL_VERSION_SSL
LogInit:      CURL_VERSION_LIBZ
LogInit:      CURL_VERSION_IPV6
LogInit:      CURL_VERSION_ASYNCHDNS
LogInit:      CURL_VERSION_LARGEFILE
LogInit:      CURL_VERSION_IDN
LogInit:  CurlRequestOptions (configurable via config and command line):
LogInit:  - bVerifyPeer = false  - Libcurl will NOT verify peer certificate
LogInit:  - bUseHttpProxy = false  - Libcurl will NOT use HTTP proxy
LogInit:  - bDontReuseConnections = false  - Libcurl will reuse connections
LogInit:  - CertBundlePath = nullptr  - Libcurl will use whatever was configured at build time.
LogInit: Build: ++UE4+Release-4.17-CL-3658906
LogInit: Engine Version: 4.17.2-3658906+++UE4+Release-4.17
LogInit: Compatible Engine Version: 4.17.0-3573198+++UE4+Release-4.17
LogInit: Net CL: 3573198
LogDevObjectVersion: Number of dev versions registered: 16
LogDevObjectVersion:   Dev-Blueprints (B0D832E4-1F89-4F0D-ACCF-7EB736FD4AA2): 10
LogDevObjectVersion:   Dev-Build (E1C64328-A22C-4D53-A36C-8E866417BD8C): 0
LogDevObjectVersion:   Dev-Core (375EC13C-06E4-48FB-B500-84F0262A717E): 2
LogDevObjectVersion:   Dev-Editor (E4B068ED-F494-42E9-A231-DA0B2E46BB41): 20
LogDevObjectVersion:   Dev-Framework (CFFC743F-43B0-4480-9391-14DF171D2073): 28
LogDevObjectVersion:   Dev-Mobile (B02B49B5-BB20-44E9-A304-32B752E40360): 0
LogDevObjectVersion:   Dev-Networking (A4E4105C-59A1-49B5-A7C5-40C4547EDFEE): 0
LogDevObjectVersion:   Dev-Online (39C831C9-5AE6-47DC-9A44-9C173E1C8E7C): 0
LogDevObjectVersion:   Dev-Physics (78F01B33-EBEA-4F98-B9B4-84EACCB95AA2): 0
LogDevObjectVersion:   Dev-Platform (6631380F-2D4D-43E0-8009-CF276956A95A): 0
LogDevObjectVersion:   Dev-Rendering (12F88B9F-8875-4AFC-A67C-D90C383ABD29): 19
LogDevObjectVersion:   Dev-Sequencer (7B5AE74C-D270-4C10-A958-57980B212A5A): 4
LogDevObjectVersion:   Dev-VR (D7296918-1DD6-4BDD-9DE2-64A83CC13884): 0
LogDevObjectVersion:   Dev-LoadTimes (C2A15278-BFE7-4AFE-6C17-90FF531DF755): 1
LogDevObjectVersion:   Private-Geometry (6EACA3D4-40EC-4CC1-B786-8BED09428FC5): 1
LogDevObjectVersion:   Dev-AnimPhys (29E575DD-E0A3-4627-9D10-D276232CDCEA): 7
LogInit: Compiled (64-bit): Sep 22 2017 13:47:16
LogInit: Compiled with Visual C++: 19.00.24215.01
LogInit: Build Configuration: Development
LogInit: Branch Name: ++UE4+Release-4.17
LogInit: Command line:  
LogInit: Base directory: C:/Program Files/Epic Games/UE_4.17/Engine/Binaries/Win64/
LogInit: Installed Engine Build: 1
LogInit: Presizing for max 8388607 objects, including 0 objects not considered by GC, pre-allocating 0 bytes for permanent pool.
LogInit: Object subsystem initialized
[2017.11.27-21.28.40:929][  0]LogInit: Selected Device Profile: [Windows]
[2017.11.27-21.28.40:929][  0]LogInit: Applying CVar settings loaded from the selected device profile: [Windows]
[2017.11.27-21.28.41:034][  0]LogInit: Computer: DESKTOP-G1FM37K
[2017.11.27-21.28.41:034][  0]LogInit: User: JonathanOates
[2017.11.27-21.28.41:034][  0]LogInit: CPU Page size=4096, Cores=4
[2017.11.27-21.28.41:034][  0]LogInit: High frequency timer resolution =4.311339 MHz
[2017.11.27-21.28.41:040][  0]LogMemory: Memory total: Physical=31.9GB (32GB approx)
[2017.11.27-21.28.41:040][  0]LogMemory: Platform Memory Stats for Windows
[2017.11.27-21.28.41:040][  0]LogMemory: Process Physical Memory: 279.14 MB used, 279.14 MB peak
[2017.11.27-21.28.41:040][  0]LogMemory: Process Virtual Memory: 290.61 MB used, 290.61 MB peak
[2017.11.27-21.28.41:040][  0]LogMemory: Physical Memory: 8302.37 MB used,  24362.23 MB free, 32664.60 MB total
[2017.11.27-21.28.41:040][  0]LogMemory: Virtual Memory: 671.02 MB used,  24362.23 MB free, 134217728.00 MB total
[2017.11.27-21.28.42:862][  0]LogInit: Using OS detected language (en-US).
[2017.11.27-21.28.42:862][  0]LogInit: Using OS detected locale (en-US).
[2017.11.27-21.28.43:061][  0]LogTextLocalizationManager: No specific localization for 'en-US' exists, so the 'en' localization will be used.
[2017.11.27-21.28.52:099][  0]LogD3D11RHI: D3D11 adapters:
[2017.11.27-21.28.52:226][  0]LogD3D11RHI:    0. 'NVIDIA GeForce GTX 1080' (Feature Level 11_0)
[2017.11.27-21.28.52:226][  0]LogD3D11RHI:       8091/0/16332 MB DedicatedVideo/DedicatedSystem/SharedSystem, Outputs:2, VendorId:0x10de
[2017.11.27-21.28.52:229][  0]LogD3D11RHI:    1. 'Microsoft Basic Render Driver' (Feature Level 11_0)
[2017.11.27-21.28.52:229][  0]LogD3D11RHI:       0/0/16332 MB DedicatedVideo/DedicatedSystem/SharedSystem, Outputs:0, VendorId:0x1414
[2017.11.27-21.28.52:229][  0]LogD3D11RHI: Chosen D3D11 Adapter: 0
[2017.11.27-21.28.52:260][  0]LogD3D11RHI: Creating new Direct3DDevice
[2017.11.27-21.28.52:260][  0]LogD3D11RHI:     GPU DeviceId: 0x1b80 (for the marketing name, search the web for "GPU Device Id")
[2017.11.27-21.28.52:268][  0]LogWindows: EnumDisplayDevices:
[2017.11.27-21.28.52:268][  0]LogWindows:    0. 'NVIDIA GeForce GTX 1080' (P:1 D:1)
[2017.11.27-21.28.52:269][  0]LogWindows:    1. 'NVIDIA GeForce GTX 1080' (P:0 D:1)
[2017.11.27-21.28.52:269][  0]LogWindows:    2. 'NVIDIA GeForce GTX 1080' (P:0 D:0)
[2017.11.27-21.28.52:269][  0]LogWindows:    3. 'NVIDIA GeForce GTX 1080' (P:0 D:0)
[2017.11.27-21.28.52:270][  0]LogWindows: DebugString: FoundDriverCount:4 
[2017.11.27-21.28.52:270][  0]LogD3D11RHI:     Adapter Name: NVIDIA GeForce GTX 1080
[2017.11.27-21.28.52:270][  0]LogD3D11RHI:   Driver Version: 388.13 (internal:23.21.13.8813, unified:388.13)
[2017.11.27-21.28.52:270][  0]LogD3D11RHI:      Driver Date: 10-27-2017
[2017.11.27-21.28.52:270][  0]LogRHI: Texture pool is 1361 MB (70% of 1945 MB)
[2017.11.27-21.28.52:496][  0]LogD3D11RHI: Async texture creation enabled
[2017.11.27-21.28.52:843][  0]LogD3D11RHI: GPU Timing Frequency: 1000.000000 (Debug: 2 5)
[2017.11.27-21.28.52:988][  0]LogShaderCompilers: Guid format shader working directory is -38 characters bigger than the processId version (../../../../../../Users/Jonathan Oates/Desktop/Repositories/ExperimentalGame_VR/KairosVR_new/Intermediate/Shaders/WorkingDirectory/71140/).
[2017.11.27-21.28.52:989][  0]LogShaderCompilers: Cleaned the shader compiler working directory 'C:/Users/Jonathan Oates/AppData/Local/Temp/UnrealShaderWorkingDir/0BE3ABBD40E26EF4AE193AB0533B0E93/'.
[2017.11.27-21.28.53:001][  0]LogShaderCompilers: Display: Using Local Shader Compiler.
[2017.11.27-21.29.00:855][  0]LogTemp: Display: Loaded TP AllDesktopTargetPlatform
[2017.11.27-21.29.01:067][  0]LogTemp: Display: Loaded TP MacClientTargetPlatform
[2017.11.27-21.29.01:176][  0]LogTemp: Display: Loaded TP MacNoEditorTargetPlatform
[2017.11.27-21.29.01:531][  0]LogTemp: Display: Loaded TP MacServerTargetPlatform
[2017.11.27-21.29.01:682][  0]LogTemp: Display: Loaded TP MacTargetPlatform
[2017.11.27-21.29.01:814][  0]LogTemp: Display: Loaded TP WindowsClientTargetPlatform
[2017.11.27-21.29.01:976][  0]LogTemp: Display: Loaded TP WindowsNoEditorTargetPlatform
[2017.11.27-21.29.02:103][  0]LogTemp: Display: Loaded TP WindowsServerTargetPlatform
[2017.11.27-21.29.02:217][  0]LogTemp: Display: Loaded TP WindowsTargetPlatform
[2017.11.27-21.29.02:375][  0]LogTemp: Display: Loaded TP AndroidTargetPlatform
[2017.11.27-21.29.02:500][  0]LogTemp: Display: Loaded TP Android_ASTCTargetPlatform
[2017.11.27-21.29.02:922][  0]LogTemp: Display: Loaded TP Android_ATCTargetPlatform
[2017.11.27-21.29.03:048][  0]LogTemp: Display: Loaded TP Android_DXTTargetPlatform
[2017.11.27-21.29.03:250][  0]LogTemp: Display: Loaded TP Android_ETC1TargetPlatform
[2017.11.27-21.29.03:415][  0]LogTemp: Display: Loaded TP Android_ETC2TargetPlatform
[2017.11.27-21.29.03:744][  0]LogTemp: Display: Loaded TP Android_MultiTargetPlatform
[2017.11.27-21.29.03:744][  0]LogTemp: Display: Loaded TP Android_PVRTCTargetPlatform
[2017.11.27-21.29.03:858][  0]LogTemp: Display: Loaded TP HTML5TargetPlatform
[2017.11.27-21.29.04:391][  0]LogTemp: Display: Loaded TP IOSTargetPlatform
[2017.11.27-21.29.04:474][  0]LogTemp: Display: Loaded TP TVOSTargetPlatform
[2017.11.27-21.29.04:632][  0]LogTemp: Display: Loaded TP LinuxClientTargetPlatform
[2017.11.27-21.29.04:805][  0]LogTemp: Display: Loaded TP LinuxNoEditorTargetPlatform
[2017.11.27-21.29.04:952][  0]LogTemp: Display: Loaded TP LinuxServerTargetPlatform
[2017.11.27-21.29.05:111][  0]LogTemp: Display: Loaded TP LinuxTargetPlatform
[2017.11.27-21.29.05:111][  0]LogTargetPlatformManager: Display: Building Assets For Windows
[2017.11.27-21.29.10:015][  0]LogDerivedDataCache: Display: Max Cache Size: 512 MB
[2017.11.27-21.29.11:770][  0]LogDerivedDataCache: Loaded boot cache 1.76s 93MB C:/Users/Jonathan Oates/AppData/Local/UnrealEngine/4.17/DerivedDataCache/Boot.ddc.
[2017.11.27-21.29.11:770][  0]LogDerivedDataCache: Display: Loaded Boot cache: C:/Users/Jonathan Oates/AppData/Local/UnrealEngine/4.17/DerivedDataCache/Boot.ddc
[2017.11.27-21.29.11:771][  0]LogDerivedDataCache: FDerivedDataBackendGraph:  Pak pak cache file ../../../../../../Users/Jonathan Oates/Desktop/Repositories/ExperimentalGame_VR/KairosVR_new/DerivedDataCache/DDC.ddp not found, will not use a pak cache.
[2017.11.27-21.29.11:771][  0]LogDerivedDataCache: Unable to find inner node Pak for hierarchical cache Hierarchy.
[2017.11.27-21.29.11:771][  0]LogDerivedDataCache: FDerivedDataBackendGraph:  CompressedPak pak cache file ../../../../../../Users/Jonathan Oates/Desktop/Repositories/ExperimentalGame_VR/KairosVR_new/DerivedDataCache/Compressed.ddp not found, will not use a pak cache.
[2017.11.27-21.29.11:771][  0]LogDerivedDataCache: Unable to find inner node CompressedPak for hierarchical cache Hierarchy.
[2017.11.27-21.29.11:841][  0]LogDerivedDataCache: Display: Pak cache opened for reading ../../../Engine/DerivedDataCache/Compressed.ddp.
[2017.11.27-21.29.11:880][  0]LogDerivedDataCache: Using Local data cache path C:/Users/Jonathan Oates/AppData/Local/UnrealEngine/Common/DerivedDataCache: Writable
[2017.11.27-21.29.11:970][  0]LogMaterial: Verifying Global Shaders for PCD3D_SM5
[2017.11.27-21.29.12:060][  0]LogSlate: Using Freetype 2.6.0
[2017.11.27-21.29.12:109][  0]LogSlate: SlateFontCache - WITH_FREETYPE: 1, WITH_HARFBUZZ: 1
[2017.11.27-21.29.12:118][  0]LogSlate: SlateFontCache - WITH_FREETYPE: 1, WITH_HARFBUZZ: 1
[2017.11.27-21.29.21:615][  0]LogAssetRegistry: FAssetRegistry took 0.0383 seconds to start up
[2017.11.27-21.29.22:820][  0]LogInit: Selected Device Profile: [Windows]
[2017.11.27-21.29.27:113][  0]LogContentStreaming: Texture pool size is 0.00 MB
[2017.11.27-21.29.29:719][  0]LogSimplygon: Simplygon DLL not present - disabling.
[2017.11.27-21.29.29:986][  0]LogMeshReduction: Using SimplygonSwarm for distributed automatic mesh merging
[2017.11.27-21.29.29:986][  0]LogMeshReduction: Using QuadricMeshReduction for automatic static mesh reduction
[2017.11.27-21.29.29:986][  0]LogMeshReduction: No automatic skeletal mesh reduction module available
[2017.11.27-21.29.29:986][  0]LogMeshReduction: No automatic mesh merging module available
[2017.11.27-21.29.29:986][  0]LogMeshMerging: No automatic mesh merging module available
[2017.11.27-21.29.34:785][  0]LogNetVersion: KairosVR_new , NetCL: 3573198, EngineNetVer: 2, GameNetVer: 0 (Checksum: 3281661072)
[2017.11.27-21.29.37:312][  0]LogPackageLocalizationCache: Processed 5 localized package path(s) for 2 prioritized culture(s) in 0.128309 seconds
[2017.11.27-21.29.37:347][  0]LogUObjectArray: 35825 objects as part of root set at end of initial load.
[2017.11.27-21.29.37:347][  0]LogUObjectAllocator: 7529112 out of 0 bytes used by permanent object pool.
[2017.11.27-21.29.37:347][  0]LogUObjectArray: CloseDisregardForGC: 0/0 objects in disregard for GC pool
[2017.11.27-21.29.37:491][  0]LogInit: WinSock: version 1.1 (2.2), MaxSocks=32767, MaxUdp=65467
[2017.11.27-21.30.15:806][  0]LogTcpMessaging: Initializing TcpMessaging bridge
[2017.11.27-21.30.15:945][  0]LogUdpMessaging: Initializing bridge on interface 0.0.0.0:0 to multicast group 230.0.0.1:6666.
[2017.11.27-21.30.21:315][  0]LogMaterial: Uniform references updated for custom material expression Custom.
[2017.11.27-21.30.23:823][  0]SourceControl: Source control is disabled
[2017.11.27-21.30.23:823][  0]SourceControl: Source control is disabled
[2017.11.27-21.30.24:132][  0]SourceControl: Source control is disabled
[2017.11.27-21.30.24:307][  0]SourceControl: Source control is disabled
[2017.11.27-21.30.27:967][  0]LogAndroidPermission: UAndroidPermissionCallbackProxy::GetInstance
[2017.11.27-21.30.29:224][  0]LogOcInput: OculusInput pre-init called
[2017.11.27-21.30.31:075][  0]LogEngine: Initializing Engine...
[2017.11.27-21.30.32:758][  0]LogHMD: Failed to initialize OpenVR with code 126
[2017.11.27-21.30.36:404][  0]LogStats: UGameplayTagsManager::ConstructGameplayTagTree: Construct from data asset -  0.000 s
[2017.11.27-21.30.36:404][  0]LogStats: UGameplayTagsManager::ConstructGameplayTagTree: GameplayTagTreeChangedEvent.Broadcast -  0.000 s
[2017.11.27-21.30.37:744][  0]LogAIModule: Creating AISystem for world Untitled
[2017.11.27-21.30.37:972][  0]LogInit: XAudio2 using 'Speakers (2- High Definition Audio Device)' : 2 channels at 44.1 kHz using 16 bits per sample (channel mask 0x3)
[2017.11.27-21.30.38:304][  0]LogInit: FAudioDevice initialized.
[2017.11.27-21.30.38:538][  0]LogDerivedDataCache: Saved boot cache 0.23s 93MB C:/Users/Jonathan Oates/AppData/Local/UnrealEngine/4.17/DerivedDataCache/Boot.ddc.
[2017.11.27-21.30.38:568][  0]LogInit: Texture streaming: Enabled
[2017.11.27-21.30.38:982][  0]LogEngineSessionManager: EngineSessionManager initialized
[2017.11.27-21.30.40:307][  0]LogInit: Transaction tracking system initialized
[2017.11.27-21.30.41:984][  0]BlueprintLog: New page: Editor Load
[2017.11.27-21.30.48:104][  0]LocalizationService: Localization service is disabled
[2017.11.27-21.30.51:638][  0]LogConsoleResponse: Display: 
[2017.11.27-21.30.54:727][  0]LogFileCache: Scanning file cache for directory 'C:/Users/Jonathan Oates/Desktop/Repositories/ExperimentalGame_VR/KairosVR_new/Content/' took 0.05s
[2017.11.27-21.30.54:727][  0]LogCook: Display: Max memory allowance for cook 16384mb min free memory 0mb
[2017.11.27-21.30.54:728][  0]LogCook: Display: Mobile HDR setting 1
[2017.11.27-21.30.54:770][  0]LogGameplayTags: Display: UGameplayTagsManager::DoneAddingNativeTags. DelegateIsBound: 0
[2017.11.27-21.31.00:936][  0]SourceControl: Source control is disabled
[2017.11.27-21.31.00:993][  0]Cmd: MAP LOAD FILE="../../../../../../Users/Jonathan Oates/Desktop/Repositories/ExperimentalGame_VR/KairosVR_new/Content/Maps/ShipInterior.umap" TEMPLATE=0 SHOWPROGRESS=1 FEATURELEVEL=3
[2017.11.27-21.31.01:013][  0]LightingResults: New page: Lighting Build
[2017.11.27-21.31.01:768][  0]MapCheck: New page: Map Check
[2017.11.27-21.31.01:768][  0]LightingResults: New page: Lighting Build
[2017.11.27-21.31.07:242][  0]LogAIModule: Creating AISystem for world ShipInterior
[2017.11.27-21.31.07:657][  0]LogEditorServer: Finished looking for orphan Actors (0.000 secs)
[2017.11.27-21.31.07:807][  0]Cmd: MAP CHECKDEP NOCLEARLOG
[2017.11.27-21.31.07:952][  0]MapCheck: Map check complete: 0 Error(s), 0 Warning(s), took 145.766ms to complete.
[2017.11.27-21.31.07:953][  0]LogFileHelpers: Loading map 'ShipInterior' took 6.986
[2017.11.27-21.31.09:100][  0]LogCollectionManager: Loaded 0 collections in 0.003630 seconds
[2017.11.27-21.31.09:283][  0]LogFileCache: Scanning file cache for directory 'C:/Users/Jonathan Oates/Desktop/Repositories/ExperimentalGame_VR/KairosVR_new/Saved/Collections/' took 0.01s
[2017.11.27-21.31.09:283][  0]LogFileCache: Scanning file cache for directory 'C:/Users/Jonathan Oates/Desktop/Repositories/ExperimentalGame_VR/KairosVR_new/Content/Developers/JonathanOates/Collections/' took 0.01s
[2017.11.27-21.31.09:283][  0]LogFileCache: Scanning file cache for directory 'C:/Users/Jonathan Oates/Desktop/Repositories/ExperimentalGame_VR/KairosVR_new/Content/Collections/' took 0.01s
[2017.11.27-21.31.09:283][  0]LogCollectionManager: Rebuilt the GUID cache for 0 collections in 0.000001 seconds
[2017.11.27-21.31.09:297][  0]LogContentBrowser: Native class hierarchy populated in 0.0133 seconds. Added 2386 classes and 500 folders.
[2017.11.27-21.31.09:650][  0]LogContentBrowser: Native class hierarchy updated for 'WidgetCarousel' in 0.0011 seconds. Added 0 classes and 0 folders.
[2017.11.27-21.31.11:195][  0]LogContentBrowser: Native class hierarchy updated for 'AddContentDialog' in 0.0008 seconds. Added 0 classes and 0 folders.
[2017.11.27-21.31.11:352][  0]LogContentBrowser: Native class hierarchy updated for 'SceneOutliner' in 0.0010 seconds. Added 1 classes and 2 folders.
[2017.11.27-21.31.12:524][  0]LogSlate: Took 0.095573 seconds to synchronously load lazily loaded font '../../../Engine/Content/Slate/Fonts/Roboto-Regular.ttf' (155K)
[2017.11.27-21.31.12:590][  0]LogSlate: Took 0.030339 seconds to synchronously load lazily loaded font '../../../Engine/Content/Slate/Fonts/Roboto-Bold.ttf' (160K)
[2017.11.27-21.31.12:707][  0]LogSlate: Took 0.013359 seconds to synchronously load lazily loaded font '../../../Engine/Content/Editor/Slate/Fonts/FontAwesome.ttf' (139K)
[2017.11.27-21.31.13:126][  0]LogRenderer: Reallocating scene render targets to support 1136x652 Format 26 NumSamples 1 (Frame:1).
[2017.11.27-21.31.14:234][  0]LogContentBrowser: Native class hierarchy updated for 'HierarchicalLODOutliner' in 0.0009 seconds. Added 1 classes and 2 folders.
[2017.11.27-21.31.14:234][  0]LogLoad: (Engine Initialization) Total time: 172.18 seconds
[2017.11.27-21.31.14:234][  0]LogLoad: (Engine Initialization) Total Blueprint compile time: 0.00 seconds
[2017.11.27-21.31.14:262][  0]LogExternalProfiler: Found external profiler: VSPerf
[2017.11.27-21.31.14:262][  0]LogExternalProfiler: Using external profiler: VSPerf
[2017.11.27-21.31.15:077][  0]LogContentStreaming: Texture pool size now 1000 MB
[2017.11.27-21.31.15:228][  0]LogSlate: Took 0.013336 seconds to synchronously load lazily loaded font '../../../Engine/Content/Slate/Fonts/Roboto-Light.ttf' (159K)
[2017.11.27-21.31.15:248][  1]LogFileCache: Retrieving MD5 hashes for directory 'C:/Users/Jonathan Oates/Desktop/Repositories/ExperimentalGame_VR/KairosVR_new/Content/' took 0.61s
[2017.11.27-21.31.15:594][  2]LogAssetRegistry: Asset discovery search completed in 114.0011 seconds
[2017.11.27-21.31.15:597][  2]LogCollectionManager: Rebuilt the object cache for 0 collections in 0.000001 seconds (found 0 objects)
[2017.11.27-21.31.15:597][  2]LogCollectionManager: Fixed up redirectors for 0 collections in 0.000102 seconds (updated 0 objects)
[2017.11.27-21.31.15:945][  3]LogSlate: Took 0.000297 seconds to synchronously load lazily loaded font '../../../Engine/Content/Slate/Fonts/Roboto-Light.ttf' (159K)
[2017.11.27-21.35.58:302][579]LogSlate: Took 0.049490 seconds to synchronously load lazily loaded font '../../../Engine/Content/Slate/Fonts/Roboto-Light.ttf' (159K)
[2017.11.27-21.36.08:885][298]LogSlate: Took 0.050475 seconds to synchronously load lazily loaded font '../../../Engine/Content/Slate/Fonts/Roboto-Regular.ttf' (155K)
[2017.11.27-21.36.10:218][298]LogContentBrowser: Native class hierarchy updated for 'BlueprintGraph' in 0.0014 seconds. Added 113 classes and 0 folders.
[2017.11.27-21.36.15:308][355]LogRenderer: Reallocating scene render targets to support 1284x792 Format 26 NumSamples 1 (Frame:51).
[2017.11.27-21.36.19:480][526]LogSlate: Took 0.028064 seconds to synchronously load lazily loaded font '../../../Engine/Content/Editor/Slate/Fonts/Roboto-BoldCondensed.ttf' (158K)
[2017.11.27-21.36.19:968][527]LogSlate: Took 0.024951 seconds to synchronously load lazily loaded font '../../../Engine/Content/Editor/Slate/Fonts/Roboto-Italic.ttf' (157K)
[2017.11.27-21.36.27:467][960]BlueprintLog: New page: Compile BP_Bullet_Minigun
[2017.11.27-21.37.19:167][835]LogMaterial: Missing cached shader map for material BasicShapeMaterial, compiling. 
[2017.11.27-21.38.15:922][198]LogEditorTransaction: Undo Modify Component(s)
[2017.11.27-21.38.18:208][339]BlueprintLog: New page: Compile BP_Asteroid
[2017.11.27-21.38.31:244][299]Cmd: DELETE
[2017.11.27-21.38.31:249][299]Cmd: ACTOR DELETE
[2017.11.27-21.38.31:519][299]LogEditorActor: Deleted Actor: BP_Asteroid_C
[2017.11.27-21.38.31:586][299]LogEditorActor: Deleted 1 Actors (0.082 secs)
[2017.11.27-21.39.11:295][766]LogSavePackage: Save=99.22ms
[2017.11.27-21.39.11:295][766]LogSavePackage: Moving '../../../../../../Users/Jonathan Oates/Desktop/Repositories/ExperimentalGame_VR/KairosVR_new/Saved/BP_Asteroid8C62E5824B9E9FF4165B45A1CD980857.tmp' to '../../../../../../Users/Jonathan Oates/Desktop/Repositories/ExperimentalGame_VR/KairosVR_new/Content/Blueprints/BP_Asteroid.uasset'
[2017.11.27-21.39.11:315][766]LogSavePackage: Display: Finished SavePackage ../../../../../../Users/Jonathan Oates/Desktop/Repositories/ExperimentalGame_VR/KairosVR_new/Content/Blueprints/BP_Asteroid.uasset
[2017.11.27-21.39.13:172][886]LogSavePackage: Save=78.09ms
[2017.11.27-21.39.13:173][886]LogSavePackage: Moving '../../../../../../Users/Jonathan Oates/Desktop/Repositories/ExperimentalGame_VR/KairosVR_new/Saved/ShipInteriorF568D69C4CA65030CAD84B963138D285.tmp' to '../../../../../../Users/Jonathan Oates/Desktop/Repositories/ExperimentalGame_VR/KairosVR_new/Content/Maps/ShipInterior.umap'
[2017.11.27-21.39.13:183][886]LogSavePackage: Display: Finished SavePackage ../../../../../../Users/Jonathan Oates/Desktop/Repositories/ExperimentalGame_VR/KairosVR_new/Content/Maps/ShipInterior.umap
[2017.11.27-21.39.13:251][886]LogFileHelpers: Saving map 'ShipInterior' took 0.784
[2017.11.27-21.39.13:472][886]LogSavePackage: Save=185.95ms
[2017.11.27-21.39.13:472][886]LogSavePackage: Moving '../../../../../../Users/Jonathan Oates/Desktop/Repositories/ExperimentalGame_VR/KairosVR_new/Saved/BP_Bullet_Minigun82D638884BB19AC52E5D028711AA2D8F.tmp' to '../../../../../../Users/Jonathan Oates/Desktop/Repositories/ExperimentalGame_VR/KairosVR_new/Content/Blueprints/BP_Bullet_Minigun.uasset'
[2017.11.27-21.39.13:483][886]LogSavePackage: Display: Finished SavePackage ../../../../../../Users/Jonathan Oates/Desktop/Repositories/ExperimentalGame_VR/KairosVR_new/Content/Blueprints/BP_Bullet_Minigun.uasset
[2017.11.27-21.39.41:063][638]LogSlate: Took 0.042862 seconds to synchronously load lazily loaded font '../../../Engine/Content/Editor/Slate/Fonts/Roboto-BoldCondensedItalic.ttf' (160K)
[2017.11.27-21.40.03:488][627]BlueprintLog: New page: Compile BP_Asteroid
[2017.11.27-21.40.34:947][263]BlueprintLog: New page: Compile BP_Asteroid
[2017.11.27-21.40.48:143][439]BlueprintLog: New page: Compile BP_Asteroid
[2017.11.27-21.41.02:954][496]BlueprintLog: New page: Compile BP_Asteroid
[2017.11.27-21.42.37:681][368]LogSavePackage: Save=37.25ms
[2017.11.27-21.42.37:681][368]LogSavePackage: Moving '../../../../../../Users/Jonathan Oates/Desktop/Repositories/ExperimentalGame_VR/KairosVR_new/Saved/BP_AsteroidA00BAB9B42807A96A9C4B5968A6D6C69.tmp' to '../../../../../../Users/Jonathan Oates/Desktop/Repositories/ExperimentalGame_VR/KairosVR_new/Content/Blueprints/BP_Asteroid.uasset'
[2017.11.27-21.42.37:695][368]LogSavePackage: Display: Finished SavePackage ../../../../../../Users/Jonathan Oates/Desktop/Repositories/ExperimentalGame_VR/KairosVR_new/Content/Blueprints/BP_Asteroid.uasset
[2017.11.27-21.42.56:146][329]BlueprintLog: New page: Compile BP_Asteroid
[2017.11.27-21.44.53:856][417]BlueprintLog: New page: Compile BP_Asteroid
[2017.11.27-21.45.39:926][640]LogSlate: Warning: Prevented a slow task dialog from being summoned while a context menu was open
[2017.11.27-21.46.21:695][382]LogEditorTransaction: Undo Split Struct Pin
[2017.11.27-21.47.18:380][637]BlueprintLog: New page: Compile BP_Asteroid
[2017.11.27-21.47.42:345][122]BlueprintLog: New page: Compile BP_Asteroid
[2017.11.27-21.48.46:064][938]BlueprintLog: New page: Compile BP_Asteroid
[2017.11.27-21.49.29:840][450]BlueprintLog: New page: Compile BP_Asteroid
[2017.11.27-21.50.40:991][639]BlueprintLog: New page: Compile BP_Asteroid
[2017.11.27-21.51.35:853][ 14]LogEditorTransaction: Undo Promote To Variable
[2017.11.27-21.54.09:416][393]LogEditorTransaction: Undo Delete current selection
[2017.11.27-21.54.31:384][355]BlueprintLog: New page: Compile BP_Asteroid
