Log file open, 11/13/17 13:35:53
LogWindows: Failed to load 'aqProf.dll' (GetLastError=126)
LogWindows: File 'aqProf.dll' does not exist
LogWindows: Failed to load 'VtuneApi.dll' (GetLastError=126)
LogWindows: File 'VtuneApi.dll' does not exist
LogWindows: Failed to load 'VtuneApi32e.dll' (GetLastError=126)
LogWindows: File 'VtuneApi32e.dll' does not exist
LogInit: Display: Running engine for game: KairosVR_new
LogPlatformFile: Not using cached read wrapper
LogInit: Display: RandInit(1030728841) SRandInit(1030728841).
LogTaskGraph: Started task graph with 5 named threads and 14 total threads with 3 sets of task threads.
LogStats: Stats thread started at 5.416805
LogD3D11RHI: Aftermath initialized
LogPluginManager: Mounting plugin Paper2D
LogPluginManager: Mounting plugin LightPropagationVolume
LogPluginManager: Mounting plugin CodeLiteSourceCodeAccess
LogPluginManager: Mounting plugin GitSourceControl
LogPluginManager: Mounting plugin KDevelopSourceCodeAccess
LogPluginManager: Mounting plugin NullSourceCodeAccess
LogPluginManager: Mounting plugin PerforceSourceControl
LogPluginManager: Mounting plugin SubversionSourceControl
LogPluginManager: Mounting plugin UObjectPlugin
LogPluginManager: Mounting plugin VisualStudioSourceCodeAccess
LogPluginManager: Mounting plugin XCodeSourceCodeAccess
LogPluginManager: Mounting plugin AssetManagerEditor
LogPluginManager: Mounting plugin AudioCapture
LogPluginManager: Mounting plugin FacialAnimation
LogPluginManager: Mounting plugin GameplayTagsEditor
LogPluginManager: Mounting plugin MobileLauncherProfileWizard
LogPluginManager: Mounting plugin PluginBrowser
LogPluginManager: Mounting plugin SpeedTreeImporter
LogPluginManager: Mounting plugin AlembicImporter
LogPluginManager: Mounting plugin CharacterAI
LogPluginManager: Mounting plugin HTML5Networking
LogPluginManager: Mounting plugin AndroidMedia
LogPluginManager: Mounting plugin AvfMedia
LogPluginManager: Mounting plugin MediaPlayerEditor
LogPluginManager: Mounting plugin WmfMedia
LogPluginManager: Mounting plugin TcpMessaging
LogPluginManager: Mounting plugin UdpMessaging
LogPluginManager: Mounting plugin LevelSequenceEditor
LogPluginManager: Mounting plugin MatineeToLevelSequence
LogPluginManager: Mounting plugin OnlineSubsystemGooglePlay
LogPluginManager: Mounting plugin OnlineSubsystemIOS
LogPluginManager: Mounting plugin OnlineSubsystem
LogPluginManager: Mounting plugin OnlineSubsystemNull
LogPluginManager: Mounting plugin OnlineSubsystemUtils
LogPluginManager: Mounting plugin AndroidDeviceProfileSelector
LogPluginManager: Mounting plugin AndroidMoviePlayer
LogPluginManager: Mounting plugin AndroidPermission
LogPluginManager: Mounting plugin AppleMoviePlayer
LogPluginManager: Mounting plugin ArchVisCharacter
LogPluginManager: Mounting plugin CableComponent
LogPluginManager: Mounting plugin CustomMeshComponent
LogPluginManager: Mounting plugin ExampleDeviceProfileSelector
LogPluginManager: Mounting plugin GoogleCloudMessaging
LogPluginManager: Mounting plugin ImmediatePhysics
LogPluginManager: Mounting plugin IOSDeviceProfileSelector
LogPluginManager: Mounting plugin LinuxDeviceProfileSelector
LogPluginManager: Mounting plugin LocationServicesBPLibrary
LogPluginManager: Mounting plugin MobilePatchingUtils
LogPluginManager: Mounting plugin OculusVR
LogPluginManager: Mounting plugin PhysXVehicles
LogPluginManager: Mounting plugin ProceduralMeshComponent
LogPluginManager: Mounting plugin RuntimePhysXCooking
LogPluginManager: Mounting plugin SteamVR
LogPluginManager: Mounting plugin WindowsMoviePlayer
LogInit: Using libcurl 7.47.1
LogInit:  - built for x86_64-pc-win32
LogInit:  - supports SSL with OpenSSL/1.0.2g
LogInit:  - supports HTTP deflate (compression) using libz 1.2.8
LogInit:  - other features:
LogInit:      CURL_VERSION_SSL
LogInit:      CURL_VERSION_LIBZ
LogInit:      CURL_VERSION_IPV6
LogInit:      CURL_VERSION_ASYNCHDNS
LogInit:      CURL_VERSION_LARGEFILE
LogInit:      CURL_VERSION_IDN
LogInit:  CurlRequestOptions (configurable via config and command line):
LogInit:  - bVerifyPeer = false  - Libcurl will NOT verify peer certificate
LogInit:  - bUseHttpProxy = false  - Libcurl will NOT use HTTP proxy
LogInit:  - bDontReuseConnections = false  - Libcurl will reuse connections
LogInit:  - CertBundlePath = nullptr  - Libcurl will use whatever was configured at build time.
LogInit: Build: ++UE4+Release-4.17-CL-3658906
LogInit: Engine Version: 4.17.2-3658906+++UE4+Release-4.17
LogInit: Compatible Engine Version: 4.17.0-3573198+++UE4+Release-4.17
LogInit: Net CL: 3573198
LogDevObjectVersion: Number of dev versions registered: 16
LogDevObjectVersion:   Dev-Blueprints (B0D832E4-1F89-4F0D-ACCF-7EB736FD4AA2): 10
LogDevObjectVersion:   Dev-Build (E1C64328-A22C-4D53-A36C-8E866417BD8C): 0
LogDevObjectVersion:   Dev-Core (375EC13C-06E4-48FB-B500-84F0262A717E): 2
LogDevObjectVersion:   Dev-Editor (E4B068ED-F494-42E9-A231-DA0B2E46BB41): 20
LogDevObjectVersion:   Dev-Framework (CFFC743F-43B0-4480-9391-14DF171D2073): 28
LogDevObjectVersion:   Dev-Mobile (B02B49B5-BB20-44E9-A304-32B752E40360): 0
LogDevObjectVersion:   Dev-Networking (A4E4105C-59A1-49B5-A7C5-40C4547EDFEE): 0
LogDevObjectVersion:   Dev-Online (39C831C9-5AE6-47DC-9A44-9C173E1C8E7C): 0
LogDevObjectVersion:   Dev-Physics (78F01B33-EBEA-4F98-B9B4-84EACCB95AA2): 0
LogDevObjectVersion:   Dev-Platform (6631380F-2D4D-43E0-8009-CF276956A95A): 0
LogDevObjectVersion:   Dev-Rendering (12F88B9F-8875-4AFC-A67C-D90C383ABD29): 19
LogDevObjectVersion:   Dev-Sequencer (7B5AE74C-D270-4C10-A958-57980B212A5A): 4
LogDevObjectVersion:   Dev-VR (D7296918-1DD6-4BDD-9DE2-64A83CC13884): 0
LogDevObjectVersion:   Dev-LoadTimes (C2A15278-BFE7-4AFE-6C17-90FF531DF755): 1
LogDevObjectVersion:   Private-Geometry (6EACA3D4-40EC-4CC1-B786-8BED09428FC5): 1
LogDevObjectVersion:   Dev-AnimPhys (29E575DD-E0A3-4627-9D10-D276232CDCEA): 7
LogInit: Compiled (64-bit): Sep 22 2017 13:47:16
LogInit: Compiled with Visual C++: 19.00.24215.01
LogInit: Build Configuration: Development
LogInit: Branch Name: ++UE4+Release-4.17
LogInit: Command line:  
LogInit: Base directory: C:/Program Files/Epic Games/UE_4.17/Engine/Binaries/Win64/
LogInit: Installed Engine Build: 1
LogInit: Presizing for max 8388607 objects, including 0 objects not considered by GC, pre-allocating 0 bytes for permanent pool.
LogInit: Object subsystem initialized
[2017.11.13-18.35.55:511][  0]LogInit: Selected Device Profile: [Windows]
[2017.11.13-18.35.55:511][  0]LogInit: Applying CVar settings loaded from the selected device profile: [Windows]
[2017.11.13-18.35.55:584][  0]LogInit: Computer: DESKTOP-G1FM37K
[2017.11.13-18.35.55:584][  0]LogInit: User: JonathanOates
[2017.11.13-18.35.55:584][  0]LogInit: CPU Page size=4096, Cores=4
[2017.11.13-18.35.55:584][  0]LogInit: High frequency timer resolution =4.311335 MHz
[2017.11.13-18.35.55:585][  0]LogMemory: Memory total: Physical=31.9GB (32GB approx)
[2017.11.13-18.35.55:585][  0]LogMemory: Platform Memory Stats for Windows
[2017.11.13-18.35.55:585][  0]LogMemory: Process Physical Memory: 277.99 MB used, 277.99 MB peak
[2017.11.13-18.35.55:585][  0]LogMemory: Process Virtual Memory: 274.54 MB used, 274.54 MB peak
[2017.11.13-18.35.55:585][  0]LogMemory: Physical Memory: 4862.48 MB used,  27802.12 MB free, 32664.60 MB total
[2017.11.13-18.35.55:585][  0]LogMemory: Virtual Memory: 655.02 MB used,  27802.12 MB free, 134217728.00 MB total
[2017.11.13-18.35.56:491][  0]LogInit: Using OS detected language (en-US).
[2017.11.13-18.35.56:491][  0]LogInit: Using OS detected locale (en-US).
[2017.11.13-18.35.56:554][  0]LogTextLocalizationManager: No specific localization for 'en-US' exists, so the 'en' localization will be used.
[2017.11.13-18.35.59:799][  0]LogD3D11RHI: D3D11 adapters:
[2017.11.13-18.35.59:836][  0]LogD3D11RHI:    0. 'NVIDIA GeForce GTX 1080' (Feature Level 11_0)
[2017.11.13-18.35.59:836][  0]LogD3D11RHI:       8144/0/16332 MB DedicatedVideo/DedicatedSystem/SharedSystem, Outputs:2, VendorId:0x10de
[2017.11.13-18.35.59:838][  0]LogD3D11RHI:    1. 'Microsoft Basic Render Driver' (Feature Level 11_0)
[2017.11.13-18.35.59:838][  0]LogD3D11RHI:       0/0/16332 MB DedicatedVideo/DedicatedSystem/SharedSystem, Outputs:0, VendorId:0x1414
[2017.11.13-18.35.59:838][  0]LogD3D11RHI: Chosen D3D11 Adapter: 0
[2017.11.13-18.35.59:869][  0]LogD3D11RHI: Creating new Direct3DDevice
[2017.11.13-18.35.59:869][  0]LogD3D11RHI:     GPU DeviceId: 0x1b80 (for the marketing name, search the web for "GPU Device Id")
[2017.11.13-18.35.59:869][  0]LogWindows: EnumDisplayDevices:
[2017.11.13-18.35.59:869][  0]LogWindows:    0. 'NVIDIA GeForce GTX 1080' (P:1 D:1)
[2017.11.13-18.35.59:870][  0]LogWindows:    1. 'NVIDIA GeForce GTX 1080' (P:0 D:1)
[2017.11.13-18.35.59:870][  0]LogWindows:    2. 'NVIDIA GeForce GTX 1080' (P:0 D:0)
[2017.11.13-18.35.59:870][  0]LogWindows:    3. 'NVIDIA GeForce GTX 1080' (P:0 D:0)
[2017.11.13-18.35.59:870][  0]LogWindows: DebugString: FoundDriverCount:4 
[2017.11.13-18.35.59:870][  0]LogD3D11RHI:     Adapter Name: NVIDIA GeForce GTX 1080
[2017.11.13-18.35.59:871][  0]LogD3D11RHI:   Driver Version: 376.53 (internal:21.21.13.7653, unified:376.53)
[2017.11.13-18.35.59:871][  0]LogD3D11RHI:      Driver Date: 12-29-2016
[2017.11.13-18.35.59:871][  0]LogRHI: Texture pool is 1361 MB (70% of 1945 MB)
[2017.11.13-18.35.59:917][  0]LogD3D11RHI: Async texture creation enabled
[2017.11.13-18.36.00:253][  0]LogD3D11RHI: GPU Timing Frequency: 1000.000000 (Debug: 2 1)
[2017.11.13-18.36.00:402][  0]LogShaderCompilers: Guid format shader working directory is -38 characters bigger than the processId version (../../../../../../Users/Jonathan Oates/Desktop/Repositories/ExperimentalGame_VR/KairosVR_new/Intermediate/Shaders/WorkingDirectory/11524/).
[2017.11.13-18.36.00:402][  0]LogShaderCompilers: Cleaned the shader compiler working directory 'C:/Users/Jonathan Oates/AppData/Local/Temp/UnrealShaderWorkingDir/1C9D453449E9571B2FFE5D9729E9CF73/'.
[2017.11.13-18.36.00:406][  0]LogShaderCompilers: Display: Using Local Shader Compiler.
[2017.11.13-18.36.04:048][  0]LogTemp: Display: Loaded TP AllDesktopTargetPlatform
[2017.11.13-18.36.04:148][  0]LogTemp: Display: Loaded TP MacClientTargetPlatform
[2017.11.13-18.36.04:249][  0]LogTemp: Display: Loaded TP MacNoEditorTargetPlatform
[2017.11.13-18.36.04:348][  0]LogTemp: Display: Loaded TP MacServerTargetPlatform
[2017.11.13-18.36.04:461][  0]LogTemp: Display: Loaded TP MacTargetPlatform
[2017.11.13-18.36.04:564][  0]LogTemp: Display: Loaded TP WindowsClientTargetPlatform
[2017.11.13-18.36.04:666][  0]LogTemp: Display: Loaded TP WindowsNoEditorTargetPlatform
[2017.11.13-18.36.04:768][  0]LogTemp: Display: Loaded TP WindowsServerTargetPlatform
[2017.11.13-18.36.04:861][  0]LogTemp: Display: Loaded TP WindowsTargetPlatform
[2017.11.13-18.36.04:969][  0]LogTemp: Display: Loaded TP AndroidTargetPlatform
[2017.11.13-18.36.05:068][  0]LogTemp: Display: Loaded TP Android_ASTCTargetPlatform
[2017.11.13-18.36.05:169][  0]LogTemp: Display: Loaded TP Android_ATCTargetPlatform
[2017.11.13-18.36.05:268][  0]LogTemp: Display: Loaded TP Android_DXTTargetPlatform
[2017.11.13-18.36.05:367][  0]LogTemp: Display: Loaded TP Android_ETC1TargetPlatform
[2017.11.13-18.36.05:479][  0]LogTemp: Display: Loaded TP Android_ETC2TargetPlatform
[2017.11.13-18.36.05:692][  0]LogTemp: Display: Loaded TP Android_MultiTargetPlatform
[2017.11.13-18.36.05:692][  0]LogTemp: Display: Loaded TP Android_PVRTCTargetPlatform
[2017.11.13-18.36.05:784][  0]LogTemp: Display: Loaded TP HTML5TargetPlatform
[2017.11.13-18.36.06:016][  0]LogTemp: Display: Loaded TP IOSTargetPlatform
[2017.11.13-18.36.06:088][  0]LogTemp: Display: Loaded TP TVOSTargetPlatform
[2017.11.13-18.36.06:218][  0]LogTemp: Display: Loaded TP LinuxClientTargetPlatform
[2017.11.13-18.36.06:329][  0]LogTemp: Display: Loaded TP LinuxNoEditorTargetPlatform
[2017.11.13-18.36.06:459][  0]LogTemp: Display: Loaded TP LinuxServerTargetPlatform
[2017.11.13-18.36.06:577][  0]LogTemp: Display: Loaded TP LinuxTargetPlatform
[2017.11.13-18.36.06:577][  0]LogTargetPlatformManager: Display: Building Assets For Windows
[2017.11.13-18.36.08:249][  0]LogDerivedDataCache: Display: Max Cache Size: 512 MB
[2017.11.13-18.36.08:867][  0]LogDerivedDataCache: Loaded boot cache 0.62s 93MB C:/Users/Jonathan Oates/AppData/Local/UnrealEngine/4.17/DerivedDataCache/Boot.ddc.
[2017.11.13-18.36.08:867][  0]LogDerivedDataCache: Display: Loaded Boot cache: C:/Users/Jonathan Oates/AppData/Local/UnrealEngine/4.17/DerivedDataCache/Boot.ddc
[2017.11.13-18.36.08:868][  0]LogDerivedDataCache: FDerivedDataBackendGraph:  Pak pak cache file ../../../../../../Users/Jonathan Oates/Desktop/Repositories/ExperimentalGame_VR/KairosVR_new/DerivedDataCache/DDC.ddp not found, will not use a pak cache.
[2017.11.13-18.36.08:868][  0]LogDerivedDataCache: Unable to find inner node Pak for hierarchical cache Hierarchy.
[2017.11.13-18.36.08:868][  0]LogDerivedDataCache: FDerivedDataBackendGraph:  CompressedPak pak cache file ../../../../../../Users/Jonathan Oates/Desktop/Repositories/ExperimentalGame_VR/KairosVR_new/DerivedDataCache/Compressed.ddp not found, will not use a pak cache.
[2017.11.13-18.36.08:868][  0]LogDerivedDataCache: Unable to find inner node CompressedPak for hierarchical cache Hierarchy.
[2017.11.13-18.36.08:919][  0]LogDerivedDataCache: Display: Pak cache opened for reading ../../../Engine/DerivedDataCache/Compressed.ddp.
[2017.11.13-18.36.08:950][  0]LogDerivedDataCache: Using Local data cache path C:/Users/Jonathan Oates/AppData/Local/UnrealEngine/Common/DerivedDataCache: Writable
[2017.11.13-18.36.08:990][  0]LogMaterial: Verifying Global Shaders for PCD3D_SM5
[2017.11.13-18.36.09:045][  0]LogSlate: Using Freetype 2.6.0
[2017.11.13-18.36.09:056][  0]LogSlate: SlateFontCache - WITH_FREETYPE: 1, WITH_HARFBUZZ: 1
[2017.11.13-18.36.09:062][  0]LogSlate: SlateFontCache - WITH_FREETYPE: 1, WITH_HARFBUZZ: 1
[2017.11.13-18.36.13:798][  0]LogAssetRegistry: FAssetRegistry took 0.0463 seconds to start up
[2017.11.13-18.36.14:867][  0]LogInit: Selected Device Profile: [Windows]
[2017.11.13-18.36.17:195][  0]LogContentStreaming: Texture pool size is 0.00 MB
[2017.11.13-18.36.18:938][  0]LogSimplygon: Simplygon DLL not present - disabling.
[2017.11.13-18.36.19:139][  0]LogMeshReduction: Using SimplygonSwarm for distributed automatic mesh merging
[2017.11.13-18.36.19:140][  0]LogMeshReduction: Using QuadricMeshReduction for automatic static mesh reduction
[2017.11.13-18.36.19:140][  0]LogMeshReduction: No automatic skeletal mesh reduction module available
[2017.11.13-18.36.19:140][  0]LogMeshReduction: No automatic mesh merging module available
[2017.11.13-18.36.19:140][  0]LogMeshMerging: No automatic mesh merging module available
[2017.11.13-18.36.21:971][  0]LogNetVersion: KairosVR_new , NetCL: 3573198, EngineNetVer: 2, GameNetVer: 0 (Checksum: 3281661072)
[2017.11.13-18.36.23:342][  0]LogPackageLocalizationCache: Processed 5 localized package path(s) for 2 prioritized culture(s) in 0.144623 seconds
[2017.11.13-18.36.23:357][  0]LogUObjectArray: 35825 objects as part of root set at end of initial load.
[2017.11.13-18.36.23:357][  0]LogUObjectAllocator: 7529104 out of 0 bytes used by permanent object pool.
[2017.11.13-18.36.23:357][  0]LogUObjectArray: CloseDisregardForGC: 0/0 objects in disregard for GC pool
[2017.11.13-18.36.23:487][  0]LogInit: WinSock: version 1.1 (2.2), MaxSocks=32767, MaxUdp=65467
[2017.11.13-18.36.44:917][  0]LogTcpMessaging: Initializing TcpMessaging bridge
[2017.11.13-18.36.45:013][  0]LogUdpMessaging: Initializing bridge on interface 0.0.0.0:0 to multicast group 230.0.0.1:6666.
[2017.11.13-18.36.46:885][  0]LogMaterial: Uniform references updated for custom material expression Custom.
[2017.11.13-18.36.47:860][  0]SourceControl: Source control is disabled
[2017.11.13-18.36.47:860][  0]SourceControl: Source control is disabled
[2017.11.13-18.36.48:023][  0]SourceControl: Source control is disabled
[2017.11.13-18.36.48:163][  0]SourceControl: Source control is disabled
[2017.11.13-18.36.49:987][  0]LogAndroidPermission: UAndroidPermissionCallbackProxy::GetInstance
[2017.11.13-18.36.50:602][  0]LogOcInput: OculusInput pre-init called
[2017.11.13-18.36.51:526][  0]LogEngine: Initializing Engine...
[2017.11.13-18.36.56:900][  0]LogHMD: SteamVR initialized.  Driver: lighthouse  Display: LHR-E7E95ADB
[2017.11.13-18.36.57:681][  0]LogStats: UGameplayTagsManager::ConstructGameplayTagTree: Construct from data asset -  0.000 s
[2017.11.13-18.36.57:681][  0]LogStats: UGameplayTagsManager::ConstructGameplayTagTree: GameplayTagTreeChangedEvent.Broadcast -  0.000 s
[2017.11.13-18.36.58:303][  0]LogAIModule: Creating AISystem for world Untitled
[2017.11.13-18.36.58:493][  0]LogInit: XAudio2 using 'Speakers (2- High Definition Audio Device)' : 2 channels at 44.1 kHz using 16 bits per sample (channel mask 0x3)
[2017.11.13-18.36.58:535][  0]LogInit: FAudioDevice initialized.
[2017.11.13-18.36.58:700][  0]LogDerivedDataCache: Saved boot cache 0.16s 93MB C:/Users/Jonathan Oates/AppData/Local/UnrealEngine/4.17/DerivedDataCache/Boot.ddc.
[2017.11.13-18.36.58:721][  0]LogInit: Texture streaming: Enabled
[2017.11.13-18.36.59:123][  0]LogEngineSessionManager: EngineSessionManager initialized
[2017.11.13-18.37.00:353][  0]LogInit: Transaction tracking system initialized
[2017.11.13-18.37.01:444][  0]BlueprintLog: New page: Editor Load
[2017.11.13-18.37.04:267][  0]LocalizationService: Localization service is disabled
[2017.11.13-18.37.06:432][  0]LogConsoleResponse: Display: 
[2017.11.13-18.37.07:951][  0]LogFileCache: Scanning file cache for directory 'C:/Users/Jonathan Oates/Desktop/Repositories/ExperimentalGame_VR/KairosVR_new/Content/' took 0.01s
[2017.11.13-18.37.07:951][  0]LogCook: Display: Max memory allowance for cook 16384mb min free memory 0mb
[2017.11.13-18.37.07:952][  0]LogCook: Display: Mobile HDR setting 1
[2017.11.13-18.37.07:962][  0]LogGameplayTags: Display: UGameplayTagsManager::DoneAddingNativeTags. DelegateIsBound: 0
[2017.11.13-18.37.11:990][  0]SourceControl: Source control is disabled
[2017.11.13-18.37.12:020][  0]Cmd: MAP LOAD FILE="../../../../../../Users/Jonathan Oates/Desktop/Repositories/ExperimentalGame_VR/KairosVR_new/Content/VirtualRealityBP/Maps/StartupMap.umap" TEMPLATE=0 SHOWPROGRESS=1 FEATURELEVEL=3
[2017.11.13-18.37.12:021][  0]LightingResults: New page: Lighting Build
[2017.11.13-18.37.12:186][  0]MapCheck: New page: Map Check
[2017.11.13-18.37.12:186][  0]LightingResults: New page: Lighting Build
[2017.11.13-18.37.12:624][  0]LogAIModule: Creating AISystem for world StartupMap
[2017.11.13-18.37.12:803][  0]LogEditorServer: Finished looking for orphan Actors (0.000 secs)
[2017.11.13-18.37.12:859][  0]Cmd: MAP CHECKDEP NOCLEARLOG
[2017.11.13-18.37.12:997][  0]MapCheck: Map check complete: 0 Error(s), 0 Warning(s), took 138.199ms to complete.
[2017.11.13-18.37.12:997][  0]LogFileHelpers: Loading map 'StartupMap' took 0.984
[2017.11.13-18.37.13:943][  0]LogCollectionManager: Loaded 0 collections in 0.003251 seconds
[2017.11.13-18.37.14:127][  0]LogFileCache: Scanning file cache for directory 'C:/Users/Jonathan Oates/Desktop/Repositories/ExperimentalGame_VR/KairosVR_new/Saved/Collections/' took 0.01s
[2017.11.13-18.37.14:127][  0]LogFileCache: Scanning file cache for directory 'C:/Users/Jonathan Oates/Desktop/Repositories/ExperimentalGame_VR/KairosVR_new/Content/Developers/JonathanOates/Collections/' took 0.01s
[2017.11.13-18.37.14:127][  0]LogFileCache: Scanning file cache for directory 'C:/Users/Jonathan Oates/Desktop/Repositories/ExperimentalGame_VR/KairosVR_new/Content/Collections/' took 0.01s
[2017.11.13-18.37.14:127][  0]LogCollectionManager: Rebuilt the GUID cache for 0 collections in 0.000000 seconds
[2017.11.13-18.37.14:143][  0]LogContentBrowser: Native class hierarchy populated in 0.0147 seconds. Added 2386 classes and 500 folders.
[2017.11.13-18.37.14:310][  0]LogContentBrowser: Native class hierarchy updated for 'WidgetCarousel' in 0.0074 seconds. Added 0 classes and 0 folders.
[2017.11.13-18.37.15:163][  0]LogContentBrowser: Native class hierarchy updated for 'AddContentDialog' in 0.0009 seconds. Added 0 classes and 0 folders.
[2017.11.13-18.37.15:293][  0]LogContentBrowser: Native class hierarchy updated for 'SceneOutliner' in 0.0008 seconds. Added 1 classes and 2 folders.
[2017.11.13-18.37.16:001][  0]LogSlate: Took 0.038382 seconds to synchronously load lazily loaded font '../../../Engine/Content/Slate/Fonts/Roboto-Regular.ttf' (155K)
[2017.11.13-18.37.16:016][  0]LogSlate: Took 0.006202 seconds to synchronously load lazily loaded font '../../../Engine/Content/Slate/Fonts/Roboto-Bold.ttf' (160K)
[2017.11.13-18.37.16:050][  0]LogSlate: Took 0.005999 seconds to synchronously load lazily loaded font '../../../Engine/Content/Editor/Slate/Fonts/FontAwesome.ttf' (139K)
[2017.11.13-18.37.16:372][  0]LogRenderer: Reallocating scene render targets to support 1136x652 Format 26 NumSamples 1 (Frame:1).
[2017.11.13-18.37.16:905][  0]LogContentBrowser: Native class hierarchy updated for 'HierarchicalLODOutliner' in 0.0009 seconds. Added 1 classes and 2 folders.
[2017.11.13-18.37.16:905][  0]LogLoad: (Engine Initialization) Total time: 94.51 seconds
[2017.11.13-18.37.16:905][  0]LogLoad: (Engine Initialization) Total Blueprint compile time: 0.00 seconds
[2017.11.13-18.37.16:905][  0]LogExternalProfiler: Found external profiler: VSPerf
[2017.11.13-18.37.16:905][  0]LogExternalProfiler: Using external profiler: VSPerf
[2017.11.13-18.37.17:334][  0]LogContentStreaming: Texture pool size now 1000 MB
[2017.11.13-18.37.17:584][  1]LogFileCache: Retrieving MD5 hashes for directory 'C:/Users/Jonathan Oates/Desktop/Repositories/ExperimentalGame_VR/KairosVR_new/Content/' took 0.32s
[2017.11.13-18.37.17:923][  2]LogAssetRegistry: Asset discovery search completed in 64.1478 seconds
[2017.11.13-18.37.17:925][  2]LogCollectionManager: Rebuilt the object cache for 0 collections in 0.000000 seconds (found 0 objects)
[2017.11.13-18.37.17:925][  2]LogCollectionManager: Fixed up redirectors for 0 collections in 0.000055 seconds (updated 0 objects)
[2017.11.13-18.37.18:271][  3]LogSlate: Took 0.009536 seconds to synchronously load lazily loaded font '../../../Engine/Content/Slate/Fonts/Roboto-Light.ttf' (159K)
[2017.11.13-18.37.21:692][ 13]LogSlate: Took 0.000295 seconds to synchronously load lazily loaded font '../../../Engine/Content/Slate/Fonts/Roboto-Light.ttf' (159K)
[2017.11.13-18.38.01:691][277]LogSlate: Took 0.000265 seconds to synchronously load lazily loaded font '../../../Engine/Content/Slate/Fonts/Roboto-Light.ttf' (159K)
[2017.11.13-18.38.19:268][ 41]LogSlate: Took 0.000265 seconds to synchronously load lazily loaded font '../../../Engine/Content/Slate/Fonts/Roboto-Regular.ttf' (155K)
[2017.11.13-18.38.19:576][ 41]LogContentBrowser: Native class hierarchy updated for 'BlueprintGraph' in 0.0015 seconds. Added 113 classes and 0 folders.
[2017.11.13-18.38.22:496][100]LogRenderer: Reallocating scene render targets to support 1284x792 Format 26 NumSamples 1 (Frame:54).
[2017.11.13-18.38.23:187][138]LogSlate: Took 0.009101 seconds to synchronously load lazily loaded font '../../../Engine/Content/Editor/Slate/Fonts/Roboto-Italic.ttf' (157K)
[2017.11.13-18.39.23:291][342]BlueprintLog: New page: Compile BP_Bullet_Minigun
[2017.11.13-18.41.24:618][839]LogContentBrowser: Native class hierarchy updated for 'MaterialEditor' in 0.0008 seconds. Added 1 classes and 0 folders.
[2017.11.13-18.41.24:635][839]LogMaterial: Missing cached shader map for material Mat_Ribbon, compiling. 
[2017.11.13-18.41.24:810][839]LogMaterial: Missing cached shader map for material Mat_Ribbon, compiling. 
[2017.11.13-18.41.24:872][839]LogSlate: Took 0.008536 seconds to synchronously load lazily loaded font '../../../Engine/Content/Editor/Slate/Fonts/Roboto-BoldCondensed.ttf' (158K)
[2017.11.13-18.41.27:553][ 59]MaterialEditorStats: Base pass shader: 124 instructions
[2017.11.13-18.41.27:553][ 59]MaterialEditorStats: Vertex shader: 85 instructions
[2017.11.13-18.41.27:553][ 59]MaterialEditorStats: Texture samplers: 1/16
[2017.11.13-18.41.53:074][933]LogMaterial: Missing cached shader map for material Mat_Ribbon, compiling. 
[2017.11.13-18.41.53:231][934]LogMaterial: Missing cached shader map for material Material_0, compiling. 
[2017.11.13-18.41.54:428][ 37]LogMaterial: Missing cached shader map for material Mat_Ribbon, compiling. 
[2017.11.13-18.41.55:938][205]MaterialEditorStats: Base pass shader: 124 instructions
[2017.11.13-18.41.55:938][205]MaterialEditorStats: Vertex shader: 85 instructions
[2017.11.13-18.41.55:938][205]MaterialEditorStats: Texture samplers: 1/16
[2017.11.13-18.42.17:005][640]LogMaterialEditor: Applying material Mat_Ribbon
[2017.11.13-18.42.17:794][640]LogMaterial: Missing cached shader map for material Mat_Ribbon, compiling. 
[2017.11.13-18.42.17:884][640]LogMaterial: Missing cached shader map for material Mat_Ribbon, compiling. 
[2017.11.13-18.42.17:921][640]LogMaterial: Missing cached shader map for material Mat_Ribbon, compiling. 
[2017.11.13-18.42.18:018][640]LogMaterial: Missing cached shader map for material FDebugViewModeMaterialProxy Mat_Ribbon, compiling. 
[2017.11.13-18.42.19:140][640]TextureStreamingBuild: Display: Compiling optional shaders took 1.146 seconds.
[2017.11.13-18.42.21:593][921]MaterialEditorStats: Base pass shader: 124 instructions
[2017.11.13-18.42.21:593][921]MaterialEditorStats: Vertex shader: 85 instructions
[2017.11.13-18.42.21:593][921]MaterialEditorStats: Texture samplers: 2/16
[2017.11.13-18.44.54:616][315]LogMaterial: Missing cached shader map for material Mat_Ribbon, compiling. 
[2017.11.13-18.44.54:638][315]LogMaterial: Missing cached shader map for material FMatExpressionPreview MaterialExpressionTextureObjectParameter_0, compiling. 
[2017.11.13-18.44.56:415][447]MaterialEditorStats: Base pass shader: 124 instructions
[2017.11.13-18.44.56:415][447]MaterialEditorStats: Vertex shader: 85 instructions
[2017.11.13-18.44.56:415][447]MaterialEditorStats: Texture samplers: 1/16
[2017.11.13-18.45.00:256][866]LogMaterial: Missing cached shader map for material Mat_Ribbon, compiling. 
[2017.11.13-18.45.01:646][989]MaterialEditorStats: Base pass shader: 124 instructions
[2017.11.13-18.45.01:646][989]MaterialEditorStats: Vertex shader: 85 instructions
[2017.11.13-18.45.01:646][989]MaterialEditorStats: Texture samplers: 1/16
[2017.11.13-18.45.04:201][246]LogMaterial: Missing cached shader map for material Mat_Ribbon, compiling. 
[2017.11.13-18.45.05:313][330]MaterialEditorStats: Base pass shader: 124 instructions
[2017.11.13-18.45.05:313][330]MaterialEditorStats: Vertex shader: 85 instructions
[2017.11.13-18.45.05:313][330]MaterialEditorStats: Texture samplers: 1/16
[2017.11.13-18.45.10:055][861]LogMaterial: Missing cached shader map for material Mat_Ribbon, compiling. 
[2017.11.13-18.45.11:160][924]LogMaterial: Missing cached shader map for material Mat_Ribbon, compiling. 
[2017.11.13-18.45.11:178][924]LogMaterial: Missing cached shader map for material FMatExpressionPreview MaterialExpressionCollectionParameter_0, compiling. 
[2017.11.13-18.45.12:203][993]LogMaterial: Missing cached shader map for material Mat_Ribbon, compiling. 
[2017.11.13-18.45.13:309][ 80]MaterialEditorStats: Base pass shader: 124 instructions
[2017.11.13-18.45.13:309][ 80]MaterialEditorStats: Vertex shader: 85 instructions
[2017.11.13-18.45.13:309][ 80]MaterialEditorStats: Texture samplers: 1/16
[2017.11.13-18.45.14:073][142]LogMaterial: Missing cached shader map for material Mat_Ribbon, compiling. 
[2017.11.13-18.45.14:643][173]LogMaterial: Missing cached shader map for material Mat_Ribbon, compiling. 
[2017.11.13-18.45.15:954][251]MaterialEditorStats: Base pass shader: 124 instructions
[2017.11.13-18.45.15:954][251]MaterialEditorStats: Vertex shader: 85 instructions
[2017.11.13-18.45.15:954][251]MaterialEditorStats: Texture samplers: 1/16
[2017.11.13-18.45.20:410][672]LogMaterial: Missing cached shader map for material Mat_Ribbon, compiling. 
[2017.11.13-18.45.21:720][766]MaterialEditorStats: Base pass shader: 124 instructions
[2017.11.13-18.45.21:720][766]MaterialEditorStats: Vertex shader: 85 instructions
[2017.11.13-18.45.21:720][766]MaterialEditorStats: Texture samplers: 1/16
[2017.11.13-18.45.39:546][660]LogMaterial: Missing cached shader map for material Mat_Ribbon, compiling. 
[2017.11.13-18.45.39:561][660]LogMaterial: Missing cached shader map for material FMatExpressionPreview MaterialExpressionTextureObjectParameter_1, compiling. 
[2017.11.13-18.45.40:731][754]MaterialEditorStats: Base pass shader: 124 instructions
[2017.11.13-18.45.40:731][754]MaterialEditorStats: Vertex shader: 85 instructions
[2017.11.13-18.45.40:731][754]MaterialEditorStats: Texture samplers: 1/16
[2017.11.13-18.45.40:885][768]LogMaterial: Missing cached shader map for material Mat_Ribbon, compiling. 
[2017.11.13-18.45.42:056][850]MaterialEditorStats: Base pass shader: 124 instructions
[2017.11.13-18.45.42:056][850]MaterialEditorStats: Vertex shader: 85 instructions
[2017.11.13-18.45.42:056][850]MaterialEditorStats: Texture samplers: 1/16
[2017.11.13-18.45.42:829][896]LogMaterial: Missing cached shader map for material Mat_Ribbon, compiling. 
[2017.11.13-18.45.42:843][896]LogMaterial: Missing cached shader map for material FMatExpressionPreview MaterialExpressionTextureObjectParameter_2, compiling. 
[2017.11.13-18.45.43:425][934]LogMaterial: Missing cached shader map for material Mat_Ribbon, compiling. 
[2017.11.13-18.45.44:897][ 96]MaterialEditorStats: Base pass shader: 124 instructions
[2017.11.13-18.45.44:897][ 96]MaterialEditorStats: Vertex shader: 85 instructions
[2017.11.13-18.45.44:897][ 96]MaterialEditorStats: Texture samplers: 1/16
[2017.11.13-18.46.02:355][983]LogMaterial: Missing cached shader map for material Mat_Ribbon, compiling. 
[2017.11.13-18.46.03:484][108]MaterialEditorStats: Base pass shader: 124 instructions
[2017.11.13-18.46.03:484][108]MaterialEditorStats: Vertex shader: 85 instructions
[2017.11.13-18.46.03:484][108]MaterialEditorStats: Texture samplers: 1/16
[2017.11.13-18.47.17:612][447]LogFileHelpers: Editor autosave (incl. sublevels) for '/Game/VirtualRealityBP/Maps/StartupMap' took 0.035
[2017.11.13-18.47.17:625][447]OBJ SavePackage: Generating thumbnails for [0] asset(s) in package [/Game/Blueprints/BP_Bullet_Minigun] ([1] browsable assets)...
[2017.11.13-18.47.17:625][447]OBJ SavePackage: Finished generating thumbnails for package [/Game/Blueprints/BP_Bullet_Minigun]
[2017.11.13-18.47.17:662][447]LogSavePackage: Save=31.83ms
[2017.11.13-18.47.17:662][447]LogSavePackage: Moving '../../../../../../Users/Jonathan Oates/Desktop/Repositories/ExperimentalGame_VR/KairosVR_new/Saved/BP_Bullet_Minigun_Auto16971D5C241C0EAAA0A7FCAAE8EFC0CBC.tmp' to '../../../../../../Users/Jonathan Oates/Desktop/Repositories/ExperimentalGame_VR/KairosVR_new/Saved/Autosaves/Game/Blueprints/BP_Bullet_Minigun_Auto1.uasset'
[2017.11.13-18.47.17:677][447]LogSavePackage: Display: Finished SavePackage ../../../../../../Users/Jonathan Oates/Desktop/Repositories/ExperimentalGame_VR/KairosVR_new/Saved/Autosaves/Game/Blueprints/BP_Bullet_Minigun_Auto1.uasset
[2017.11.13-18.47.17:681][447]OBJ SavePackage: Generating thumbnails for [1] asset(s) in package [/Game/Particles/Mat_Ribbon] ([1] browsable assets)...
[2017.11.13-18.47.17:695][447]OBJ SavePackage:     Rendered thumbnail for [Material /Game/Particles/Mat_Ribbon.Mat_Ribbon]
[2017.11.13-18.47.17:695][447]OBJ SavePackage: Finished generating thumbnails for package [/Game/Particles/Mat_Ribbon]
[2017.11.13-18.47.17:724][447]LogSavePackage: Save=24.52ms
[2017.11.13-18.47.17:724][447]LogSavePackage: Moving '../../../../../../Users/Jonathan Oates/Desktop/Repositories/ExperimentalGame_VR/KairosVR_new/Saved/Mat_Ribbon_Auto1F024A6F543E33A82E0DFA69D3B5DB21D.tmp' to '../../../../../../Users/Jonathan Oates/Desktop/Repositories/ExperimentalGame_VR/KairosVR_new/Saved/Autosaves/Game/Particles/Mat_Ribbon_Auto1.uasset'
[2017.11.13-18.47.17:730][447]LogSavePackage: Display: Finished SavePackage ../../../../../../Users/Jonathan Oates/Desktop/Repositories/ExperimentalGame_VR/KairosVR_new/Saved/Autosaves/Game/Particles/Mat_Ribbon_Auto1.uasset
[2017.11.13-18.47.17:730][447]LogFileHelpers: Auto-saving content packages took 0.117
[2017.11.13-18.47.58:578][281]LogMaterial: Missing cached shader map for material Mat_Beam, compiling. 
[2017.11.13-18.47.58:672][281]LogMaterial: Missing cached shader map for material Mat_Beam, compiling. 
[2017.11.13-18.47.58:688][281]LogMaterial: Missing cached shader map for material Mat_Beam, compiling. 
[2017.11.13-18.48.00:313][383]MaterialEditorStats: Base pass shader: 124 instructions
[2017.11.13-18.48.00:313][383]MaterialEditorStats: Vertex shader: 85 instructions
[2017.11.13-18.48.00:313][383]MaterialEditorStats: Texture samplers: 1/16
[2017.11.13-18.48.11:555][574]LogMaterial: Missing cached shader map for material Mat_Beam, compiling. 
[2017.11.13-18.48.11:611][574]LogMaterial: Missing cached shader map for material Mat_Beam, compiling. 
[2017.11.13-18.48.13:820][760]LogMaterial: Missing cached shader map for material Mat_Beam, compiling. 
[2017.11.13-18.48.13:844][760]LogMaterial: Missing cached shader map for material Mat_Beam, compiling. 
[2017.11.13-18.48.14:912][873]MaterialEditorStats: Base pass shader without light map: 64 instructions
[2017.11.13-18.48.14:912][873]MaterialEditorStats: Vertex shader: 204 instructions
[2017.11.13-18.48.14:912][873]MaterialEditorStats: Texture samplers: 3/16
[2017.11.13-18.48.29:249][520]LogMaterial: Missing cached shader map for material Mat_Beam, compiling. 
[2017.11.13-18.48.30:173][617]MaterialEditorStats: Base pass shader without light map: 64 instructions
[2017.11.13-18.48.30:173][617]MaterialEditorStats: Vertex shader: 204 instructions
[2017.11.13-18.48.30:173][617]MaterialEditorStats: Texture samplers: 3/16
[2017.11.13-18.48.36:317][245]LogMaterialEditor: Applying material Mat_Beam
[2017.11.13-18.48.37:150][245]LogMaterial: Missing cached shader map for material Mat_Beam, compiling. 
[2017.11.13-18.48.37:219][245]LogMaterial: Missing cached shader map for material Mat_Beam, compiling. 
[2017.11.13-18.48.37:240][245]LogMaterial: Missing cached shader map for material Mat_Beam, compiling. 
[2017.11.13-18.48.37:308][245]LogMaterial: Missing cached shader map for material FDebugViewModeMaterialProxy Mat_Beam, compiling. 
[2017.11.13-18.48.37:821][245]TextureStreamingBuild: Display: Compiling optional shaders took 0.519 seconds.
[2017.11.13-18.48.39:473][382]LogMaterial: Missing cached shader map for material FMatExpressionPreview MaterialExpressionTextureCoordinate_0, compiling. 
[2017.11.13-18.48.39:832][424]MaterialEditorStats: Base pass shader without light map: 64 instructions
[2017.11.13-18.48.39:832][424]MaterialEditorStats: Vertex shader: 204 instructions
[2017.11.13-18.48.39:832][424]MaterialEditorStats: Texture samplers: 3/16
[2017.11.13-18.49.07:370][ 60]LogMaterial: Missing cached shader map for material Mat_Beam, compiling. 
[2017.11.13-18.49.07:411][ 60]LogMaterial: Missing cached shader map for material FMatExpressionPreview MaterialExpressionTextureCoordinate_0, compiling. 
[2017.11.13-18.49.07:418][ 60]LogMaterial: Missing cached shader map for material Mat_Beam, compiling. 
[2017.11.13-18.49.07:456][ 60]LogMaterial: Missing cached shader map for material FMatExpressionPreview MaterialExpressionTextureCoordinate_0, compiling. 
[2017.11.13-18.49.09:580][253]MaterialEditorStats: Base pass shader without light map: 64 instructions
[2017.11.13-18.49.09:580][253]MaterialEditorStats: Vertex shader: 204 instructions
[2017.11.13-18.49.09:580][253]MaterialEditorStats: Texture samplers: 3/16
[2017.11.13-18.49.12:151][517]LogMaterial: Missing cached shader map for material Mat_Beam, compiling. 
[2017.11.13-18.49.13:108][623]MaterialEditorStats: Base pass shader without light map: 64 instructions
[2017.11.13-18.49.13:108][623]MaterialEditorStats: Vertex shader: 204 instructions
[2017.11.13-18.49.13:108][623]MaterialEditorStats: Texture samplers: 3/16
[2017.11.13-18.49.15:213][845]LogMaterial: Missing cached shader map for material FMatExpressionPreview MaterialExpressionComponentMask_0, compiling. 
[2017.11.13-18.49.22:219][609]LogMaterial: Missing cached shader map for material Mat_Beam, compiling. 
[2017.11.13-18.49.22:262][609]LogMaterial: Missing cached shader map for material FMatExpressionPreview MaterialExpressionComponentMask_0, compiling. 
[2017.11.13-18.49.22:280][609]LogMaterial: Missing cached shader map for material Mat_Beam, compiling. 
[2017.11.13-18.49.22:328][609]LogMaterial: Missing cached shader map for material FMatExpressionPreview MaterialExpressionComponentMask_0, compiling. 
[2017.11.13-18.49.23:381][714]MaterialEditorStats: Base pass shader without light map: 64 instructions
[2017.11.13-18.49.23:381][714]MaterialEditorStats: Vertex shader: 204 instructions
[2017.11.13-18.49.23:381][714]MaterialEditorStats: Texture samplers: 3/16
[2017.11.13-18.49.23:861][757]LogMaterial: Missing cached shader map for material FMatExpressionPreview MaterialExpressionSine_0, compiling. 
[2017.11.13-18.49.43:182][762]LogMaterial: Missing cached shader map for material Mat_Beam, compiling. 
[2017.11.13-18.49.43:194][762]LogMaterial: Missing cached shader map for material FMatExpressionPreview MaterialExpressionSine_0, compiling. 
[2017.11.13-18.49.48:356][315]LogMaterial: Missing cached shader map for material Mat_Beam, compiling. 
[2017.11.13-18.49.48:367][315]LogMaterial: Missing cached shader map for material Mat_Beam, compiling. 
[2017.11.13-18.49.48:402][315]LogMaterial: Missing cached shader map for material FMatExpressionPreview MaterialExpressionComponentMask_0, compiling. 
[2017.11.13-18.49.49:445][395]MaterialEditorStats: Base pass shader without light map: 64 instructions
[2017.11.13-18.49.49:445][395]MaterialEditorStats: Vertex shader: 204 instructions
[2017.11.13-18.49.49:445][395]MaterialEditorStats: Texture samplers: 3/16
[2017.11.13-18.49.56:747][189]LogMaterial: Missing cached shader map for material Mat_Beam, compiling. 
[2017.11.13-18.49.57:700][295]MaterialEditorStats: Base pass shader without light map: 64 instructions
[2017.11.13-18.49.57:700][295]MaterialEditorStats: Vertex shader: 204 instructions
[2017.11.13-18.49.57:701][295]MaterialEditorStats: Texture samplers: 3/16
[2017.11.13-18.50.00:284][529]LogMaterial: Missing cached shader map for material Mat_Beam, compiling. 
[2017.11.13-18.50.00:306][529]LogMaterial: Missing cached shader map for material FMatExpressionPreview MaterialExpressionSine_0, compiling. 
[2017.11.13-18.50.01:912][646]MaterialEditorStats: Base pass shader without light map: 64 instructions
[2017.11.13-18.50.01:912][646]MaterialEditorStats: Vertex shader: 204 instructions
[2017.11.13-18.50.01:912][646]MaterialEditorStats: Texture samplers: 3/16
[2017.11.13-18.50.07:568][196]LogMaterial: Missing cached shader map for material Mat_Beam, compiling. 
[2017.11.13-18.50.07:580][196]LogMaterial: Missing cached shader map for material Mat_Beam, compiling. 
[2017.11.13-18.50.07:615][196]LogMaterial: Missing cached shader map for material FMatExpressionPreview MaterialExpressionSine_0, compiling. 
[2017.11.13-18.50.08:585][266]MaterialEditorStats: Base pass shader without light map: 64 instructions
[2017.11.13-18.50.08:585][266]MaterialEditorStats: Vertex shader: 204 instructions
[2017.11.13-18.50.08:585][266]MaterialEditorStats: Texture samplers: 3/16
[2017.11.13-18.50.09:588][374]LogMaterial: Missing cached shader map for material Mat_Beam, compiling. 
[2017.11.13-18.50.10:478][433]MaterialEditorStats: Base pass shader without light map: 64 instructions
[2017.11.13-18.50.10:478][433]MaterialEditorStats: Vertex shader: 204 instructions
[2017.11.13-18.50.10:478][433]MaterialEditorStats: Texture samplers: 3/16
[2017.11.13-18.50.11:155][498]LogMaterial: Missing cached shader map for material Mat_Beam, compiling. 
[2017.11.13-18.50.12:095][565]MaterialEditorStats: Base pass shader without light map: 64 instructions
[2017.11.13-18.50.12:095][565]MaterialEditorStats: Vertex shader: 204 instructions
[2017.11.13-18.50.12:095][565]MaterialEditorStats: Texture samplers: 3/16
[2017.11.13-18.50.12:750][630]LogMaterial: Missing cached shader map for material FMatExpressionPreview MaterialExpressionPower_0, compiling. 
[2017.11.13-18.50.29:319][168]LogMaterial: Missing cached shader map for material Mat_Beam, compiling. 
[2017.11.13-18.50.29:357][168]LogMaterial: Missing cached shader map for material FMatExpressionPreview MaterialExpressionPower_0, compiling. 
[2017.11.13-18.50.30:261][247]MaterialEditorStats: Base pass shader without light map: 64 instructions
[2017.11.13-18.50.30:261][247]MaterialEditorStats: Vertex shader: 204 instructions
[2017.11.13-18.50.30:261][247]MaterialEditorStats: Texture samplers: 3/16
[2017.11.13-18.50.37:821][742]LogMaterial: Missing cached shader map for material Mat_Beam, compiling. 
[2017.11.13-18.50.38:775][824]MaterialEditorStats: Base pass shader without light map: 64 instructions
[2017.11.13-18.50.38:775][824]MaterialEditorStats: Vertex shader: 204 instructions
[2017.11.13-18.50.38:775][824]MaterialEditorStats: Texture samplers: 3/16
[2017.11.13-18.50.40:678][ 11]LogMaterial: Missing cached shader map for material Mat_Beam, compiling. 
[2017.11.13-18.50.42:022][104]MaterialEditorStats: Base pass shader without light map: 64 instructions
[2017.11.13-18.50.42:022][104]MaterialEditorStats: Vertex shader: 204 instructions
[2017.11.13-18.50.42:022][104]MaterialEditorStats: Texture samplers: 3/16
[2017.11.13-18.50.43:236][206]LogMaterial: Missing cached shader map for material Mat_Beam, compiling. 
[2017.11.13-18.50.45:848][402]MaterialEditorStats: Base pass shader without light map: 64 instructions
[2017.11.13-18.50.45:848][402]MaterialEditorStats: Vertex shader: 204 instructions
[2017.11.13-18.50.45:848][402]MaterialEditorStats: Texture samplers: 3/16
[2017.11.13-18.50.47:730][539]LogMaterial: Missing cached shader map for material Mat_Beam, compiling. 
[2017.11.13-18.50.47:745][539]LogMaterial: Missing cached shader map for material FMatExpressionPreview MaterialExpressionPower_0, compiling. 
[2017.11.13-18.50.48:784][623]MaterialEditorStats: Base pass shader without light map: 64 instructions
[2017.11.13-18.50.48:785][623]MaterialEditorStats: Vertex shader: 204 instructions
[2017.11.13-18.50.48:785][623]MaterialEditorStats: Texture samplers: 3/16
[2017.11.13-18.50.56:875][190]LogMaterial: Missing cached shader map for material Mat_Beam, compiling. 
[2017.11.13-18.50.58:409][290]LogMaterial: Missing cached shader map for material Mat_Beam, compiling. 
[2017.11.13-18.50.58:422][290]LogMaterial: Missing cached shader map for material FMatExpressionPreview MaterialExpressionPower_0, compiling. 
[2017.11.13-18.50.59:943][445]MaterialEditorStats: Base pass shader without light map: 64 instructions
[2017.11.13-18.50.59:943][445]MaterialEditorStats: Vertex shader: 204 instructions
[2017.11.13-18.50.59:943][445]MaterialEditorStats: Texture samplers: 3/16
[2017.11.13-18.51.04:709][857]LogMaterial: Missing cached shader map for material Mat_Beam, compiling. 
[2017.11.13-18.51.06:352][956]LogMaterial: Missing cached shader map for material Mat_Beam, compiling. 
[2017.11.13-18.51.09:684][204]MaterialEditorStats: Base pass shader without light map: 73 instructions
[2017.11.13-18.51.09:684][204]MaterialEditorStats: Vertex shader: 206 instructions
[2017.11.13-18.51.09:684][204]MaterialEditorStats: Texture samplers: 3/16
[2017.11.13-18.51.09:684][204]MaterialEditorStats: User interpolators: 2/4 Scalars (1/4 Vectors) (TexCoords: 2, Custom: 0)
[2017.11.13-18.51.15:993][553]LogMaterialEditor: Applying material Mat_Beam
[2017.11.13-18.51.16:827][553]LogMaterial: Missing cached shader map for material Mat_Beam, compiling. 
[2017.11.13-18.51.16:901][553]LogMaterial: Missing cached shader map for material Mat_Beam, compiling. 
[2017.11.13-18.51.16:923][553]LogMaterial: Missing cached shader map for material Mat_Beam, compiling. 
[2017.11.13-18.51.16:997][553]LogMaterial: Missing cached shader map for material FDebugViewModeMaterialProxy Mat_Beam, compiling. 
[2017.11.13-18.51.17:549][553]TextureStreamingBuild: Display: Compiling optional shaders took 0.559 seconds.
[2017.11.13-18.51.18:133][612]LogMaterialEditor: Saving and Compiling material Mat_Beam
[2017.11.13-18.51.19:480][612]LogSavePackage: Save=21.16ms
[2017.11.13-18.51.19:480][612]LogSavePackage: Moving '../../../../../../Users/Jonathan Oates/Desktop/Repositories/ExperimentalGame_VR/KairosVR_new/Saved/Mat_Beam32558BEB4D82977CAE6A16AEF7443B00.tmp' to '../../../../../../Users/Jonathan Oates/Desktop/Repositories/ExperimentalGame_VR/KairosVR_new/Content/Particles/Beam/Mat_Beam.uasset'
[2017.11.13-18.51.19:492][612]LogSavePackage: Display: Finished SavePackage ../../../../../../Users/Jonathan Oates/Desktop/Repositories/ExperimentalGame_VR/KairosVR_new/Content/Particles/Beam/Mat_Beam.uasset
[2017.11.13-18.51.19:531][612]MaterialEditorStats: Base pass shader without light map: 73 instructions
[2017.11.13-18.51.19:532][612]MaterialEditorStats: Vertex shader: 206 instructions
[2017.11.13-18.51.19:532][612]MaterialEditorStats: Texture samplers: 3/16
[2017.11.13-18.51.19:532][612]MaterialEditorStats: User interpolators: 2/4 Scalars (1/4 Vectors) (TexCoords: 2, Custom: 0)
[2017.11.13-18.51.51:399][848]LogMaterial: Missing cached shader map for material Mat_Beam, compiling. 
[2017.11.13-18.51.54:261][ 72]LogMaterial: Missing cached shader map for material PreviewMaterial_0, compiling. 
[2017.11.13-18.51.54:359][ 72]LogMaterial: Missing cached shader map for material PreviewMaterial_0, compiling. 
[2017.11.13-18.51.54:369][ 72]LogMaterial: Missing cached shader map for material PreviewMaterial_0, compiling. 
[2017.11.13-18.51.54:408][ 72]LogMaterial: Missing cached shader map for material FMatExpressionPreview MaterialExpressionTextureCoordinate_0, compiling. 
[2017.11.13-18.51.54:415][ 72]LogMaterial: Missing cached shader map for material FMatExpressionPreview MaterialExpressionComponentMask_0, compiling. 
[2017.11.13-18.51.54:421][ 72]LogMaterial: Missing cached shader map for material FMatExpressionPreview MaterialExpressionSine_0, compiling. 
[2017.11.13-18.51.54:427][ 72]LogMaterial: Missing cached shader map for material FMatExpressionPreview MaterialExpressionPower_0, compiling. 
[2017.11.13-18.51.55:890][120]MaterialEditorStats: Base pass shader without light map: 73 instructions
[2017.11.13-18.51.55:891][120]MaterialEditorStats: Vertex shader: 206 instructions
[2017.11.13-18.51.55:891][120]MaterialEditorStats: Texture samplers: 3/16
[2017.11.13-18.51.55:891][120]MaterialEditorStats: User interpolators: 2/4 Scalars (1/4 Vectors) (TexCoords: 2, Custom: 0)
[2017.11.13-18.52.01:461][231]LogMaterial: Missing cached shader map for material Mat_Beam, compiling. 
[2017.11.13-18.52.01:531][231]LogMaterial: Missing cached shader map for material Mat_Beam, compiling. 
[2017.11.13-18.52.01:553][231]LogMaterial: Missing cached shader map for material Mat_Beam, compiling. 
[2017.11.13-18.52.01:615][231]LogMaterial: Missing cached shader map for material FDebugViewModeMaterialProxy Mat_Beam, compiling. 
[2017.11.13-18.52.02:179][231]TextureStreamingBuild: Display: Compiling optional shaders took 0.570 seconds.
[2017.11.13-18.52.09:559][980]LogSavePackage: Save=17.91ms
[2017.11.13-18.52.09:559][980]LogSavePackage: Moving '../../../../../../Users/Jonathan Oates/Desktop/Repositories/ExperimentalGame_VR/KairosVR_new/Saved/Mat_Ribbon0B45E4FE47AD755DC8B3ACB70C121463.tmp' to '../../../../../../Users/Jonathan Oates/Desktop/Repositories/ExperimentalGame_VR/KairosVR_new/Content/Particles/Ribbon/Mat_Ribbon.uasset'
[2017.11.13-18.52.09:569][980]LogSavePackage: Display: Finished SavePackage ../../../../../../Users/Jonathan Oates/Desktop/Repositories/ExperimentalGame_VR/KairosVR_new/Content/Particles/Ribbon/Mat_Ribbon.uasset
[2017.11.13-18.52.36:508][927]LogContentBrowser: Native class hierarchy updated for 'Cascade' in 0.0013 seconds. Added 2 classes and 2 folders.
[2017.11.13-18.52.36:565][927]LogMaterial: Missing cached shader map for material DefaultParticle, compiling. 
[2017.11.13-18.53.16:675][151]LogMaterial: Missing cached shader map for material Mat_Sparks, compiling. 
[2017.11.13-18.53.16:775][151]LogMaterial: Missing cached shader map for material Mat_Sparks, compiling. 
[2017.11.13-18.53.16:791][151]LogMaterial: Missing cached shader map for material Mat_Sparks, compiling. 
[2017.11.13-18.53.18:311][307]MaterialEditorStats: Base pass shader: 124 instructions
[2017.11.13-18.53.18:311][307]MaterialEditorStats: Vertex shader: 85 instructions
[2017.11.13-18.53.18:311][307]MaterialEditorStats: Texture samplers: 1/16
[2017.11.13-18.53.25:169][108]LogMaterial: Missing cached shader map for material Mat_Sparks, compiling. 
[2017.11.13-18.53.26:416][242]MaterialEditorStats: Base pass shader: 124 instructions
[2017.11.13-18.53.26:416][242]MaterialEditorStats: Vertex shader: 85 instructions
[2017.11.13-18.53.26:416][242]MaterialEditorStats: Texture samplers: 1/16
[2017.11.13-18.53.29:382][585]LogMaterial: Missing cached shader map for material Mat_Sparks, compiling. 
[2017.11.13-18.53.29:460][586]LogMaterial: Missing cached shader map for material Material_1, compiling. 
[2017.11.13-18.53.30:555][676]MaterialEditorStats: Base pass shader: 124 instructions
[2017.11.13-18.53.30:555][676]MaterialEditorStats: Vertex shader: 85 instructions
[2017.11.13-18.53.30:555][676]MaterialEditorStats: Texture samplers: 1/16
[2017.11.13-18.53.34:816][ 97]LogMaterial: Missing cached shader map for material Mat_Sparks, compiling. 
[2017.11.13-18.53.34:843][ 97]LogMaterial: Missing cached shader map for material Mat_Sparks, compiling. 
[2017.11.13-18.53.35:931][184]MaterialEditorStats: Base pass shader: 124 instructions
[2017.11.13-18.53.35:931][184]MaterialEditorStats: Vertex shader: 85 instructions
[2017.11.13-18.53.35:931][184]MaterialEditorStats: Texture samplers: 1/16
[2017.11.13-18.53.39:275][525]LogMaterial: Missing cached shader map for material Mat_Sparks, compiling. 
[2017.11.13-18.53.39:290][525]LogMaterial: Missing cached shader map for material Mat_Sparks, compiling. 
[2017.11.13-18.53.40:405][621]MaterialEditorStats: Base pass shader: 124 instructions
[2017.11.13-18.53.40:405][621]MaterialEditorStats: Vertex shader: 85 instructions
[2017.11.13-18.53.40:405][621]MaterialEditorStats: Texture samplers: 1/16
[2017.11.13-18.53.45:691][119]LogMaterial: Missing cached shader map for material Mat_Sparks, compiling. 
[2017.11.13-18.53.47:524][266]LogMaterial: Missing cached shader map for material Mat_Sparks, compiling. 
[2017.11.13-18.53.48:614][378]MaterialEditorStats: Base pass shader: 124 instructions
[2017.11.13-18.53.48:614][378]MaterialEditorStats: Vertex shader: 85 instructions
[2017.11.13-18.53.48:614][378]MaterialEditorStats: Texture samplers: 1/16
[2017.11.13-18.53.58:012][281]LogMaterial: Missing cached shader map for material Mat_Sparks, compiling. 
[2017.11.13-18.53.58:030][281]LogMaterial: Missing cached shader map for material Mat_Sparks, compiling. 
[2017.11.13-18.53.59:866][420]LogMaterial: Missing cached shader map for material Mat_Sparks, compiling. 
[2017.11.13-18.53.59:894][420]LogMaterial: Missing cached shader map for material Mat_Sparks, compiling. 
[2017.11.13-18.54.01:209][519]LogMaterial: Missing cached shader map for material Mat_Sparks, compiling. 
[2017.11.13-18.54.01:240][519]LogMaterial: Missing cached shader map for material Mat_Sparks, compiling. 
[2017.11.13-18.54.02:316][614]MaterialEditorStats: Base pass shader without light map: 64 instructions
[2017.11.13-18.54.02:316][614]MaterialEditorStats: Vertex shader: 204 instructions
[2017.11.13-18.54.02:316][614]MaterialEditorStats: Texture samplers: 3/16
[2017.11.13-18.54.08:354][189]LogMaterial: Missing cached shader map for material Mat_Sparks, compiling. 
[2017.11.13-18.54.09:277][256]MaterialEditorStats: Base pass shader without light map: 79 instructions
[2017.11.13-18.54.09:277][256]MaterialEditorStats: Vertex shader: 206 instructions
[2017.11.13-18.54.09:277][256]MaterialEditorStats: Texture samplers: 3/16
[2017.11.13-18.54.09:277][256]MaterialEditorStats: User interpolators: 2/4 Scalars (1/4 Vectors) (TexCoords: 2, Custom: 0)
[2017.11.13-18.54.10:356][328]LogMaterial: Missing cached shader map for material Mat_Sparks, compiling. 
[2017.11.13-18.54.11:377][391]MaterialEditorStats: Base pass shader without light map: 82 instructions
[2017.11.13-18.54.11:377][391]MaterialEditorStats: Vertex shader: 206 instructions
[2017.11.13-18.54.11:377][391]MaterialEditorStats: Texture samplers: 3/16
[2017.11.13-18.54.11:377][391]MaterialEditorStats: User interpolators: 2/4 Scalars (1/4 Vectors) (TexCoords: 2, Custom: 0)
[2017.11.13-18.54.13:126][547]LogMaterial: Missing cached shader map for material FMatExpressionPreview MaterialExpressionMultiply_3, compiling. 
[2017.11.13-18.54.27:291][787]LogMaterialEditor: Applying material Mat_Sparks
[2017.11.13-18.54.28:095][787]LogMaterial: Missing cached shader map for material Mat_Sparks, compiling. 
[2017.11.13-18.54.28:161][787]LogMaterial: Missing cached shader map for material Mat_Sparks, compiling. 
[2017.11.13-18.54.28:186][787]LogMaterial: Missing cached shader map for material Mat_Sparks, compiling. 
[2017.11.13-18.54.28:260][787]LogMaterial: Missing cached shader map for material FDebugViewModeMaterialProxy Mat_Sparks, compiling. 
[2017.11.13-18.54.28:854][787]TextureStreamingBuild: Display: Compiling optional shaders took 0.600 seconds.
[2017.11.13-18.54.29:726][875]LogMaterialEditor: Saving and Compiling material Mat_Sparks
[2017.11.13-18.54.30:762][875]LogSavePackage: Save=15.81ms
[2017.11.13-18.54.30:762][875]LogSavePackage: Moving '../../../../../../Users/Jonathan Oates/Desktop/Repositories/ExperimentalGame_VR/KairosVR_new/Saved/Mat_Sparks12FDE165486250F59E86AFA777EF28F9.tmp' to '../../../../../../Users/Jonathan Oates/Desktop/Repositories/ExperimentalGame_VR/KairosVR_new/Content/Particles/Ribbon/Mat_Sparks.uasset'
[2017.11.13-18.54.30:771][875]LogSavePackage: Display: Finished SavePackage ../../../../../../Users/Jonathan Oates/Desktop/Repositories/ExperimentalGame_VR/KairosVR_new/Content/Particles/Ribbon/Mat_Sparks.uasset
[2017.11.13-18.54.30:838][875]MaterialEditorStats: Base pass shader without light map: 82 instructions
[2017.11.13-18.54.30:838][875]MaterialEditorStats: Vertex shader: 206 instructions
[2017.11.13-18.54.30:838][875]MaterialEditorStats: Texture samplers: 3/16
[2017.11.13-18.54.30:838][875]MaterialEditorStats: User interpolators: 2/4 Scalars (1/4 Vectors) (TexCoords: 2, Custom: 0)
[2017.11.13-18.56.22:030][424]LogMaterial: Warning: Material /Game/Particles/Ribbon/Mat_Ribbon.Mat_Ribbon needed to have new flag set bUsedWithParticleSprites !
[2017.11.13-18.56.22:034][424]LogMaterial: Missing cached shader map for material Mat_Ribbon, compiling. 
[2017.11.13-18.57.22:700][194]LogFileHelpers: Editor autosave (incl. sublevels) for '/Game/VirtualRealityBP/Maps/StartupMap' took 0.047
[2017.11.13-18.57.22:704][194]OBJ SavePackage: Generating thumbnails for [0] asset(s) in package [/Game/Blueprints/BP_Bullet_Minigun] ([1] browsable assets)...
[2017.11.13-18.57.22:705][194]OBJ SavePackage: Finished generating thumbnails for package [/Game/Blueprints/BP_Bullet_Minigun]
[2017.11.13-18.57.22:735][194]LogSavePackage: Save=25.87ms
[2017.11.13-18.57.22:735][194]LogSavePackage: Moving '../../../../../../Users/Jonathan Oates/Desktop/Repositories/ExperimentalGame_VR/KairosVR_new/Saved/BP_Bullet_Minigun_Auto29E6E46784E6728F3F4068D903BB17385.tmp' to '../../../../../../Users/Jonathan Oates/Desktop/Repositories/ExperimentalGame_VR/KairosVR_new/Saved/Autosaves/Game/Blueprints/BP_Bullet_Minigun_Auto2.uasset'
[2017.11.13-18.57.22:759][194]LogSavePackage: Display: Finished SavePackage ../../../../../../Users/Jonathan Oates/Desktop/Repositories/ExperimentalGame_VR/KairosVR_new/Saved/Autosaves/Game/Blueprints/BP_Bullet_Minigun_Auto2.uasset
[2017.11.13-18.57.22:763][194]OBJ SavePackage: Generating thumbnails for [1] asset(s) in package [/Game/Particles/Beam/Mat_Beam] ([1] browsable assets)...
[2017.11.13-18.57.22:779][194]OBJ SavePackage:     Rendered thumbnail for [Material /Game/Particles/Beam/Mat_Beam.Mat_Beam]
[2017.11.13-18.57.22:779][194]OBJ SavePackage: Finished generating thumbnails for package [/Game/Particles/Beam/Mat_Beam]
[2017.11.13-18.57.22:816][194]LogSavePackage: Save=18.29ms
[2017.11.13-18.57.22:816][194]LogSavePackage: Moving '../../../../../../Users/Jonathan Oates/Desktop/Repositories/ExperimentalGame_VR/KairosVR_new/Saved/Mat_Beam_Auto2D55D9F814A53B203A413E0A941CF4813.tmp' to '../../../../../../Users/Jonathan Oates/Desktop/Repositories/ExperimentalGame_VR/KairosVR_new/Saved/Autosaves/Game/Particles/Beam/Mat_Beam_Auto2.uasset'
[2017.11.13-18.57.22:822][194]LogSavePackage: Display: Finished SavePackage ../../../../../../Users/Jonathan Oates/Desktop/Repositories/ExperimentalGame_VR/KairosVR_new/Saved/Autosaves/Game/Particles/Beam/Mat_Beam_Auto2.uasset
[2017.11.13-18.57.22:826][194]OBJ SavePackage: Generating thumbnails for [1] asset(s) in package [/Game/Particles/Ribbon/P_Ribbon] ([1] browsable assets)...
[2017.11.13-18.57.22:833][194]OBJ SavePackage:     Rendered thumbnail for [ParticleSystem /Game/Particles/Ribbon/P_Ribbon.P_Ribbon]
[2017.11.13-18.57.22:833][194]OBJ SavePackage: Finished generating thumbnails for package [/Game/Particles/Ribbon/P_Ribbon]
[2017.11.13-18.57.22:852][194]LogSavePackage: Save=15.33ms
[2017.11.13-18.57.22:853][194]LogSavePackage: Moving '../../../../../../Users/Jonathan Oates/Desktop/Repositories/ExperimentalGame_VR/KairosVR_new/Saved/P_Ribbon_Auto28C04E7BD4959B8CE5C2703A3E7441E42.tmp' to '../../../../../../Users/Jonathan Oates/Desktop/Repositories/ExperimentalGame_VR/KairosVR_new/Saved/Autosaves/Game/Particles/Ribbon/P_Ribbon_Auto2.uasset'
[2017.11.13-18.57.22:858][194]LogSavePackage: Display: Finished SavePackage ../../../../../../Users/Jonathan Oates/Desktop/Repositories/ExperimentalGame_VR/KairosVR_new/Saved/Autosaves/Game/Particles/Ribbon/P_Ribbon_Auto2.uasset
[2017.11.13-18.57.22:862][194]OBJ SavePackage: Generating thumbnails for [0] asset(s) in package [/Game/Particles/Ribbon/Mat_Ribbon] ([1] browsable assets)...
[2017.11.13-18.57.22:862][194]OBJ SavePackage: Finished generating thumbnails for package [/Game/Particles/Ribbon/Mat_Ribbon]
[2017.11.13-18.57.22:888][194]LogSavePackage: Save=8.95ms
[2017.11.13-18.57.22:888][194]LogSavePackage: Moving '../../../../../../Users/Jonathan Oates/Desktop/Repositories/ExperimentalGame_VR/KairosVR_new/Saved/Mat_Ribbon_Auto2BEEAC32447D71FBD097D55A2E60F929B.tmp' to '../../../../../../Users/Jonathan Oates/Desktop/Repositories/ExperimentalGame_VR/KairosVR_new/Saved/Autosaves/Game/Particles/Ribbon/Mat_Ribbon_Auto2.uasset'
[2017.11.13-18.57.22:893][194]LogSavePackage: Display: Finished SavePackage ../../../../../../Users/Jonathan Oates/Desktop/Repositories/ExperimentalGame_VR/KairosVR_new/Saved/Autosaves/Game/Particles/Ribbon/Mat_Ribbon_Auto2.uasset
[2017.11.13-18.57.22:893][194]LogFileHelpers: Auto-saving content packages took 0.192
[2017.11.13-18.57.31:520][622]LogMaterial: Warning: Material /Game/Particles/Ribbon/Mat_Ribbon.Mat_Ribbon needed to have new flag set bUsedWithBeamTrails !
[2017.11.13-18.57.31:523][622]LogMaterial: Missing cached shader map for material Mat_Ribbon, compiling. 
[2017.11.13-18.58.37:558][432]LogSlate: Warning: Prevented a slow task dialog from being summoned while a context menu was open
[2017.11.13-19.04.12:037][ 47]LogSavePackage: Save=14.30ms
[2017.11.13-19.04.12:037][ 47]LogSavePackage: Moving '../../../../../../Users/Jonathan Oates/Desktop/Repositories/ExperimentalGame_VR/KairosVR_new/Saved/P_Ribbon6C9718574D9ED980A91940A34EE08F16.tmp' to '../../../../../../Users/Jonathan Oates/Desktop/Repositories/ExperimentalGame_VR/KairosVR_new/Content/Particles/Ribbon/P_Ribbon.uasset'
[2017.11.13-19.04.12:048][ 47]LogSavePackage: Display: Finished SavePackage ../../../../../../Users/Jonathan Oates/Desktop/Repositories/ExperimentalGame_VR/KairosVR_new/Content/Particles/Ribbon/P_Ribbon.uasset
[2017.11.13-19.04.21:384][848]LogStaticMesh: Building static mesh radialMenuWedge_3...
[2017.11.13-19.04.21:462][848]LogStaticMesh: Built static mesh [0.08s] /Game/Assets/radialMenuWedge_3.radialMenuWedge_3
[2017.11.13-19.04.21:608][848]LogMaterial: Missing cached shader map for material lambert1, compiling. 
[2017.11.13-19.04.44:861][914]BlueprintLog: New page: Compile BP_GenericShip
[2017.11.13-19.04.51:680][581]LogTemp: Repeating last play command: VR Preview
[2017.11.13-19.04.51:763][581]BlueprintLog: New page: Pre-Play auto-recompile
[2017.11.13-19.04.51:766][581]LogPlayLevel: [PlayLevel] Compiling BP_Bullet_Minigun before play...
[2017.11.13-19.04.52:042][581]LogPlayLevel: PlayLevel: Blueprint regeneration took 278 ms (1 blueprints)
[2017.11.13-19.04.52:047][581]PIE: New page: PIE session: StartupMap (Nov 13, 2017, 9:04:52 AM)
[2017.11.13-19.04.52:047][581]LogPlayLevel: Creating play world package: /Game/VirtualRealityBP/Maps/UEDPIE_0_StartupMap
[2017.11.13-19.04.52:063][581]LogPlayLevel: PIE: StaticDuplicateObject took: (0.015692s)
[2017.11.13-19.04.52:064][581]LogAIModule: Creating AISystem for world StartupMap
[2017.11.13-19.04.52:064][581]LogPlayLevel: PIE: World Init took: (0.000898s)
[2017.11.13-19.04.52:064][581]LogPlayLevel: PIE: Created PIE world by copying editor world from /Game/VirtualRealityBP/Maps/StartupMap.StartupMap to /Game/VirtualRealityBP/Maps/UEDPIE_0_StartupMap.StartupMap (0.016879s)
[2017.11.13-19.04.52:208][581]LogInit: XAudio2 using 'Speakers (2- High Definition Audio Device)' : 2 channels at 44.1 kHz using 16 bits per sample (channel mask 0x3)
[2017.11.13-19.04.52:225][581]LogInit: FAudioDevice initialized.
[2017.11.13-19.04.52:393][581]LogUObjectGlobals: Warning: Failed to find object 'Class None.'
[2017.11.13-19.04.52:393][581]LogLoad: Game class is 'GameModeBase'
[2017.11.13-19.04.52:396][581]LogWorld: Bringing World /Game/VirtualRealityBP/Maps/UEDPIE_0_StartupMap.StartupMap up for play (max tick rate 0) at 2017.11.13-14.04.52
[2017.11.13-19.04.52:404][581]LogWorld: Bringing up level for play took: 0.010681
[2017.11.13-19.04.52:424][581]LogGameMode: FindPlayerStart: PATHS NOT DEFINED or NO PLAYERSTART with positive rating
[2017.11.13-19.04.52:521][581]LogContentBrowser: Native class hierarchy updated for 'MovieSceneCapture' in 0.0008 seconds. Added 11 classes and 0 folders.
[2017.11.13-19.04.52:527][581]PIE: Play in editor start time for /Game/VirtualRealityBP/Maps/UEDPIE_0_StartupMap 0.634
[2017.11.13-19.04.52:588][582]LogRenderer: Reallocating scene render targets to support 3024x1680 Format 26 NumSamples 1 (Frame:1).
[2017.11.13-19.05.07:763][784]LogAIModule: Creating AISystem for world ShipInterior
[2017.11.13-19.05.10:199][784]LogSavePackage: Save=19.07ms
[2017.11.13-19.05.10:199][784]LogSavePackage: Moving '../../../../../../Users/Jonathan Oates/Desktop/Repositories/ExperimentalGame_VR/KairosVR_new/Saved/BP_Bullet_MinigunECDCE185424F01DF5D65E583D1094B82.tmp' to '../../../../../../Users/Jonathan Oates/Desktop/Repositories/ExperimentalGame_VR/KairosVR_new/Content/Blueprints/BP_Bullet_Minigun.uasset'
[2017.11.13-19.05.10:210][784]LogSavePackage: Display: Finished SavePackage ../../../../../../Users/Jonathan Oates/Desktop/Repositories/ExperimentalGame_VR/KairosVR_new/Content/Blueprints/BP_Bullet_Minigun.uasset
[2017.11.13-19.05.10:552][784]LogSavePackage: Save=303.96ms
[2017.11.13-19.05.10:552][784]LogSavePackage: Moving '../../../../../../Users/Jonathan Oates/Desktop/Repositories/ExperimentalGame_VR/KairosVR_new/Saved/BP_GenericShip45C7E1C5409F1474464206BD6623A28E.tmp' to '../../../../../../Users/Jonathan Oates/Desktop/Repositories/ExperimentalGame_VR/KairosVR_new/Content/Blueprints/BP_GenericShip.uasset'
[2017.11.13-19.05.10:563][784]LogSavePackage: Display: Finished SavePackage ../../../../../../Users/Jonathan Oates/Desktop/Repositories/ExperimentalGame_VR/KairosVR_new/Content/Blueprints/BP_GenericShip.uasset
[2017.11.13-19.05.10:589][784]LogSavePackage: Save=9.33ms
[2017.11.13-19.05.10:589][784]LogSavePackage: Moving '../../../../../../Users/Jonathan Oates/Desktop/Repositories/ExperimentalGame_VR/KairosVR_new/Saved/Mat_Beam1DCE01634A909B1ADBB286BE33B60EED.tmp' to '../../../../../../Users/Jonathan Oates/Desktop/Repositories/ExperimentalGame_VR/KairosVR_new/Content/Particles/Beam/Mat_Beam.uasset'
[2017.11.13-19.05.10:601][784]LogSavePackage: Display: Finished SavePackage ../../../../../../Users/Jonathan Oates/Desktop/Repositories/ExperimentalGame_VR/KairosVR_new/Content/Particles/Beam/Mat_Beam.uasset
[2017.11.13-19.05.10:639][784]LogSavePackage: Save=21.96ms
[2017.11.13-19.05.10:640][784]LogSavePackage: Moving '../../../../../../Users/Jonathan Oates/Desktop/Repositories/ExperimentalGame_VR/KairosVR_new/Saved/Mat_Ribbon9C04841143E9746CB7D672A90B60AB80.tmp' to '../../../../../../Users/Jonathan Oates/Desktop/Repositories/ExperimentalGame_VR/KairosVR_new/Content/Particles/Ribbon/Mat_Ribbon.uasset'
[2017.11.13-19.05.10:651][784]LogSavePackage: Display: Finished SavePackage ../../../../../../Users/Jonathan Oates/Desktop/Repositories/ExperimentalGame_VR/KairosVR_new/Content/Particles/Ribbon/Mat_Ribbon.uasset
[2017.11.13-19.05.10:652][784]Cmd: MAP LOAD FILE="../../../../../../Users/Jonathan Oates/Desktop/Repositories/ExperimentalGame_VR/KairosVR_new/Content/Maps/ShipInterior.umap" TEMPLATE=0 SHOWPROGRESS=1 FEATURELEVEL=3
[2017.11.13-19.05.10:652][784]LightingResults: New page: Lighting Build
[2017.11.13-19.05.10:655][784]LoadErrors: New page: Loading map: ShipInterior.umap
[2017.11.13-19.05.10:656][784]MapCheck: New page: Map Check
[2017.11.13-19.05.10:656][784]LightingResults: New page: Lighting Build
[2017.11.13-19.05.10:779][784]LogEditorServer: Finished looking for orphan Actors (0.000 secs)
[2017.11.13-19.05.10:876][784]Cmd: MAP CHECKDEP NOCLEARLOG
[2017.11.13-19.05.11:046][784]MapCheck: Map check complete: 0 Error(s), 0 Warning(s), took 169.117ms to complete.
[2017.11.13-19.05.11:046][784]LogFileHelpers: Loading map 'ShipInterior' took 0.395
[2017.11.13-19.05.15:574][273]LogTemp: Repeating last play command: VR Preview
[2017.11.13-19.05.15:599][273]LogPlayLevel: PlayLevel: No blueprints needed recompiling
[2017.11.13-19.05.15:599][273]PIE: New page: PIE session: ShipInterior (Nov 13, 2017, 9:05:15 AM)
[2017.11.13-19.05.15:599][273]LogPlayLevel: Creating play world package: /Game/Maps/UEDPIE_0_ShipInterior
[2017.11.13-19.05.15:602][273]LogPlayLevel: PIE: StaticDuplicateObject took: (0.003129s)
[2017.11.13-19.05.15:604][273]LogAIModule: Creating AISystem for world ShipInterior
[2017.11.13-19.05.15:604][273]LogPlayLevel: PIE: World Init took: (0.001490s)
[2017.11.13-19.05.15:604][273]LogPlayLevel: PIE: Created PIE world by copying editor world from /Game/Maps/ShipInterior.ShipInterior to /Game/Maps/UEDPIE_0_ShipInterior.ShipInterior (0.004963s)
[2017.11.13-19.05.15:736][273]LogInit: XAudio2 using 'Speakers (2- High Definition Audio Device)' : 2 channels at 44.1 kHz using 16 bits per sample (channel mask 0x3)
[2017.11.13-19.05.15:752][273]LogInit: FAudioDevice initialized.
[2017.11.13-19.05.15:886][273]LogUObjectGlobals: Warning: Failed to find object 'Class None.'
[2017.11.13-19.05.15:886][273]LogLoad: Game class is 'GameModeBase'
[2017.11.13-19.05.15:889][273]LogWorld: Bringing World /Game/Maps/UEDPIE_0_ShipInterior.ShipInterior up for play (max tick rate 0) at 2017.11.13-14.05.15
[2017.11.13-19.05.15:889][273]LogWorld: Bringing up level for play took: 0.001937
[2017.11.13-19.05.15:977][273]PIE: Play in editor start time for /Game/Maps/UEDPIE_0_ShipInterior 0.084
[2017.11.13-19.07.36:739][391]LogCascade: Quitting Cascade. FXSystem=0x000001E58372A2A0
[2017.11.13-19.07.36:854][391]LogActorComponent: UnregisterComponent: (/Engine/Transient.EditorFloorComp) Not registered. Aborting.
[2017.11.13-19.07.37:183][392]Cmd: QUIT_EDITOR
[2017.11.13-19.07.37:367][392]LogWindowsTextInputMethodSystem: Display: IME system now deactivated.
[2017.11.13-19.07.37:389][392]LogExit: Preparing to exit.
[2017.11.13-19.07.37:849][392]LogDirectoryWatcher: A directory notification for 'C:/Users/Jonathan Oates/Desktop/Repositories/ExperimentalGame_VR/KairosVR_new/Content/' was aborted.
[2017.11.13-19.07.37:897][392]LogExit: Editor shut down
[2017.11.13-19.07.37:904][392]LogExit: Transaction tracking system shut down
[2017.11.13-19.07.38:103][392]LogDirectoryWatcher: A directory notification for '../../../Engine/Content/' was aborted.
[2017.11.13-19.07.38:103][392]LogDirectoryWatcher: A directory notification for '../../../../../../Users/Jonathan Oates/Desktop/Repositories/ExperimentalGame_VR/KairosVR_new/Content/' was aborted.
[2017.11.13-19.07.38:103][392]LogDirectoryWatcher: A directory notification for '../../../Engine/Plugins/2D/Paper2D/Content/' was aborted.
[2017.11.13-19.07.38:103][392]LogDirectoryWatcher: A directory notification for '../../../Engine/Plugins/Runtime/Oculus/OculusVR/Content/' was aborted.
[2017.11.13-19.07.38:103][392]LogDirectoryWatcher: A directory notification for '../../../Engine/Plugins/Runtime/Steam/SteamVR/Content/' was aborted.
[2017.11.13-19.07.38:378][392]LogExit: Object subsystem successfully closed.
[2017.11.13-19.07.38:400][392]LogD3D11RHI: Shutdown
[2017.11.13-19.07.38:401][392]LogD3D11RHI: CleanupD3DDevice
[2017.11.13-19.07.38:409][392]LogD3D11RHI: ~FD3D11DynamicRHI
[2017.11.13-19.07.38:562][392]LogModuleManager: Shutting down and abandoning module MovieSceneCapture (542)
[2017.11.13-19.07.38:562][392]LogModuleManager: Shutting down and abandoning module DistCurveEditor (540)
[2017.11.13-19.07.38:562][392]LogModuleManager: Shutting down and abandoning module Cascade (538)
[2017.11.13-19.07.38:562][392]LogModuleManager: Shutting down and abandoning module MaterialEditor (536)
[2017.11.13-19.07.38:562][392]LogModuleManager: Shutting down and abandoning module BlueprintGraph (534)
[2017.11.13-19.07.38:562][392]LogModuleManager: Shutting down and abandoning module BlueprintProfiler (532)
[2017.11.13-19.07.38:563][392]LogModuleManager: Shutting down and abandoning module HierarchicalLODOutliner (530)
[2017.11.13-19.07.38:563][392]LogModuleManager: Shutting down and abandoning module SceneOutliner (528)
[2017.11.13-19.07.38:563][392]LogModuleManager: Shutting down and abandoning module AddContentDialog (526)
[2017.11.13-19.07.38:563][392]LogDirectoryWatcher: A directory notification for 'C:/Program Files/Epic Games/UE_4.17/FeaturePacks/' was aborted.
[2017.11.13-19.07.38:564][392]LogModuleManager: Shutting down and abandoning module WidgetCarousel (525)
[2017.11.13-19.07.38:564][392]LogModuleManager: Shutting down and abandoning module EditorWidgets (522)
[2017.11.13-19.07.38:564][392]LogModuleManager: Shutting down and abandoning module CollectionManager (520)
[2017.11.13-19.07.38:564][392]LogDirectoryWatcher: A directory notification for 'C:/Users/Jonathan Oates/Desktop/Repositories/ExperimentalGame_VR/KairosVR_new/Content/Collections/' was aborted.
[2017.11.13-19.07.38:565][392]LogDirectoryWatcher: A directory notification for 'C:/Users/Jonathan Oates/Desktop/Repositories/ExperimentalGame_VR/KairosVR_new/Content/Developers/JonathanOates/Collections/' was aborted.
[2017.11.13-19.07.38:565][392]LogDirectoryWatcher: A directory notification for 'C:/Users/Jonathan Oates/Desktop/Repositories/ExperimentalGame_VR/KairosVR_new/Saved/Collections/' was aborted.
[2017.11.13-19.07.38:565][392]LogModuleManager: Shutting down and abandoning module StatsViewer (518)
[2017.11.13-19.07.38:565][392]LogModuleManager: Shutting down and abandoning module FoliageEdit (516)
[2017.11.13-19.07.38:565][392]LogModuleManager: Shutting down and abandoning module LandscapeEditor (514)
[2017.11.13-19.07.38:565][392]LogModuleManager: Shutting down and abandoning module MeshPaintMode (512)
[2017.11.13-19.07.38:565][392]LogModuleManager: Shutting down and abandoning module SceneDepthPickerMode (510)
[2017.11.13-19.07.38:565][392]LogModuleManager: Shutting down and abandoning module ActorPickerMode (508)
[2017.11.13-19.07.38:565][392]LogModuleManager: Shutting down and abandoning module GeometryMode (506)
[2017.11.13-19.07.38:565][392]LogModuleManager: Shutting down and abandoning module TextureAlignMode (504)
[2017.11.13-19.07.38:565][392]LogModuleManager: Shutting down and abandoning module BspMode (502)
[2017.11.13-19.07.38:565][392]LogModuleManager: Shutting down and abandoning module PIEPreviewDeviceProfileSelector (500)
[2017.11.13-19.07.38:565][392]LogModuleManager: Shutting down and abandoning module HardwareSurvey (498)
[2017.11.13-19.07.38:566][392]LogModuleManager: Shutting down and abandoning module SequenceRecorderSections (496)
[2017.11.13-19.07.38:566][392]LogModuleManager: Shutting down and abandoning module AutomationWorker (494)
[2017.11.13-19.07.38:566][392]LogModuleManager: Shutting down and abandoning module MatineeToLevelSequence (492)
[2017.11.13-19.07.38:566][392]LogModuleManager: Shutting down and abandoning module LevelSequenceEditor (490)
[2017.11.13-19.07.38:576][392]LogModuleManager: Shutting down and abandoning module PlacementMode (489)
[2017.11.13-19.07.38:576][392]LogModuleManager: Shutting down and abandoning module WmfMediaFactory (486)
[2017.11.13-19.07.38:576][392]LogModuleManager: Shutting down and abandoning module WmfMediaEditor (484)
[2017.11.13-19.07.38:576][392]LogModuleManager: Shutting down and abandoning module AvfMediaFactory (482)
[2017.11.13-19.07.38:576][392]LogModuleManager: Shutting down and abandoning module AvfMediaEditor (480)
[2017.11.13-19.07.38:576][392]LogModuleManager: Shutting down and abandoning module AndroidMediaFactory (478)
[2017.11.13-19.07.38:576][392]LogModuleManager: Shutting down and abandoning module Media (477)
[2017.11.13-19.07.38:576][392]LogModuleManager: Shutting down and abandoning module AndroidMediaEditor (474)
[2017.11.13-19.07.38:576][392]LogModuleManager: Shutting down and abandoning module CharacterAI (472)
[2017.11.13-19.07.38:576][392]LogModuleManager: Shutting down and abandoning module AudioCapture (470)
[2017.11.13-19.07.38:576][392]LogModuleManager: Shutting down and abandoning module SequenceRecorder (469)
[2017.11.13-19.07.38:576][392]LogModuleManager: Shutting down and abandoning module SmartSnapping (466)
[2017.11.13-19.07.38:576][392]LogModuleManager: Shutting down and abandoning module SessionServices (464)
[2017.11.13-19.07.38:576][392]LogModuleManager: Shutting down and abandoning module ViewportSnapping (462)
[2017.11.13-19.07.38:576][392]LogModuleManager: Shutting down and abandoning module ViewportInteraction (460)
[2017.11.13-19.07.38:576][392]LogModuleManager: Shutting down and abandoning module ClothPainter (458)
[2017.11.13-19.07.38:583][392]LogModuleManager: Shutting down and abandoning module LogVisualizer (456)
[2017.11.13-19.07.38:584][392]LogModuleManager: Shutting down and abandoning module IntroTutorials (454)
[2017.11.13-19.07.38:584][392]LogModuleManager: Shutting down and abandoning module GameProjectGeneration (453)
[2017.11.13-19.07.38:584][392]LogModuleManager: Shutting down and abandoning module IOSPlatformEditor (450)
[2017.11.13-19.07.38:584][392]LogModuleManager: Shutting down and abandoning module HTML5PlatformEditor (448)
[2017.11.13-19.07.38:584][392]LogModuleManager: Shutting down and abandoning module AndroidPlatformEditor (446)
[2017.11.13-19.07.38:584][392]LogModuleManager: Shutting down and abandoning module AndroidDeviceDetection (445)
[2017.11.13-19.07.39:039][392]LogModuleManager: Shutting down and abandoning module WindowsPlatformEditor (442)
[2017.11.13-19.07.39:039][392]LogModuleManager: Shutting down and abandoning module IOSRuntimeSettings (440)
[2017.11.13-19.07.39:039][392]LogModuleManager: Shutting down and abandoning module AndroidRuntimeSettings (438)
[2017.11.13-19.07.39:039][392]LogModuleManager: Shutting down and abandoning module InputBindingEditor (436)
[2017.11.13-19.07.39:043][392]LogModuleManager: Shutting down and abandoning module MergeActors (434)
[2017.11.13-19.07.39:051][392]LogModuleManager: Shutting down and abandoning module SizeMap (432)
[2017.11.13-19.07.39:051][392]LogModuleManager: Shutting down and abandoning module TreeMap (430)
[2017.11.13-19.07.39:051][392]LogModuleManager: Shutting down and abandoning module ReferenceViewer (428)
[2017.11.13-19.07.39:051][392]LogModuleManager: Shutting down and abandoning module LocalizationDashboard (426)
[2017.11.13-19.07.39:058][392]LogModuleManager: Shutting down and abandoning module LocalizationService (425)
[2017.11.13-19.07.39:058][392]LogModuleManager: Shutting down and abandoning module HardwareTargeting (422)
[2017.11.13-19.07.39:058][392]LogModuleManager: Shutting down and abandoning module DeviceProfileEditor (420)
[2017.11.13-19.07.39:059][392]LogModuleManager: Shutting down and abandoning module UndoHistory (418)
[2017.11.13-19.07.39:059][392]LogModuleManager: Shutting down and abandoning module XmlParser (416)
[2017.11.13-19.07.39:059][392]LogModuleManager: Shutting down and abandoning module Blutility (414)
[2017.11.13-19.07.39:059][392]LogModuleManager: Shutting down and abandoning module ProjectSettingsViewer (412)
[2017.11.13-19.07.39:059][392]LogModuleManager: Shutting down and abandoning module ProjectTargetPlatformEditor (411)
[2017.11.13-19.07.39:059][392]LogModuleManager: Shutting down and abandoning module EditorSettingsViewer (408)
[2017.11.13-19.07.39:059][392]LogModuleManager: Shutting down and abandoning module SettingsEditor (406)
[2017.11.13-19.07.39:066][392]LogModuleManager: Shutting down and abandoning module ProjectLauncher (404)
[2017.11.13-19.07.39:074][392]LogModuleManager: Shutting down and abandoning module SessionFrontend (402)
[2017.11.13-19.07.39:074][392]LogModuleManager: Shutting down and abandoning module ProfilerClient (400)
[2017.11.13-19.07.39:085][392]LogModuleManager: Shutting down and abandoning module DeviceManager (398)
[2017.11.13-19.07.39:085][392]LogModuleManager: Shutting down and abandoning module TargetDeviceServices (397)
[2017.11.13-19.07.39:140][392]LogModuleManager: Shutting down and abandoning module AutomationController (394)
[2017.11.13-19.07.39:140][392]LogModuleManager: Shutting down and abandoning module AutomationWindow (392)
[2017.11.13-19.07.39:160][392]LogModuleManager: Shutting down and abandoning module Layers (390)
[2017.11.13-19.07.39:175][392]LogModuleManager: Shutting down and abandoning module ComponentVisualizers (388)
[2017.11.13-19.07.39:175][392]LogModuleManager: Shutting down and abandoning module DetailCustomizations (386)
[2017.11.13-19.07.39:175][392]LogModuleManager: Shutting down and abandoning module PackagesDialog (384)
[2017.11.13-19.07.39:176][392]LogModuleManager: Shutting down and abandoning module Persona (382)
[2017.11.13-19.07.39:176][392]LogModuleManager: Shutting down and abandoning module AdvancedPreviewScene (381)
[2017.11.13-19.07.39:176][392]LogModuleManager: Shutting down and abandoning module AnimGraph (379)
[2017.11.13-19.07.39:176][392]LogModuleManager: Shutting down and abandoning module Kismet (376)
[2017.11.13-19.07.39:188][392]LogModuleManager: Shutting down and abandoning module ClassViewer (374)
[2017.11.13-19.07.39:190][392]LogModuleManager: Shutting down and abandoning module Toolbox (372)
[2017.11.13-19.07.39:190][392]LogModuleManager: Shutting down and abandoning module ModuleUI (370)
[2017.11.13-19.07.39:194][392]LogModuleManager: Shutting down and abandoning module MovieSceneTools (368)
[2017.11.13-19.07.39:194][392]LogModuleManager: Shutting down and abandoning module OutputLog (366)
[2017.11.13-19.07.39:194][392]LogModuleManager: Shutting down and abandoning module GammaUI (364)
[2017.11.13-19.07.39:199][392]LogModuleManager: Shutting down and abandoning module Documentation (362)
[2017.11.13-19.07.39:199][392]LogModuleManager: Shutting down and abandoning module MovieSceneTracks (360)
[2017.11.13-19.07.39:205][392]LogModuleManager: Shutting down and abandoning module MovieScene (358)
[2017.11.13-19.07.39:205][392]LogModuleManager: Shutting down and abandoning module Niagara (356)
[2017.11.13-19.07.39:205][392]LogModuleManager: Shutting down and abandoning module NiagaraEditor (355)
[2017.11.13-19.07.39:206][392]LogModuleManager: Shutting down and abandoning module StreamingPauseRendering (352)
[2017.11.13-19.07.39:206][392]LogModuleManager: Shutting down and abandoning module LauncherPlatform (350)
[2017.11.13-19.07.39:206][392]LogModuleManager: Shutting down and abandoning module AnalyticsET (348)
[2017.11.13-19.07.39:206][392]LogModuleManager: Shutting down and abandoning module PortalServices (346)
[2017.11.13-19.07.39:206][392]LogModuleManager: Shutting down and abandoning module PortalRpc (344)
[2017.11.13-19.07.39:206][392]LogModuleManager: Shutting down and abandoning module MessagingRpc (342)
[2017.11.13-19.07.39:206][392]LogModuleManager: Shutting down and abandoning module AIModule (340)
[2017.11.13-19.07.39:206][392]LogModuleManager: Shutting down and abandoning module GameplayDebugger (339)
[2017.11.13-19.07.39:206][392]LogModuleManager: Shutting down and abandoning module AITestSuite (337)
[2017.11.13-19.07.39:206][392]LogModuleManager: Shutting down and abandoning module ProfilerService (334)
[2017.11.13-19.07.39:232][392]LogModuleManager: Shutting down and abandoning module TaskGraph (332)
[2017.11.13-19.07.39:239][392]LogModuleManager: Shutting down and abandoning module SteamVRController (330)
[2017.11.13-19.07.39:239][392]LogModuleManager: Shutting down and abandoning module ProceduralMeshComponentEditor (328)
[2017.11.13-19.07.39:239][392]LogModuleManager: Shutting down and abandoning module ProceduralMeshComponent (326)
[2017.11.13-19.07.39:239][392]LogModuleManager: Shutting down and abandoning module OculusInput (324)
[2017.11.13-19.07.39:239][392]LogModuleManager: Shutting down and abandoning module MobilePatchingUtils (322)
[2017.11.13-19.07.39:239][392]LogModuleManager: Shutting down and abandoning module CustomMeshComponent (320)
[2017.11.13-19.07.39:239][392]LogModuleManager: Shutting down and abandoning module CableComponent (318)
[2017.11.13-19.07.39:239][392]LogModuleManager: Shutting down and abandoning module ArchVisCharacter (316)
[2017.11.13-19.07.39:239][392]LogModuleManager: Shutting down and abandoning module AndroidPermission (314)
[2017.11.13-19.07.39:239][392]LogModuleManager: Shutting down and abandoning module MediaPlayerEditor (310)
[2017.11.13-19.07.39:243][392]LogModuleManager: Shutting down and abandoning module HTML5Networking (308)
[2017.11.13-19.07.39:243][392]LogModuleManager: Shutting down and abandoning module AlembicImporter (306)
[2017.11.13-19.07.39:255][392]LogModuleManager: Shutting down and abandoning module AlembicLibrary (305)
[2017.11.13-19.07.39:255][392]LogModuleManager: Shutting down and abandoning module GeometryCache (304)
[2017.11.13-19.07.39:255][392]LogModuleManager: Shutting down and abandoning module GeometryCacheEd (303)
[2017.11.13-19.07.39:255][392]LogModuleManager: Shutting down and abandoning module SpeedTreeImporter (298)
[2017.11.13-19.07.39:255][392]LogModuleManager: Shutting down and abandoning module PluginBrowser (296)
[2017.11.13-19.07.39:260][392]LogModuleManager: Shutting down and abandoning module MobileLauncherProfileWizard (294)
[2017.11.13-19.07.39:266][392]LogModuleManager: Shutting down and abandoning module VisualStudioSourceCodeAccess (292)
[2017.11.13-19.07.39:266][392]LogModuleManager: Shutting down and abandoning module DesktopPlatform (291)
[2017.11.13-19.07.39:266][392]LogModuleManager: Shutting down and abandoning module UObjectPlugin (288)
[2017.11.13-19.07.39:266][392]LogModuleManager: Shutting down and abandoning module SubversionSourceControl (286)
[2017.11.13-19.07.39:266][392]LogModuleManager: Shutting down and abandoning module PerforceSourceControl (284)
[2017.11.13-19.07.39:266][392]LogModuleManager: Shutting down and abandoning module GitSourceControl (282)
[2017.11.13-19.07.39:266][392]LogModuleManager: Shutting down and abandoning module SourceControl (281)
[2017.11.13-19.07.39:266][392]LogModuleManager: Shutting down and abandoning module LightPropagationVolumeEditor (278)
[2017.11.13-19.07.39:266][392]LogModuleManager: Shutting down and abandoning module PaperTiledImporter (276)
[2017.11.13-19.07.39:266][392]LogModuleManager: Shutting down and abandoning module PaperSpriteSheetImporter (274)
[2017.11.13-19.07.39:266][392]LogModuleManager: Shutting down and abandoning module Paper2DEditor (272)
[2017.11.13-19.07.39:266][392]LogModuleManager: Shutting down and abandoning module MeshPaint (271)
[2017.11.13-19.07.39:266][392]LogModuleManager: Shutting down and abandoning module LevelEditor (269)
[2017.11.13-19.07.39:267][392]LogModuleManager: Shutting down and abandoning module PixelInspectorModule (268)
[2017.11.13-19.07.39:267][392]LogModuleManager: Shutting down and abandoning module MainFrame (266)
[2017.11.13-19.07.39:267][392]LogModuleManager: Shutting down and abandoning module HotReload (265)
[2017.11.13-19.07.39:268][392]LogModuleManager: Shutting down and abandoning module RuntimePhysXCooking (260)
[2017.11.13-19.07.39:268][392]LogModuleManager: Shutting down and abandoning module PhysXVehiclesEditor (258)
[2017.11.13-19.07.39:268][392]LogModuleManager: Shutting down and abandoning module PhysXVehicles (256)
[2017.11.13-19.07.39:268][392]LogModuleManager: Shutting down and abandoning module OculusEditor (254)
[2017.11.13-19.07.39:268][392]LogModuleManager: Shutting down and abandoning module LocationServicesBPLibrary (252)
[2017.11.13-19.07.39:268][392]LogModuleManager: Shutting down and abandoning module ImmediatePhysicsEditor (250)
[2017.11.13-19.07.39:268][392]LogModuleManager: Shutting down and abandoning module ImmediatePhysics (248)
[2017.11.13-19.07.39:268][392]LogModuleManager: Shutting down and abandoning module UdpMessaging (246)
[2017.11.13-19.07.39:369][392]LogModuleManager: Shutting down and abandoning module TcpMessaging (244)
[2017.11.13-19.07.39:470][392]LogModuleManager: Shutting down and abandoning module GameplayTagsEditor (242)
[2017.11.13-19.07.39:470][392]LogModuleManager: Shutting down and abandoning module FacialAnimationEditor (240)
[2017.11.13-19.07.39:470][392]LogModuleManager: Shutting down and abandoning module FacialAnimation (238)
[2017.11.13-19.07.39:470][392]LogModuleManager: Shutting down and abandoning module AssetManagerEditor (236)
[2017.11.13-19.07.39:470][392]LogModuleManager: Shutting down and abandoning module GraphEditor (235)
[2017.11.13-19.07.39:470][392]LogModuleManager: Shutting down and abandoning module ContentBrowser (233)
[2017.11.13-19.07.39:471][392]LogModuleManager: Shutting down and abandoning module LightPropagationVolumeRuntime (230)
[2017.11.13-19.07.39:471][392]LogModuleManager: Shutting down and abandoning module Paper2D (228)
[2017.11.13-19.07.39:471][392]LogModuleManager: Shutting down and abandoning module WindowsMoviePlayer (226)
[2017.11.13-19.07.39:472][392]LogModuleManager: Shutting down and abandoning module WmfMedia (224)
[2017.11.13-19.07.39:472][392]LogModuleManager: Shutting down and abandoning module PacketHandler (222)
[2017.11.13-19.07.39:472][392]LogModuleManager: Shutting down and abandoning module ClothingSystemEditor (220)
[2017.11.13-19.07.39:472][392]LogModuleManager: Shutting down and abandoning module ClothingSystemRuntime (218)
[2017.11.13-19.07.39:472][392]LogModuleManager: Shutting down and abandoning module Overlay (216)
[2017.11.13-19.07.39:472][392]LogModuleManager: Shutting down and abandoning module OverlayEditor (215)
[2017.11.13-19.07.39:472][392]LogModuleManager: Shutting down and abandoning module MediaAssets (212)
[2017.11.13-19.07.39:472][392]LogModuleManager: Shutting down and abandoning module VREditor (210)
[2017.11.13-19.07.39:483][392]LogModuleManager: Shutting down and abandoning module StringTableEditor (208)
[2017.11.13-19.07.39:483][392]LogModuleManager: Shutting down and abandoning module GameplayTasksEditor (206)
[2017.11.13-19.07.39:483][392]LogModuleManager: Shutting down and abandoning module BehaviorTreeEditor (204)
[2017.11.13-19.07.39:488][392]LogModuleManager: Shutting down and abandoning module FunctionalTesting (202)
[2017.11.13-19.07.39:488][392]LogModuleManager: Shutting down and abandoning module CollisionAnalyzer (200)
[2017.11.13-19.07.39:489][392]LogModuleManager: Shutting down and abandoning module WorkspaceMenuStructure (199)
[2017.11.13-19.07.39:489][392]LogModuleManager: Shutting down and abandoning module UMG (196)
[2017.11.13-19.07.39:489][392]LogModuleManager: Shutting down and abandoning module UMGEditor (195)
[2017.11.13-19.07.39:507][392]LogModuleManager: Shutting down and abandoning module Sequencer (194)
[2017.11.13-19.07.39:517][392]LogModuleManager: Shutting down and abandoning module MessageLog (191)
[2017.11.13-19.07.39:517][392]LogModuleManager: Shutting down and abandoning module SlateReflector (186)
[2017.11.13-19.07.39:526][392]LogModuleManager: Shutting down and abandoning module Slate (184)
[2017.11.13-19.07.39:526][392]LogModuleManager: Shutting down and abandoning module EditorStyle (182)
[2017.11.13-19.07.39:530][392]LogModuleManager: Shutting down and abandoning module MRMesh (180)
[2017.11.13-19.07.39:530][392]LogModuleManager: Shutting down and abandoning module SourceCodeAccess (178)
[2017.11.13-19.07.39:530][392]LogModuleManager: Shutting down and abandoning module HeadMountedDisplay (176)
[2017.11.13-19.07.39:530][392]LogModuleManager: Shutting down and abandoning module XAudio2 (174)
[2017.11.13-19.07.39:530][392]LogModuleManager: Shutting down and abandoning module Networking (172)
[2017.11.13-19.07.39:530][392]LogModuleManager: Shutting down and abandoning module Core (168)
[2017.11.13-19.07.39:530][392]LogModuleManager: Shutting down and abandoning module KismetCompiler (164)
[2017.11.13-19.07.39:530][392]LogModuleManager: Shutting down and abandoning module LevelSequence (162)
[2017.11.13-19.07.39:530][392]LogModuleManager: Shutting down and abandoning module MeshUtilities (160)
[2017.11.13-19.07.39:530][392]LogModuleManager: Shutting down and abandoning module MeshMergeUtilities (159)
[2017.11.13-19.07.39:539][392]LogModuleManager: Shutting down and abandoning module MeshReductionInterface (158)
[2017.11.13-19.07.39:539][392]LogModuleManager: Shutting down and abandoning module SimplygonSwarm (157)
[2017.11.13-19.07.39:544][392]LogModuleManager: Shutting down and abandoning module SimplygonMeshReduction (155)
[2017.11.13-19.07.39:544][392]LogModuleManager: Shutting down and abandoning module QuadricMeshReduction (153)
[2017.11.13-19.07.39:544][392]LogModuleManager: Shutting down and abandoning module MaterialBaking (149)
[2017.11.13-19.07.39:544][392]LogModuleManager: Shutting down and abandoning module DirectoryWatcher (146)
[2017.11.13-19.07.39:545][392]LogModuleManager: Shutting down and abandoning module DerivedDataCache (144)
[2017.11.13-19.07.39:579][392]LogDerivedDataCache: Shutdown
[2017.11.13-19.07.39:579][392]LogModuleManager: Shutting down and abandoning module TargetPlatform (142)
[2017.11.13-19.07.39:579][392]LogModuleManager: Shutting down and abandoning module VulkanShaderFormat (141)
[2017.11.13-19.07.39:579][392]LogModuleManager: Shutting down and abandoning module ShaderFormatVectorVM (139)
[2017.11.13-19.07.39:592][392]LogModuleManager: Shutting down and abandoning module ShaderFormatOpenGL (137)
[2017.11.13-19.07.39:597][392]LogModuleManager: Shutting down and abandoning module ShaderFormatD3D (135)
[2017.11.13-19.07.39:597][392]LogModuleManager: Shutting down and abandoning module MetalShaderFormat (133)
[2017.11.13-19.07.39:628][392]LogModuleManager: Shutting down and abandoning module TextureFormatUncompressed (131)
[2017.11.13-19.07.39:628][392]LogModuleManager: Shutting down and abandoning module TextureFormatPVR (129)
[2017.11.13-19.07.39:628][392]LogModuleManager: Shutting down and abandoning module TextureFormatDXT (127)
[2017.11.13-19.07.39:628][392]LogModuleManager: Shutting down and abandoning module TextureFormatIntelISPCTexComp (125)
[2017.11.13-19.07.39:628][392]LogModuleManager: Shutting down and abandoning module TextureFormatASTC (123)
[2017.11.13-19.07.39:628][392]LogModuleManager: Shutting down and abandoning module ImageWrapper (122)
[2017.11.13-19.07.39:628][392]LogModuleManager: Shutting down and abandoning module TextureFormatAndroid (119)
[2017.11.13-19.07.39:628][392]LogModuleManager: Shutting down and abandoning module AudioFormatOpus (117)
[2017.11.13-19.07.39:628][392]LogModuleManager: Shutting down and abandoning module AudioFormatOgg (115)
[2017.11.13-19.07.39:628][392]LogModuleManager: Shutting down and abandoning module AudioFormatADPCM (113)
[2017.11.13-19.07.39:628][392]LogModuleManager: Shutting down and abandoning module LinuxTargetPlatform (111)
[2017.11.13-19.07.39:628][392]LogModuleManager: Shutting down and abandoning module LinuxServerTargetPlatform (109)
[2017.11.13-19.07.39:628][392]LogModuleManager: Shutting down and abandoning module LinuxNoEditorTargetPlatform (107)
[2017.11.13-19.07.39:628][392]LogModuleManager: Shutting down and abandoning module LinuxClientTargetPlatform (105)
[2017.11.13-19.07.39:628][392]LogModuleManager: Shutting down and abandoning module TVOSTargetPlatform (103)
[2017.11.13-19.07.39:628][392]LogModuleManager: Shutting down and abandoning module Messaging (101)
[2017.11.13-19.07.39:628][392]LogModuleManager: Shutting down and abandoning module IOSTargetPlatform (99)
[2017.11.13-19.07.39:628][392]LogModuleManager: Shutting down and abandoning module HTML5TargetPlatform (97)
[2017.11.13-19.07.39:628][392]LogModuleManager: Shutting down and abandoning module Android_PVRTCTargetPlatform (95)
[2017.11.13-19.07.39:628][392]LogModuleManager: Shutting down and abandoning module Android_MultiTargetPlatform (93)
[2017.11.13-19.07.39:629][392]LogModuleManager: Shutting down and abandoning module Android_ETC2TargetPlatform (91)
[2017.11.13-19.07.39:629][392]LogModuleManager: Shutting down and abandoning module Android_ETC1TargetPlatform (89)
[2017.11.13-19.07.39:629][392]LogModuleManager: Shutting down and abandoning module Android_DXTTargetPlatform (87)
[2017.11.13-19.07.39:629][392]LogModuleManager: Shutting down and abandoning module Android_ATCTargetPlatform (85)
[2017.11.13-19.07.39:629][392]LogModuleManager: Shutting down and abandoning module Android_ASTCTargetPlatform (83)
[2017.11.13-19.07.39:629][392]LogModuleManager: Shutting down and abandoning module AndroidTargetPlatform (81)
[2017.11.13-19.07.39:629][392]LogModuleManager: Shutting down and abandoning module WindowsTargetPlatform (79)
[2017.11.13-19.07.39:629][392]LogModuleManager: Shutting down and abandoning module WindowsServerTargetPlatform (77)
[2017.11.13-19.07.39:629][392]LogModuleManager: Shutting down and abandoning module WindowsNoEditorTargetPlatform (75)
[2017.11.13-19.07.39:629][392]LogModuleManager: Shutting down and abandoning module WindowsClientTargetPlatform (73)
[2017.11.13-19.07.39:629][392]LogModuleManager: Shutting down and abandoning module MacTargetPlatform (71)
[2017.11.13-19.07.39:629][392]LogModuleManager: Shutting down and abandoning module MacServerTargetPlatform (69)
[2017.11.13-19.07.39:629][392]LogModuleManager: Shutting down and abandoning module MacNoEditorTargetPlatform (67)
[2017.11.13-19.07.39:629][392]LogModuleManager: Shutting down and abandoning module MacClientTargetPlatform (65)
[2017.11.13-19.07.39:629][392]LogModuleManager: Shutting down and abandoning module AllDesktopTargetPlatform (63)
[2017.11.13-19.07.39:629][392]LogModuleManager: Shutting down and abandoning module InputCore (60)
[2017.11.13-19.07.39:629][392]LogModuleManager: Shutting down and abandoning module Settings (58)
[2017.11.13-19.07.39:629][392]LogModuleManager: Shutting down and abandoning module PhysXCooking (56)
[2017.11.13-19.07.39:629][392]LogModuleManager: Shutting down and abandoning module SteamVR (54)
[2017.11.13-19.07.39:629][392]LogModuleManager: Shutting down and abandoning module OculusHMD (52)
[2017.11.13-19.07.39:629][392]LogModuleManager: Shutting down and abandoning module ExampleDeviceProfileSelector (50)
[2017.11.13-19.07.39:629][392]LogModuleManager: Shutting down and abandoning module OnlineBlueprintSupport (48)
[2017.11.13-19.07.39:629][392]LogModuleManager: Shutting down and abandoning module OnlineSubsystem (44)
[2017.11.13-19.07.39:629][392]LogOnline: Display: Unloading online subsystem: NULL
[2017.11.13-19.07.39:638][392]LogModuleManager: Shutting down and abandoning module XMPP (43)
[2017.11.13-19.07.39:648][392]LogModuleManager: Shutting down and abandoning module HTTP (41)
[2017.11.13-19.07.39:648][392]LogHttp: Display: Http module shutting down, but needs to wait on 1 outstanding Http requests:
[2017.11.13-19.07.39:648][392]LogHttp: Display: 	verb=[POST] url=[https://datarouter.ol.epicgames.com/datarouter/api/v1/public/data?SessionID=%7B47F95455-46F4-A64C-BEBF-F488E79C6470%7D&AppID=UEEditor.Rocket.Release&AppVersion=4.17.2-3658906%2B%2B%2BUE4%2BRelease-4.17&UserID=0c00cb594444ce5292f97aadf3b4bd87%7C9975c818dc15487da82246fda931f30b%7C03c2f105-f08a-4122-bd94-ebf12ae9fd8f&AppEnvironment=datacollector-binary&UploadType=eteventstream] status=Processing
[2017.11.13-19.07.39:655][392]LogModuleManager: Shutting down and abandoning module SSL (40)
[2017.11.13-19.07.39:657][392]LogModuleManager: Shutting down and abandoning module AnimationModifiers (36)
[2017.11.13-19.07.39:657][392]LogModuleManager: Shutting down and abandoning module PropertyEditor (35)
[2017.11.13-19.07.39:657][392]LogModuleManager: Shutting down and abandoning module AudioEditor (32)
[2017.11.13-19.07.39:657][392]LogModuleManager: Shutting down and abandoning module TextureCompressor (30)
[2017.11.13-19.07.39:657][392]LogModuleManager: Shutting down and abandoning module ShaderCore (28)
[2017.11.13-19.07.39:658][392]LogModuleManager: Shutting down and abandoning module Landscape (26)
[2017.11.13-19.07.39:658][392]LogModuleManager: Shutting down and abandoning module SlateRHIRenderer (24)
[2017.11.13-19.07.39:665][392]LogModuleManager: Shutting down and abandoning module OpenGLDrv (22)
[2017.11.13-19.07.39:670][392]LogModuleManager: Shutting down and abandoning module D3D11RHI (20)
[2017.11.13-19.07.39:670][392]LogModuleManager: Shutting down and abandoning module AnimGraphRuntime (18)
[2017.11.13-19.07.39:670][392]LogModuleManager: Shutting down and abandoning module Renderer (16)
[2017.11.13-19.07.39:670][392]LogModuleManager: Shutting down and abandoning module Engine (14)
[2017.11.13-19.07.39:670][392]LogModuleManager: Shutting down and abandoning module CoreUObject (12)
[2017.11.13-19.07.39:670][392]LogModuleManager: Shutting down and abandoning module NetworkFile (10)
[2017.11.13-19.07.39:670][392]LogModuleManager: Shutting down and abandoning module CookedIterativeFile (8)
[2017.11.13-19.07.39:670][392]LogModuleManager: Shutting down and abandoning module StreamingFile (6)
[2017.11.13-19.07.39:670][392]LogModuleManager: Shutting down and abandoning module SandboxFile (4)
[2017.11.13-19.07.39:670][392]LogModuleManager: Shutting down and abandoning module PakFile (2)
[2017.11.13-19.07.39:674][392]LogExit: Exiting.
[2017.11.13-19.07.39:690][392]Log file closed, 11/13/17 14:07:39
