Log file open, 11/29/17 15:36:48
LogWindows: Failed to load 'aqProf.dll' (GetLastError=126)
LogWindows: File 'aqProf.dll' does not exist
LogWindows: Failed to load 'VSPerf140.dll' (GetLastError=126)
LogWindows: File 'VSPerf140.dll' does not exist
LogWindows: Failed to load 'VtuneApi.dll' (GetLastError=126)
LogWindows: File 'VtuneApi.dll' does not exist
LogWindows: Failed to load 'VtuneApi32e.dll' (GetLastError=126)
LogWindows: File 'VtuneApi32e.dll' does not exist
LogInit: Display: Running engine for game: KairosVR_new
LogPlatformFile: Not using cached read wrapper
LogInit: Display: RandInit(-397509669) SRandInit(-397509669).
LogTaskGraph: Started task graph with 5 named threads and 20 total threads with 3 sets of task threads.
LogStats: Stats thread started at 0.252819
LogD3D11RHI: Aftermath initialized
LogPluginManager: Mounting plugin Paper2D
LogPluginManager: Mounting plugin LightPropagationVolume
LogPluginManager: Mounting plugin CodeLiteSourceCodeAccess
LogPluginManager: Mounting plugin GitSourceControl
LogPluginManager: Mounting plugin KDevelopSourceCodeAccess
LogPluginManager: Mounting plugin NullSourceCodeAccess
LogPluginManager: Mounting plugin PerforceSourceControl
LogPluginManager: Mounting plugin SubversionSourceControl
LogPluginManager: Mounting plugin UObjectPlugin
LogPluginManager: Mounting plugin VisualStudioSourceCodeAccess
LogPluginManager: Mounting plugin XCodeSourceCodeAccess
LogPluginManager: Mounting plugin AssetManagerEditor
LogPluginManager: Mounting plugin AudioCapture
LogPluginManager: Mounting plugin FacialAnimation
LogPluginManager: Mounting plugin GameplayTagsEditor
LogPluginManager: Mounting plugin MobileLauncherProfileWizard
LogPluginManager: Mounting plugin PluginBrowser
LogPluginManager: Mounting plugin SpeedTreeImporter
LogPluginManager: Mounting plugin AlembicImporter
LogPluginManager: Mounting plugin CharacterAI
LogPluginManager: Mounting plugin HTML5Networking
LogPluginManager: Mounting plugin AndroidMedia
LogPluginManager: Mounting plugin AvfMedia
LogPluginManager: Mounting plugin MediaPlayerEditor
LogPluginManager: Mounting plugin WmfMedia
LogPluginManager: Mounting plugin TcpMessaging
LogPluginManager: Mounting plugin UdpMessaging
LogPluginManager: Mounting plugin LevelSequenceEditor
LogPluginManager: Mounting plugin MatineeToLevelSequence
LogPluginManager: Mounting plugin OnlineSubsystemGooglePlay
LogPluginManager: Mounting plugin OnlineSubsystemIOS
LogPluginManager: Mounting plugin OnlineSubsystem
LogPluginManager: Mounting plugin OnlineSubsystemNull
LogPluginManager: Mounting plugin OnlineSubsystemUtils
LogPluginManager: Mounting plugin AndroidDeviceProfileSelector
LogPluginManager: Mounting plugin AndroidMoviePlayer
LogPluginManager: Mounting plugin AndroidPermission
LogPluginManager: Mounting plugin AppleMoviePlayer
LogPluginManager: Mounting plugin ArchVisCharacter
LogPluginManager: Mounting plugin CableComponent
LogPluginManager: Mounting plugin CustomMeshComponent
LogPluginManager: Mounting plugin ExampleDeviceProfileSelector
LogPluginManager: Mounting plugin GoogleCloudMessaging
LogPluginManager: Mounting plugin ImmediatePhysics
LogPluginManager: Mounting plugin IOSDeviceProfileSelector
LogPluginManager: Mounting plugin LinuxDeviceProfileSelector
LogPluginManager: Mounting plugin LocationServicesBPLibrary
LogPluginManager: Mounting plugin MobilePatchingUtils
LogPluginManager: Mounting plugin OculusVR
LogPluginManager: Mounting plugin PhysXVehicles
LogPluginManager: Mounting plugin ProceduralMeshComponent
LogPluginManager: Mounting plugin RuntimePhysXCooking
LogPluginManager: Mounting plugin SteamVR
LogPluginManager: Mounting plugin WindowsMoviePlayer
LogInit: Using libcurl 7.47.1
LogInit:  - built for x86_64-pc-win32
LogInit:  - supports SSL with OpenSSL/1.0.2g
LogInit:  - supports HTTP deflate (compression) using libz 1.2.8
LogInit:  - other features:
LogInit:      CURL_VERSION_SSL
LogInit:      CURL_VERSION_LIBZ
LogInit:      CURL_VERSION_IPV6
LogInit:      CURL_VERSION_ASYNCHDNS
LogInit:      CURL_VERSION_LARGEFILE
LogInit:      CURL_VERSION_IDN
LogInit:  CurlRequestOptions (configurable via config and command line):
LogInit:  - bVerifyPeer = false  - Libcurl will NOT verify peer certificate
LogInit:  - bUseHttpProxy = false  - Libcurl will NOT use HTTP proxy
LogInit:  - bDontReuseConnections = false  - Libcurl will reuse connections
LogInit:  - CertBundlePath = nullptr  - Libcurl will use whatever was configured at build time.
LogInit: Build: ++UE4+Release-4.17-CL-3658906
LogInit: Engine Version: 4.17.2-3658906+++UE4+Release-4.17
LogInit: Compatible Engine Version: 4.17.0-3573198+++UE4+Release-4.17
LogInit: Net CL: 3573198
LogDevObjectVersion: Number of dev versions registered: 16
LogDevObjectVersion:   Dev-Blueprints (B0D832E4-1F89-4F0D-ACCF-7EB736FD4AA2): 10
LogDevObjectVersion:   Dev-Build (E1C64328-A22C-4D53-A36C-8E866417BD8C): 0
LogDevObjectVersion:   Dev-Core (375EC13C-06E4-48FB-B500-84F0262A717E): 2
LogDevObjectVersion:   Dev-Editor (E4B068ED-F494-42E9-A231-DA0B2E46BB41): 20
LogDevObjectVersion:   Dev-Framework (CFFC743F-43B0-4480-9391-14DF171D2073): 28
LogDevObjectVersion:   Dev-Mobile (B02B49B5-BB20-44E9-A304-32B752E40360): 0
LogDevObjectVersion:   Dev-Networking (A4E4105C-59A1-49B5-A7C5-40C4547EDFEE): 0
LogDevObjectVersion:   Dev-Online (39C831C9-5AE6-47DC-9A44-9C173E1C8E7C): 0
LogDevObjectVersion:   Dev-Physics (78F01B33-EBEA-4F98-B9B4-84EACCB95AA2): 0
LogDevObjectVersion:   Dev-Platform (6631380F-2D4D-43E0-8009-CF276956A95A): 0
LogDevObjectVersion:   Dev-Rendering (12F88B9F-8875-4AFC-A67C-D90C383ABD29): 19
LogDevObjectVersion:   Dev-Sequencer (7B5AE74C-D270-4C10-A958-57980B212A5A): 4
LogDevObjectVersion:   Dev-VR (D7296918-1DD6-4BDD-9DE2-64A83CC13884): 0
LogDevObjectVersion:   Dev-LoadTimes (C2A15278-BFE7-4AFE-6C17-90FF531DF755): 1
LogDevObjectVersion:   Private-Geometry (6EACA3D4-40EC-4CC1-B786-8BED09428FC5): 1
LogDevObjectVersion:   Dev-AnimPhys (29E575DD-E0A3-4627-9D10-D276232CDCEA): 7
LogInit: Compiled (64-bit): Sep 22 2017 13:47:16
LogInit: Compiled with Visual C++: 19.00.24215.01
LogInit: Build Configuration: Development
LogInit: Branch Name: ++UE4+Release-4.17
LogInit: Command line:  
LogInit: Base directory: C:/Users/dellk/Desktop/UE_4.17/Engine/Binaries/Win64/
LogInit: Installed Engine Build: 1
LogInit: Presizing for max 8388607 objects, including 0 objects not considered by GC, pre-allocating 0 bytes for permanent pool.
LogInit: Object subsystem initialized
[2017.11.29-20.36.48:773][  0]LogInit: Selected Device Profile: [Windows]
[2017.11.29-20.36.48:773][  0]LogInit: Applying CVar settings loaded from the selected device profile: [Windows]
[2017.11.29-20.36.48:805][  0]LogInit: Computer: SA2502-PC02
[2017.11.29-20.36.48:806][  0]LogInit: User: dellk
[2017.11.29-20.36.48:806][  0]LogInit: CPU Page size=4096, Cores=6
[2017.11.29-20.36.48:806][  0]LogInit: High frequency timer resolution =3.410078 MHz
[2017.11.29-20.36.48:806][  0]LogMemory: Memory total: Physical=31.9GB (32GB approx)
[2017.11.29-20.36.48:806][  0]LogMemory: Platform Memory Stats for Windows
[2017.11.29-20.36.48:806][  0]LogMemory: Process Physical Memory: 280.81 MB used, 280.81 MB peak
[2017.11.29-20.36.48:806][  0]LogMemory: Process Virtual Memory: 280.60 MB used, 280.60 MB peak
[2017.11.29-20.36.48:806][  0]LogMemory: Physical Memory: 7032.18 MB used,  25658.10 MB free, 32690.28 MB total
[2017.11.29-20.36.48:806][  0]LogMemory: Virtual Memory: 680.70 MB used,  25658.10 MB free, 134217728.00 MB total
[2017.11.29-20.36.49:024][  0]LogInit: Using OS detected language (en-US).
[2017.11.29-20.36.49:024][  0]LogInit: Using OS detected locale (en-US).
[2017.11.29-20.36.49:027][  0]LogTextLocalizationManager: No specific localization for 'en-US' exists, so the 'en' localization will be used.
[2017.11.29-20.36.49:650][  0]LogD3D11RHI: D3D11 adapters:
[2017.11.29-20.36.49:689][  0]LogD3D11RHI:    0. 'NVIDIA GeForce GTX 1080' (Feature Level 11_0)
[2017.11.29-20.36.49:689][  0]LogD3D11RHI:       8076/0/16345 MB DedicatedVideo/DedicatedSystem/SharedSystem, Outputs:2, VendorId:0x10de
[2017.11.29-20.36.49:690][  0]LogD3D11RHI:    1. 'Microsoft Basic Render Driver' (Feature Level 11_0)
[2017.11.29-20.36.49:690][  0]LogD3D11RHI:       0/0/16345 MB DedicatedVideo/DedicatedSystem/SharedSystem, Outputs:0, VendorId:0x1414
[2017.11.29-20.36.49:690][  0]LogD3D11RHI: Chosen D3D11 Adapter: 0
[2017.11.29-20.36.49:695][  0]LogD3D11RHI: Creating new Direct3DDevice
[2017.11.29-20.36.49:695][  0]LogD3D11RHI:     GPU DeviceId: 0x1b80 (for the marketing name, search the web for "GPU Device Id")
[2017.11.29-20.36.49:695][  0]LogWindows: EnumDisplayDevices:
[2017.11.29-20.36.49:695][  0]LogWindows:    0. 'NVIDIA GeForce GTX 1080' (P:0 D:1)
[2017.11.29-20.36.49:695][  0]LogWindows:    1. 'NVIDIA GeForce GTX 1080' (P:1 D:1)
[2017.11.29-20.36.49:696][  0]LogWindows:    2. 'NVIDIA GeForce GTX 1080' (P:0 D:0)
[2017.11.29-20.36.49:696][  0]LogWindows:    3. 'NVIDIA GeForce GTX 1080' (P:0 D:0)
[2017.11.29-20.36.49:696][  0]LogWindows: DebugString: FoundDriverCount:4 
[2017.11.29-20.36.49:696][  0]LogD3D11RHI:     Adapter Name: NVIDIA GeForce GTX 1080
[2017.11.29-20.36.49:696][  0]LogD3D11RHI:   Driver Version: 384.94 (internal:22.21.13.8494, unified:384.94)
[2017.11.29-20.36.49:696][  0]LogD3D11RHI:      Driver Date: 7-18-2017
[2017.11.29-20.36.49:696][  0]LogRHI: Texture pool is 1361 MB (70% of 1945 MB)
[2017.11.29-20.36.49:717][  0]LogD3D11RHI: Async texture creation enabled
[2017.11.29-20.36.49:728][  0]LogD3D11RHI: GPU Timing Frequency: 1000.000000 (Debug: 2 1)
[2017.11.29-20.36.49:771][  0]LogShaderCompilers: Guid format shader working directory is 1 characters bigger than the processId version (D:/ExpGames/ExperimentalGame_VR/KairosVR_new/Intermediate/Shaders/WorkingDirectory/15000/).
[2017.11.29-20.36.49:771][  0]LogShaderCompilers: Cleaned the shader compiler working directory 'C:/Users/dellk/AppData/Local/Temp/UnrealShaderWorkingDir/BBDB2CEF45EF53A87EE1A089FBBD90E9/'.
[2017.11.29-20.36.49:771][  0]LogShaderCompilers: Display: Using Local Shader Compiler.
[2017.11.29-20.36.50:989][  0]LogTemp: Display: Loaded TP AllDesktopTargetPlatform
[2017.11.29-20.36.51:053][  0]LogTemp: Display: Loaded TP MacClientTargetPlatform
[2017.11.29-20.36.51:119][  0]LogTemp: Display: Loaded TP MacNoEditorTargetPlatform
[2017.11.29-20.36.51:180][  0]LogTemp: Display: Loaded TP MacServerTargetPlatform
[2017.11.29-20.36.51:243][  0]LogTemp: Display: Loaded TP MacTargetPlatform
[2017.11.29-20.36.51:305][  0]LogTemp: Display: Loaded TP WindowsClientTargetPlatform
[2017.11.29-20.36.51:368][  0]LogTemp: Display: Loaded TP WindowsNoEditorTargetPlatform
[2017.11.29-20.36.51:429][  0]LogTemp: Display: Loaded TP WindowsServerTargetPlatform
[2017.11.29-20.36.51:485][  0]LogTemp: Display: Loaded TP WindowsTargetPlatform
[2017.11.29-20.36.51:546][  0]LogTemp: Display: Loaded TP AndroidTargetPlatform
[2017.11.29-20.36.51:607][  0]LogTemp: Display: Loaded TP Android_ASTCTargetPlatform
[2017.11.29-20.36.51:668][  0]LogTemp: Display: Loaded TP Android_ATCTargetPlatform
[2017.11.29-20.36.51:735][  0]LogTemp: Display: Loaded TP Android_DXTTargetPlatform
[2017.11.29-20.36.51:799][  0]LogTemp: Display: Loaded TP Android_ETC1TargetPlatform
[2017.11.29-20.36.51:862][  0]LogTemp: Display: Loaded TP Android_ETC2TargetPlatform
[2017.11.29-20.36.51:986][  0]LogTemp: Display: Loaded TP Android_MultiTargetPlatform
[2017.11.29-20.36.51:986][  0]LogTemp: Display: Loaded TP Android_PVRTCTargetPlatform
[2017.11.29-20.36.52:038][  0]LogTemp: Display: Loaded TP HTML5TargetPlatform
[2017.11.29-20.36.52:149][  0]LogTemp: Display: Loaded TP IOSTargetPlatform
[2017.11.29-20.36.52:187][  0]LogTemp: Display: Loaded TP TVOSTargetPlatform
[2017.11.29-20.36.52:248][  0]LogTemp: Display: Loaded TP LinuxClientTargetPlatform
[2017.11.29-20.36.52:308][  0]LogTemp: Display: Loaded TP LinuxNoEditorTargetPlatform
[2017.11.29-20.36.52:368][  0]LogTemp: Display: Loaded TP LinuxServerTargetPlatform
[2017.11.29-20.36.52:428][  0]LogTemp: Display: Loaded TP LinuxTargetPlatform
[2017.11.29-20.36.52:428][  0]LogTargetPlatformManager: Display: Building Assets For Windows
[2017.11.29-20.36.53:063][  0]LogDerivedDataCache: Display: Max Cache Size: 512 MB
[2017.11.29-20.36.53:063][  0]LogDerivedDataCache: Display: Starting with empty Boot cache
[2017.11.29-20.36.53:063][  0]LogDerivedDataCache: FDerivedDataBackendGraph:  Pak pak cache file D:/ExpGames/ExperimentalGame_VR/KairosVR_new/DerivedDataCache/DDC.ddp not found, will not use a pak cache.
[2017.11.29-20.36.53:063][  0]LogDerivedDataCache: Unable to find inner node Pak for hierarchical cache Hierarchy.
[2017.11.29-20.36.53:063][  0]LogDerivedDataCache: FDerivedDataBackendGraph:  CompressedPak pak cache file D:/ExpGames/ExperimentalGame_VR/KairosVR_new/DerivedDataCache/Compressed.ddp not found, will not use a pak cache.
[2017.11.29-20.36.53:063][  0]LogDerivedDataCache: Unable to find inner node CompressedPak for hierarchical cache Hierarchy.
[2017.11.29-20.36.53:077][  0]LogDerivedDataCache: Display: Pak cache opened for reading ../../../Engine/DerivedDataCache/Compressed.ddp.
[2017.11.29-20.36.53:090][  0]LogDerivedDataCache: Using Local data cache path C:/Users/dellk/AppData/Local/UnrealEngine/Common/DerivedDataCache: Writable
[2017.11.29-20.36.53:108][  0]LogMaterial: Verifying Global Shaders for PCD3D_SM5
[2017.11.29-20.36.53:108][  0]LogSlate: Using Freetype 2.6.0
[2017.11.29-20.36.53:109][  0]LogSlate: SlateFontCache - WITH_FREETYPE: 1, WITH_HARFBUZZ: 1
[2017.11.29-20.36.53:109][  0]LogSlate: SlateFontCache - WITH_FREETYPE: 1, WITH_HARFBUZZ: 1
[2017.11.29-20.36.53:364][  0]LogAssetRegistry: FAssetRegistry took 0.0264 seconds to start up
[2017.11.29-20.36.53:480][  0]LogInit: Selected Device Profile: [Windows]
[2017.11.29-20.36.53:984][  0]LogSimplygon: Simplygon DLL not present - disabling.
[2017.11.29-20.36.54:038][  0]LogMeshReduction: Using SimplygonSwarm for distributed automatic mesh merging
[2017.11.29-20.36.54:038][  0]LogMeshReduction: Using QuadricMeshReduction for automatic static mesh reduction
[2017.11.29-20.36.54:038][  0]LogMeshReduction: No automatic skeletal mesh reduction module available
[2017.11.29-20.36.54:038][  0]LogMeshReduction: No automatic mesh merging module available
[2017.11.29-20.36.54:038][  0]LogMeshMerging: No automatic mesh merging module available
[2017.11.29-20.36.54:076][  0]LogContentStreaming: Texture pool size is 0.00 MB
[2017.11.29-20.36.54:118][  0]LogMaterial: Missing cached shader map for material WorldGridMaterial, compiling. Is special engine material.
[2017.11.29-20.37.20:019][  0]LogMaterial: Missing cached shader map for material DefaultDeferredDecalMaterial, compiling. 
[2017.11.29-20.37.24:180][  0]LogMaterial: Missing cached shader map for material DefaultLightFunctionMaterial, compiling. 
[2017.11.29-20.37.24:773][  0]LogMaterial: Missing cached shader map for material DefaultPostProcessMaterial, compiling. 
[2017.11.29-20.37.25:261][  0]LogMaterial: Missing cached shader map for material TranslucentTransformGizmoMaterial, compiling. 
[2017.11.29-20.37.25:270][  0]LogMaterial: Missing cached shader map for material TransformGizmoMaterial, compiling. 
[2017.11.29-20.37.25:277][  0]LogMaterial: Missing cached shader map for material SnapGridMaterial, compiling. 
[2017.11.29-20.37.25:320][  0]LogMaterial: Missing cached shader map for material Xray, compiling. 
[2017.11.29-20.37.25:341][  0]LogMaterial: Missing cached shader map for material Main, compiling. 
[2017.11.29-20.37.25:362][  0]LogMaterial: Missing cached shader map for material CineMat, compiling. 
[2017.11.29-20.37.25:472][  0]LogMaterial: Missing cached shader map for material MatineeCam_mat, compiling. 
[2017.11.29-20.37.25:530][  0]LogMaterial: Missing cached shader map for material M_SimpleOpaque, compiling. 
[2017.11.29-20.37.25:576][  0]LogMaterial: Missing cached shader map for material M_SimpleTranslucent, compiling. 
[2017.11.29-20.37.25:978][  0]LogMaterial: Missing cached shader map for material SkySphereMaterial, compiling. 
[2017.11.29-20.37.26:006][  0]LogMaterial: Missing cached shader map for material FloorPlaneMaterial, compiling. 
[2017.11.29-20.37.26:259][  0]LogMaterial: Missing cached shader map for material LandscapeGizmo_Mat, compiling. 
[2017.11.29-20.37.26:303][  0]LogMaterial: Missing cached shader map for material LandscapeGizmoHeight_Mat, compiling. 
[2017.11.29-20.37.26:380][  0]LogMaterial: Missing cached shader map for material SplineEditorMeshMat, compiling. 
[2017.11.29-20.37.26:436][  0]LogNetVersion: KairosVR_new , NetCL: 3573198, EngineNetVer: 2, GameNetVer: 0 (Checksum: 3281661072)
[2017.11.29-20.37.26:507][  0]LogMaterial: Missing cached shader map for material HelpActorMaterial, compiling. 
[2017.11.29-20.37.26:776][  0]LogMaterial: Missing cached shader map for material DefaultTextMaterialOpaque, compiling. 
[2017.11.29-20.37.27:152][  0]LogPackageLocalizationCache: Processed 5 localized package path(s) for 2 prioritized culture(s) in 0.095297 seconds
[2017.11.29-20.37.27:163][  0]LogUObjectArray: 35825 objects as part of root set at end of initial load.
[2017.11.29-20.37.27:163][  0]LogUObjectAllocator: 7529112 out of 0 bytes used by permanent object pool.
[2017.11.29-20.37.27:163][  0]LogUObjectArray: CloseDisregardForGC: 0/0 objects in disregard for GC pool
[2017.11.29-20.37.27:337][  0]LogInit: WinSock: version 1.1 (2.2), MaxSocks=32767, MaxUdp=65467
[2017.11.29-20.37.30:225][  0]LogMaterial: Missing cached shader map for material TeleportDirectionMaterial, compiling. 
[2017.11.29-20.37.30:255][  0]LogMaterial: Missing cached shader map for material LaserPointerMaterial, compiling. 
[2017.11.29-20.37.30:327][  0]LogMaterial: Missing cached shader map for material GenericHMDMaterial, compiling. 
[2017.11.29-20.37.30:349][  0]LogMaterial: Missing cached shader map for material GridMaterial, compiling. 
[2017.11.29-20.37.30:366][  0]LogMaterial: Missing cached shader map for material VRTextMaterial, compiling. 
[2017.11.29-20.37.30:388][  0]LogMaterial: Missing cached shader map for material OculusControllerMaterial, compiling. 
[2017.11.29-20.37.30:411][  0]LogMaterial: Missing cached shader map for material GridPostProcess, compiling. 
[2017.11.29-20.37.30:439][  0]LogMaterial: Missing cached shader map for material VivePreControllerMaterial, compiling. 
[2017.11.29-20.37.30:462][  0]LogMaterial: Missing cached shader map for material FlattenHeightMat, compiling. 
[2017.11.29-20.37.30:480][  0]LogMaterial: Missing cached shader map for material ArrowMaterial, compiling. 
[2017.11.29-20.37.30:507][  0]LogMaterial: Missing cached shader map for material KeyDiskMaterial, compiling. 
[2017.11.29-20.37.30:527][  0]LogMaterial: Missing cached shader map for material M_ContentWindow, compiling. 
[2017.11.29-20.37.30:580][  0]LogMaterial: Missing cached shader map for material LineMaterial, compiling. 
[2017.11.29-20.37.33:051][  0]LogTcpMessaging: Initializing TcpMessaging bridge
[2017.11.29-20.37.33:131][  0]LogUdpMessaging: Initializing bridge on interface 0.0.0.0:0 to multicast group 230.0.0.1:6666.
[2017.11.29-20.37.33:800][  0]LogMaterial: Missing cached shader map for material DefaultMaterial, compiling. 
[2017.11.29-20.37.34:604][  0]LogMaterial: Missing cached shader map for material BaseColor, compiling. 
[2017.11.29-20.37.34:617][  0]LogMaterial: Missing cached shader map for material CustomDepth, compiling. 
[2017.11.29-20.37.34:665][  0]LogMaterial: Uniform references updated for custom material expression Custom.
[2017.11.29-20.37.34:670][  0]LogMaterial: Missing cached shader map for material CustomStencil, compiling. 
[2017.11.29-20.37.34:686][  0]LogMaterial: Missing cached shader map for material FinalImage, compiling. 
[2017.11.29-20.37.34:703][  0]LogMaterial: Missing cached shader map for material LightingModel, compiling. 
[2017.11.29-20.37.34:715][  0]LogMaterial: Missing cached shader map for material MaterialAO, compiling. 
[2017.11.29-20.37.34:730][  0]LogMaterial: Missing cached shader map for material Metallic, compiling. 
[2017.11.29-20.37.34:746][  0]LogMaterial: Missing cached shader map for material Opacity, compiling. 
[2017.11.29-20.37.34:760][  0]LogMaterial: Missing cached shader map for material Roughness, compiling. 
[2017.11.29-20.37.34:777][  0]LogMaterial: Missing cached shader map for material SceneColor, compiling. 
[2017.11.29-20.37.34:794][  0]LogMaterial: Missing cached shader map for material SceneDepth, compiling. 
[2017.11.29-20.37.34:810][  0]LogMaterial: Missing cached shader map for material SeparateTranslucencyRGB, compiling. 
[2017.11.29-20.37.34:826][  0]LogMaterial: Missing cached shader map for material SeparateTranslucencyA, compiling. 
[2017.11.29-20.37.34:843][  0]LogMaterial: Missing cached shader map for material Specular, compiling. 
[2017.11.29-20.37.34:860][  0]LogMaterial: Missing cached shader map for material SubsurfaceColor, compiling. 
[2017.11.29-20.37.34:879][  0]LogMaterial: Missing cached shader map for material WorldNormal, compiling. 
[2017.11.29-20.37.34:898][  0]LogMaterial: Missing cached shader map for material AmbientOcclusion, compiling. 
[2017.11.29-20.37.34:928][  0]LogMaterial: Missing cached shader map for material CustomDepthWorldUnits, compiling. 
[2017.11.29-20.37.34:945][  0]LogMaterial: Missing cached shader map for material SceneDepthWorldUnits, compiling. 
[2017.11.29-20.37.34:962][  0]LogMaterial: Missing cached shader map for material PreTonemapHDRColor, compiling. 
[2017.11.29-20.37.34:979][  0]LogMaterial: Missing cached shader map for material PostTonemapHDRColor, compiling. 
[2017.11.29-20.37.35:769][  0]SourceControl: Source control is disabled
[2017.11.29-20.37.35:769][  0]SourceControl: Source control is disabled
[2017.11.29-20.37.35:887][  0]SourceControl: Source control is disabled
[2017.11.29-20.37.35:995][  0]SourceControl: Source control is disabled
[2017.11.29-20.37.37:373][  0]LogAndroidPermission: UAndroidPermissionCallbackProxy::GetInstance
[2017.11.29-20.37.37:949][  0]LogOcInput: OculusInput pre-init called
[2017.11.29-20.37.38:477][  0]LogMaterial: Missing cached shader map for material HighResScreenshot, compiling. 
[2017.11.29-20.37.38:499][  0]LogMaterial: Missing cached shader map for material HighResScreenshotMask, compiling. 
[2017.11.29-20.37.38:523][  0]LogMaterial: Missing cached shader map for material HighResScreenshotCaptureRegion, compiling. 
[2017.11.29-20.37.38:558][  0]LogEngine: Initializing Engine...
[2017.11.29-20.37.38:561][  0]LogHMD: Failed to initialize OpenVR with code 110
[2017.11.29-20.37.38:569][  0]LogMaterial: Missing cached shader map for material WireframeMaterial, compiling. Is special engine material.
[2017.11.29-20.37.38:850][  0]LogMaterial: Missing cached shader map for material LevelColorationLitMaterial, compiling. Is special engine material.
[2017.11.29-20.37.39:563][  0]LogMaterial: Missing cached shader map for material LevelColorationUnlitMaterial, compiling. Is special engine material.
[2017.11.29-20.37.39:807][  0]LogMaterial: Missing cached shader map for material MAT_LevelColorationLitLightmapUV, compiling. Is special engine material.
[2017.11.29-20.37.40:542][  0]LogMaterial: Missing cached shader map for material ShadedLevelColorationLitMaterial, compiling. Is special engine material.
[2017.11.29-20.37.41:269][  0]LogMaterial: Missing cached shader map for material ShadedLevelColorationUnlitMateri, compiling. Is special engine material.
[2017.11.29-20.37.41:501][  0]LogMaterial: Missing cached shader map for material VertexColorMaterial, compiling. 
[2017.11.29-20.37.41:597][  0]LogMaterial: Missing cached shader map for material VertexColorViewMode_ColorOnly, compiling. 
[2017.11.29-20.37.41:627][  0]LogMaterial: Missing cached shader map for material VertexColorViewMode_AlphaAsColor, compiling. 
[2017.11.29-20.37.41:650][  0]LogMaterial: Missing cached shader map for material VertexColorViewMode_RedOnly, compiling. 
[2017.11.29-20.37.41:677][  0]LogMaterial: Missing cached shader map for material VertexColorViewMode_GreenOnly, compiling. 
[2017.11.29-20.37.41:699][  0]LogMaterial: Missing cached shader map for material VertexColorViewMode_BlueOnly, compiling. 
[2017.11.29-20.37.41:722][  0]LogMaterial: Missing cached shader map for material RemoveSurfaceMaterial, compiling. 
[2017.11.29-20.37.41:733][  0]LogMaterial: Missing cached shader map for material DebugMeshMaterial, compiling. 
[2017.11.29-20.37.41:765][  0]LogMaterial: Missing cached shader map for material M_InvalidLightmapSettings, compiling. 
[2017.11.29-20.37.41:807][  0]LogMaterial: Missing cached shader map for material GizmoMaterial, compiling. 
[2017.11.29-20.37.41:828][  0]LogMaterial: Missing cached shader map for material PhAT_JointLimitMaterial, compiling. 
[2017.11.29-20.37.41:849][  0]LogMaterial: Missing cached shader map for material GeomMaterial, compiling. 
[2017.11.29-20.37.41:868][  0]LogMaterial: Missing cached shader map for material EditorBrushMaterial, compiling. 
[2017.11.29-20.37.41:891][  0]LogMaterial: Missing cached shader map for material BoneWeightMaterial, compiling. 
[2017.11.29-20.37.41:988][  0]LogMaterial: Missing cached shader map for material ClothMaterial, compiling. 
[2017.11.29-20.37.42:010][  0]LogMaterial: Missing cached shader map for material ClothMaterial_WF, compiling. 
[2017.11.29-20.37.42:035][  0]LogMaterial: Missing cached shader map for material DebugEditorMaterial, compiling. 
[2017.11.29-20.37.42:055][  0]LogMaterial: Missing cached shader map for material PreviewShadowIndicatorMaterial, compiling. 
[2017.11.29-20.37.42:439][  0]LogStats: UGameplayTagsManager::ConstructGameplayTagTree: Construct from data asset -  0.000 s
[2017.11.29-20.37.42:439][  0]LogStats: UGameplayTagsManager::ConstructGameplayTagTree: GameplayTagTreeChangedEvent.Broadcast -  0.000 s
[2017.11.29-20.37.42:754][  0]LogAIModule: Creating AISystem for world Untitled
[2017.11.29-20.37.42:795][  0]LogInit: XAudio2 using 'Speakers / Headphones (Realtek Audio)' : 2 channels at 48 kHz using 32 bits per sample (channel mask 0x3)
[2017.11.29-20.37.42:961][  0]LogInit: FAudioDevice initialized.
[2017.11.29-20.37.43:016][  0]LogDerivedDataCache: Saved boot cache 0.06s 84MB C:/Users/dellk/AppData/Local/UnrealEngine/4.17/DerivedDataCache/Boot.ddc.
[2017.11.29-20.37.43:038][  0]LogInit: Texture streaming: Enabled
[2017.11.29-20.37.43:359][  0]LogEngineSessionManager: EngineSessionManager initialized
[2017.11.29-20.37.43:921][  0]LogInit: Transaction tracking system initialized
[2017.11.29-20.37.44:713][  0]BlueprintLog: New page: Editor Load
[2017.11.29-20.37.47:011][  0]LocalizationService: Localization service is disabled
[2017.11.29-20.37.48:735][  0]LogConsoleResponse: Display: 
[2017.11.29-20.37.48:808][  0]LogMaterial: Missing cached shader map for material Cross_Mat, compiling. 
[2017.11.29-20.37.48:839][  0]LogMaterial: Missing cached shader map for material PhAT_BoneSelectedMaterial, compiling. 
[2017.11.29-20.37.48:861][  0]LogMaterial: Missing cached shader map for material PhAT_ElemSelectedMaterial, compiling. 
[2017.11.29-20.37.48:884][  0]LogMaterial: Missing cached shader map for material PhAT_NoCollisionMaterial, compiling. 
[2017.11.29-20.37.48:904][  0]LogMaterial: Missing cached shader map for material PhAT_UnselectedMaterial, compiling. 
[2017.11.29-20.37.48:931][  0]LogMaterial: Missing cached shader map for material Tick_Mat, compiling. 
[2017.11.29-20.37.48:966][  0]LogMaterial: Missing cached shader map for material WidgetGridVertexColorMaterial_Ma, compiling. 
[2017.11.29-20.37.48:989][  0]LogMaterial: Missing cached shader map for material WidgetMaterial, compiling. 
[2017.11.29-20.37.49:006][  0]LogMaterial: Missing cached shader map for material WidgetMaterial_Current, compiling. 
[2017.11.29-20.37.49:022][  0]LogMaterial: Missing cached shader map for material WidgetMaterial_X, compiling. 
[2017.11.29-20.37.49:040][  0]LogMaterial: Missing cached shader map for material WidgetMaterial_Y, compiling. 
[2017.11.29-20.37.49:058][  0]LogMaterial: Missing cached shader map for material WidgetMaterial_Z, compiling. 
[2017.11.29-20.37.49:075][  0]LogMaterial: Missing cached shader map for material WidgetVertexColorMaterial, compiling. 
[2017.11.29-20.37.49:145][  0]LogMaterial: Missing cached shader map for material LevelGridMaterial, compiling. 
[2017.11.29-20.37.49:224][  0]LogMaterial: Missing cached shader map for material BlinkingCaret, compiling. 
[2017.11.29-20.37.49:308][  0]LogMaterial: Missing cached shader map for material M_StreamingPause, compiling. 
[2017.11.29-20.37.49:352][  0]LogCook: Display: Max memory allowance for cook 16384mb min free memory 0mb
[2017.11.29-20.37.49:353][  0]LogCook: Display: Mobile HDR setting 1
[2017.11.29-20.37.49:353][  0]LogGameplayTags: Display: UGameplayTagsManager::DoneAddingNativeTags. DelegateIsBound: 0
[2017.11.29-20.37.49:423][  0]LogFileCache: Scanning file cache for directory 'D:/ExpGames/ExperimentalGame_VR/KairosVR_new/Content/' took 0.02s
[2017.11.29-20.37.51:928][  0]SourceControl: Source control is disabled
[2017.11.29-20.37.51:928][  0]Cmd: MAP LOAD FILE="D:/ExpGames/ExperimentalGame_VR/KairosVR_new/Content/Maps/ShipInterior.umap" TEMPLATE=0 SHOWPROGRESS=1 FEATURELEVEL=3
[2017.11.29-20.37.51:929][  0]LightingResults: New page: Lighting Build
[2017.11.29-20.37.52:031][  0]MapCheck: New page: Map Check
[2017.11.29-20.37.52:032][  0]LightingResults: New page: Lighting Build
[2017.11.29-20.37.53:742][  0]LogMaterial: Missing cached shader map for material M_Sky_Panning_Clouds2, compiling. 
[2017.11.29-20.37.53:810][  0]LogStaticMesh: Building static mesh tableBase...
[2017.11.29-20.37.53:836][  0]LogStaticMesh: Built static mesh [0.03s] /Game/Assets/Table/tableBase.tableBase
[2017.11.29-20.37.53:837][  0]LogStaticMesh: Building static mesh tableHandles...
[2017.11.29-20.37.54:058][  0]LogStaticMesh: Built static mesh [0.22s] /Game/Assets/Table/tableHandles.tableHandles
[2017.11.29-20.37.54:067][  0]LogStaticMesh: Building static mesh tableScrews...
[2017.11.29-20.37.54:487][  0]LogStaticMesh: Built static mesh [0.42s] /Game/Assets/Table/tableScrews.tableScrews
[2017.11.29-20.37.54:490][  0]LogStaticMesh: Building static mesh tableTop...
[2017.11.29-20.37.54:516][  0]LogStaticMesh: Built static mesh [0.03s] /Game/Assets/Table/tableTop.tableTop
[2017.11.29-20.37.54:517][  0]LogStaticMesh: Building static mesh tableVents...
[2017.11.29-20.37.54:654][  0]LogStaticMesh: Built static mesh [0.14s] /Game/Assets/Table/tableVents.tableVents
[2017.11.29-20.37.54:833][  0]LogStaticMesh: Building static mesh radialMenuWedge_3...
[2017.11.29-20.37.54:841][  0]LogStaticMesh: Built static mesh [0.01s] /Game/Assets/radialMenuWedge_3.radialMenuWedge_3
[2017.11.29-20.37.54:930][  0]LogStaticMesh: Building static mesh WIPShip...
[2017.11.29-20.37.54:975][  0]LogStaticMesh: Built static mesh [0.05s] /Game/Assets/WIPShip.WIPShip
[2017.11.29-20.37.54:995][  0]LogMaterial: Missing cached shader map for material lambert1, compiling. 
[2017.11.29-20.37.55:219][  0]LogMaterial: Missing cached shader map for material lambert1, compiling. 
[2017.11.29-20.37.55:252][  0]LogAIModule: Creating AISystem for world ShipInterior
[2017.11.29-20.37.55:606][  0]LogEditorServer: Finished looking for orphan Actors (0.000 secs)
[2017.11.29-20.37.55:639][  0]Cmd: MAP CHECKDEP NOCLEARLOG
[2017.11.29-20.37.55:733][  0]MapCheck: Map check complete: 0 Error(s), 0 Warning(s), took 93.418ms to complete.
[2017.11.29-20.37.55:733][  0]LogFileHelpers: Loading map 'ShipInterior' took 3.805
[2017.11.29-20.37.55:964][  0]LogCollectionManager: Loaded 0 collections in 0.002450 seconds
[2017.11.29-20.37.56:114][  0]LogFileCache: Scanning file cache for directory 'D:/ExpGames/ExperimentalGame_VR/KairosVR_new/Saved/Collections/' took 0.01s
[2017.11.29-20.37.56:114][  0]LogFileCache: Scanning file cache for directory 'D:/ExpGames/ExperimentalGame_VR/KairosVR_new/Content/Developers/dellk/Collections/' took 0.01s
[2017.11.29-20.37.56:114][  0]LogFileCache: Scanning file cache for directory 'D:/ExpGames/ExperimentalGame_VR/KairosVR_new/Content/Collections/' took 0.01s
[2017.11.29-20.37.56:115][  0]LogCollectionManager: Rebuilt the GUID cache for 0 collections in 0.000001 seconds
[2017.11.29-20.37.56:129][  0]LogContentBrowser: Native class hierarchy populated in 0.0143 seconds. Added 2386 classes and 500 folders.
[2017.11.29-20.37.56:296][  0]LogContentBrowser: Native class hierarchy updated for 'WidgetCarousel' in 0.0010 seconds. Added 0 classes and 0 folders.
[2017.11.29-20.37.56:347][  0]LogContentBrowser: Native class hierarchy updated for 'AddContentDialog' in 0.0010 seconds. Added 0 classes and 0 folders.
[2017.11.29-20.37.56:456][  0]LogContentBrowser: Native class hierarchy updated for 'SceneOutliner' in 0.0010 seconds. Added 1 classes and 2 folders.
[2017.11.29-20.37.56:494][  0]LogSlate: Took 0.000212 seconds to synchronously load lazily loaded font '../../../Engine/Content/Slate/Fonts/Roboto-Regular.ttf' (155K)
[2017.11.29-20.37.56:497][  0]LogSlate: Took 0.000250 seconds to synchronously load lazily loaded font '../../../Engine/Content/Slate/Fonts/Roboto-Bold.ttf' (160K)
[2017.11.29-20.37.56:505][  0]LogSlate: Took 0.000230 seconds to synchronously load lazily loaded font '../../../Engine/Content/Editor/Slate/Fonts/FontAwesome.ttf' (139K)
[2017.11.29-20.37.56:604][  0]LogMaterial: Missing cached shader map for material LevelGridMaterial2, compiling. 
[2017.11.29-20.37.56:713][  0]LogRenderer: Reallocating scene render targets to support 1208x652 Format 26 NumSamples 1 (Frame:1).
[2017.11.29-20.37.57:227][  0]LogContentBrowser: Native class hierarchy updated for 'HierarchicalLODOutliner' in 0.0011 seconds. Added 1 classes and 2 folders.
[2017.11.29-20.37.57:227][  0]LogLoad: (Engine Initialization) Total time: 73.43 seconds
[2017.11.29-20.37.57:228][  0]LogLoad: (Engine Initialization) Total Blueprint compile time: 0.00 seconds
[2017.11.29-20.37.57:228][  0]LogExternalProfiler: No external profilers were discovered.  External profiling features will not be available.
[2017.11.29-20.37.57:238][  0]LogWindowsTextInputMethodSystem: Display: IME system now deactivated.
[2017.11.29-20.37.57:270][  0]LogContentStreaming: Texture pool size now 1000 MB
[2017.11.29-20.37.57:345][  0]LogSlate: Took 0.000238 seconds to synchronously load lazily loaded font '../../../Engine/Content/Slate/Fonts/Roboto-Light.ttf' (159K)
[2017.11.29-20.37.57:360][  1]LogFileCache: Retrieving MD5 hashes for directory 'D:/ExpGames/ExperimentalGame_VR/KairosVR_new/Content/' took 0.11s
[2017.11.29-20.37.57:383][  1]LogAssetRegistry: Asset discovery search completed in 64.0405 seconds
[2017.11.29-20.37.57:386][  1]LogCollectionManager: Rebuilt the object cache for 0 collections in 0.000001 seconds (found 0 objects)
[2017.11.29-20.37.57:386][  1]LogCollectionManager: Fixed up redirectors for 0 collections in 0.000086 seconds (updated 0 objects)
[2017.11.29-20.39.27:969][165]LogSlate: Took 0.000250 seconds to synchronously load lazily loaded font '../../../Engine/Content/Slate/Fonts/Roboto-Light.ttf' (159K)
[2017.11.29-20.39.27:980][165]LogFactory: FactoryCreateFile: StaticMesh with FbxFactory (0 0 D:\ExpGames\Final\assets\Ship\minigun_barrels_01.fbx)
[2017.11.29-20.39.27:992][165]LogFbx: ItemName: GlobalSettings, ItemCount : 1
[2017.11.29-20.39.27:992][165]LogFbx: ItemName: AnimationStack, ItemCount : 1
[2017.11.29-20.39.27:992][165]LogFbx: ItemName: AnimationLayer, ItemCount : 1
[2017.11.29-20.39.27:992][165]LogFbx: ItemName: NodeAttribute, ItemCount : 1
[2017.11.29-20.39.27:992][165]LogFbx: ItemName: Model, ItemCount : 2
[2017.11.29-20.39.27:992][165]LogFbx: ItemName: Geometry, ItemCount : 1
[2017.11.29-20.39.27:992][165]LogFbx: ItemName: Material, ItemCount : 1
[2017.11.29-20.39.27:999][165]LogFbx: Loading FBX Scene from D:\ExpGames\Final\assets\Ship\minigun_barrels_01.fbx
[2017.11.29-20.39.28:009][165]LogFbx: FBX Scene Loaded Succesfully
[2017.11.29-20.39.35:601][165]LogFbx: Loading FBX Scene from D:\ExpGames\Final\assets\Ship\minigun_barrels_01.fbx
[2017.11.29-20.39.35:611][165]LogFbx: FBX Scene Loaded Succesfully
[2017.11.29-20.39.35:611][165]LogLinker: Can't find file '/Game/Assets/Ship/lambert1'
[2017.11.29-20.39.35:611][165]LogLinker: Can't find file '/Game/Assets/Ship/lambert1'
[2017.11.29-20.39.35:623][165]LogMaterial: Missing cached shader map for material lambert1, compiling. 
[2017.11.29-20.39.35:643][165]LogFbx: Warning: Triangulating static mesh minigun_barrels
[2017.11.29-20.39.35:810][165]LogStaticMesh: Building static mesh minigun_barrels_01...
[2017.11.29-20.39.35:871][165]LogStaticMesh: Built static mesh [0.06s] /Game/Assets/Ship/minigun_barrels_01.minigun_barrels_01
[2017.11.29-20.39.35:883][165]FBXImport: Warning: No smoothing group information was found in this FBX scene.  Please make sure to enable the 'Export Smoothing Groups' option in the FBX Exporter plug-in before exporting the file.  Even for tools that don't support smoothing groups, the FBX Exporter will generate appropriate smoothing data at export-time so that correct vertex normals can be inferred while importing. 
[2017.11.29-20.39.35:883][165]FBXImport: Warning: Warning: The imported mesh is very small. This is most likely an issue with the units used when exporting to FBX. 
[2017.11.29-20.39.35:899][165]LogFactory: FactoryCreateFile: StaticMesh with FbxFactory (0 0 D:\ExpGames\Final\assets\Ship\minigun_housing_01.fbx)
[2017.11.29-20.39.35:917][165]LogFbx: Loading FBX Scene from D:\ExpGames\Final\assets\Ship\minigun_housing_01.fbx
[2017.11.29-20.39.35:926][165]LogFbx: FBX Scene Loaded Succesfully
[2017.11.29-20.39.35:926][165]LogFbx: Warning: Triangulating static mesh minigun_housing
[2017.11.29-20.39.35:972][165]LogStaticMesh: Building static mesh minigun_housing_01...
[2017.11.29-20.39.35:993][165]LogStaticMesh: Built static mesh [0.02s] /Game/Assets/Ship/minigun_housing_01.minigun_housing_01
[2017.11.29-20.39.36:005][165]FBXImport: Warning: No smoothing group information was found in this FBX scene.  Please make sure to enable the 'Export Smoothing Groups' option in the FBX Exporter plug-in before exporting the file.  Even for tools that don't support smoothing groups, the FBX Exporter will generate appropriate smoothing data at export-time so that correct vertex normals can be inferred while importing. 
[2017.11.29-20.39.36:005][165]FBXImport: Warning: Warning: The imported mesh is very small. This is most likely an issue with the units used when exporting to FBX. 
[2017.11.29-20.39.36:009][165]LogFactory: FactoryCreateFile: StaticMesh with FbxFactory (0 0 D:\ExpGames\Final\assets\Ship\railgun_01.fbx)
[2017.11.29-20.39.36:019][165]LogFbx: Loading FBX Scene from D:\ExpGames\Final\assets\Ship\railgun_01.fbx
[2017.11.29-20.39.36:027][165]LogFbx: FBX Scene Loaded Succesfully
[2017.11.29-20.39.36:027][165]LogFbx: Warning: Triangulating static mesh railgun
[2017.11.29-20.39.36:065][165]LogStaticMesh: Building static mesh railgun_01...
[2017.11.29-20.39.36:082][165]LogStaticMesh: Built static mesh [0.02s] /Game/Assets/Ship/railgun_01.railgun_01
[2017.11.29-20.39.36:094][165]FBXImport: Warning: No smoothing group information was found in this FBX scene.  Please make sure to enable the 'Export Smoothing Groups' option in the FBX Exporter plug-in before exporting the file.  Even for tools that don't support smoothing groups, the FBX Exporter will generate appropriate smoothing data at export-time so that correct vertex normals can be inferred while importing. 
[2017.11.29-20.39.36:094][165]FBXImport: Warning: Warning: The imported mesh is very small. This is most likely an issue with the units used when exporting to FBX. 
[2017.11.29-20.39.36:098][165]LogFactory: FactoryCreateFile: StaticMesh with FbxFactory (0 0 D:\ExpGames\Final\assets\Ship\ship_02.fbx)
[2017.11.29-20.39.36:110][165]LogFbx: Loading FBX Scene from D:\ExpGames\Final\assets\Ship\ship_02.fbx
[2017.11.29-20.39.36:120][165]LogFbx: FBX Scene Loaded Succesfully
[2017.11.29-20.39.36:120][165]LogFbx: Warning: Triangulating static mesh ship
[2017.11.29-20.39.36:378][165]LogStaticMesh: Building static mesh ship_02...
[2017.11.29-20.39.36:453][165]LogStaticMesh: Built static mesh [0.08s] /Game/Assets/Ship/ship_02.ship_02
[2017.11.29-20.39.36:469][165]FBXImport: Warning: No smoothing group information was found in this FBX scene.  Please make sure to enable the 'Export Smoothing Groups' option in the FBX Exporter plug-in before exporting the file.  Even for tools that don't support smoothing groups, the FBX Exporter will generate appropriate smoothing data at export-time so that correct vertex normals can be inferred while importing. 
[2017.11.29-20.39.36:469][165]FBXImport: Warning: Warning: The imported mesh is very small. This is most likely an issue with the units used when exporting to FBX. 
[2017.11.29-20.39.50:422][413]LogMaterial: Missing cached shader map for material M_SkyBox, compiling. 
[2017.11.29-20.39.50:434][413]LogMaterial: Missing cached shader map for material GridMaterial, compiling. 
[2017.11.29-20.40.11:963][803]LogActorFactory: Actor Factory created ship_02
[2017.11.29-20.40.14:262][ 78]LogActorFactory: Actor Factory created ship_02
[2017.11.29-20.40.16:826][368]LogActorFactory: Actor Factory created railgun_01
[2017.11.29-20.40.17:487][442]LogActorFactory: Actor Factory created railgun_01
[2017.11.29-20.40.19:068][626]Cmd: TRANSACTION UNDO
[2017.11.29-20.40.19:068][626]LogEditorTransaction: Undo Create Actors
[2017.11.29-20.40.19:101][626]LogSlate: Took 0.000161 seconds to synchronously load lazily loaded font '../../../Engine/Content/Slate/Fonts/Roboto-Light.ttf' (159K)
[2017.11.29-20.40.19:441][660]Cmd: TRANSACTION UNDO
[2017.11.29-20.40.19:441][660]LogEditorTransaction: Undo Create Actors
[2017.11.29-20.40.40:152][299]Cmd: OBJ SAVEPACKAGE PACKAGE="/Game/Assets/Ship/lambert1" FILE="D:/ExpGames/ExperimentalGame_VR/KairosVR_new/Content/Assets/Ship/lambert1.uasset" SILENT=true
[2017.11.29-20.40.40:174][299]LogSavePackage: Save=18.69ms
[2017.11.29-20.40.40:174][299]LogSavePackage: Moving 'D:/ExpGames/ExperimentalGame_VR/KairosVR_new/Saved/lambert1BD4FE72B4C89C32A45459FA7B082C5FF.tmp' to 'D:/ExpGames/ExperimentalGame_VR/KairosVR_new/Content/Assets/Ship/lambert1.uasset'
[2017.11.29-20.40.40:179][299]LogSavePackage: Display: Finished SavePackage D:/ExpGames/ExperimentalGame_VR/KairosVR_new/Content/Assets/Ship/lambert1.uasset
[2017.11.29-20.40.40:195][299]Cmd: OBJ SAVEPACKAGE PACKAGE="/Game/Assets/Ship/minigun_barrels_01" FILE="D:/ExpGames/ExperimentalGame_VR/KairosVR_new/Content/Assets/Ship/minigun_barrels_01.uasset" SILENT=true
[2017.11.29-20.40.40:218][299]LogSavePackage: Save=20.73ms
[2017.11.29-20.40.40:218][299]LogSavePackage: Moving 'D:/ExpGames/ExperimentalGame_VR/KairosVR_new/Saved/minigun_barrels_01990D6ECC4A920261E856F49EC4DC1C2F.tmp' to 'D:/ExpGames/ExperimentalGame_VR/KairosVR_new/Content/Assets/Ship/minigun_barrels_01.uasset'
[2017.11.29-20.40.40:221][299]LogSavePackage: Display: Finished SavePackage D:/ExpGames/ExperimentalGame_VR/KairosVR_new/Content/Assets/Ship/minigun_barrels_01.uasset
[2017.11.29-20.40.40:241][299]Cmd: OBJ SAVEPACKAGE PACKAGE="/Game/Assets/Ship/minigun_housing_01" FILE="D:/ExpGames/ExperimentalGame_VR/KairosVR_new/Content/Assets/Ship/minigun_housing_01.uasset" SILENT=true
[2017.11.29-20.40.40:261][299]LogSavePackage: Save=17.87ms
[2017.11.29-20.40.40:261][299]LogSavePackage: Moving 'D:/ExpGames/ExperimentalGame_VR/KairosVR_new/Saved/minigun_housing_01D1E632B44B6FFCC50192E99D0A0AEE99.tmp' to 'D:/ExpGames/ExperimentalGame_VR/KairosVR_new/Content/Assets/Ship/minigun_housing_01.uasset'
[2017.11.29-20.40.40:265][299]LogSavePackage: Display: Finished SavePackage D:/ExpGames/ExperimentalGame_VR/KairosVR_new/Content/Assets/Ship/minigun_housing_01.uasset
[2017.11.29-20.40.40:284][299]Cmd: OBJ SAVEPACKAGE PACKAGE="/Game/Assets/Ship/railgun_01" FILE="D:/ExpGames/ExperimentalGame_VR/KairosVR_new/Content/Assets/Ship/railgun_01.uasset" SILENT=true
[2017.11.29-20.40.40:309][299]LogSavePackage: Save=22.39ms
[2017.11.29-20.40.40:309][299]LogSavePackage: Moving 'D:/ExpGames/ExperimentalGame_VR/KairosVR_new/Saved/railgun_011C9DB8384995839B57CB138440EFCFC2.tmp' to 'D:/ExpGames/ExperimentalGame_VR/KairosVR_new/Content/Assets/Ship/railgun_01.uasset'
[2017.11.29-20.40.40:312][299]LogSavePackage: Display: Finished SavePackage D:/ExpGames/ExperimentalGame_VR/KairosVR_new/Content/Assets/Ship/railgun_01.uasset
[2017.11.29-20.40.40:331][299]Cmd: OBJ SAVEPACKAGE PACKAGE="/Game/Assets/Ship/ship_02" FILE="D:/ExpGames/ExperimentalGame_VR/KairosVR_new/Content/Assets/Ship/ship_02.uasset" SILENT=true
[2017.11.29-20.40.40:356][299]LogSavePackage: Save=22.01ms
[2017.11.29-20.40.40:356][299]LogSavePackage: Moving 'D:/ExpGames/ExperimentalGame_VR/KairosVR_new/Saved/ship_02573E87A0446816936737E2A70F84B78C.tmp' to 'D:/ExpGames/ExperimentalGame_VR/KairosVR_new/Content/Assets/Ship/ship_02.uasset'
[2017.11.29-20.40.40:359][299]LogSavePackage: Display: Finished SavePackage D:/ExpGames/ExperimentalGame_VR/KairosVR_new/Content/Assets/Ship/ship_02.uasset
[2017.11.29-20.40.40:542][299]LogWindowsTextInputMethodSystem: Display: IME system now deactivated.
[2017.11.29-20.40.40:711][300]Cmd: QUIT_EDITOR
[2017.11.29-20.40.40:743][300]LogExit: Preparing to exit.
[2017.11.29-20.40.41:329][300]LogExit: Editor shut down
[2017.11.29-20.40.41:332][300]LogExit: Transaction tracking system shut down
[2017.11.29-20.40.41:622][300]LogDirectoryWatcher: A directory notification for '../../../Engine/Content/' was aborted.
[2017.11.29-20.40.41:622][300]LogDirectoryWatcher: A directory notification for 'D:/ExpGames/ExperimentalGame_VR/KairosVR_new/Content/' was aborted.
[2017.11.29-20.40.41:622][300]LogDirectoryWatcher: A directory notification for '../../../Engine/Plugins/2D/Paper2D/Content/' was aborted.
[2017.11.29-20.40.41:622][300]LogDirectoryWatcher: A directory notification for '../../../Engine/Plugins/Runtime/Oculus/OculusVR/Content/' was aborted.
[2017.11.29-20.40.41:622][300]LogDirectoryWatcher: A directory notification for '../../../Engine/Plugins/Runtime/Steam/SteamVR/Content/' was aborted.
[2017.11.29-20.40.41:664][300]LogExit: Object subsystem successfully closed.
[2017.11.29-20.40.41:696][300]LogD3D11RHI: Shutdown
[2017.11.29-20.40.41:697][300]LogD3D11RHI: CleanupD3DDevice
[2017.11.29-20.40.41:761][300]LogD3D11RHI: ~FD3D11DynamicRHI
[2017.11.29-20.40.41:781][300]LogModuleManager: Shutting down and abandoning module StaticMeshEditor (532)
[2017.11.29-20.40.41:781][300]LogModuleManager: Shutting down and abandoning module HierarchicalLODOutliner (530)
[2017.11.29-20.40.41:781][300]LogModuleManager: Shutting down and abandoning module SceneOutliner (528)
[2017.11.29-20.40.41:781][300]LogModuleManager: Shutting down and abandoning module AddContentDialog (526)
[2017.11.29-20.40.41:781][300]LogDirectoryWatcher: A directory notification for 'C:/Users/dellk/Desktop/UE_4.17/FeaturePacks/' was aborted.
[2017.11.29-20.40.41:782][300]LogModuleManager: Shutting down and abandoning module WidgetCarousel (525)
[2017.11.29-20.40.41:782][300]LogModuleManager: Shutting down and abandoning module EditorWidgets (522)
[2017.11.29-20.40.41:782][300]LogModuleManager: Shutting down and abandoning module CollectionManager (520)
[2017.11.29-20.40.41:782][300]LogDirectoryWatcher: A directory notification for 'D:/ExpGames/ExperimentalGame_VR/KairosVR_new/Content/Collections/' was aborted.
[2017.11.29-20.40.41:782][300]LogDirectoryWatcher: A directory notification for 'D:/ExpGames/ExperimentalGame_VR/KairosVR_new/Content/Developers/dellk/Collections/' was aborted.
[2017.11.29-20.40.41:782][300]LogDirectoryWatcher: A directory notification for 'D:/ExpGames/ExperimentalGame_VR/KairosVR_new/Saved/Collections/' was aborted.
[2017.11.29-20.40.41:782][300]LogModuleManager: Shutting down and abandoning module StatsViewer (518)
[2017.11.29-20.40.41:782][300]LogModuleManager: Shutting down and abandoning module FoliageEdit (516)
[2017.11.29-20.40.41:782][300]LogModuleManager: Shutting down and abandoning module LandscapeEditor (514)
[2017.11.29-20.40.41:782][300]LogModuleManager: Shutting down and abandoning module MeshPaintMode (512)
[2017.11.29-20.40.41:782][300]LogModuleManager: Shutting down and abandoning module SceneDepthPickerMode (510)
[2017.11.29-20.40.41:782][300]LogModuleManager: Shutting down and abandoning module ActorPickerMode (508)
[2017.11.29-20.40.41:782][300]LogModuleManager: Shutting down and abandoning module GeometryMode (506)
[2017.11.29-20.40.41:782][300]LogModuleManager: Shutting down and abandoning module TextureAlignMode (504)
[2017.11.29-20.40.41:782][300]LogModuleManager: Shutting down and abandoning module BspMode (502)
[2017.11.29-20.40.41:782][300]LogModuleManager: Shutting down and abandoning module PIEPreviewDeviceProfileSelector (500)
[2017.11.29-20.40.41:782][300]LogModuleManager: Shutting down and abandoning module HardwareSurvey (498)
[2017.11.29-20.40.41:782][300]LogModuleManager: Shutting down and abandoning module SequenceRecorderSections (496)
[2017.11.29-20.40.41:782][300]LogModuleManager: Shutting down and abandoning module AutomationWorker (494)
[2017.11.29-20.40.41:782][300]LogModuleManager: Shutting down and abandoning module MatineeToLevelSequence (492)
[2017.11.29-20.40.41:783][300]LogModuleManager: Shutting down and abandoning module LevelSequenceEditor (490)
[2017.11.29-20.40.41:783][300]LogModuleManager: Shutting down and abandoning module PlacementMode (489)
[2017.11.29-20.40.41:783][300]LogModuleManager: Shutting down and abandoning module WmfMediaFactory (486)
[2017.11.29-20.40.41:783][300]LogModuleManager: Shutting down and abandoning module WmfMediaEditor (484)
[2017.11.29-20.40.41:783][300]LogModuleManager: Shutting down and abandoning module AvfMediaFactory (482)
[2017.11.29-20.40.41:783][300]LogModuleManager: Shutting down and abandoning module AvfMediaEditor (480)
[2017.11.29-20.40.41:783][300]LogModuleManager: Shutting down and abandoning module AndroidMediaFactory (478)
[2017.11.29-20.40.41:783][300]LogModuleManager: Shutting down and abandoning module Media (477)
[2017.11.29-20.40.41:783][300]LogModuleManager: Shutting down and abandoning module AndroidMediaEditor (474)
[2017.11.29-20.40.41:783][300]LogModuleManager: Shutting down and abandoning module CharacterAI (472)
[2017.11.29-20.40.41:783][300]LogModuleManager: Shutting down and abandoning module AudioCapture (470)
[2017.11.29-20.40.41:783][300]LogModuleManager: Shutting down and abandoning module SequenceRecorder (469)
[2017.11.29-20.40.41:783][300]LogModuleManager: Shutting down and abandoning module SmartSnapping (466)
[2017.11.29-20.40.41:783][300]LogModuleManager: Shutting down and abandoning module SessionServices (464)
[2017.11.29-20.40.41:783][300]LogModuleManager: Shutting down and abandoning module ViewportSnapping (462)
[2017.11.29-20.40.41:783][300]LogModuleManager: Shutting down and abandoning module ViewportInteraction (460)
[2017.11.29-20.40.41:783][300]LogModuleManager: Shutting down and abandoning module ClothPainter (458)
[2017.11.29-20.40.41:783][300]LogModuleManager: Shutting down and abandoning module LogVisualizer (456)
[2017.11.29-20.40.41:783][300]LogModuleManager: Shutting down and abandoning module IntroTutorials (454)
[2017.11.29-20.40.41:783][300]LogModuleManager: Shutting down and abandoning module GameProjectGeneration (453)
[2017.11.29-20.40.41:783][300]LogModuleManager: Shutting down and abandoning module IOSPlatformEditor (450)
[2017.11.29-20.40.41:783][300]LogModuleManager: Shutting down and abandoning module HTML5PlatformEditor (448)
[2017.11.29-20.40.41:783][300]LogModuleManager: Shutting down and abandoning module AndroidPlatformEditor (446)
[2017.11.29-20.40.41:783][300]LogModuleManager: Shutting down and abandoning module AndroidDeviceDetection (445)
[2017.11.29-20.40.42:018][300]LogModuleManager: Shutting down and abandoning module WindowsPlatformEditor (442)
[2017.11.29-20.40.42:018][300]LogModuleManager: Shutting down and abandoning module IOSRuntimeSettings (440)
[2017.11.29-20.40.42:018][300]LogModuleManager: Shutting down and abandoning module AndroidRuntimeSettings (438)
[2017.11.29-20.40.42:018][300]LogModuleManager: Shutting down and abandoning module InputBindingEditor (436)
[2017.11.29-20.40.42:018][300]LogModuleManager: Shutting down and abandoning module MergeActors (434)
[2017.11.29-20.40.42:018][300]LogModuleManager: Shutting down and abandoning module SizeMap (432)
[2017.11.29-20.40.42:018][300]LogModuleManager: Shutting down and abandoning module TreeMap (430)
[2017.11.29-20.40.42:018][300]LogModuleManager: Shutting down and abandoning module ReferenceViewer (428)
[2017.11.29-20.40.42:018][300]LogModuleManager: Shutting down and abandoning module LocalizationDashboard (426)
[2017.11.29-20.40.42:018][300]LogModuleManager: Shutting down and abandoning module LocalizationService (425)
[2017.11.29-20.40.42:018][300]LogModuleManager: Shutting down and abandoning module HardwareTargeting (422)
[2017.11.29-20.40.42:018][300]LogModuleManager: Shutting down and abandoning module DeviceProfileEditor (420)
[2017.11.29-20.40.42:018][300]LogModuleManager: Shutting down and abandoning module UndoHistory (418)
[2017.11.29-20.40.42:018][300]LogModuleManager: Shutting down and abandoning module XmlParser (416)
[2017.11.29-20.40.42:018][300]LogModuleManager: Shutting down and abandoning module Blutility (414)
[2017.11.29-20.40.42:018][300]LogModuleManager: Shutting down and abandoning module ProjectSettingsViewer (412)
[2017.11.29-20.40.42:018][300]LogModuleManager: Shutting down and abandoning module ProjectTargetPlatformEditor (411)
[2017.11.29-20.40.42:019][300]LogModuleManager: Shutting down and abandoning module EditorSettingsViewer (408)
[2017.11.29-20.40.42:019][300]LogModuleManager: Shutting down and abandoning module SettingsEditor (406)
[2017.11.29-20.40.42:019][300]LogModuleManager: Shutting down and abandoning module ProjectLauncher (404)
[2017.11.29-20.40.42:019][300]LogModuleManager: Shutting down and abandoning module SessionFrontend (402)
[2017.11.29-20.40.42:019][300]LogModuleManager: Shutting down and abandoning module ProfilerClient (400)
[2017.11.29-20.40.42:019][300]LogModuleManager: Shutting down and abandoning module DeviceManager (398)
[2017.11.29-20.40.42:019][300]LogModuleManager: Shutting down and abandoning module TargetDeviceServices (397)
[2017.11.29-20.40.42:084][300]LogModuleManager: Shutting down and abandoning module AutomationController (394)
[2017.11.29-20.40.42:084][300]LogModuleManager: Shutting down and abandoning module AutomationWindow (392)
[2017.11.29-20.40.42:084][300]LogModuleManager: Shutting down and abandoning module Layers (390)
[2017.11.29-20.40.42:084][300]LogModuleManager: Shutting down and abandoning module ComponentVisualizers (388)
[2017.11.29-20.40.42:084][300]LogModuleManager: Shutting down and abandoning module DetailCustomizations (386)
[2017.11.29-20.40.42:084][300]LogModuleManager: Shutting down and abandoning module PackagesDialog (384)
[2017.11.29-20.40.42:084][300]LogModuleManager: Shutting down and abandoning module Persona (382)
[2017.11.29-20.40.42:084][300]LogModuleManager: Shutting down and abandoning module AdvancedPreviewScene (381)
[2017.11.29-20.40.42:084][300]LogModuleManager: Shutting down and abandoning module AnimGraph (379)
[2017.11.29-20.40.42:084][300]LogModuleManager: Shutting down and abandoning module Kismet (376)
[2017.11.29-20.40.42:085][300]LogModuleManager: Shutting down and abandoning module ClassViewer (374)
[2017.11.29-20.40.42:085][300]LogModuleManager: Shutting down and abandoning module Toolbox (372)
[2017.11.29-20.40.42:085][300]LogModuleManager: Shutting down and abandoning module ModuleUI (370)
[2017.11.29-20.40.42:085][300]LogModuleManager: Shutting down and abandoning module MovieSceneTools (368)
[2017.11.29-20.40.42:086][300]LogModuleManager: Shutting down and abandoning module OutputLog (366)
[2017.11.29-20.40.42:086][300]LogModuleManager: Shutting down and abandoning module GammaUI (364)
[2017.11.29-20.40.42:086][300]LogModuleManager: Shutting down and abandoning module Documentation (362)
[2017.11.29-20.40.42:086][300]LogModuleManager: Shutting down and abandoning module MovieSceneTracks (360)
[2017.11.29-20.40.42:086][300]LogModuleManager: Shutting down and abandoning module MovieScene (358)
[2017.11.29-20.40.42:086][300]LogModuleManager: Shutting down and abandoning module Niagara (356)
[2017.11.29-20.40.42:086][300]LogModuleManager: Shutting down and abandoning module NiagaraEditor (355)
[2017.11.29-20.40.42:086][300]LogModuleManager: Shutting down and abandoning module StreamingPauseRendering (352)
[2017.11.29-20.40.42:086][300]LogModuleManager: Shutting down and abandoning module LauncherPlatform (350)
[2017.11.29-20.40.42:086][300]LogModuleManager: Shutting down and abandoning module AnalyticsET (348)
[2017.11.29-20.40.42:086][300]LogModuleManager: Shutting down and abandoning module PortalServices (346)
[2017.11.29-20.40.42:086][300]LogModuleManager: Shutting down and abandoning module PortalRpc (344)
[2017.11.29-20.40.42:086][300]LogModuleManager: Shutting down and abandoning module MessagingRpc (342)
[2017.11.29-20.40.42:086][300]LogModuleManager: Shutting down and abandoning module AIModule (340)
[2017.11.29-20.40.42:086][300]LogModuleManager: Shutting down and abandoning module GameplayDebugger (339)
[2017.11.29-20.40.42:086][300]LogModuleManager: Shutting down and abandoning module AITestSuite (337)
[2017.11.29-20.40.42:086][300]LogModuleManager: Shutting down and abandoning module ProfilerService (334)
[2017.11.29-20.40.42:147][300]LogModuleManager: Shutting down and abandoning module TaskGraph (332)
[2017.11.29-20.40.42:147][300]LogModuleManager: Shutting down and abandoning module SteamVRController (330)
[2017.11.29-20.40.42:147][300]LogModuleManager: Shutting down and abandoning module ProceduralMeshComponentEditor (328)
[2017.11.29-20.40.42:147][300]LogModuleManager: Shutting down and abandoning module ProceduralMeshComponent (326)
[2017.11.29-20.40.42:147][300]LogModuleManager: Shutting down and abandoning module OculusInput (324)
[2017.11.29-20.40.42:147][300]LogModuleManager: Shutting down and abandoning module MobilePatchingUtils (322)
[2017.11.29-20.40.42:147][300]LogModuleManager: Shutting down and abandoning module CustomMeshComponent (320)
[2017.11.29-20.40.42:147][300]LogModuleManager: Shutting down and abandoning module CableComponent (318)
[2017.11.29-20.40.42:147][300]LogModuleManager: Shutting down and abandoning module ArchVisCharacter (316)
[2017.11.29-20.40.42:147][300]LogModuleManager: Shutting down and abandoning module AndroidPermission (314)
[2017.11.29-20.40.42:147][300]LogModuleManager: Shutting down and abandoning module MediaPlayerEditor (310)
[2017.11.29-20.40.42:147][300]LogModuleManager: Shutting down and abandoning module HTML5Networking (308)
[2017.11.29-20.40.42:147][300]LogModuleManager: Shutting down and abandoning module AlembicImporter (306)
[2017.11.29-20.40.42:147][300]LogModuleManager: Shutting down and abandoning module AlembicLibrary (305)
[2017.11.29-20.40.42:147][300]LogModuleManager: Shutting down and abandoning module GeometryCache (304)
[2017.11.29-20.40.42:147][300]LogModuleManager: Shutting down and abandoning module GeometryCacheEd (303)
[2017.11.29-20.40.42:147][300]LogModuleManager: Shutting down and abandoning module SpeedTreeImporter (298)
[2017.11.29-20.40.42:148][300]LogModuleManager: Shutting down and abandoning module PluginBrowser (296)
[2017.11.29-20.40.42:148][300]LogModuleManager: Shutting down and abandoning module MobileLauncherProfileWizard (294)
[2017.11.29-20.40.42:148][300]LogModuleManager: Shutting down and abandoning module VisualStudioSourceCodeAccess (292)
[2017.11.29-20.40.42:148][300]LogModuleManager: Shutting down and abandoning module DesktopPlatform (291)
[2017.11.29-20.40.42:148][300]LogModuleManager: Shutting down and abandoning module UObjectPlugin (288)
[2017.11.29-20.40.42:148][300]LogModuleManager: Shutting down and abandoning module SubversionSourceControl (286)
[2017.11.29-20.40.42:148][300]LogModuleManager: Shutting down and abandoning module PerforceSourceControl (284)
[2017.11.29-20.40.42:148][300]LogModuleManager: Shutting down and abandoning module GitSourceControl (282)
[2017.11.29-20.40.42:148][300]LogModuleManager: Shutting down and abandoning module SourceControl (281)
[2017.11.29-20.40.42:148][300]LogModuleManager: Shutting down and abandoning module LightPropagationVolumeEditor (278)
[2017.11.29-20.40.42:148][300]LogModuleManager: Shutting down and abandoning module PaperTiledImporter (276)
[2017.11.29-20.40.42:148][300]LogModuleManager: Shutting down and abandoning module PaperSpriteSheetImporter (274)
[2017.11.29-20.40.42:148][300]LogModuleManager: Shutting down and abandoning module Paper2DEditor (272)
[2017.11.29-20.40.42:148][300]LogModuleManager: Shutting down and abandoning module MeshPaint (271)
[2017.11.29-20.40.42:148][300]LogModuleManager: Shutting down and abandoning module LevelEditor (269)
[2017.11.29-20.40.42:149][300]LogModuleManager: Shutting down and abandoning module PixelInspectorModule (268)
[2017.11.29-20.40.42:149][300]LogModuleManager: Shutting down and abandoning module MainFrame (266)
[2017.11.29-20.40.42:149][300]LogModuleManager: Shutting down and abandoning module HotReload (265)
[2017.11.29-20.40.42:149][300]LogModuleManager: Shutting down and abandoning module RuntimePhysXCooking (260)
[2017.11.29-20.40.42:149][300]LogModuleManager: Shutting down and abandoning module PhysXVehiclesEditor (258)
[2017.11.29-20.40.42:149][300]LogModuleManager: Shutting down and abandoning module PhysXVehicles (256)
[2017.11.29-20.40.42:149][300]LogModuleManager: Shutting down and abandoning module OculusEditor (254)
[2017.11.29-20.40.42:149][300]LogModuleManager: Shutting down and abandoning module LocationServicesBPLibrary (252)
[2017.11.29-20.40.42:149][300]LogModuleManager: Shutting down and abandoning module ImmediatePhysicsEditor (250)
[2017.11.29-20.40.42:149][300]LogModuleManager: Shutting down and abandoning module ImmediatePhysics (248)
[2017.11.29-20.40.42:149][300]LogModuleManager: Shutting down and abandoning module UdpMessaging (246)
[2017.11.29-20.40.42:250][300]LogModuleManager: Shutting down and abandoning module TcpMessaging (244)
[2017.11.29-20.40.42:350][300]LogModuleManager: Shutting down and abandoning module GameplayTagsEditor (242)
[2017.11.29-20.40.42:350][300]LogModuleManager: Shutting down and abandoning module FacialAnimationEditor (240)
[2017.11.29-20.40.42:350][300]LogModuleManager: Shutting down and abandoning module FacialAnimation (238)
[2017.11.29-20.40.42:350][300]LogModuleManager: Shutting down and abandoning module AssetManagerEditor (236)
[2017.11.29-20.40.42:350][300]LogModuleManager: Shutting down and abandoning module GraphEditor (235)
[2017.11.29-20.40.42:350][300]LogModuleManager: Shutting down and abandoning module ContentBrowser (233)
[2017.11.29-20.40.42:351][300]LogModuleManager: Shutting down and abandoning module LightPropagationVolumeRuntime (230)
[2017.11.29-20.40.42:351][300]LogModuleManager: Shutting down and abandoning module Paper2D (228)
[2017.11.29-20.40.42:351][300]LogModuleManager: Shutting down and abandoning module WindowsMoviePlayer (226)
[2017.11.29-20.40.42:351][300]LogModuleManager: Shutting down and abandoning module WmfMedia (224)
[2017.11.29-20.40.42:351][300]LogModuleManager: Shutting down and abandoning module PacketHandler (222)
[2017.11.29-20.40.42:351][300]LogModuleManager: Shutting down and abandoning module ClothingSystemEditor (220)
[2017.11.29-20.40.42:351][300]LogModuleManager: Shutting down and abandoning module ClothingSystemRuntime (218)
[2017.11.29-20.40.42:351][300]LogModuleManager: Shutting down and abandoning module Overlay (216)
[2017.11.29-20.40.42:351][300]LogModuleManager: Shutting down and abandoning module OverlayEditor (215)
[2017.11.29-20.40.42:351][300]LogModuleManager: Shutting down and abandoning module MediaAssets (212)
[2017.11.29-20.40.42:351][300]LogModuleManager: Shutting down and abandoning module VREditor (210)
[2017.11.29-20.40.42:351][300]LogModuleManager: Shutting down and abandoning module StringTableEditor (208)
[2017.11.29-20.40.42:351][300]LogModuleManager: Shutting down and abandoning module GameplayTasksEditor (206)
[2017.11.29-20.40.42:351][300]LogModuleManager: Shutting down and abandoning module BehaviorTreeEditor (204)
[2017.11.29-20.40.42:351][300]LogModuleManager: Shutting down and abandoning module FunctionalTesting (202)
[2017.11.29-20.40.42:351][300]LogModuleManager: Shutting down and abandoning module CollisionAnalyzer (200)
[2017.11.29-20.40.42:351][300]LogModuleManager: Shutting down and abandoning module WorkspaceMenuStructure (199)
[2017.11.29-20.40.42:351][300]LogModuleManager: Shutting down and abandoning module UMG (196)
[2017.11.29-20.40.42:351][300]LogModuleManager: Shutting down and abandoning module UMGEditor (195)
[2017.11.29-20.40.42:352][300]LogModuleManager: Shutting down and abandoning module Sequencer (194)
[2017.11.29-20.40.42:352][300]LogModuleManager: Shutting down and abandoning module MessageLog (191)
[2017.11.29-20.40.42:352][300]LogModuleManager: Shutting down and abandoning module SlateReflector (186)
[2017.11.29-20.40.42:352][300]LogModuleManager: Shutting down and abandoning module Slate (184)
[2017.11.29-20.40.42:352][300]LogModuleManager: Shutting down and abandoning module EditorStyle (182)
[2017.11.29-20.40.42:354][300]LogModuleManager: Shutting down and abandoning module MRMesh (180)
[2017.11.29-20.40.42:354][300]LogModuleManager: Shutting down and abandoning module SourceCodeAccess (178)
[2017.11.29-20.40.42:354][300]LogModuleManager: Shutting down and abandoning module HeadMountedDisplay (176)
[2017.11.29-20.40.42:354][300]LogModuleManager: Shutting down and abandoning module XAudio2 (174)
[2017.11.29-20.40.42:354][300]LogModuleManager: Shutting down and abandoning module Networking (172)
[2017.11.29-20.40.42:354][300]LogModuleManager: Shutting down and abandoning module Core (168)
[2017.11.29-20.40.42:354][300]LogModuleManager: Shutting down and abandoning module KismetCompiler (164)
[2017.11.29-20.40.42:354][300]LogModuleManager: Shutting down and abandoning module LevelSequence (162)
[2017.11.29-20.40.42:354][300]LogModuleManager: Shutting down and abandoning module MeshUtilities (160)
[2017.11.29-20.40.42:354][300]LogModuleManager: Shutting down and abandoning module MeshMergeUtilities (159)
[2017.11.29-20.40.42:354][300]LogModuleManager: Shutting down and abandoning module MeshReductionInterface (158)
[2017.11.29-20.40.42:354][300]LogModuleManager: Shutting down and abandoning module SimplygonSwarm (157)
[2017.11.29-20.40.42:354][300]LogModuleManager: Shutting down and abandoning module SimplygonMeshReduction (155)
[2017.11.29-20.40.42:354][300]LogModuleManager: Shutting down and abandoning module QuadricMeshReduction (153)
[2017.11.29-20.40.42:354][300]LogModuleManager: Shutting down and abandoning module MaterialBaking (149)
[2017.11.29-20.40.42:354][300]LogModuleManager: Shutting down and abandoning module DirectoryWatcher (146)
[2017.11.29-20.40.42:355][300]LogModuleManager: Shutting down and abandoning module DerivedDataCache (144)
[2017.11.29-20.40.42:408][300]LogDerivedDataCache: Shutdown
[2017.11.29-20.40.42:408][300]LogModuleManager: Shutting down and abandoning module TargetPlatform (142)
[2017.11.29-20.40.42:408][300]LogModuleManager: Shutting down and abandoning module VulkanShaderFormat (141)
[2017.11.29-20.40.42:408][300]LogModuleManager: Shutting down and abandoning module ShaderFormatVectorVM (139)
[2017.11.29-20.40.42:408][300]LogModuleManager: Shutting down and abandoning module ShaderFormatOpenGL (137)
[2017.11.29-20.40.42:408][300]LogModuleManager: Shutting down and abandoning module ShaderFormatD3D (135)
[2017.11.29-20.40.42:408][300]LogModuleManager: Shutting down and abandoning module MetalShaderFormat (133)
[2017.11.29-20.40.42:408][300]LogModuleManager: Shutting down and abandoning module TextureFormatUncompressed (131)
[2017.11.29-20.40.42:408][300]LogModuleManager: Shutting down and abandoning module TextureFormatPVR (129)
[2017.11.29-20.40.42:408][300]LogModuleManager: Shutting down and abandoning module TextureFormatDXT (127)
[2017.11.29-20.40.42:408][300]LogModuleManager: Shutting down and abandoning module TextureFormatIntelISPCTexComp (125)
[2017.11.29-20.40.42:408][300]LogModuleManager: Shutting down and abandoning module TextureFormatASTC (123)
[2017.11.29-20.40.42:408][300]LogModuleManager: Shutting down and abandoning module ImageWrapper (122)
[2017.11.29-20.40.42:408][300]LogModuleManager: Shutting down and abandoning module TextureFormatAndroid (119)
[2017.11.29-20.40.42:408][300]LogModuleManager: Shutting down and abandoning module AudioFormatOpus (117)
[2017.11.29-20.40.42:408][300]LogModuleManager: Shutting down and abandoning module AudioFormatOgg (115)
[2017.11.29-20.40.42:408][300]LogModuleManager: Shutting down and abandoning module AudioFormatADPCM (113)
[2017.11.29-20.40.42:408][300]LogModuleManager: Shutting down and abandoning module LinuxTargetPlatform (111)
[2017.11.29-20.40.42:409][300]LogModuleManager: Shutting down and abandoning module LinuxServerTargetPlatform (109)
[2017.11.29-20.40.42:409][300]LogModuleManager: Shutting down and abandoning module LinuxNoEditorTargetPlatform (107)
[2017.11.29-20.40.42:409][300]LogModuleManager: Shutting down and abandoning module LinuxClientTargetPlatform (105)
[2017.11.29-20.40.42:409][300]LogModuleManager: Shutting down and abandoning module TVOSTargetPlatform (103)
[2017.11.29-20.40.42:409][300]LogModuleManager: Shutting down and abandoning module Messaging (101)
[2017.11.29-20.40.42:409][300]LogModuleManager: Shutting down and abandoning module IOSTargetPlatform (99)
[2017.11.29-20.40.42:409][300]LogModuleManager: Shutting down and abandoning module HTML5TargetPlatform (97)
[2017.11.29-20.40.42:409][300]LogModuleManager: Shutting down and abandoning module Android_PVRTCTargetPlatform (95)
[2017.11.29-20.40.42:409][300]LogModuleManager: Shutting down and abandoning module Android_MultiTargetPlatform (93)
[2017.11.29-20.40.42:409][300]LogModuleManager: Shutting down and abandoning module Android_ETC2TargetPlatform (91)
[2017.11.29-20.40.42:409][300]LogModuleManager: Shutting down and abandoning module Android_ETC1TargetPlatform (89)
[2017.11.29-20.40.42:409][300]LogModuleManager: Shutting down and abandoning module Android_DXTTargetPlatform (87)
[2017.11.29-20.40.42:409][300]LogModuleManager: Shutting down and abandoning module Android_ATCTargetPlatform (85)
[2017.11.29-20.40.42:409][300]LogModuleManager: Shutting down and abandoning module Android_ASTCTargetPlatform (83)
[2017.11.29-20.40.42:409][300]LogModuleManager: Shutting down and abandoning module AndroidTargetPlatform (81)
[2017.11.29-20.40.42:409][300]LogModuleManager: Shutting down and abandoning module WindowsTargetPlatform (79)
[2017.11.29-20.40.42:409][300]LogModuleManager: Shutting down and abandoning module WindowsServerTargetPlatform (77)
[2017.11.29-20.40.42:409][300]LogModuleManager: Shutting down and abandoning module WindowsNoEditorTargetPlatform (75)
[2017.11.29-20.40.42:409][300]LogModuleManager: Shutting down and abandoning module WindowsClientTargetPlatform (73)
[2017.11.29-20.40.42:409][300]LogModuleManager: Shutting down and abandoning module MacTargetPlatform (71)
[2017.11.29-20.40.42:409][300]LogModuleManager: Shutting down and abandoning module MacServerTargetPlatform (69)
[2017.11.29-20.40.42:409][300]LogModuleManager: Shutting down and abandoning module MacNoEditorTargetPlatform (67)
[2017.11.29-20.40.42:409][300]LogModuleManager: Shutting down and abandoning module MacClientTargetPlatform (65)
[2017.11.29-20.40.42:409][300]LogModuleManager: Shutting down and abandoning module AllDesktopTargetPlatform (63)
[2017.11.29-20.40.42:409][300]LogModuleManager: Shutting down and abandoning module InputCore (60)
[2017.11.29-20.40.42:409][300]LogModuleManager: Shutting down and abandoning module Settings (58)
[2017.11.29-20.40.42:409][300]LogModuleManager: Shutting down and abandoning module PhysXCooking (56)
[2017.11.29-20.40.42:409][300]LogModuleManager: Shutting down and abandoning module SteamVR (54)
[2017.11.29-20.40.42:409][300]LogModuleManager: Shutting down and abandoning module OculusHMD (52)
[2017.11.29-20.40.42:409][300]LogModuleManager: Shutting down and abandoning module ExampleDeviceProfileSelector (50)
[2017.11.29-20.40.42:409][300]LogModuleManager: Shutting down and abandoning module OnlineBlueprintSupport (48)
[2017.11.29-20.40.42:409][300]LogModuleManager: Shutting down and abandoning module OnlineSubsystem (44)
[2017.11.29-20.40.42:409][300]LogOnline: Display: Unloading online subsystem: NULL
[2017.11.29-20.40.42:409][300]LogModuleManager: Shutting down and abandoning module XMPP (43)
[2017.11.29-20.40.42:409][300]LogModuleManager: Shutting down and abandoning module HTTP (41)
[2017.11.29-20.40.42:409][300]LogHttp: Display: Http module shutting down, but needs to wait on 1 outstanding Http requests:
[2017.11.29-20.40.42:409][300]LogHttp: Display: 	verb=[POST] url=[https://datarouter.ol.epicgames.com/datarouter/api/v1/public/data?SessionID=%7BC0E2C1DB-4799-9979-2F1F-0C9EDD36E60D%7D&AppID=UEEditor.Rocket.Release&AppVersion=4.17.2-3658906%2B%2B%2BUE4%2BRelease-4.17&UserID=2266ebbb49f2b0cb8666b8a861d30b5e%7Cfc1672ededc048ebb0076d5480b48f5b%7C04afe557-e73b-4b4d-b551-b6c6d14662b3&AppEnvironment=datacollector-binary&UploadType=eteventstream] status=Processing
[2017.11.29-20.40.42:431][300]LogModuleManager: Shutting down and abandoning module SSL (40)
[2017.11.29-20.40.42:432][300]LogModuleManager: Shutting down and abandoning module AnimationModifiers (36)
[2017.11.29-20.40.42:432][300]LogModuleManager: Shutting down and abandoning module PropertyEditor (35)
[2017.11.29-20.40.42:432][300]LogModuleManager: Shutting down and abandoning module AudioEditor (32)
[2017.11.29-20.40.42:432][300]LogModuleManager: Shutting down and abandoning module TextureCompressor (30)
[2017.11.29-20.40.42:432][300]LogModuleManager: Shutting down and abandoning module ShaderCore (28)
[2017.11.29-20.40.42:432][300]LogModuleManager: Shutting down and abandoning module Landscape (26)
[2017.11.29-20.40.42:432][300]LogModuleManager: Shutting down and abandoning module SlateRHIRenderer (24)
[2017.11.29-20.40.42:433][300]LogModuleManager: Shutting down and abandoning module OpenGLDrv (22)
[2017.11.29-20.40.42:433][300]LogModuleManager: Shutting down and abandoning module D3D11RHI (20)
[2017.11.29-20.40.42:433][300]LogModuleManager: Shutting down and abandoning module AnimGraphRuntime (18)
[2017.11.29-20.40.42:433][300]LogModuleManager: Shutting down and abandoning module Renderer (16)
[2017.11.29-20.40.42:433][300]LogModuleManager: Shutting down and abandoning module Engine (14)
[2017.11.29-20.40.42:433][300]LogModuleManager: Shutting down and abandoning module CoreUObject (12)
[2017.11.29-20.40.42:433][300]LogModuleManager: Shutting down and abandoning module NetworkFile (10)
[2017.11.29-20.40.42:433][300]LogModuleManager: Shutting down and abandoning module CookedIterativeFile (8)
[2017.11.29-20.40.42:433][300]LogModuleManager: Shutting down and abandoning module StreamingFile (6)
[2017.11.29-20.40.42:433][300]LogModuleManager: Shutting down and abandoning module SandboxFile (4)
[2017.11.29-20.40.42:433][300]LogModuleManager: Shutting down and abandoning module PakFile (2)
[2017.11.29-20.40.42:437][300]LogExit: Exiting.
[2017.11.29-20.40.42:452][300]Log file closed, 11/29/17 15:40:42
