Log file open, 11/27/17 16:58:59
LogWindows: Failed to load 'aqProf.dll' (GetLastError=126)
LogWindows: File 'aqProf.dll' does not exist
LogWindows: Failed to load 'VtuneApi.dll' (GetLastError=126)
LogWindows: File 'VtuneApi.dll' does not exist
LogWindows: Failed to load 'VtuneApi32e.dll' (GetLastError=126)
LogWindows: File 'VtuneApi32e.dll' does not exist
LogInit: Display: Running engine for game: KairosVR_new
LogPlatformFile: Not using cached read wrapper
LogInit: Display: RandInit(743597429) SRandInit(743597429).
LogTaskGraph: Started task graph with 5 named threads and 14 total threads with 3 sets of task threads.
LogStats: Stats thread started at 1.701889
LogD3D11RHI: Aftermath initialized
LogPluginManager: Mounting plugin Paper2D
LogPluginManager: Mounting plugin LightPropagationVolume
LogPluginManager: Mounting plugin CodeLiteSourceCodeAccess
LogPluginManager: Mounting plugin GitSourceControl
LogPluginManager: Mounting plugin KDevelopSourceCodeAccess
LogPluginManager: Mounting plugin NullSourceCodeAccess
LogPluginManager: Mounting plugin PerforceSourceControl
LogPluginManager: Mounting plugin SubversionSourceControl
LogPluginManager: Mounting plugin UObjectPlugin
LogPluginManager: Mounting plugin VisualStudioSourceCodeAccess
LogPluginManager: Mounting plugin XCodeSourceCodeAccess
LogPluginManager: Mounting plugin AssetManagerEditor
LogPluginManager: Mounting plugin AudioCapture
LogPluginManager: Mounting plugin FacialAnimation
LogPluginManager: Mounting plugin GameplayTagsEditor
LogPluginManager: Mounting plugin MobileLauncherProfileWizard
LogPluginManager: Mounting plugin PluginBrowser
LogPluginManager: Mounting plugin SpeedTreeImporter
LogPluginManager: Mounting plugin AlembicImporter
LogPluginManager: Mounting plugin CharacterAI
LogPluginManager: Mounting plugin HTML5Networking
LogPluginManager: Mounting plugin AndroidMedia
LogPluginManager: Mounting plugin AvfMedia
LogPluginManager: Mounting plugin MediaPlayerEditor
LogPluginManager: Mounting plugin WmfMedia
LogPluginManager: Mounting plugin TcpMessaging
LogPluginManager: Mounting plugin UdpMessaging
LogPluginManager: Mounting plugin LevelSequenceEditor
LogPluginManager: Mounting plugin MatineeToLevelSequence
LogPluginManager: Mounting plugin OnlineSubsystemGooglePlay
LogPluginManager: Mounting plugin OnlineSubsystemIOS
LogPluginManager: Mounting plugin OnlineSubsystem
LogPluginManager: Mounting plugin OnlineSubsystemNull
LogPluginManager: Mounting plugin OnlineSubsystemUtils
LogPluginManager: Mounting plugin AndroidDeviceProfileSelector
LogPluginManager: Mounting plugin AndroidMoviePlayer
LogPluginManager: Mounting plugin AndroidPermission
LogPluginManager: Mounting plugin AppleMoviePlayer
LogPluginManager: Mounting plugin ArchVisCharacter
LogPluginManager: Mounting plugin CableComponent
LogPluginManager: Mounting plugin CustomMeshComponent
LogPluginManager: Mounting plugin ExampleDeviceProfileSelector
LogPluginManager: Mounting plugin GoogleCloudMessaging
LogPluginManager: Mounting plugin ImmediatePhysics
LogPluginManager: Mounting plugin IOSDeviceProfileSelector
LogPluginManager: Mounting plugin LinuxDeviceProfileSelector
LogPluginManager: Mounting plugin LocationServicesBPLibrary
LogPluginManager: Mounting plugin MobilePatchingUtils
LogPluginManager: Mounting plugin OculusVR
LogPluginManager: Mounting plugin PhysXVehicles
LogPluginManager: Mounting plugin ProceduralMeshComponent
LogPluginManager: Mounting plugin RuntimePhysXCooking
LogPluginManager: Mounting plugin SteamVR
LogPluginManager: Mounting plugin WindowsMoviePlayer
LogInit: Using libcurl 7.47.1
LogInit:  - built for x86_64-pc-win32
LogInit:  - supports SSL with OpenSSL/1.0.2g
LogInit:  - supports HTTP deflate (compression) using libz 1.2.8
LogInit:  - other features:
LogInit:      CURL_VERSION_SSL
LogInit:      CURL_VERSION_LIBZ
LogInit:      CURL_VERSION_IPV6
LogInit:      CURL_VERSION_ASYNCHDNS
LogInit:      CURL_VERSION_LARGEFILE
LogInit:      CURL_VERSION_IDN
LogInit:  CurlRequestOptions (configurable via config and command line):
LogInit:  - bVerifyPeer = false  - Libcurl will NOT verify peer certificate
LogInit:  - bUseHttpProxy = false  - Libcurl will NOT use HTTP proxy
LogInit:  - bDontReuseConnections = false  - Libcurl will reuse connections
LogInit:  - CertBundlePath = nullptr  - Libcurl will use whatever was configured at build time.
LogInit: Build: ++UE4+Release-4.17-CL-3658906
LogInit: Engine Version: 4.17.2-3658906+++UE4+Release-4.17
LogInit: Compatible Engine Version: 4.17.0-3573198+++UE4+Release-4.17
LogInit: Net CL: 3573198
LogDevObjectVersion: Number of dev versions registered: 16
LogDevObjectVersion:   Dev-Blueprints (B0D832E4-1F89-4F0D-ACCF-7EB736FD4AA2): 10
LogDevObjectVersion:   Dev-Build (E1C64328-A22C-4D53-A36C-8E866417BD8C): 0
LogDevObjectVersion:   Dev-Core (375EC13C-06E4-48FB-B500-84F0262A717E): 2
LogDevObjectVersion:   Dev-Editor (E4B068ED-F494-42E9-A231-DA0B2E46BB41): 20
LogDevObjectVersion:   Dev-Framework (CFFC743F-43B0-4480-9391-14DF171D2073): 28
LogDevObjectVersion:   Dev-Mobile (B02B49B5-BB20-44E9-A304-32B752E40360): 0
LogDevObjectVersion:   Dev-Networking (A4E4105C-59A1-49B5-A7C5-40C4547EDFEE): 0
LogDevObjectVersion:   Dev-Online (39C831C9-5AE6-47DC-9A44-9C173E1C8E7C): 0
LogDevObjectVersion:   Dev-Physics (78F01B33-EBEA-4F98-B9B4-84EACCB95AA2): 0
LogDevObjectVersion:   Dev-Platform (6631380F-2D4D-43E0-8009-CF276956A95A): 0
LogDevObjectVersion:   Dev-Rendering (12F88B9F-8875-4AFC-A67C-D90C383ABD29): 19
LogDevObjectVersion:   Dev-Sequencer (7B5AE74C-D270-4C10-A958-57980B212A5A): 4
LogDevObjectVersion:   Dev-VR (D7296918-1DD6-4BDD-9DE2-64A83CC13884): 0
LogDevObjectVersion:   Dev-LoadTimes (C2A15278-BFE7-4AFE-6C17-90FF531DF755): 1
LogDevObjectVersion:   Private-Geometry (6EACA3D4-40EC-4CC1-B786-8BED09428FC5): 1
LogDevObjectVersion:   Dev-AnimPhys (29E575DD-E0A3-4627-9D10-D276232CDCEA): 7
LogInit: Compiled (64-bit): Sep 22 2017 13:47:16
LogInit: Compiled with Visual C++: 19.00.24215.01
LogInit: Build Configuration: Development
LogInit: Branch Name: ++UE4+Release-4.17
LogInit: Command line:  
LogInit: Base directory: C:/Program Files/Epic Games/UE_4.17/Engine/Binaries/Win64/
LogInit: Installed Engine Build: 1
LogInit: Presizing for max 8388607 objects, including 0 objects not considered by GC, pre-allocating 0 bytes for permanent pool.
LogInit: Object subsystem initialized
[2017.11.27-21.59.02:389][  0]LogInit: Selected Device Profile: [Windows]
[2017.11.27-21.59.02:389][  0]LogInit: Applying CVar settings loaded from the selected device profile: [Windows]
[2017.11.27-21.59.02:482][  0]LogInit: Computer: DESKTOP-G1FM37K
[2017.11.27-21.59.02:482][  0]LogInit: User: JonathanOates
[2017.11.27-21.59.02:483][  0]LogInit: CPU Page size=4096, Cores=4
[2017.11.27-21.59.02:483][  0]LogInit: High frequency timer resolution =4.311337 MHz
[2017.11.27-21.59.02:483][  0]LogMemory: Memory total: Physical=31.9GB (32GB approx)
[2017.11.27-21.59.02:483][  0]LogMemory: Platform Memory Stats for Windows
[2017.11.27-21.59.02:483][  0]LogMemory: Process Physical Memory: 278.19 MB used, 278.19 MB peak
[2017.11.27-21.59.02:483][  0]LogMemory: Process Virtual Memory: 274.61 MB used, 274.61 MB peak
[2017.11.27-21.59.02:483][  0]LogMemory: Physical Memory: 4033.15 MB used,  28631.45 MB free, 32664.60 MB total
[2017.11.27-21.59.02:483][  0]LogMemory: Virtual Memory: 655.02 MB used,  28631.45 MB free, 134217728.00 MB total
[2017.11.27-21.59.03:550][  0]LogInit: Using OS detected language (en-US).
[2017.11.27-21.59.03:550][  0]LogInit: Using OS detected locale (en-US).
[2017.11.27-21.59.03:759][  0]LogTextLocalizationManager: No specific localization for 'en-US' exists, so the 'en' localization will be used.
[2017.11.27-21.59.07:711][  0]LogD3D11RHI: D3D11 adapters:
[2017.11.27-21.59.07:835][  0]LogD3D11RHI:    0. 'NVIDIA GeForce GTX 1080' (Feature Level 11_0)
[2017.11.27-21.59.07:835][  0]LogD3D11RHI:       8091/0/16332 MB DedicatedVideo/DedicatedSystem/SharedSystem, Outputs:2, VendorId:0x10de
[2017.11.27-21.59.07:861][  0]LogD3D11RHI:    1. 'Microsoft Basic Render Driver' (Feature Level 11_0)
[2017.11.27-21.59.07:861][  0]LogD3D11RHI:       0/0/16332 MB DedicatedVideo/DedicatedSystem/SharedSystem, Outputs:0, VendorId:0x1414
[2017.11.27-21.59.07:861][  0]LogD3D11RHI: Chosen D3D11 Adapter: 0
[2017.11.27-21.59.07:876][  0]LogD3D11RHI: Creating new Direct3DDevice
[2017.11.27-21.59.07:877][  0]LogD3D11RHI:     GPU DeviceId: 0x1b80 (for the marketing name, search the web for "GPU Device Id")
[2017.11.27-21.59.07:877][  0]LogWindows: EnumDisplayDevices:
[2017.11.27-21.59.07:877][  0]LogWindows:    0. 'NVIDIA GeForce GTX 1080' (P:1 D:1)
[2017.11.27-21.59.07:877][  0]LogWindows:    1. 'NVIDIA GeForce GTX 1080' (P:0 D:1)
[2017.11.27-21.59.07:877][  0]LogWindows:    2. 'NVIDIA GeForce GTX 1080' (P:0 D:0)
[2017.11.27-21.59.07:878][  0]LogWindows:    3. 'NVIDIA GeForce GTX 1080' (P:0 D:0)
[2017.11.27-21.59.07:878][  0]LogWindows: DebugString: FoundDriverCount:4 
[2017.11.27-21.59.07:878][  0]LogD3D11RHI:     Adapter Name: NVIDIA GeForce GTX 1080
[2017.11.27-21.59.07:878][  0]LogD3D11RHI:   Driver Version: 388.13 (internal:23.21.13.8813, unified:388.13)
[2017.11.27-21.59.07:878][  0]LogD3D11RHI:      Driver Date: 10-27-2017
[2017.11.27-21.59.07:878][  0]LogRHI: Texture pool is 1361 MB (70% of 1945 MB)
[2017.11.27-21.59.08:010][  0]LogD3D11RHI: Async texture creation enabled
[2017.11.27-21.59.08:410][  0]LogD3D11RHI: GPU Timing Frequency: 1000.000000 (Debug: 2 1)
[2017.11.27-21.59.08:581][  0]LogShaderCompilers: Guid format shader working directory is -36 characters bigger than the processId version (../../../../../../Users/Jonathan Oates/Desktop/Repositories/ExperimentalGame_VR/KairosVR_new/Intermediate/Shaders/WorkingDirectory/920/).
[2017.11.27-21.59.08:581][  0]LogShaderCompilers: Cleaned the shader compiler working directory 'C:/Users/Jonathan Oates/AppData/Local/Temp/UnrealShaderWorkingDir/FA7F200A428B74D86BB624B3B530F7DB/'.
[2017.11.27-21.59.08:633][  0]LogShaderCompilers: Display: Using Local Shader Compiler.
[2017.11.27-21.59.12:858][  0]LogTemp: Display: Loaded TP AllDesktopTargetPlatform
[2017.11.27-21.59.12:980][  0]LogTemp: Display: Loaded TP MacClientTargetPlatform
[2017.11.27-21.59.13:088][  0]LogTemp: Display: Loaded TP MacNoEditorTargetPlatform
[2017.11.27-21.59.13:208][  0]LogTemp: Display: Loaded TP MacServerTargetPlatform
[2017.11.27-21.59.13:339][  0]LogTemp: Display: Loaded TP MacTargetPlatform
[2017.11.27-21.59.13:447][  0]LogTemp: Display: Loaded TP WindowsClientTargetPlatform
[2017.11.27-21.59.13:554][  0]LogTemp: Display: Loaded TP WindowsNoEditorTargetPlatform
[2017.11.27-21.59.13:658][  0]LogTemp: Display: Loaded TP WindowsServerTargetPlatform
[2017.11.27-21.59.13:766][  0]LogTemp: Display: Loaded TP WindowsTargetPlatform
[2017.11.27-21.59.13:872][  0]LogTemp: Display: Loaded TP AndroidTargetPlatform
[2017.11.27-21.59.13:973][  0]LogTemp: Display: Loaded TP Android_ASTCTargetPlatform
[2017.11.27-21.59.14:071][  0]LogTemp: Display: Loaded TP Android_ATCTargetPlatform
[2017.11.27-21.59.14:171][  0]LogTemp: Display: Loaded TP Android_DXTTargetPlatform
[2017.11.27-21.59.14:310][  0]LogTemp: Display: Loaded TP Android_ETC1TargetPlatform
[2017.11.27-21.59.14:414][  0]LogTemp: Display: Loaded TP Android_ETC2TargetPlatform
[2017.11.27-21.59.14:640][  0]LogTemp: Display: Loaded TP Android_MultiTargetPlatform
[2017.11.27-21.59.14:640][  0]LogTemp: Display: Loaded TP Android_PVRTCTargetPlatform
[2017.11.27-21.59.14:737][  0]LogTemp: Display: Loaded TP HTML5TargetPlatform
[2017.11.27-21.59.14:968][  0]LogTemp: Display: Loaded TP IOSTargetPlatform
[2017.11.27-21.59.15:032][  0]LogTemp: Display: Loaded TP TVOSTargetPlatform
[2017.11.27-21.59.15:146][  0]LogTemp: Display: Loaded TP LinuxClientTargetPlatform
[2017.11.27-21.59.15:272][  0]LogTemp: Display: Loaded TP LinuxNoEditorTargetPlatform
[2017.11.27-21.59.15:389][  0]LogTemp: Display: Loaded TP LinuxServerTargetPlatform
[2017.11.27-21.59.15:542][  0]LogTemp: Display: Loaded TP LinuxTargetPlatform
[2017.11.27-21.59.15:542][  0]LogTargetPlatformManager: Display: Building Assets For Windows
[2017.11.27-21.59.18:420][  0]LogDerivedDataCache: Display: Max Cache Size: 512 MB
[2017.11.27-21.59.19:330][  0]LogDerivedDataCache: Loaded boot cache 0.90s 93MB C:/Users/Jonathan Oates/AppData/Local/UnrealEngine/4.17/DerivedDataCache/Boot.ddc.
[2017.11.27-21.59.19:330][  0]LogDerivedDataCache: Display: Loaded Boot cache: C:/Users/Jonathan Oates/AppData/Local/UnrealEngine/4.17/DerivedDataCache/Boot.ddc
[2017.11.27-21.59.19:330][  0]LogDerivedDataCache: FDerivedDataBackendGraph:  Pak pak cache file ../../../../../../Users/Jonathan Oates/Desktop/Repositories/ExperimentalGame_VR/KairosVR_new/DerivedDataCache/DDC.ddp not found, will not use a pak cache.
[2017.11.27-21.59.19:330][  0]LogDerivedDataCache: Unable to find inner node Pak for hierarchical cache Hierarchy.
[2017.11.27-21.59.19:330][  0]LogDerivedDataCache: FDerivedDataBackendGraph:  CompressedPak pak cache file ../../../../../../Users/Jonathan Oates/Desktop/Repositories/ExperimentalGame_VR/KairosVR_new/DerivedDataCache/Compressed.ddp not found, will not use a pak cache.
[2017.11.27-21.59.19:330][  0]LogDerivedDataCache: Unable to find inner node CompressedPak for hierarchical cache Hierarchy.
[2017.11.27-21.59.19:400][  0]LogDerivedDataCache: Display: Pak cache opened for reading ../../../Engine/DerivedDataCache/Compressed.ddp.
[2017.11.27-21.59.19:414][  0]LogDerivedDataCache: Using Local data cache path C:/Users/Jonathan Oates/AppData/Local/UnrealEngine/Common/DerivedDataCache: Writable
[2017.11.27-21.59.19:452][  0]LogMaterial: Verifying Global Shaders for PCD3D_SM5
[2017.11.27-21.59.19:515][  0]LogSlate: Using Freetype 2.6.0
[2017.11.27-21.59.19:559][  0]LogSlate: SlateFontCache - WITH_FREETYPE: 1, WITH_HARFBUZZ: 1
[2017.11.27-21.59.19:565][  0]LogSlate: SlateFontCache - WITH_FREETYPE: 1, WITH_HARFBUZZ: 1
[2017.11.27-21.59.27:919][  0]LogAssetRegistry: FAssetRegistry took 0.1127 seconds to start up
[2017.11.27-21.59.32:459][  0]LogInit: Selected Device Profile: [Windows]
[2017.11.27-21.59.36:251][  0]LogContentStreaming: Texture pool size is 0.00 MB
[2017.11.27-21.59.38:266][  0]LogSimplygon: Simplygon DLL not present - disabling.
[2017.11.27-21.59.38:392][  0]LogMeshReduction: Using SimplygonSwarm for distributed automatic mesh merging
[2017.11.27-21.59.38:393][  0]LogMeshReduction: Using QuadricMeshReduction for automatic static mesh reduction
[2017.11.27-21.59.38:393][  0]LogMeshReduction: No automatic skeletal mesh reduction module available
[2017.11.27-21.59.38:393][  0]LogMeshReduction: No automatic mesh merging module available
[2017.11.27-21.59.38:393][  0]LogMeshMerging: No automatic mesh merging module available
[2017.11.27-21.59.40:957][  0]LogNetVersion: KairosVR_new , NetCL: 3573198, EngineNetVer: 2, GameNetVer: 0 (Checksum: 3281661072)
[2017.11.27-21.59.42:313][  0]LogPackageLocalizationCache: Processed 5 localized package path(s) for 2 prioritized culture(s) in 0.159489 seconds
[2017.11.27-21.59.42:334][  0]LogUObjectArray: 35825 objects as part of root set at end of initial load.
[2017.11.27-21.59.42:335][  0]LogUObjectAllocator: 7529112 out of 0 bytes used by permanent object pool.
[2017.11.27-21.59.42:335][  0]LogUObjectArray: CloseDisregardForGC: 0/0 objects in disregard for GC pool
[2017.11.27-21.59.42:489][  0]LogInit: WinSock: version 1.1 (2.2), MaxSocks=32767, MaxUdp=65467
[2017.11.27-22.00.03:519][  0]LogTcpMessaging: Initializing TcpMessaging bridge
[2017.11.27-22.00.03:648][  0]LogUdpMessaging: Initializing bridge on interface 0.0.0.0:0 to multicast group 230.0.0.1:6666.
[2017.11.27-22.00.06:029][  0]LogMaterial: Uniform references updated for custom material expression Custom.
[2017.11.27-22.00.07:503][  0]SourceControl: Source control is disabled
[2017.11.27-22.00.07:503][  0]SourceControl: Source control is disabled
[2017.11.27-22.00.07:714][  0]SourceControl: Source control is disabled
[2017.11.27-22.00.07:858][  0]SourceControl: Source control is disabled
[2017.11.27-22.00.10:064][  0]LogAndroidPermission: UAndroidPermissionCallbackProxy::GetInstance
[2017.11.27-22.00.10:708][  0]LogOcInput: OculusInput pre-init called
[2017.11.27-22.00.11:696][  0]LogEngine: Initializing Engine...
[2017.11.27-22.00.12:169][  0]LogHMD: Failed to initialize OpenVR with code 126
[2017.11.27-22.00.14:900][  0]LogStats: UGameplayTagsManager::ConstructGameplayTagTree: Construct from data asset -  0.000 s
[2017.11.27-22.00.14:900][  0]LogStats: UGameplayTagsManager::ConstructGameplayTagTree: GameplayTagTreeChangedEvent.Broadcast -  0.000 s
[2017.11.27-22.00.15:615][  0]LogAIModule: Creating AISystem for world Untitled
[2017.11.27-22.00.15:807][  0]LogInit: XAudio2 using 'Speakers (2- High Definition Audio Device)' : 2 channels at 44.1 kHz using 16 bits per sample (channel mask 0x3)
[2017.11.27-22.00.15:834][  0]LogInit: FAudioDevice initialized.
[2017.11.27-22.00.16:339][  0]LogDerivedDataCache: Saved boot cache 0.50s 93MB C:/Users/Jonathan Oates/AppData/Local/UnrealEngine/4.17/DerivedDataCache/Boot.ddc.
[2017.11.27-22.00.16:366][  0]LogInit: Texture streaming: Enabled
[2017.11.27-22.00.16:819][  0]LogEngineSessionManager: EngineSessionManager initialized
[2017.11.27-22.00.16:819][  0]LogEngineSessionManager: EngineSessionManager sent abnormal shutdown report. Type=AbnormalShutdown, SessionId={5E8F69CD-49F5-8226-0EC1-4EAEB34AE250}
[2017.11.27-22.00.18:970][  0]LogInit: Transaction tracking system initialized
[2017.11.27-22.00.20:372][  0]BlueprintLog: New page: Editor Load
[2017.11.27-22.00.23:446][  0]LocalizationService: Localization service is disabled
[2017.11.27-22.00.26:170][  0]LogConsoleResponse: Display: 
[2017.11.27-22.00.29:396][  0]LogFileCache: Scanning file cache for directory 'C:/Users/Jonathan Oates/Desktop/Repositories/ExperimentalGame_VR/KairosVR_new/Content/' took 0.05s
[2017.11.27-22.00.29:396][  0]LogCook: Display: Max memory allowance for cook 16384mb min free memory 0mb
[2017.11.27-22.00.29:397][  0]LogCook: Display: Mobile HDR setting 1
[2017.11.27-22.00.29:466][  0]LogGameplayTags: Display: UGameplayTagsManager::DoneAddingNativeTags. DelegateIsBound: 0
[2017.11.27-22.00.33:852][  0]SourceControl: Source control is disabled
[2017.11.27-22.00.33:883][  0]Cmd: MAP LOAD FILE="../../../../../../Users/Jonathan Oates/Desktop/Repositories/ExperimentalGame_VR/KairosVR_new/Content/Maps/ShipInterior.umap" TEMPLATE=0 SHOWPROGRESS=1 FEATURELEVEL=3
[2017.11.27-22.00.33:885][  0]LightingResults: New page: Lighting Build
[2017.11.27-22.00.34:047][  0]MapCheck: New page: Map Check
[2017.11.27-22.00.34:047][  0]LightingResults: New page: Lighting Build
[2017.11.27-22.00.37:523][  0]LogAIModule: Creating AISystem for world ShipInterior
[2017.11.27-22.00.37:741][  0]LogEditorServer: Finished looking for orphan Actors (0.000 secs)
[2017.11.27-22.00.37:841][  0]Cmd: MAP CHECKDEP NOCLEARLOG
[2017.11.27-22.00.37:971][  0]MapCheck: Map check complete: 0 Error(s), 0 Warning(s), took 130.088ms to complete.
[2017.11.27-22.00.37:971][  0]LogFileHelpers: Loading map 'ShipInterior' took 4.100
[2017.11.27-22.00.39:015][  0]LogCollectionManager: Loaded 0 collections in 0.013149 seconds
[2017.11.27-22.00.39:391][  0]LogFileCache: Scanning file cache for directory 'C:/Users/Jonathan Oates/Desktop/Repositories/ExperimentalGame_VR/KairosVR_new/Saved/Collections/' took 0.01s
[2017.11.27-22.00.39:391][  0]LogFileCache: Scanning file cache for directory 'C:/Users/Jonathan Oates/Desktop/Repositories/ExperimentalGame_VR/KairosVR_new/Content/Developers/JonathanOates/Collections/' took 0.01s
[2017.11.27-22.00.39:391][  0]LogFileCache: Scanning file cache for directory 'C:/Users/Jonathan Oates/Desktop/Repositories/ExperimentalGame_VR/KairosVR_new/Content/Collections/' took 0.01s
[2017.11.27-22.00.39:391][  0]LogCollectionManager: Rebuilt the GUID cache for 0 collections in 0.000001 seconds
[2017.11.27-22.00.39:411][  0]LogContentBrowser: Native class hierarchy populated in 0.0189 seconds. Added 2386 classes and 500 folders.
[2017.11.27-22.00.39:587][  0]LogContentBrowser: Native class hierarchy updated for 'WidgetCarousel' in 0.0010 seconds. Added 0 classes and 0 folders.
[2017.11.27-22.00.40:950][  0]LogContentBrowser: Native class hierarchy updated for 'AddContentDialog' in 0.0008 seconds. Added 0 classes and 0 folders.
[2017.11.27-22.00.41:114][  0]LogContentBrowser: Native class hierarchy updated for 'SceneOutliner' in 0.0009 seconds. Added 1 classes and 2 folders.
[2017.11.27-22.00.41:813][  0]LogSlate: Took 0.014311 seconds to synchronously load lazily loaded font '../../../Engine/Content/Slate/Fonts/Roboto-Regular.ttf' (155K)
[2017.11.27-22.00.41:828][  0]LogSlate: Took 0.006488 seconds to synchronously load lazily loaded font '../../../Engine/Content/Slate/Fonts/Roboto-Bold.ttf' (160K)
[2017.11.27-22.00.41:862][  0]LogSlate: Took 0.006258 seconds to synchronously load lazily loaded font '../../../Engine/Content/Editor/Slate/Fonts/FontAwesome.ttf' (139K)
[2017.11.27-22.00.42:316][  0]LogRenderer: Reallocating scene render targets to support 1136x652 Format 26 NumSamples 1 (Frame:1).
[2017.11.27-22.00.43:000][  0]LogContentBrowser: Native class hierarchy updated for 'HierarchicalLODOutliner' in 0.0009 seconds. Added 1 classes and 2 folders.
[2017.11.27-22.00.43:000][  0]LogLoad: (Engine Initialization) Total time: 114.14 seconds
[2017.11.27-22.00.43:000][  0]LogLoad: (Engine Initialization) Total Blueprint compile time: 0.00 seconds
[2017.11.27-22.00.43:000][  0]LogExternalProfiler: Found external profiler: VSPerf
[2017.11.27-22.00.43:000][  0]LogExternalProfiler: Using external profiler: VSPerf
[2017.11.27-22.00.43:479][  0]LogContentStreaming: Texture pool size now 1000 MB
[2017.11.27-22.00.43:640][  0]LogSlate: Took 0.009143 seconds to synchronously load lazily loaded font '../../../Engine/Content/Slate/Fonts/Roboto-Light.ttf' (159K)
[2017.11.27-22.00.43:673][  1]LogFileCache: Retrieving MD5 hashes for directory 'C:/Users/Jonathan Oates/Desktop/Repositories/ExperimentalGame_VR/KairosVR_new/Content/' took 0.27s
[2017.11.27-22.00.44:020][  2]LogAssetRegistry: Asset discovery search completed in 76.1811 seconds
[2017.11.27-22.00.44:022][  2]LogCollectionManager: Rebuilt the object cache for 0 collections in 0.000001 seconds (found 0 objects)
[2017.11.27-22.00.44:022][  2]LogCollectionManager: Fixed up redirectors for 0 collections in 0.000045 seconds (updated 0 objects)
[2017.11.27-22.00.44:356][  3]LogSlate: Took 0.000293 seconds to synchronously load lazily loaded font '../../../Engine/Content/Slate/Fonts/Roboto-Light.ttf' (159K)
[2017.11.27-22.00.50:733][ 22]LogSlate: Took 0.000369 seconds to synchronously load lazily loaded font '../../../Engine/Content/Slate/Fonts/Roboto-Light.ttf' (159K)
[2017.11.27-22.00.51:660][ 22]LogContentBrowser: Native class hierarchy updated for 'BlueprintGraph' in 0.0014 seconds. Added 113 classes and 0 folders.
[2017.11.27-22.00.53:210][ 22]LogSlate: Took 0.012614 seconds to synchronously load lazily loaded font '../../../Engine/Content/Editor/Slate/Fonts/Roboto-BoldCondensed.ttf' (158K)
[2017.11.27-22.00.53:431][ 23]LogSlate: Took 0.009719 seconds to synchronously load lazily loaded font '../../../Engine/Content/Editor/Slate/Fonts/Roboto-Italic.ttf' (157K)
[2017.11.27-22.01.20:113][843]LogSlate: Took 0.009064 seconds to synchronously load lazily loaded font '../../../Engine/Content/Editor/Slate/Fonts/Roboto-BoldCondensedItalic.ttf' (160K)
[2017.11.27-22.01.54:063][888]BlueprintLog: New page: Compile BP_Asteroid
[2017.11.27-22.02.11:650][884]LogSavePackage: Save=66.70ms
[2017.11.27-22.02.11:650][884]LogSavePackage: Moving '../../../../../../Users/Jonathan Oates/Desktop/Repositories/ExperimentalGame_VR/KairosVR_new/Saved/BP_Asteroid8D15F5C74D3634A9AAD1B5A462E8AFFE.tmp' to '../../../../../../Users/Jonathan Oates/Desktop/Repositories/ExperimentalGame_VR/KairosVR_new/Content/Blueprints/BP_Asteroid.uasset'
[2017.11.27-22.02.11:670][884]LogSavePackage: Display: Finished SavePackage ../../../../../../Users/Jonathan Oates/Desktop/Repositories/ExperimentalGame_VR/KairosVR_new/Content/Blueprints/BP_Asteroid.uasset
[2017.11.27-22.03.24:002][255]BlueprintLog: New page: Compile BP_Asteroid
[2017.11.27-22.05.38:310][184]BlueprintLog: New page: Compile BP_Asteroid
[2017.11.27-22.06.32:453][498]BlueprintLog: New page: Compile BP_Asteroid
[2017.11.27-22.06.56:895][318]BlueprintLog: New page: Compile BP_Asteroid
[2017.11.27-22.06.58:569][447]LogSavePackage: Save=69.78ms
[2017.11.27-22.06.58:569][447]LogSavePackage: Moving '../../../../../../Users/Jonathan Oates/Desktop/Repositories/ExperimentalGame_VR/KairosVR_new/Saved/BP_AsteroidDDD6A0444ACBB1D3475E63A6305CFEFC.tmp' to '../../../../../../Users/Jonathan Oates/Desktop/Repositories/ExperimentalGame_VR/KairosVR_new/Content/Blueprints/BP_Asteroid.uasset'
[2017.11.27-22.06.58:579][447]LogSavePackage: Display: Finished SavePackage ../../../../../../Users/Jonathan Oates/Desktop/Repositories/ExperimentalGame_VR/KairosVR_new/Content/Blueprints/BP_Asteroid.uasset
[2017.11.27-22.09.22:163][279]BlueprintLog: New page: Compile BP_Asteroid
[2017.11.27-22.09.23:866][407]LogSavePackage: Save=91.08ms
[2017.11.27-22.09.23:866][407]LogSavePackage: Moving '../../../../../../Users/Jonathan Oates/Desktop/Repositories/ExperimentalGame_VR/KairosVR_new/Saved/BP_Asteroid6DA5DB9B486722864B106EBF1D4A26DB.tmp' to '../../../../../../Users/Jonathan Oates/Desktop/Repositories/ExperimentalGame_VR/KairosVR_new/Content/Blueprints/BP_Asteroid.uasset'
[2017.11.27-22.09.23:876][407]LogSavePackage: Display: Finished SavePackage ../../../../../../Users/Jonathan Oates/Desktop/Repositories/ExperimentalGame_VR/KairosVR_new/Content/Blueprints/BP_Asteroid.uasset
[2017.11.27-22.11.23:428][409]BlueprintLog: New page: Compile BP_Asteroid
[2017.11.27-22.11.25:513][578]LogSavePackage: Save=103.95ms
[2017.11.27-22.11.25:513][578]LogSavePackage: Moving '../../../../../../Users/Jonathan Oates/Desktop/Repositories/ExperimentalGame_VR/KairosVR_new/Saved/BP_Asteroid9442B918419EF011D671BD9880BC374A.tmp' to '../../../../../../Users/Jonathan Oates/Desktop/Repositories/ExperimentalGame_VR/KairosVR_new/Content/Blueprints/BP_Asteroid.uasset'
[2017.11.27-22.11.25:529][578]LogSavePackage: Display: Finished SavePackage ../../../../../../Users/Jonathan Oates/Desktop/Repositories/ExperimentalGame_VR/KairosVR_new/Content/Blueprints/BP_Asteroid.uasset
[2017.11.27-22.11.48:298][269]BlueprintLog: New page: Compile BP_Asteroid
[2017.11.27-22.12.15:207][254]BlueprintLog: New page: Compile BP_Weapon_Minigun
[2017.11.27-22.12.30:105][721]BlueprintLog: New page: Compile BP_Weapon_RailGun
[2017.11.27-22.12.33:961][ 39]LogSavePackage: Save=132.62ms
[2017.11.27-22.12.33:961][ 39]LogSavePackage: Moving '../../../../../../Users/Jonathan Oates/Desktop/Repositories/ExperimentalGame_VR/KairosVR_new/Saved/BP_Weapon_Minigun0260DE814C6B690DB64AF0A34FE28FAC.tmp' to '../../../../../../Users/Jonathan Oates/Desktop/Repositories/ExperimentalGame_VR/KairosVR_new/Content/Blueprints/BP_Weapon_Minigun.uasset'
[2017.11.27-22.12.33:982][ 39]LogSavePackage: Display: Finished SavePackage ../../../../../../Users/Jonathan Oates/Desktop/Repositories/ExperimentalGame_VR/KairosVR_new/Content/Blueprints/BP_Weapon_Minigun.uasset
[2017.11.27-22.12.34:114][ 39]LogSavePackage: Save=99.86ms
[2017.11.27-22.12.34:114][ 39]LogSavePackage: Moving '../../../../../../Users/Jonathan Oates/Desktop/Repositories/ExperimentalGame_VR/KairosVR_new/Saved/BP_Weapon_RailGun1D1DED0C4CDC8DAEEF53F7A7AA15CA37.tmp' to '../../../../../../Users/Jonathan Oates/Desktop/Repositories/ExperimentalGame_VR/KairosVR_new/Content/Blueprints/BP_Weapon_RailGun.uasset'
[2017.11.27-22.12.34:126][ 39]LogSavePackage: Display: Finished SavePackage ../../../../../../Users/Jonathan Oates/Desktop/Repositories/ExperimentalGame_VR/KairosVR_new/Content/Blueprints/BP_Weapon_RailGun.uasset
[2017.11.27-22.12.34:278][ 39]LogSavePackage: Save=112.77ms
[2017.11.27-22.12.34:278][ 39]LogSavePackage: Moving '../../../../../../Users/Jonathan Oates/Desktop/Repositories/ExperimentalGame_VR/KairosVR_new/Saved/BP_AsteroidB51AF2B64CA3EB12D97AAFBE6A1B1D65.tmp' to '../../../../../../Users/Jonathan Oates/Desktop/Repositories/ExperimentalGame_VR/KairosVR_new/Content/Blueprints/BP_Asteroid.uasset'
[2017.11.27-22.12.34:290][ 39]LogSavePackage: Display: Finished SavePackage ../../../../../../Users/Jonathan Oates/Desktop/Repositories/ExperimentalGame_VR/KairosVR_new/Content/Blueprints/BP_Asteroid.uasset
[2017.11.27-22.13.00:465][ 53]BlueprintLog: New page: Compile BP_Bullet_Minigun
[2017.11.27-22.13.06:935][720]BlueprintLog: New page: Compile BP_Weapon_Minigun
