Log file open, 12/10/17 13:44:52
LogWindows: Failed to load 'aqProf.dll' (GetLastError=126)
LogWindows: File 'aqProf.dll' does not exist
LogWindows: Failed to load 'VtuneApi.dll' (GetLastError=126)
LogWindows: File 'VtuneApi.dll' does not exist
LogWindows: Failed to load 'VtuneApi32e.dll' (GetLastError=126)
LogWindows: File 'VtuneApi32e.dll' does not exist
LogInit: Display: Running engine for game: KairosVR_new
LogPlatformFile: Not using cached read wrapper
LogInit: Display: RandInit(655607045) SRandInit(655607045).
LogTaskGraph: Started task graph with 5 named threads and 14 total threads with 3 sets of task threads.
LogStats: Stats thread started at 1.360486
LogD3D11RHI: Aftermath initialized
LogPluginManager: Mounting plugin Paper2D
LogPluginManager: Mounting plugin LightPropagationVolume
LogPluginManager: Mounting plugin CodeLiteSourceCodeAccess
LogPluginManager: Mounting plugin GitSourceControl
LogPluginManager: Mounting plugin KDevelopSourceCodeAccess
LogPluginManager: Mounting plugin NullSourceCodeAccess
LogPluginManager: Mounting plugin PerforceSourceControl
LogPluginManager: Mounting plugin SubversionSourceControl
LogPluginManager: Mounting plugin UObjectPlugin
LogPluginManager: Mounting plugin VisualStudioSourceCodeAccess
LogPluginManager: Mounting plugin XCodeSourceCodeAccess
LogPluginManager: Mounting plugin AssetManagerEditor
LogPluginManager: Mounting plugin AudioCapture
LogPluginManager: Mounting plugin FacialAnimation
LogPluginManager: Mounting plugin GameplayTagsEditor
LogPluginManager: Mounting plugin MobileLauncherProfileWizard
LogPluginManager: Mounting plugin PluginBrowser
LogPluginManager: Mounting plugin SpeedTreeImporter
LogPluginManager: Mounting plugin AlembicImporter
LogPluginManager: Mounting plugin CharacterAI
LogPluginManager: Mounting plugin HTML5Networking
LogPluginManager: Mounting plugin AndroidMedia
LogPluginManager: Mounting plugin AvfMedia
LogPluginManager: Mounting plugin MediaPlayerEditor
LogPluginManager: Mounting plugin WmfMedia
LogPluginManager: Mounting plugin TcpMessaging
LogPluginManager: Mounting plugin UdpMessaging
LogPluginManager: Mounting plugin LevelSequenceEditor
LogPluginManager: Mounting plugin MatineeToLevelSequence
LogPluginManager: Mounting plugin OnlineSubsystemGooglePlay
LogPluginManager: Mounting plugin OnlineSubsystemIOS
LogPluginManager: Mounting plugin OnlineSubsystem
LogPluginManager: Mounting plugin OnlineSubsystemNull
LogPluginManager: Mounting plugin OnlineSubsystemUtils
LogPluginManager: Mounting plugin AndroidDeviceProfileSelector
LogPluginManager: Mounting plugin AndroidMoviePlayer
LogPluginManager: Mounting plugin AndroidPermission
LogPluginManager: Mounting plugin AppleMoviePlayer
LogPluginManager: Mounting plugin ArchVisCharacter
LogPluginManager: Mounting plugin CableComponent
LogPluginManager: Mounting plugin CustomMeshComponent
LogPluginManager: Mounting plugin ExampleDeviceProfileSelector
LogPluginManager: Mounting plugin GoogleCloudMessaging
LogPluginManager: Mounting plugin ImmediatePhysics
LogPluginManager: Mounting plugin IOSDeviceProfileSelector
LogPluginManager: Mounting plugin LinuxDeviceProfileSelector
LogPluginManager: Mounting plugin LocationServicesBPLibrary
LogPluginManager: Mounting plugin MobilePatchingUtils
LogPluginManager: Mounting plugin OculusVR
LogPluginManager: Mounting plugin PhysXVehicles
LogPluginManager: Mounting plugin ProceduralMeshComponent
LogPluginManager: Mounting plugin RuntimePhysXCooking
LogPluginManager: Mounting plugin SteamVR
LogPluginManager: Mounting plugin WindowsMoviePlayer
LogInit: Using libcurl 7.47.1
LogInit:  - built for x86_64-pc-win32
LogInit:  - supports SSL with OpenSSL/1.0.2g
LogInit:  - supports HTTP deflate (compression) using libz 1.2.8
LogInit:  - other features:
LogInit:      CURL_VERSION_SSL
LogInit:      CURL_VERSION_LIBZ
LogInit:      CURL_VERSION_IPV6
LogInit:      CURL_VERSION_ASYNCHDNS
LogInit:      CURL_VERSION_LARGEFILE
LogInit:      CURL_VERSION_IDN
LogInit:  CurlRequestOptions (configurable via config and command line):
LogInit:  - bVerifyPeer = false  - Libcurl will NOT verify peer certificate
LogInit:  - bUseHttpProxy = false  - Libcurl will NOT use HTTP proxy
LogInit:  - bDontReuseConnections = false  - Libcurl will reuse connections
LogInit:  - CertBundlePath = nullptr  - Libcurl will use whatever was configured at build time.
LogInit: Build: ++UE4+Release-4.17-CL-3658906
LogInit: Engine Version: 4.17.2-3658906+++UE4+Release-4.17
LogInit: Compatible Engine Version: 4.17.0-3573198+++UE4+Release-4.17
LogInit: Net CL: 3573198
LogDevObjectVersion: Number of dev versions registered: 16
LogDevObjectVersion:   Dev-Blueprints (B0D832E4-1F89-4F0D-ACCF-7EB736FD4AA2): 10
LogDevObjectVersion:   Dev-Build (E1C64328-A22C-4D53-A36C-8E866417BD8C): 0
LogDevObjectVersion:   Dev-Core (375EC13C-06E4-48FB-B500-84F0262A717E): 2
LogDevObjectVersion:   Dev-Editor (E4B068ED-F494-42E9-A231-DA0B2E46BB41): 20
LogDevObjectVersion:   Dev-Framework (CFFC743F-43B0-4480-9391-14DF171D2073): 28
LogDevObjectVersion:   Dev-Mobile (B02B49B5-BB20-44E9-A304-32B752E40360): 0
LogDevObjectVersion:   Dev-Networking (A4E4105C-59A1-49B5-A7C5-40C4547EDFEE): 0
LogDevObjectVersion:   Dev-Online (39C831C9-5AE6-47DC-9A44-9C173E1C8E7C): 0
LogDevObjectVersion:   Dev-Physics (78F01B33-EBEA-4F98-B9B4-84EACCB95AA2): 0
LogDevObjectVersion:   Dev-Platform (6631380F-2D4D-43E0-8009-CF276956A95A): 0
LogDevObjectVersion:   Dev-Rendering (12F88B9F-8875-4AFC-A67C-D90C383ABD29): 19
LogDevObjectVersion:   Dev-Sequencer (7B5AE74C-D270-4C10-A958-57980B212A5A): 4
LogDevObjectVersion:   Dev-VR (D7296918-1DD6-4BDD-9DE2-64A83CC13884): 0
LogDevObjectVersion:   Dev-LoadTimes (C2A15278-BFE7-4AFE-6C17-90FF531DF755): 1
LogDevObjectVersion:   Private-Geometry (6EACA3D4-40EC-4CC1-B786-8BED09428FC5): 1
LogDevObjectVersion:   Dev-AnimPhys (29E575DD-E0A3-4627-9D10-D276232CDCEA): 7
LogInit: Compiled (64-bit): Sep 22 2017 13:47:16
LogInit: Compiled with Visual C++: 19.00.24215.01
LogInit: Build Configuration: Development
LogInit: Branch Name: ++UE4+Release-4.17
LogInit: Command line:  
LogInit: Base directory: C:/Program Files/Epic Games/UE_4.17/Engine/Binaries/Win64/
LogInit: Installed Engine Build: 1
LogInit: Presizing for max 8388607 objects, including 0 objects not considered by GC, pre-allocating 0 bytes for permanent pool.
LogInit: Object subsystem initialized
[2017.12.10-18.44.54:013][  0]LogInit: Selected Device Profile: [Windows]
[2017.12.10-18.44.54:013][  0]LogInit: Applying CVar settings loaded from the selected device profile: [Windows]
[2017.12.10-18.44.54:048][  0]LogInit: Computer: DESKTOP-G1FM37K
[2017.12.10-18.44.54:048][  0]LogInit: User: JonathanOates
[2017.12.10-18.44.54:049][  0]LogInit: CPU Page size=4096, Cores=4
[2017.12.10-18.44.54:049][  0]LogInit: High frequency timer resolution =4.311330 MHz
[2017.12.10-18.44.54:049][  0]LogMemory: Memory total: Physical=31.9GB (32GB approx)
[2017.12.10-18.44.54:049][  0]LogMemory: Platform Memory Stats for Windows
[2017.12.10-18.44.54:049][  0]LogMemory: Process Physical Memory: 278.32 MB used, 278.32 MB peak
[2017.12.10-18.44.54:049][  0]LogMemory: Process Virtual Memory: 274.66 MB used, 274.66 MB peak
[2017.12.10-18.44.54:049][  0]LogMemory: Physical Memory: 5537.79 MB used,  27126.82 MB free, 32664.60 MB total
[2017.12.10-18.44.54:049][  0]LogMemory: Virtual Memory: 655.02 MB used,  27126.82 MB free, 134217728.00 MB total
[2017.12.10-18.44.54:919][  0]LogInit: Using OS detected language (en-US).
[2017.12.10-18.44.54:919][  0]LogInit: Using OS detected locale (en-US).
[2017.12.10-18.44.54:982][  0]LogTextLocalizationManager: No specific localization for 'en-US' exists, so the 'en' localization will be used.
[2017.12.10-18.44.57:954][  0]LogD3D11RHI: D3D11 adapters:
[2017.12.10-18.44.58:128][  0]LogD3D11RHI:    0. 'NVIDIA GeForce GTX 1080' (Feature Level 11_0)
[2017.12.10-18.44.58:128][  0]LogD3D11RHI:       8091/0/16332 MB DedicatedVideo/DedicatedSystem/SharedSystem, Outputs:2, VendorId:0x10de
[2017.12.10-18.44.58:130][  0]LogD3D11RHI:    1. 'Microsoft Basic Render Driver' (Feature Level 11_0)
[2017.12.10-18.44.58:130][  0]LogD3D11RHI:       0/0/16332 MB DedicatedVideo/DedicatedSystem/SharedSystem, Outputs:0, VendorId:0x1414
[2017.12.10-18.44.58:130][  0]LogD3D11RHI: Chosen D3D11 Adapter: 0
[2017.12.10-18.44.58:146][  0]LogD3D11RHI: Creating new Direct3DDevice
[2017.12.10-18.44.58:146][  0]LogD3D11RHI:     GPU DeviceId: 0x1b80 (for the marketing name, search the web for "GPU Device Id")
[2017.12.10-18.44.58:146][  0]LogWindows: EnumDisplayDevices:
[2017.12.10-18.44.58:146][  0]LogWindows:    0. 'NVIDIA GeForce GTX 1080' (P:1 D:1)
[2017.12.10-18.44.58:146][  0]LogWindows:    1. 'NVIDIA GeForce GTX 1080' (P:0 D:1)
[2017.12.10-18.44.58:147][  0]LogWindows:    2. 'NVIDIA GeForce GTX 1080' (P:0 D:0)
[2017.12.10-18.44.58:147][  0]LogWindows:    3. 'NVIDIA GeForce GTX 1080' (P:0 D:0)
[2017.12.10-18.44.58:147][  0]LogWindows: DebugString: FoundDriverCount:4 
[2017.12.10-18.44.58:147][  0]LogD3D11RHI:     Adapter Name: NVIDIA GeForce GTX 1080
[2017.12.10-18.44.58:147][  0]LogD3D11RHI:   Driver Version: 388.13 (internal:23.21.13.8813, unified:388.13)
[2017.12.10-18.44.58:147][  0]LogD3D11RHI:      Driver Date: 10-27-2017
[2017.12.10-18.44.58:147][  0]LogRHI: Texture pool is 1361 MB (70% of 1945 MB)
[2017.12.10-18.44.58:218][  0]LogD3D11RHI: Async texture creation enabled
[2017.12.10-18.44.58:255][  0]LogD3D11RHI: GPU Timing Frequency: 1000.000000 (Debug: 2 1)
[2017.12.10-18.44.58:308][  0]LogShaderCompilers: Guid format shader working directory is -38 characters bigger than the processId version (../../../../../../Users/Jonathan Oates/Desktop/Repositories/ExperimentalGame_VR/KairosVR_new/Intermediate/Shaders/WorkingDirectory/53768/).
[2017.12.10-18.44.58:309][  0]LogShaderCompilers: Cleaned the shader compiler working directory 'C:/Users/Jonathan Oates/AppData/Local/Temp/UnrealShaderWorkingDir/68EB9D744136327D217FE29805B44782/'.
[2017.12.10-18.44.58:309][  0]LogShaderCompilers: Display: Using Local Shader Compiler.
[2017.12.10-18.45.01:677][  0]LogTemp: Display: Loaded TP AllDesktopTargetPlatform
[2017.12.10-18.45.01:780][  0]LogTemp: Display: Loaded TP MacClientTargetPlatform
[2017.12.10-18.45.01:884][  0]LogTemp: Display: Loaded TP MacNoEditorTargetPlatform
[2017.12.10-18.45.01:987][  0]LogTemp: Display: Loaded TP MacServerTargetPlatform
[2017.12.10-18.45.02:100][  0]LogTemp: Display: Loaded TP MacTargetPlatform
[2017.12.10-18.45.02:204][  0]LogTemp: Display: Loaded TP WindowsClientTargetPlatform
[2017.12.10-18.45.02:308][  0]LogTemp: Display: Loaded TP WindowsNoEditorTargetPlatform
[2017.12.10-18.45.02:420][  0]LogTemp: Display: Loaded TP WindowsServerTargetPlatform
[2017.12.10-18.45.02:514][  0]LogTemp: Display: Loaded TP WindowsTargetPlatform
[2017.12.10-18.45.02:622][  0]LogTemp: Display: Loaded TP AndroidTargetPlatform
[2017.12.10-18.45.02:723][  0]LogTemp: Display: Loaded TP Android_ASTCTargetPlatform
[2017.12.10-18.45.02:825][  0]LogTemp: Display: Loaded TP Android_ATCTargetPlatform
[2017.12.10-18.45.02:928][  0]LogTemp: Display: Loaded TP Android_DXTTargetPlatform
[2017.12.10-18.45.03:031][  0]LogTemp: Display: Loaded TP Android_ETC1TargetPlatform
[2017.12.10-18.45.03:143][  0]LogTemp: Display: Loaded TP Android_ETC2TargetPlatform
[2017.12.10-18.45.03:350][  0]LogTemp: Display: Loaded TP Android_MultiTargetPlatform
[2017.12.10-18.45.03:350][  0]LogTemp: Display: Loaded TP Android_PVRTCTargetPlatform
[2017.12.10-18.45.03:437][  0]LogTemp: Display: Loaded TP HTML5TargetPlatform
[2017.12.10-18.45.03:637][  0]LogTemp: Display: Loaded TP IOSTargetPlatform
[2017.12.10-18.45.03:697][  0]LogTemp: Display: Loaded TP TVOSTargetPlatform
[2017.12.10-18.45.03:798][  0]LogTemp: Display: Loaded TP LinuxClientTargetPlatform
[2017.12.10-18.45.03:900][  0]LogTemp: Display: Loaded TP LinuxNoEditorTargetPlatform
[2017.12.10-18.45.04:049][  0]LogTemp: Display: Loaded TP LinuxServerTargetPlatform
[2017.12.10-18.45.04:170][  0]LogTemp: Display: Loaded TP LinuxTargetPlatform
[2017.12.10-18.45.04:170][  0]LogTargetPlatformManager: Display: Building Assets For Windows
[2017.12.10-18.45.06:042][  0]LogDerivedDataCache: Display: Max Cache Size: 512 MB
[2017.12.10-18.45.06:640][  0]LogDerivedDataCache: Loaded boot cache 0.60s 93MB C:/Users/Jonathan Oates/AppData/Local/UnrealEngine/4.17/DerivedDataCache/Boot.ddc.
[2017.12.10-18.45.06:640][  0]LogDerivedDataCache: Display: Loaded Boot cache: C:/Users/Jonathan Oates/AppData/Local/UnrealEngine/4.17/DerivedDataCache/Boot.ddc
[2017.12.10-18.45.06:640][  0]LogDerivedDataCache: FDerivedDataBackendGraph:  Pak pak cache file ../../../../../../Users/Jonathan Oates/Desktop/Repositories/ExperimentalGame_VR/KairosVR_new/DerivedDataCache/DDC.ddp not found, will not use a pak cache.
[2017.12.10-18.45.06:640][  0]LogDerivedDataCache: Unable to find inner node Pak for hierarchical cache Hierarchy.
[2017.12.10-18.45.06:640][  0]LogDerivedDataCache: FDerivedDataBackendGraph:  CompressedPak pak cache file ../../../../../../Users/Jonathan Oates/Desktop/Repositories/ExperimentalGame_VR/KairosVR_new/DerivedDataCache/Compressed.ddp not found, will not use a pak cache.
[2017.12.10-18.45.06:640][  0]LogDerivedDataCache: Unable to find inner node CompressedPak for hierarchical cache Hierarchy.
[2017.12.10-18.45.06:689][  0]LogDerivedDataCache: Display: Pak cache opened for reading ../../../Engine/DerivedDataCache/Compressed.ddp.
[2017.12.10-18.45.06:702][  0]LogDerivedDataCache: Using Local data cache path C:/Users/Jonathan Oates/AppData/Local/UnrealEngine/Common/DerivedDataCache: Writable
[2017.12.10-18.45.06:718][  0]LogMaterial: Verifying Global Shaders for PCD3D_SM5
[2017.12.10-18.45.06:719][  0]LogSlate: Using Freetype 2.6.0
[2017.12.10-18.45.06:735][  0]LogSlate: SlateFontCache - WITH_FREETYPE: 1, WITH_HARFBUZZ: 1
[2017.12.10-18.45.06:735][  0]LogSlate: SlateFontCache - WITH_FREETYPE: 1, WITH_HARFBUZZ: 1
[2017.12.10-18.45.09:756][  0]LogAssetRegistry: FAssetRegistry took 0.0291 seconds to start up
[2017.12.10-18.45.09:994][  0]LogInit: Selected Device Profile: [Windows]
[2017.12.10-18.45.10:952][  0]LogContentStreaming: Texture pool size is 0.00 MB
[2017.12.10-18.45.12:358][  0]LogSimplygon: Simplygon DLL not present - disabling.
[2017.12.10-18.45.12:496][  0]LogMeshReduction: Using SimplygonSwarm for distributed automatic mesh merging
[2017.12.10-18.45.12:496][  0]LogMeshReduction: Using QuadricMeshReduction for automatic static mesh reduction
[2017.12.10-18.45.12:496][  0]LogMeshReduction: No automatic skeletal mesh reduction module available
[2017.12.10-18.45.12:496][  0]LogMeshReduction: No automatic mesh merging module available
[2017.12.10-18.45.12:496][  0]LogMeshMerging: No automatic mesh merging module available
[2017.12.10-18.45.13:519][  0]LogNetVersion: KairosVR_new , NetCL: 3573198, EngineNetVer: 2, GameNetVer: 0 (Checksum: 3281661072)
[2017.12.10-18.45.14:142][  0]LogPackageLocalizationCache: Processed 5 localized package path(s) for 2 prioritized culture(s) in 0.125987 seconds
[2017.12.10-18.45.14:150][  0]LogUObjectArray: 35825 objects as part of root set at end of initial load.
[2017.12.10-18.45.14:150][  0]LogUObjectAllocator: 7529112 out of 0 bytes used by permanent object pool.
[2017.12.10-18.45.14:150][  0]LogUObjectArray: CloseDisregardForGC: 0/0 objects in disregard for GC pool
[2017.12.10-18.45.14:315][  0]LogInit: WinSock: version 1.1 (2.2), MaxSocks=32767, MaxUdp=65467
[2017.12.10-18.45.36:492][  0]LogTcpMessaging: Initializing TcpMessaging bridge
[2017.12.10-18.45.36:595][  0]LogUdpMessaging: Initializing bridge on interface 0.0.0.0:0 to multicast group 230.0.0.1:6666.
[2017.12.10-18.45.38:421][  0]LogMaterial: Uniform references updated for custom material expression Custom.
[2017.12.10-18.45.39:392][  0]SourceControl: Source control is disabled
[2017.12.10-18.45.39:392][  0]SourceControl: Source control is disabled
[2017.12.10-18.45.39:626][  0]SourceControl: Source control is disabled
[2017.12.10-18.45.39:769][  0]SourceControl: Source control is disabled
[2017.12.10-18.45.41:576][  0]LogAndroidPermission: UAndroidPermissionCallbackProxy::GetInstance
[2017.12.10-18.45.42:217][  0]LogOcInput: OculusInput pre-init called
[2017.12.10-18.45.42:861][  0]LogEngine: Initializing Engine...
[2017.12.10-18.45.43:332][  0]LogHMD: Failed to initialize OpenVR with code 126
[2017.12.10-18.45.43:898][  0]LogStats: UGameplayTagsManager::ConstructGameplayTagTree: Construct from data asset -  0.000 s
[2017.12.10-18.45.43:898][  0]LogStats: UGameplayTagsManager::ConstructGameplayTagTree: GameplayTagTreeChangedEvent.Broadcast -  0.000 s
[2017.12.10-18.45.44:337][  0]LogAIModule: Creating AISystem for world Untitled
[2017.12.10-18.45.44:400][  0]LogInit: XAudio2 using 'Speakers (2- High Definition Audio Device)' : 2 channels at 44.1 kHz using 16 bits per sample (channel mask 0x3)
[2017.12.10-18.45.44:429][  0]LogInit: FAudioDevice initialized.
[2017.12.10-18.45.44:635][  0]LogDerivedDataCache: Saved boot cache 0.21s 93MB C:/Users/Jonathan Oates/AppData/Local/UnrealEngine/4.17/DerivedDataCache/Boot.ddc.
[2017.12.10-18.45.44:660][  0]LogInit: Texture streaming: Enabled
[2017.12.10-18.45.44:971][  0]LogEngineSessionManager: EngineSessionManager initialized
[2017.12.10-18.45.45:938][  0]LogWindowsTextInputMethodSystem: Display: IME system now deactivated.
[2017.12.10-18.45.46:520][  0]LogInit: Transaction tracking system initialized
[2017.12.10-18.45.47:707][  0]BlueprintLog: New page: Editor Load
[2017.12.10-18.45.51:242][  0]LocalizationService: Localization service is disabled
[2017.12.10-18.45.53:535][  0]LogConsoleResponse: Display: 
[2017.12.10-18.45.55:056][  0]LogCook: Display: Max memory allowance for cook 16384mb min free memory 0mb
[2017.12.10-18.45.55:056][  0]LogCook: Display: Mobile HDR setting 1
[2017.12.10-18.45.55:056][  0]LogGameplayTags: Display: UGameplayTagsManager::DoneAddingNativeTags. DelegateIsBound: 0
[2017.12.10-18.45.56:209][  0]LogFileCache: Scanning file cache for directory 'C:/Users/Jonathan Oates/Desktop/Repositories/ExperimentalGame_VR/KairosVR_new/Content/' took 0.02s
[2017.12.10-18.45.59:282][  0]SourceControl: Source control is disabled
[2017.12.10-18.45.59:283][  0]Cmd: MAP LOAD FILE="../../../../../../Users/Jonathan Oates/Desktop/Repositories/ExperimentalGame_VR/KairosVR_new/Content/Maps/ShipInterior.umap" TEMPLATE=0 SHOWPROGRESS=1 FEATURELEVEL=3
[2017.12.10-18.45.59:283][  0]LightingResults: New page: Lighting Build
[2017.12.10-18.45.59:371][  0]MapCheck: New page: Map Check
[2017.12.10-18.45.59:371][  0]LightingResults: New page: Lighting Build
[2017.12.10-18.46.01:260][  0]LogStaticMesh: Building static mesh railgun_01...
[2017.12.10-18.46.01:274][  0]LogStaticMesh: Built static mesh [0.01s] /Game/Assets/Ship/railgun_01.railgun_01
[2017.12.10-18.46.01:301][  0]LogStaticMesh: Building static mesh ship_02...
[2017.12.10-18.46.01:369][  0]LogStaticMesh: Built static mesh [0.07s] /Game/Assets/Ship/ship_02.ship_02
[2017.12.10-18.46.01:415][  0]LogStaticMesh: Building static mesh minigun_02...
[2017.12.10-18.46.01:491][  0]LogStaticMesh: Built static mesh [0.08s] /Game/Assets/Ship/minigun_02.minigun_02
[2017.12.10-18.46.01:502][  0]LogMaterial: Missing cached shader map for material lambert1, compiling. 
[2017.12.10-18.46.03:047][  0]LogStaticMesh: Building static mesh Holographic_Screen_02...
[2017.12.10-18.46.03:051][  0]LogStaticMesh: Built static mesh [0.00s] /Game/Assets/GUI/Holographic_Screen_02.Holographic_Screen_02
[2017.12.10-18.46.03:064][  0]LogStaticMesh: Building static mesh Holographic_Screen_01...
[2017.12.10-18.46.03:068][  0]LogStaticMesh: Built static mesh [0.00s] /Game/Assets/GUI/Holographic_Screen_01.Holographic_Screen_01
[2017.12.10-18.46.03:090][  0]LogMaterial: Missing cached shader map for material lambert1, compiling. 
[2017.12.10-18.46.03:364][  0]LogStaticMesh: Building static mesh Field_of_Play_2-0...
[2017.12.10-18.46.03:367][  0]LogStaticMesh: Built static mesh [0.00s] /Game/Assets/Table/Field_of_Play_2-0.Field_of_Play_2-0
[2017.12.10-18.46.03:492][  0]LogStaticMesh: Building static mesh ast_01...
[2017.12.10-18.46.03:502][  0]LogStaticMesh: Built static mesh [0.01s] /Game/Assets/Asteroids/ast_01.ast_01
[2017.12.10-18.46.04:366][  0]LogStaticMesh: Building static mesh ast_06...
[2017.12.10-18.46.04:378][  0]LogStaticMesh: Built static mesh [0.01s] /Game/Assets/Asteroids/ast_06.ast_06
[2017.12.10-18.46.04:380][  0]LogStaticMesh: Building static mesh ast_05...
[2017.12.10-18.46.04:403][  0]LogStaticMesh: Built static mesh [0.02s] /Game/Assets/Asteroids/ast_05.ast_05
[2017.12.10-18.46.04:406][  0]LogStaticMesh: Building static mesh ast_04...
[2017.12.10-18.46.04:421][  0]LogStaticMesh: Built static mesh [0.02s] /Game/Assets/Asteroids/ast_04.ast_04
[2017.12.10-18.46.04:424][  0]LogStaticMesh: Building static mesh ast_03...
[2017.12.10-18.46.04:441][  0]LogStaticMesh: Built static mesh [0.02s] /Game/Assets/Asteroids/ast_03.ast_03
[2017.12.10-18.46.04:444][  0]LogStaticMesh: Building static mesh ast_02...
[2017.12.10-18.46.04:457][  0]LogStaticMesh: Built static mesh [0.01s] /Game/Assets/Asteroids/ast_02.ast_02
[2017.12.10-18.46.04:462][  0]LogMaterial: Missing cached shader map for material lambert1, compiling. 
[2017.12.10-18.46.04:553][  0]LogAIModule: Creating AISystem for world ShipInterior
[2017.12.10-18.46.04:593][  0]LogEditorServer: Finished looking for orphan Actors (0.000 secs)
[2017.12.10-18.46.04:650][  0]Cmd: MAP CHECKDEP NOCLEARLOG
[2017.12.10-18.46.04:819][  0]MapCheck: Map check complete: 0 Error(s), 0 Warning(s), took 169.44ms to complete.
[2017.12.10-18.46.04:819][  0]LogFileHelpers: Loading map 'ShipInterior' took 5.537
[2017.12.10-18.46.05:262][  0]LogCollectionManager: Loaded 0 collections in 0.006748 seconds
[2017.12.10-18.46.05:458][  0]LogFileCache: Scanning file cache for directory 'C:/Users/Jonathan Oates/Desktop/Repositories/ExperimentalGame_VR/KairosVR_new/Saved/Collections/' took 0.01s
[2017.12.10-18.46.05:458][  0]LogFileCache: Scanning file cache for directory 'C:/Users/Jonathan Oates/Desktop/Repositories/ExperimentalGame_VR/KairosVR_new/Content/Developers/JonathanOates/Collections/' took 0.01s
[2017.12.10-18.46.05:458][  0]LogFileCache: Scanning file cache for directory 'C:/Users/Jonathan Oates/Desktop/Repositories/ExperimentalGame_VR/KairosVR_new/Content/Collections/' took 0.01s
[2017.12.10-18.46.05:458][  0]LogCollectionManager: Rebuilt the GUID cache for 0 collections in 0.000001 seconds
[2017.12.10-18.46.05:477][  0]LogContentBrowser: Native class hierarchy populated in 0.0188 seconds. Added 2386 classes and 500 folders.
[2017.12.10-18.46.05:679][  0]LogContentBrowser: Native class hierarchy updated for 'WidgetCarousel' in 0.0013 seconds. Added 0 classes and 0 folders.
[2017.12.10-18.46.06:942][  0]LogContentBrowser: Native class hierarchy updated for 'AddContentDialog' in 0.0011 seconds. Added 0 classes and 0 folders.
[2017.12.10-18.46.07:273][  0]LogContentBrowser: Native class hierarchy updated for 'SceneOutliner' in 0.0009 seconds. Added 1 classes and 2 folders.
[2017.12.10-18.46.07:425][  0]LogSlate: Took 0.019644 seconds to synchronously load lazily loaded font '../../../Engine/Content/Slate/Fonts/Roboto-Regular.ttf' (155K)
[2017.12.10-18.46.07:436][  0]LogSlate: Took 0.007752 seconds to synchronously load lazily loaded font '../../../Engine/Content/Slate/Fonts/Roboto-Bold.ttf' (160K)
[2017.12.10-18.46.07:520][  0]LogSlate: Took 0.076481 seconds to synchronously load lazily loaded font '../../../Engine/Content/Editor/Slate/Fonts/FontAwesome.ttf' (139K)
[2017.12.10-18.46.07:701][  0]LogRenderer: Reallocating scene render targets to support 1136x652 Format 26 NumSamples 1 (Frame:1).
[2017.12.10-18.46.08:193][  0]LogContentBrowser: Native class hierarchy updated for 'HierarchicalLODOutliner' in 0.0010 seconds. Added 1 classes and 2 folders.
[2017.12.10-18.46.08:193][  0]LogLoad: (Engine Initialization) Total time: 81.59 seconds
[2017.12.10-18.46.08:193][  0]LogLoad: (Engine Initialization) Total Blueprint compile time: 0.00 seconds
[2017.12.10-18.46.08:194][  0]LogExternalProfiler: Found external profiler: VSPerf
[2017.12.10-18.46.08:194][  0]LogExternalProfiler: Using external profiler: VSPerf
[2017.12.10-18.46.08:258][  0]LogContentStreaming: Texture pool size now 1000 MB
[2017.12.10-18.46.08:365][  0]LogSlate: Took 0.028011 seconds to synchronously load lazily loaded font '../../../Engine/Content/Slate/Fonts/Roboto-Light.ttf' (159K)
[2017.12.10-18.46.08:390][  1]LogFileCache: Retrieving MD5 hashes for directory 'C:/Users/Jonathan Oates/Desktop/Repositories/ExperimentalGame_VR/KairosVR_new/Content/' took 0.17s
[2017.12.10-18.46.08:414][  1]LogAssetRegistry: Asset discovery search completed in 58.6808 seconds
[2017.12.10-18.46.08:417][  1]LogCollectionManager: Rebuilt the object cache for 0 collections in 0.000000 seconds (found 0 objects)
[2017.12.10-18.46.08:417][  1]LogCollectionManager: Fixed up redirectors for 0 collections in 0.000101 seconds (updated 0 objects)
[2017.12.10-18.46.09:259][ 57]LogSlate: Took 0.000410 seconds to synchronously load lazily loaded font '../../../Engine/Content/Slate/Fonts/Roboto-Light.ttf' (159K)
[2017.12.10-18.46.35:030][247]LogSlate: Took 0.000278 seconds to synchronously load lazily loaded font '../../../Engine/Content/Slate/Fonts/Roboto-Light.ttf' (159K)
[2017.12.10-18.46.35:685][247]LogContentBrowser: Native class hierarchy updated for 'BlueprintGraph' in 0.0013 seconds. Added 113 classes and 0 folders.
[2017.12.10-18.46.36:522][247]LogSlate: Took 0.000290 seconds to synchronously load lazily loaded font '../../../Engine/Content/Slate/Fonts/Roboto-Regular.ttf' (155K)
[2017.12.10-18.46.36:744][247]LogSlate: Took 0.005597 seconds to synchronously load lazily loaded font '../../../Engine/Content/Editor/Slate/Fonts/Roboto-BoldCondensed.ttf' (158K)
[2017.12.10-18.46.36:873][248]LogSlate: Took 0.009973 seconds to synchronously load lazily loaded font '../../../Engine/Content/Editor/Slate/Fonts/Roboto-Italic.ttf' (157K)
[2017.12.10-18.46.46:684][171]LogRenderer: Reallocating scene render targets to support 1284x792 Format 26 NumSamples 1 (Frame:1).
[2017.12.10-18.48.32:198][306]LogEditorTransaction: Undo Attach Component
[2017.12.10-18.52.54:046][404]BlueprintLog: New page: Compile BP_RestartDisplay
[2017.12.10-18.52.59:188][837]LogSavePackage: Save=64.28ms
[2017.12.10-18.52.59:188][837]LogSavePackage: Moving '../../../../../../Users/Jonathan Oates/Desktop/Repositories/ExperimentalGame_VR/KairosVR_new/Saved/BP_RestartDisplay0702314043B5C90FE024D3AE5E58DBDE.tmp' to '../../../../../../Users/Jonathan Oates/Desktop/Repositories/ExperimentalGame_VR/KairosVR_new/Content/Blueprints/BP_RestartDisplay.uasset'
[2017.12.10-18.52.59:199][837]LogSavePackage: Display: Finished SavePackage ../../../../../../Users/Jonathan Oates/Desktop/Repositories/ExperimentalGame_VR/KairosVR_new/Content/Blueprints/BP_RestartDisplay.uasset
[2017.12.10-18.53.09:371][779]LogEditorViewport: Clicking on Actor (LMB): StaticMeshActor (Floor)
[2017.12.10-18.53.09:988][832]LogEditorViewport: Clicking on Actor (LMB): BP_RestartDisplay_C (BP_RestartDisplay)
[2017.12.10-18.53.26:668][480]LogEditorViewport: Clicking on Actor (LMB): BP_ControlTable_C (BP_ControlTable)
[2017.12.10-18.53.28:616][681]Cmd: TRANSACTION UNDO
[2017.12.10-18.53.28:616][681]LogEditorTransaction: Undo Clicking on Actors
[2017.12.10-18.53.39:542][752]LogEditorViewport: Clicking Background
[2017.12.10-18.54.04:260][ 79]LogEditorViewport: Clicking on Actor (LMB): StaticMeshActor (Floor)
[2017.12.10-18.54.24:957][ 97]Cmd: TRANSACTION UNDO
[2017.12.10-18.54.24:957][ 97]LogEditorTransaction: Undo Move Actors
[2017.12.10-18.54.25:652][138]LogEditorViewport: Clicking on Actor (LMB): BP_RestartDisplay_C (BP_RestartDisplay)
[2017.12.10-18.54.42:253][738]LogEditorViewport: Clicking on Actor (LMB): StaticMeshActor (Floor)
[2017.12.10-18.54.45:801][ 32]LogSavePackage: Save=80.18ms
[2017.12.10-18.54.45:801][ 32]LogSavePackage: Moving '../../../../../../Users/Jonathan Oates/Desktop/Repositories/ExperimentalGame_VR/KairosVR_new/Saved/ShipInterior164365D44BCF1210C5DDD4AECB0048D2.tmp' to '../../../../../../Users/Jonathan Oates/Desktop/Repositories/ExperimentalGame_VR/KairosVR_new/Content/Maps/ShipInterior.umap'
[2017.12.10-18.54.45:812][ 32]LogSavePackage: Display: Finished SavePackage ../../../../../../Users/Jonathan Oates/Desktop/Repositories/ExperimentalGame_VR/KairosVR_new/Content/Maps/ShipInterior.umap
[2017.12.10-18.54.45:854][ 32]LogFileHelpers: Saving map 'ShipInterior' took 0.372
[2017.12.10-18.55.56:416][499]BlueprintLog: New page: Compile BP_Asteroid
[2017.12.10-18.56.00:882][760]LogSavePackage: Save=79.83ms
[2017.12.10-18.56.00:883][760]LogSavePackage: Moving '../../../../../../Users/Jonathan Oates/Desktop/Repositories/ExperimentalGame_VR/KairosVR_new/Saved/ShipInterior17A8ED754BA3C6F03104AA854416230F.tmp' to '../../../../../../Users/Jonathan Oates/Desktop/Repositories/ExperimentalGame_VR/KairosVR_new/Content/Maps/ShipInterior.umap'
[2017.12.10-18.56.00:894][760]LogSavePackage: Display: Finished SavePackage ../../../../../../Users/Jonathan Oates/Desktop/Repositories/ExperimentalGame_VR/KairosVR_new/Content/Maps/ShipInterior.umap
[2017.12.10-18.56.00:927][760]LogFileHelpers: Saving map 'ShipInterior' took 0.360
[2017.12.10-18.56.01:154][760]LogSavePackage: Save=183.15ms
[2017.12.10-18.56.01:154][760]LogSavePackage: Moving '../../../../../../Users/Jonathan Oates/Desktop/Repositories/ExperimentalGame_VR/KairosVR_new/Saved/BP_Asteroid9FE1E3EF469C31F3B53C90950452C825.tmp' to '../../../../../../Users/Jonathan Oates/Desktop/Repositories/ExperimentalGame_VR/KairosVR_new/Content/Blueprints/BP_Asteroid.uasset'
[2017.12.10-18.56.01:164][760]LogSavePackage: Display: Finished SavePackage ../../../../../../Users/Jonathan Oates/Desktop/Repositories/ExperimentalGame_VR/KairosVR_new/Content/Blueprints/BP_Asteroid.uasset
[2017.12.10-18.57.53:129][738]BlueprintLog: New page: Compile BP_RestartDisplay
[2017.12.10-18.58.28:896][539]LogSavePackage: Save=77.65ms
[2017.12.10-18.58.28:896][539]LogSavePackage: Moving '../../../../../../Users/Jonathan Oates/Desktop/Repositories/ExperimentalGame_VR/KairosVR_new/Saved/ShipInterior93E5064C4B36A6A9D7EF428B6FA0F505.tmp' to '../../../../../../Users/Jonathan Oates/Desktop/Repositories/ExperimentalGame_VR/KairosVR_new/Content/Maps/ShipInterior.umap'
[2017.12.10-18.58.28:907][539]LogSavePackage: Display: Finished SavePackage ../../../../../../Users/Jonathan Oates/Desktop/Repositories/ExperimentalGame_VR/KairosVR_new/Content/Maps/ShipInterior.umap
[2017.12.10-18.58.28:941][539]LogFileHelpers: Saving map 'ShipInterior' took 0.355
[2017.12.10-18.58.29:078][539]LogSavePackage: Save=86.97ms
[2017.12.10-18.58.29:078][539]LogSavePackage: Moving '../../../../../../Users/Jonathan Oates/Desktop/Repositories/ExperimentalGame_VR/KairosVR_new/Saved/BP_RestartDisplay0716784541883AFBD44DA0A72A6C9004.tmp' to '../../../../../../Users/Jonathan Oates/Desktop/Repositories/ExperimentalGame_VR/KairosVR_new/Content/Blueprints/BP_RestartDisplay.uasset'
[2017.12.10-18.58.29:089][539]LogSavePackage: Display: Finished SavePackage ../../../../../../Users/Jonathan Oates/Desktop/Repositories/ExperimentalGame_VR/KairosVR_new/Content/Blueprints/BP_RestartDisplay.uasset
[2017.12.10-18.58.30:554][669]BlueprintLog: New page: Compile BP_RestartDisplay
[2017.12.10-18.59.05:692][161]LogSlate: Took 0.005566 seconds to synchronously load lazily loaded font '../../../Engine/Content/Editor/Slate/Fonts/Roboto-BoldCondensedItalic.ttf' (160K)
[2017.12.10-18.59.11:015][653]BlueprintLog: New page: Compile BP_Asteroid
[2017.12.10-18.59.16:558][167]LogBlueprint: Warning: ExposeOnSpawn ambiguity. Property 'ObjectProperty /Game/Blueprints/BP_Asteroid.BP_Asteroid_C:score_display', MetaData 'True', Flag 'False'
[2017.12.10-18.59.20:544][518]BlueprintLog: New page: Compile BP_Asteroid
[2017.12.10-18.59.20:581][518]LogBlueprint: Warning: ExposeOnSpawn ambiguity. Property 'ObjectProperty /Game/Blueprints/BP_Asteroid.BP_Asteroid_C:score_display', MetaData 'True', Flag 'False'
[2017.12.10-18.59.35:463][805]BlueprintLog: New page: Compile BP_Asteroid
[2017.12.10-19.00.03:045][557]BlueprintLog: New page: Compile BP_ControlTable
[2017.12.10-19.00.20:138][ 58]LogSlate: Warning: Prevented a slow task dialog from being summoned while a context menu was open
[2017.12.10-19.00.42:227][361]BlueprintLog: New page: Compile BP_ControlTable
[2017.12.10-19.01.29:229][670]BlueprintLog: New page: Compile BP_ControlTable
[2017.12.10-19.01.36:775][344]LogSavePackage: Save=82.92ms
[2017.12.10-19.01.36:775][344]LogSavePackage: Moving '../../../../../../Users/Jonathan Oates/Desktop/Repositories/ExperimentalGame_VR/KairosVR_new/Saved/ShipInterior715F20854812C9E2FB721A867DA04F3F.tmp' to '../../../../../../Users/Jonathan Oates/Desktop/Repositories/ExperimentalGame_VR/KairosVR_new/Content/Maps/ShipInterior.umap'
[2017.12.10-19.01.36:785][344]LogSavePackage: Display: Finished SavePackage ../../../../../../Users/Jonathan Oates/Desktop/Repositories/ExperimentalGame_VR/KairosVR_new/Content/Maps/ShipInterior.umap
[2017.12.10-19.01.36:827][344]LogFileHelpers: Saving map 'ShipInterior' took 0.372
[2017.12.10-19.01.37:003][344]LogSavePackage: Save=125.92ms
[2017.12.10-19.01.37:003][344]LogSavePackage: Moving '../../../../../../Users/Jonathan Oates/Desktop/Repositories/ExperimentalGame_VR/KairosVR_new/Saved/BP_ControlTable2A26A148422011D979382085A72ADD5B.tmp' to '../../../../../../Users/Jonathan Oates/Desktop/Repositories/ExperimentalGame_VR/KairosVR_new/Content/Blueprints/BP_ControlTable.uasset'
[2017.12.10-19.01.37:014][344]LogSavePackage: Display: Finished SavePackage ../../../../../../Users/Jonathan Oates/Desktop/Repositories/ExperimentalGame_VR/KairosVR_new/Content/Blueprints/BP_ControlTable.uasset
[2017.12.10-19.01.37:246][344]LogSavePackage: Save=184.17ms
[2017.12.10-19.01.37:246][344]LogSavePackage: Moving '../../../../../../Users/Jonathan Oates/Desktop/Repositories/ExperimentalGame_VR/KairosVR_new/Saved/BP_Asteroid85E95A1A4DC011D23614C5BC050CB13F.tmp' to '../../../../../../Users/Jonathan Oates/Desktop/Repositories/ExperimentalGame_VR/KairosVR_new/Content/Blueprints/BP_Asteroid.uasset'
[2017.12.10-19.01.37:260][344]LogSavePackage: Display: Finished SavePackage ../../../../../../Users/Jonathan Oates/Desktop/Repositories/ExperimentalGame_VR/KairosVR_new/Content/Blueprints/BP_Asteroid.uasset
[2017.12.10-19.05.07:880][948]BlueprintLog: New page: Compile BP_Asteroid
[2017.12.10-19.05.10:190][ 59]LogSavePackage: Save=79.22ms
[2017.12.10-19.05.10:190][ 59]LogSavePackage: Moving '../../../../../../Users/Jonathan Oates/Desktop/Repositories/ExperimentalGame_VR/KairosVR_new/Saved/ShipInterior309288104426B3A8CB2103BB73D35021.tmp' to '../../../../../../Users/Jonathan Oates/Desktop/Repositories/ExperimentalGame_VR/KairosVR_new/Content/Maps/ShipInterior.umap'
[2017.12.10-19.05.10:200][ 59]LogSavePackage: Display: Finished SavePackage ../../../../../../Users/Jonathan Oates/Desktop/Repositories/ExperimentalGame_VR/KairosVR_new/Content/Maps/ShipInterior.umap
[2017.12.10-19.05.10:242][ 59]LogFileHelpers: Saving map 'ShipInterior' took 0.370
[2017.12.10-19.05.10:470][ 59]LogSavePackage: Save=183.64ms
[2017.12.10-19.05.10:471][ 59]LogSavePackage: Moving '../../../../../../Users/Jonathan Oates/Desktop/Repositories/ExperimentalGame_VR/KairosVR_new/Saved/BP_Asteroid19950B2B43A991FB6D2AA28520136CEF.tmp' to '../../../../../../Users/Jonathan Oates/Desktop/Repositories/ExperimentalGame_VR/KairosVR_new/Content/Blueprints/BP_Asteroid.uasset'
[2017.12.10-19.05.10:481][ 59]LogSavePackage: Display: Finished SavePackage ../../../../../../Users/Jonathan Oates/Desktop/Repositories/ExperimentalGame_VR/KairosVR_new/Content/Blueprints/BP_Asteroid.uasset
[2017.12.10-19.06.12:489][980]BlueprintLog: New page: Compile BP_GenericShip
[2017.12.10-19.06.20:114][370]BlueprintLog: New page: Compile BP_GenericShip
[2017.12.10-19.06.20:189][370]LogBlueprint: Warning: ExposeOnSpawn ambiguity. Property 'ObjectProperty /Game/Blueprints/BP_GenericShip.BP_GenericShip_C:health_display', MetaData 'True', Flag 'False'
[2017.12.10-19.06.46:350][903]LogEditorTransaction: Undo Move Node
[2017.12.10-19.07.01:948][382]LogSlate: Warning: Prevented a slow task dialog from being summoned while a context menu was open
[2017.12.10-19.07.50:028][909]BlueprintLog: New page: Compile BP_ControlTable
[2017.12.10-19.08.01:051][794]BlueprintLog: New page: Compile BP_ControlTable
[2017.12.10-19.08.05:627][177]LogSavePackage: Save=80.52ms
[2017.12.10-19.08.05:628][177]LogSavePackage: Moving '../../../../../../Users/Jonathan Oates/Desktop/Repositories/ExperimentalGame_VR/KairosVR_new/Saved/ShipInterior6E17EF2F438E36A4AF1C84BC5A6890E4.tmp' to '../../../../../../Users/Jonathan Oates/Desktop/Repositories/ExperimentalGame_VR/KairosVR_new/Content/Maps/ShipInterior.umap'
[2017.12.10-19.08.05:638][177]LogSavePackage: Display: Finished SavePackage ../../../../../../Users/Jonathan Oates/Desktop/Repositories/ExperimentalGame_VR/KairosVR_new/Content/Maps/ShipInterior.umap
[2017.12.10-19.08.05:680][177]LogFileHelpers: Saving map 'ShipInterior' took 0.362
[2017.12.10-19.08.05:861][177]LogSavePackage: Save=132.29ms
[2017.12.10-19.08.05:861][177]LogSavePackage: Moving '../../../../../../Users/Jonathan Oates/Desktop/Repositories/ExperimentalGame_VR/KairosVR_new/Saved/BP_ControlTable4ED8868241F60B9F59E0638B12C2C3C7.tmp' to '../../../../../../Users/Jonathan Oates/Desktop/Repositories/ExperimentalGame_VR/KairosVR_new/Content/Blueprints/BP_ControlTable.uasset'
[2017.12.10-19.08.05:871][177]LogSavePackage: Display: Finished SavePackage ../../../../../../Users/Jonathan Oates/Desktop/Repositories/ExperimentalGame_VR/KairosVR_new/Content/Blueprints/BP_ControlTable.uasset
[2017.12.10-19.08.06:221][177]LogSavePackage: Save=299.96ms
[2017.12.10-19.08.06:221][177]LogSavePackage: Moving '../../../../../../Users/Jonathan Oates/Desktop/Repositories/ExperimentalGame_VR/KairosVR_new/Saved/BP_GenericShip83D366C94F109F17F570DBABD3ACE27D.tmp' to '../../../../../../Users/Jonathan Oates/Desktop/Repositories/ExperimentalGame_VR/KairosVR_new/Content/Blueprints/BP_GenericShip.uasset'
[2017.12.10-19.08.06:232][177]LogSavePackage: Display: Finished SavePackage ../../../../../../Users/Jonathan Oates/Desktop/Repositories/ExperimentalGame_VR/KairosVR_new/Content/Blueprints/BP_GenericShip.uasset
[2017.12.10-19.08.17:062][  0]BlueprintLog: New page: Compile BP_GenericShip
[2017.12.10-19.08.54:581][  8]BlueprintLog: New page: Compile BP_GenericShip
[2017.12.10-19.10.08:294][326]BlueprintLog: New page: Compile BP_GenericShip
[2017.12.10-19.10.22:660][541]BlueprintLog: New page: Compile BP_HealthDisplay
[2017.12.10-19.10.22:828][541]LogBlueprint: Warning: [Compiler BP_GenericShip] Could not find the function 'Update Display' called from  Update Display
[2017.12.10-19.10.22:855][541]LogBlueprint: Warning: [Compiler BP_GenericShip] [1536.25] Compile of BP_GenericShip successful, but with 1 Warning(s) [in 181 ms] (/Game/Blueprints/BP_GenericShip.BP_GenericShip)
[2017.12.10-19.10.40:341][175]LogSavePackage: Save=79.44ms
[2017.12.10-19.10.40:341][175]LogSavePackage: Moving '../../../../../../Users/Jonathan Oates/Desktop/Repositories/ExperimentalGame_VR/KairosVR_new/Saved/ShipInterior84C6DEB94ED14BE042408893ADAABEC7.tmp' to '../../../../../../Users/Jonathan Oates/Desktop/Repositories/ExperimentalGame_VR/KairosVR_new/Content/Maps/ShipInterior.umap'
[2017.12.10-19.10.40:351][175]LogSavePackage: Display: Finished SavePackage ../../../../../../Users/Jonathan Oates/Desktop/Repositories/ExperimentalGame_VR/KairosVR_new/Content/Maps/ShipInterior.umap
[2017.12.10-19.10.40:384][175]LogFileHelpers: Saving map 'ShipInterior' took 0.347
[2017.12.10-19.10.40:731][175]LogSavePackage: Save=300.82ms
[2017.12.10-19.10.40:731][175]LogSavePackage: Moving '../../../../../../Users/Jonathan Oates/Desktop/Repositories/ExperimentalGame_VR/KairosVR_new/Saved/BP_GenericShip5B730C0C48DA6FBF2140B7A929EBAD02.tmp' to '../../../../../../Users/Jonathan Oates/Desktop/Repositories/ExperimentalGame_VR/KairosVR_new/Content/Blueprints/BP_GenericShip.uasset'
[2017.12.10-19.10.40:742][175]LogSavePackage: Display: Finished SavePackage ../../../../../../Users/Jonathan Oates/Desktop/Repositories/ExperimentalGame_VR/KairosVR_new/Content/Blueprints/BP_GenericShip.uasset
[2017.12.10-19.10.40:875][175]LogSavePackage: Save=81.95ms
[2017.12.10-19.10.40:875][175]LogSavePackage: Moving '../../../../../../Users/Jonathan Oates/Desktop/Repositories/ExperimentalGame_VR/KairosVR_new/Saved/BP_HealthDisplay1F3D070B41587B82A5D3AB8D8E9BA846.tmp' to '../../../../../../Users/Jonathan Oates/Desktop/Repositories/ExperimentalGame_VR/KairosVR_new/Content/Blueprints/BP_HealthDisplay.uasset'
[2017.12.10-19.10.40:886][175]LogSavePackage: Display: Finished SavePackage ../../../../../../Users/Jonathan Oates/Desktop/Repositories/ExperimentalGame_VR/KairosVR_new/Content/Blueprints/BP_HealthDisplay.uasset
[2017.12.10-19.12.13:766][206]BlueprintLog: New page: Compile BP_GenericShip
[2017.12.10-19.12.16:246][313]LogSavePackage: Save=79.58ms
[2017.12.10-19.12.16:246][313]LogSavePackage: Moving '../../../../../../Users/Jonathan Oates/Desktop/Repositories/ExperimentalGame_VR/KairosVR_new/Saved/ShipInteriorCFCB0BB74470E9413BD4F1A95D4EAF14.tmp' to '../../../../../../Users/Jonathan Oates/Desktop/Repositories/ExperimentalGame_VR/KairosVR_new/Content/Maps/ShipInterior.umap'
[2017.12.10-19.12.16:257][313]LogSavePackage: Display: Finished SavePackage ../../../../../../Users/Jonathan Oates/Desktop/Repositories/ExperimentalGame_VR/KairosVR_new/Content/Maps/ShipInterior.umap
[2017.12.10-19.12.16:298][313]LogFileHelpers: Saving map 'ShipInterior' took 0.363
[2017.12.10-19.12.16:654][313]LogSavePackage: Save=309.74ms
[2017.12.10-19.12.16:654][313]LogSavePackage: Moving '../../../../../../Users/Jonathan Oates/Desktop/Repositories/ExperimentalGame_VR/KairosVR_new/Saved/BP_GenericShip910411F94E5750F4AB16A29F464F72F8.tmp' to '../../../../../../Users/Jonathan Oates/Desktop/Repositories/ExperimentalGame_VR/KairosVR_new/Content/Blueprints/BP_GenericShip.uasset'
[2017.12.10-19.12.16:665][313]LogSavePackage: Display: Finished SavePackage ../../../../../../Users/Jonathan Oates/Desktop/Repositories/ExperimentalGame_VR/KairosVR_new/Content/Blueprints/BP_GenericShip.uasset
[2017.12.10-19.13.16:315][255]BlueprintLog: New page: Compile BP_HealthDisplay
[2017.12.10-19.13.18:803][364]LogSavePackage: Save=79.33ms
[2017.12.10-19.13.18:803][364]LogSavePackage: Moving '../../../../../../Users/Jonathan Oates/Desktop/Repositories/ExperimentalGame_VR/KairosVR_new/Saved/ShipInteriorD0F7C9BA451E960D0904B089E14BB12F.tmp' to '../../../../../../Users/Jonathan Oates/Desktop/Repositories/ExperimentalGame_VR/KairosVR_new/Content/Maps/ShipInterior.umap'
[2017.12.10-19.13.18:813][364]LogSavePackage: Display: Finished SavePackage ../../../../../../Users/Jonathan Oates/Desktop/Repositories/ExperimentalGame_VR/KairosVR_new/Content/Maps/ShipInterior.umap
[2017.12.10-19.13.18:845][364]LogFileHelpers: Saving map 'ShipInterior' took 0.358
[2017.12.10-19.13.18:980][364]LogSavePackage: Save=88.13ms
[2017.12.10-19.13.18:980][364]LogSavePackage: Moving '../../../../../../Users/Jonathan Oates/Desktop/Repositories/ExperimentalGame_VR/KairosVR_new/Saved/BP_HealthDisplay722013B445F5C29E3E747AAD1E273938.tmp' to '../../../../../../Users/Jonathan Oates/Desktop/Repositories/ExperimentalGame_VR/KairosVR_new/Content/Blueprints/BP_HealthDisplay.uasset'
[2017.12.10-19.13.18:990][364]LogSavePackage: Display: Finished SavePackage ../../../../../../Users/Jonathan Oates/Desktop/Repositories/ExperimentalGame_VR/KairosVR_new/Content/Blueprints/BP_HealthDisplay.uasset
[2017.12.10-19.14.12:881][977]BlueprintLog: New page: Compile BP_HealthDisplay
[2017.12.10-19.14.15:802][140]LogSavePackage: Save=78.90ms
[2017.12.10-19.14.15:803][140]LogSavePackage: Moving '../../../../../../Users/Jonathan Oates/Desktop/Repositories/ExperimentalGame_VR/KairosVR_new/Saved/ShipInteriorCF6D0B26496CEC3EAA30F288C34685F5.tmp' to '../../../../../../Users/Jonathan Oates/Desktop/Repositories/ExperimentalGame_VR/KairosVR_new/Content/Maps/ShipInterior.umap'
[2017.12.10-19.14.15:813][140]LogSavePackage: Display: Finished SavePackage ../../../../../../Users/Jonathan Oates/Desktop/Repositories/ExperimentalGame_VR/KairosVR_new/Content/Maps/ShipInterior.umap
[2017.12.10-19.14.15:846][140]LogFileHelpers: Saving map 'ShipInterior' took 0.348
[2017.12.10-19.14.15:988][140]LogSavePackage: Save=97.15ms
[2017.12.10-19.14.15:988][140]LogSavePackage: Moving '../../../../../../Users/Jonathan Oates/Desktop/Repositories/ExperimentalGame_VR/KairosVR_new/Saved/BP_HealthDisplay921CC01445DEA80B97ED27A08FD12B53.tmp' to '../../../../../../Users/Jonathan Oates/Desktop/Repositories/ExperimentalGame_VR/KairosVR_new/Content/Blueprints/BP_HealthDisplay.uasset'
[2017.12.10-19.14.15:999][140]LogSavePackage: Display: Finished SavePackage ../../../../../../Users/Jonathan Oates/Desktop/Repositories/ExperimentalGame_VR/KairosVR_new/Content/Blueprints/BP_HealthDisplay.uasset
[2017.12.10-19.14.37:124][549]BlueprintLog: New page: Compile BP_HealthDisplay
[2017.12.10-19.14.39:651][660]LogSavePackage: Save=79.24ms
[2017.12.10-19.14.39:651][660]LogSavePackage: Moving '../../../../../../Users/Jonathan Oates/Desktop/Repositories/ExperimentalGame_VR/KairosVR_new/Saved/ShipInterior2314B2E0454C1F85C32BE2A04D6F9C5C.tmp' to '../../../../../../Users/Jonathan Oates/Desktop/Repositories/ExperimentalGame_VR/KairosVR_new/Content/Maps/ShipInterior.umap'
[2017.12.10-19.14.39:661][660]LogSavePackage: Display: Finished SavePackage ../../../../../../Users/Jonathan Oates/Desktop/Repositories/ExperimentalGame_VR/KairosVR_new/Content/Maps/ShipInterior.umap
[2017.12.10-19.14.39:692][660]LogFileHelpers: Saving map 'ShipInterior' took 0.381
[2017.12.10-19.14.39:828][660]LogSavePackage: Save=90.01ms
[2017.12.10-19.14.39:828][660]LogSavePackage: Moving '../../../../../../Users/Jonathan Oates/Desktop/Repositories/ExperimentalGame_VR/KairosVR_new/Saved/BP_HealthDisplayAD82219847934185E50D0AA923500318.tmp' to '../../../../../../Users/Jonathan Oates/Desktop/Repositories/ExperimentalGame_VR/KairosVR_new/Content/Blueprints/BP_HealthDisplay.uasset'
[2017.12.10-19.14.39:838][660]LogSavePackage: Display: Finished SavePackage ../../../../../../Users/Jonathan Oates/Desktop/Repositories/ExperimentalGame_VR/KairosVR_new/Content/Blueprints/BP_HealthDisplay.uasset
[2017.12.10-19.14.53:632][144]LogSavePackage: Save=80.01ms
[2017.12.10-19.14.53:632][144]LogSavePackage: Moving '../../../../../../Users/Jonathan Oates/Desktop/Repositories/ExperimentalGame_VR/KairosVR_new/Saved/BP_HealthDisplay8D00DF1A42DBB462469043A49F034680.tmp' to '../../../../../../Users/Jonathan Oates/Desktop/Repositories/ExperimentalGame_VR/KairosVR_new/Content/Blueprints/BP_HealthDisplay.uasset'
[2017.12.10-19.14.53:642][144]LogSavePackage: Display: Finished SavePackage ../../../../../../Users/Jonathan Oates/Desktop/Repositories/ExperimentalGame_VR/KairosVR_new/Content/Blueprints/BP_HealthDisplay.uasset
[2017.12.10-19.16.41:092][252]BlueprintLog: New page: Compile MotionControllerPawn
[2017.12.10-19.17.01:616][896]LogSlate: Warning: Prevented a slow task dialog from being summoned while a context menu was open
[2017.12.10-19.17.21:771][873]BlueprintLog: New page: Compile MotionControllerPawn
[2017.12.10-19.17.43:978][631]BlueprintLog: New page: Compile MotionControllerPawn
[2017.12.10-19.17.48:516][904]LogSavePackage: Save=79.71ms
[2017.12.10-19.17.48:516][904]LogSavePackage: Moving '../../../../../../Users/Jonathan Oates/Desktop/Repositories/ExperimentalGame_VR/KairosVR_new/Saved/ShipInteriorFCA831C341C9003EEF4C53B63FED6F68.tmp' to '../../../../../../Users/Jonathan Oates/Desktop/Repositories/ExperimentalGame_VR/KairosVR_new/Content/Maps/ShipInterior.umap'
[2017.12.10-19.17.48:526][904]LogSavePackage: Display: Finished SavePackage ../../../../../../Users/Jonathan Oates/Desktop/Repositories/ExperimentalGame_VR/KairosVR_new/Content/Maps/ShipInterior.umap
[2017.12.10-19.17.48:569][904]LogFileHelpers: Saving map 'ShipInterior' took 0.366
[2017.12.10-19.17.48:844][904]LogSavePackage: Save=240.03ms
[2017.12.10-19.17.48:844][904]LogSavePackage: Moving '../../../../../../Users/Jonathan Oates/Desktop/Repositories/ExperimentalGame_VR/KairosVR_new/Saved/MotionControllerPawn142869E447F45351F8206181A761BA3E.tmp' to '../../../../../../Users/Jonathan Oates/Desktop/Repositories/ExperimentalGame_VR/KairosVR_new/Content/VirtualRealityBP/Blueprints/MotionControllerPawn.uasset'
[2017.12.10-19.17.48:855][904]LogSavePackage: Display: Finished SavePackage ../../../../../../Users/Jonathan Oates/Desktop/Repositories/ExperimentalGame_VR/KairosVR_new/Content/VirtualRealityBP/Blueprints/MotionControllerPawn.uasset
[2017.12.10-19.18.51:132][229]BlueprintLog: New page: Compile BP_GenericShip
[2017.12.10-19.18.54:826][436]BlueprintLog: New page: Compile BP_GenericShip
[2017.12.10-19.19.05:086][291]BlueprintLog: New page: Compile BP_GenericShip
[2017.12.10-19.19.08:537][500]LogSavePackage: Save=79.43ms
[2017.12.10-19.19.08:537][500]LogSavePackage: Moving '../../../../../../Users/Jonathan Oates/Desktop/Repositories/ExperimentalGame_VR/KairosVR_new/Saved/ShipInterior163B8DC64817CED70D131CAC83DFA33F.tmp' to '../../../../../../Users/Jonathan Oates/Desktop/Repositories/ExperimentalGame_VR/KairosVR_new/Content/Maps/ShipInterior.umap'
[2017.12.10-19.19.08:547][500]LogSavePackage: Display: Finished SavePackage ../../../../../../Users/Jonathan Oates/Desktop/Repositories/ExperimentalGame_VR/KairosVR_new/Content/Maps/ShipInterior.umap
[2017.12.10-19.19.08:589][500]LogFileHelpers: Saving map 'ShipInterior' took 0.368
[2017.12.10-19.19.08:958][500]LogSavePackage: Save=317.23ms
[2017.12.10-19.19.08:958][500]LogSavePackage: Moving '../../../../../../Users/Jonathan Oates/Desktop/Repositories/ExperimentalGame_VR/KairosVR_new/Saved/BP_GenericShipCB50FD6042498063BD3A4B9EEBE587FA.tmp' to '../../../../../../Users/Jonathan Oates/Desktop/Repositories/ExperimentalGame_VR/KairosVR_new/Content/Blueprints/BP_GenericShip.uasset'
[2017.12.10-19.19.08:968][500]LogSavePackage: Display: Finished SavePackage ../../../../../../Users/Jonathan Oates/Desktop/Repositories/ExperimentalGame_VR/KairosVR_new/Content/Blueprints/BP_GenericShip.uasset
[2017.12.10-19.21.09:906][ 85]LogSavePackage: Save=316.09ms
[2017.12.10-19.21.09:906][ 85]LogSavePackage: Moving '../../../../../../Users/Jonathan Oates/Desktop/Repositories/ExperimentalGame_VR/KairosVR_new/Saved/BP_GenericShipA930C9A6437D8329AE06AEB8EC3F671E.tmp' to '../../../../../../Users/Jonathan Oates/Desktop/Repositories/ExperimentalGame_VR/KairosVR_new/Content/Blueprints/BP_GenericShip.uasset'
[2017.12.10-19.21.09:917][ 85]LogSavePackage: Display: Finished SavePackage ../../../../../../Users/Jonathan Oates/Desktop/Repositories/ExperimentalGame_VR/KairosVR_new/Content/Blueprints/BP_GenericShip.uasset
[2017.12.10-19.21.10:424][143]BlueprintLog: New page: Compile BP_GenericShip
[2017.12.10-19.21.30:543][ 92]BlueprintLog: New page: Compile BP_GenericShip
[2017.12.10-19.21.34:479][351]LogSavePackage: Save=79.19ms
[2017.12.10-19.21.34:479][351]LogSavePackage: Moving '../../../../../../Users/Jonathan Oates/Desktop/Repositories/ExperimentalGame_VR/KairosVR_new/Saved/ShipInteriorADFA950640F40E8468811FB9FDB51620.tmp' to '../../../../../../Users/Jonathan Oates/Desktop/Repositories/ExperimentalGame_VR/KairosVR_new/Content/Maps/ShipInterior.umap'
[2017.12.10-19.21.34:490][351]LogSavePackage: Display: Finished SavePackage ../../../../../../Users/Jonathan Oates/Desktop/Repositories/ExperimentalGame_VR/KairosVR_new/Content/Maps/ShipInterior.umap
[2017.12.10-19.21.34:532][351]LogFileHelpers: Saving map 'ShipInterior' took 0.365
[2017.12.10-19.21.34:890][351]LogSavePackage: Save=310.39ms
[2017.12.10-19.21.34:890][351]LogSavePackage: Moving '../../../../../../Users/Jonathan Oates/Desktop/Repositories/ExperimentalGame_VR/KairosVR_new/Saved/BP_GenericShipF188300A41FC7493B9F0038E8F0962B0.tmp' to '../../../../../../Users/Jonathan Oates/Desktop/Repositories/ExperimentalGame_VR/KairosVR_new/Content/Blueprints/BP_GenericShip.uasset'
[2017.12.10-19.21.34:901][351]LogSavePackage: Display: Finished SavePackage ../../../../../../Users/Jonathan Oates/Desktop/Repositories/ExperimentalGame_VR/KairosVR_new/Content/Blueprints/BP_GenericShip.uasset
[2017.12.10-19.23.35:138][129]Cmd: TRANSACTION UNDO
[2017.12.10-19.23.35:138][129]LogEditorTransaction: Undo Delete current selection
[2017.12.10-19.24.08:371][811]LogSavePackage: Save=31.92ms
[2017.12.10-19.24.08:371][811]LogSavePackage: Moving '../../../../../../Users/Jonathan Oates/Desktop/Repositories/ExperimentalGame_VR/KairosVR_new/Saved/BP_FreezeDisplayC59579E947D9C01A2F0C63AC4C00F998.tmp' to '../../../../../../Users/Jonathan Oates/Desktop/Repositories/ExperimentalGame_VR/KairosVR_new/Content/Blueprints/BP_FreezeDisplay.uasset'
[2017.12.10-19.24.08:382][811]LogSavePackage: Display: Finished SavePackage ../../../../../../Users/Jonathan Oates/Desktop/Repositories/ExperimentalGame_VR/KairosVR_new/Content/Blueprints/BP_FreezeDisplay.uasset
[2017.12.10-19.24.09:037][887]BlueprintLog: New page: Compile BP_FreezeDisplay
[2017.12.10-19.25.57:933][650]BlueprintLog: New page: Compile BP_FreezeDisplay
[2017.12.10-19.26.00:185][798]BlueprintLog: New page: Compile BP_FreezeDisplay
[2017.12.10-19.26.07:027][393]LogSavePackage: Save=238.84ms
[2017.12.10-19.26.07:027][393]LogSavePackage: Moving '../../../../../../Users/Jonathan Oates/Desktop/Repositories/ExperimentalGame_VR/KairosVR_new/Saved/MotionControllerPawn44E9E5764954ACD87F6029BCDFF0CC61.tmp' to '../../../../../../Users/Jonathan Oates/Desktop/Repositories/ExperimentalGame_VR/KairosVR_new/Content/VirtualRealityBP/Blueprints/MotionControllerPawn.uasset'
[2017.12.10-19.26.07:032][393]LogSavePackage: Display: Finished SavePackage ../../../../../../Users/Jonathan Oates/Desktop/Repositories/ExperimentalGame_VR/KairosVR_new/Content/VirtualRealityBP/Blueprints/MotionControllerPawn.uasset
[2017.12.10-19.26.09:471][578]LogSavePackage: Save=81.17ms
[2017.12.10-19.26.09:472][578]LogSavePackage: Moving '../../../../../../Users/Jonathan Oates/Desktop/Repositories/ExperimentalGame_VR/KairosVR_new/Saved/ShipInterior0FAFDB894F2C40E71D23438CD8DC6513.tmp' to '../../../../../../Users/Jonathan Oates/Desktop/Repositories/ExperimentalGame_VR/KairosVR_new/Content/Maps/ShipInterior.umap'
[2017.12.10-19.26.09:482][578]LogSavePackage: Display: Finished SavePackage ../../../../../../Users/Jonathan Oates/Desktop/Repositories/ExperimentalGame_VR/KairosVR_new/Content/Maps/ShipInterior.umap
[2017.12.10-19.26.09:525][578]LogFileHelpers: Saving map 'ShipInterior' took 0.365
[2017.12.10-19.26.09:616][578]LogSavePackage: Save=44.40ms
[2017.12.10-19.26.09:616][578]LogSavePackage: Moving '../../../../../../Users/Jonathan Oates/Desktop/Repositories/ExperimentalGame_VR/KairosVR_new/Saved/BP_FreezeDisplayC88B42D94A95B0CDE2F878800DE6F190.tmp' to '../../../../../../Users/Jonathan Oates/Desktop/Repositories/ExperimentalGame_VR/KairosVR_new/Content/Blueprints/BP_FreezeDisplay.uasset'
[2017.12.10-19.26.09:627][578]LogSavePackage: Display: Finished SavePackage ../../../../../../Users/Jonathan Oates/Desktop/Repositories/ExperimentalGame_VR/KairosVR_new/Content/Blueprints/BP_FreezeDisplay.uasset
[2017.12.10-19.26.20:353][674]BlueprintLog: New page: Compile BP_GenericShip
[2017.12.10-19.26.35:495][ 36]BlueprintLog: New page: Compile BP_GenericShip
[2017.12.10-19.27.10:064][637]BlueprintLog: New page: Compile BP_GenericShip
[2017.12.10-19.27.12:628][735]LogSavePackage: Save=80.54ms
[2017.12.10-19.27.12:628][735]LogSavePackage: Moving '../../../../../../Users/Jonathan Oates/Desktop/Repositories/ExperimentalGame_VR/KairosVR_new/Saved/ShipInteriorEF9BC89C425EE9FB31D360BE27793D3B.tmp' to '../../../../../../Users/Jonathan Oates/Desktop/Repositories/ExperimentalGame_VR/KairosVR_new/Content/Maps/ShipInterior.umap'
[2017.12.10-19.27.12:638][735]LogSavePackage: Display: Finished SavePackage ../../../../../../Users/Jonathan Oates/Desktop/Repositories/ExperimentalGame_VR/KairosVR_new/Content/Maps/ShipInterior.umap
[2017.12.10-19.27.12:670][735]LogFileHelpers: Saving map 'ShipInterior' took 0.347
[2017.12.10-19.27.13:034][735]LogSavePackage: Save=313.25ms
[2017.12.10-19.27.13:035][735]LogSavePackage: Moving '../../../../../../Users/Jonathan Oates/Desktop/Repositories/ExperimentalGame_VR/KairosVR_new/Saved/BP_GenericShip196987B64BCAF1F200B0D39D96A71B77.tmp' to '../../../../../../Users/Jonathan Oates/Desktop/Repositories/ExperimentalGame_VR/KairosVR_new/Content/Blueprints/BP_GenericShip.uasset'
[2017.12.10-19.27.13:045][735]LogSavePackage: Display: Finished SavePackage ../../../../../../Users/Jonathan Oates/Desktop/Repositories/ExperimentalGame_VR/KairosVR_new/Content/Blueprints/BP_GenericShip.uasset
[2017.12.10-19.27.51:655][427]BlueprintLog: New page: Compile BP_GenericShip
[2017.12.10-19.27.56:145][682]BlueprintLog: New page: Compile BP_GenericShip
[2017.12.10-19.28.44:374][640]BlueprintLog: New page: Compile BP_GenericShip
[2017.12.10-19.29.01:093][993]LogSlate: Warning: Prevented a slow task dialog from being summoned while a context menu was open
[2017.12.10-19.29.43:742][ 62]BlueprintLog: New page: Compile BP_ControlTable
[2017.12.10-19.29.45:942][176]LogSavePackage: Save=80.05ms
[2017.12.10-19.29.45:942][176]LogSavePackage: Moving '../../../../../../Users/Jonathan Oates/Desktop/Repositories/ExperimentalGame_VR/KairosVR_new/Saved/ShipInteriorD15B484B469332A282EA1AB17090ECAA.tmp' to '../../../../../../Users/Jonathan Oates/Desktop/Repositories/ExperimentalGame_VR/KairosVR_new/Content/Maps/ShipInterior.umap'
[2017.12.10-19.29.45:953][176]LogSavePackage: Display: Finished SavePackage ../../../../../../Users/Jonathan Oates/Desktop/Repositories/ExperimentalGame_VR/KairosVR_new/Content/Maps/ShipInterior.umap
[2017.12.10-19.29.45:994][176]LogFileHelpers: Saving map 'ShipInterior' took 0.367
[2017.12.10-19.29.46:188][176]LogSavePackage: Save=141.73ms
[2017.12.10-19.29.46:188][176]LogSavePackage: Moving '../../../../../../Users/Jonathan Oates/Desktop/Repositories/ExperimentalGame_VR/KairosVR_new/Saved/BP_ControlTableCD6C15884E9646E52490B388D2221520.tmp' to '../../../../../../Users/Jonathan Oates/Desktop/Repositories/ExperimentalGame_VR/KairosVR_new/Content/Blueprints/BP_ControlTable.uasset'
[2017.12.10-19.29.46:199][176]LogSavePackage: Display: Finished SavePackage ../../../../../../Users/Jonathan Oates/Desktop/Repositories/ExperimentalGame_VR/KairosVR_new/Content/Blueprints/BP_ControlTable.uasset
[2017.12.10-19.29.46:583][176]LogSavePackage: Save=336.84ms
[2017.12.10-19.29.46:583][176]LogSavePackage: Moving '../../../../../../Users/Jonathan Oates/Desktop/Repositories/ExperimentalGame_VR/KairosVR_new/Saved/BP_GenericShipB33FA0134AFEC3037F718FA7D62F4B4C.tmp' to '../../../../../../Users/Jonathan Oates/Desktop/Repositories/ExperimentalGame_VR/KairosVR_new/Content/Blueprints/BP_GenericShip.uasset'
[2017.12.10-19.29.46:596][176]LogSavePackage: Display: Finished SavePackage ../../../../../../Users/Jonathan Oates/Desktop/Repositories/ExperimentalGame_VR/KairosVR_new/Content/Blueprints/BP_GenericShip.uasset
[2017.12.10-19.31.11:183][ 87]LogEditorTransaction: Undo Modify Component(s)
[2017.12.10-19.31.16:923][696]LogEditorTransaction: Undo Modify Component(s)
[2017.12.10-19.31.30:972][151]LogEditorTransaction: Undo Set actor scale
[2017.12.10-19.31.31:331][172]LogEditorTransaction: Undo Set actor scale
[2017.12.10-19.31.31:640][199]LogEditorTransaction: Undo Set actor scale
[2017.12.10-19.31.31:959][234]LogEditorTransaction: Undo Rename Component Variable
[2017.12.10-19.31.32:322][275]LogEditorTransaction: Undo Attach Component
[2017.12.10-19.31.32:623][307]LogEditorTransaction: Undo Rename Component Variable
[2017.12.10-19.31.33:036][354]LogEditorTransaction: Undo Attach Component
[2017.12.10-19.33.02:269][565]LogSavePackage: Save=82.87ms
[2017.12.10-19.33.02:269][565]LogSavePackage: Moving '../../../../../../Users/Jonathan Oates/Desktop/Repositories/ExperimentalGame_VR/KairosVR_new/Saved/ShipInterior9EC8F6AF4C2A68A0FDB5B5B4EE334415.tmp' to '../../../../../../Users/Jonathan Oates/Desktop/Repositories/ExperimentalGame_VR/KairosVR_new/Content/Maps/ShipInterior.umap'
[2017.12.10-19.33.02:279][565]LogSavePackage: Display: Finished SavePackage ../../../../../../Users/Jonathan Oates/Desktop/Repositories/ExperimentalGame_VR/KairosVR_new/Content/Maps/ShipInterior.umap
[2017.12.10-19.33.02:321][565]LogFileHelpers: Saving map 'ShipInterior' took 0.371
[2017.12.10-19.33.02:444][565]LogSavePackage: Save=70.33ms
[2017.12.10-19.33.02:444][565]LogSavePackage: Moving '../../../../../../Users/Jonathan Oates/Desktop/Repositories/ExperimentalGame_VR/KairosVR_new/Saved/BP_RestartDisplay92092A7F4B6E17B0EC280D91C1F60E0D.tmp' to '../../../../../../Users/Jonathan Oates/Desktop/Repositories/ExperimentalGame_VR/KairosVR_new/Content/Blueprints/BP_RestartDisplay.uasset'
[2017.12.10-19.33.02:454][565]LogSavePackage: Display: Finished SavePackage ../../../../../../Users/Jonathan Oates/Desktop/Repositories/ExperimentalGame_VR/KairosVR_new/Content/Blueprints/BP_RestartDisplay.uasset
[2017.12.10-19.33.04:001][723]BlueprintLog: New page: Compile BP_RestartDisplay
[2017.12.10-19.34.33:088][325]BlueprintLog: New page: Compile BP_RestartDisplay
[2017.12.10-19.37.15:850][772]LogEditorTransaction: Undo Paste clipboard contents
[2017.12.10-19.37.19:630][129]LogUObjectHash: Warning: Ambiguous search, could be K2Node_IfThenElse /Game/Blueprints/BP_RestartDisplay.BP_RestartDisplay:EventGraph.K2Node_IfThenElse_0 or K2Node_IfThenElse /Game/Blueprints/BP_RestartDisplay.BP_RestartDisplay:EventGraph.K2Node_IfThenElse_0
[2017.12.10-19.37.19:631][129]LogUObjectHash: Warning: Ambiguous search, could be K2Node_VariableGet /Game/Blueprints/BP_RestartDisplay.BP_RestartDisplay:EventGraph.K2Node_VariableGet_581 or K2Node_VariableGet /Game/Blueprints/BP_RestartDisplay.BP_RestartDisplay:EventGraph.K2Node_VariableGet_581
[2017.12.10-19.37.19:631][129]LogUObjectHash: Warning: Ambiguous search, could be K2Node_VariableSet /Game/Blueprints/BP_RestartDisplay.BP_RestartDisplay:EventGraph.K2Node_VariableSet_506 or K2Node_VariableSet /Game/Blueprints/BP_RestartDisplay.BP_RestartDisplay:EventGraph.K2Node_VariableSet_506
[2017.12.10-19.37.19:631][129]LogUObjectHash: Warning: Ambiguous search, could be K2Node_VariableSet /Game/Blueprints/BP_RestartDisplay.BP_RestartDisplay:EventGraph.K2Node_VariableSet_507 or K2Node_VariableSet /Game/Blueprints/BP_RestartDisplay.BP_RestartDisplay:EventGraph.K2Node_VariableSet_507
[2017.12.10-19.37.19:631][129]LogUObjectHash: Warning: Ambiguous search, could be K2Node_VariableSet /Game/Blueprints/BP_RestartDisplay.BP_RestartDisplay:EventGraph.K2Node_VariableSet_505 or K2Node_VariableSet /Game/Blueprints/BP_RestartDisplay.BP_RestartDisplay:EventGraph.K2Node_VariableSet_505
[2017.12.10-19.37.42:105][289]BlueprintLog: New page: Compile BP_RestartDisplay
[2017.12.10-19.38.11:858][397]BlueprintLog: New page: Compile BP_RestartDisplay
[2017.12.10-19.38.54:799][637]LogEditorTransaction: Undo Move Node
[2017.12.10-19.38.55:118][647]LogEditorTransaction: Undo Move Node
[2017.12.10-19.38.55:710][693]LogEditorTransaction: Undo Create Reroute Node
[2017.12.10-19.38.56:177][736]LogEditorTransaction: Undo Move Node
[2017.12.10-19.38.56:614][776]LogEditorTransaction: Undo Create Reroute Node
[2017.12.10-19.38.57:733][898]LogEditorTransaction: Undo Move Node
[2017.12.10-19.38.59:110][ 38]LogEditorTransaction: Undo Create Reroute Node
[2017.12.10-19.39.07:969][962]BlueprintLog: New page: Compile BP_RestartDisplay
[2017.12.10-19.41.12:687][756]BlueprintLog: New page: Compile BP_RestartDisplay
[2017.12.10-19.42.20:712][527]BlueprintLog: New page: Compile BP_RestartDisplay
[2017.12.10-19.42.32:218][535]LogSavePackage: Save=85.96ms
[2017.12.10-19.42.32:218][535]LogSavePackage: Moving '../../../../../../Users/Jonathan Oates/Desktop/Repositories/ExperimentalGame_VR/KairosVR_new/Saved/ShipInteriorF74F43964F73A0052214F995FD977218.tmp' to '../../../../../../Users/Jonathan Oates/Desktop/Repositories/ExperimentalGame_VR/KairosVR_new/Content/Maps/ShipInterior.umap'
[2017.12.10-19.42.32:230][535]LogSavePackage: Display: Finished SavePackage ../../../../../../Users/Jonathan Oates/Desktop/Repositories/ExperimentalGame_VR/KairosVR_new/Content/Maps/ShipInterior.umap
[2017.12.10-19.42.32:272][535]LogFileHelpers: Saving map 'ShipInterior' took 0.382
[2017.12.10-19.42.32:487][535]LogSavePackage: Save=162.61ms
[2017.12.10-19.42.32:487][535]LogSavePackage: Moving '../../../../../../Users/Jonathan Oates/Desktop/Repositories/ExperimentalGame_VR/KairosVR_new/Saved/BP_RestartDisplayF28908464EF454B15EB913BE28AFEBC9.tmp' to '../../../../../../Users/Jonathan Oates/Desktop/Repositories/ExperimentalGame_VR/KairosVR_new/Content/Blueprints/BP_RestartDisplay.uasset'
[2017.12.10-19.42.32:497][535]LogSavePackage: Display: Finished SavePackage ../../../../../../Users/Jonathan Oates/Desktop/Repositories/ExperimentalGame_VR/KairosVR_new/Content/Blueprints/BP_RestartDisplay.uasset
[2017.12.10-19.43.08:061][ 28]LogEditorTransaction: Undo Edit Text Render Color
[2017.12.10-19.43.08:749][ 80]LogEditorTransaction: Undo Edit Text Render Color
[2017.12.10-19.43.11:226][342]LogSavePackage: Save=162.39ms
[2017.12.10-19.43.11:226][342]LogSavePackage: Moving '../../../../../../Users/Jonathan Oates/Desktop/Repositories/ExperimentalGame_VR/KairosVR_new/Saved/BP_RestartDisplayA6F6F59A42F584634FA2C780FE139D2F.tmp' to '../../../../../../Users/Jonathan Oates/Desktop/Repositories/ExperimentalGame_VR/KairosVR_new/Content/Blueprints/BP_RestartDisplay.uasset'
[2017.12.10-19.43.11:237][342]LogSavePackage: Display: Finished SavePackage ../../../../../../Users/Jonathan Oates/Desktop/Repositories/ExperimentalGame_VR/KairosVR_new/Content/Blueprints/BP_RestartDisplay.uasset
[2017.12.10-19.43.11:893][407]BlueprintLog: New page: Compile BP_RestartDisplay
[2017.12.10-19.46.56:065][749]BlueprintLog: New page: Compile BP_RestartDisplay
[2017.12.10-19.46.57:836][827]LogSavePackage: Save=84.42ms
[2017.12.10-19.46.57:836][827]LogSavePackage: Moving '../../../../../../Users/Jonathan Oates/Desktop/Repositories/ExperimentalGame_VR/KairosVR_new/Saved/ShipInterior779AEB9D4C1619499E9B48A2ECAB1272.tmp' to '../../../../../../Users/Jonathan Oates/Desktop/Repositories/ExperimentalGame_VR/KairosVR_new/Content/Maps/ShipInterior.umap'
[2017.12.10-19.46.57:851][827]LogSavePackage: Display: Finished SavePackage ../../../../../../Users/Jonathan Oates/Desktop/Repositories/ExperimentalGame_VR/KairosVR_new/Content/Maps/ShipInterior.umap
[2017.12.10-19.46.57:893][827]LogFileHelpers: Saving map 'ShipInterior' took 0.367
[2017.12.10-19.46.58:134][827]LogSavePackage: Save=184.77ms
[2017.12.10-19.46.58:134][827]LogSavePackage: Moving '../../../../../../Users/Jonathan Oates/Desktop/Repositories/ExperimentalGame_VR/KairosVR_new/Saved/BP_RestartDisplay617EDB6A47A2481F5ADDA5B349C810A3.tmp' to '../../../../../../Users/Jonathan Oates/Desktop/Repositories/ExperimentalGame_VR/KairosVR_new/Content/Blueprints/BP_RestartDisplay.uasset'
[2017.12.10-19.46.58:144][827]LogSavePackage: Display: Finished SavePackage ../../../../../../Users/Jonathan Oates/Desktop/Repositories/ExperimentalGame_VR/KairosVR_new/Content/Blueprints/BP_RestartDisplay.uasset
[2017.12.10-19.48.25:694][315]LogActorComponent: UnregisterComponent: (/Engine/Transient.EditorFloorComp) Not registered. Aborting.
[2017.12.10-19.48.25:763][315]LogActorComponent: UnregisterComponent: (/Engine/Transient.EditorFloorComp) Not registered. Aborting.
[2017.12.10-19.48.25:855][315]LogActorComponent: UnregisterComponent: (/Engine/Transient.EditorFloorComp) Not registered. Aborting.
[2017.12.10-19.48.25:936][315]LogActorComponent: UnregisterComponent: (/Engine/Transient.EditorFloorComp) Not registered. Aborting.
[2017.12.10-19.48.26:036][315]LogActorComponent: UnregisterComponent: (/Engine/Transient.EditorFloorComp) Not registered. Aborting.
[2017.12.10-19.48.26:111][315]LogActorComponent: UnregisterComponent: (/Engine/Transient.EditorFloorComp) Not registered. Aborting.
[2017.12.10-19.48.26:176][315]LogActorComponent: UnregisterComponent: (/Engine/Transient.EditorFloorComp) Not registered. Aborting.
[2017.12.10-19.48.26:269][315]LogActorComponent: UnregisterComponent: (/Engine/Transient.EditorFloorComp) Not registered. Aborting.
[2017.12.10-19.48.26:550][316]Cmd: QUIT_EDITOR
[2017.12.10-19.48.26:575][316]LogWindowsTextInputMethodSystem: Display: IME system now deactivated.
[2017.12.10-19.48.26:591][316]LogExit: Preparing to exit.
[2017.12.10-19.48.27:002][316]LogDirectoryWatcher: A directory notification for 'C:/Users/Jonathan Oates/Desktop/Repositories/ExperimentalGame_VR/KairosVR_new/Content/' was aborted.
[2017.12.10-19.48.27:055][316]LogExit: Editor shut down
[2017.12.10-19.48.27:063][316]LogExit: Transaction tracking system shut down
[2017.12.10-19.48.27:247][316]LogDirectoryWatcher: A directory notification for '../../../Engine/Content/' was aborted.
[2017.12.10-19.48.27:247][316]LogDirectoryWatcher: A directory notification for '../../../../../../Users/Jonathan Oates/Desktop/Repositories/ExperimentalGame_VR/KairosVR_new/Content/' was aborted.
[2017.12.10-19.48.27:247][316]LogDirectoryWatcher: A directory notification for '../../../Engine/Plugins/2D/Paper2D/Content/' was aborted.
[2017.12.10-19.48.27:248][316]LogDirectoryWatcher: A directory notification for '../../../Engine/Plugins/Runtime/Oculus/OculusVR/Content/' was aborted.
[2017.12.10-19.48.27:248][316]LogDirectoryWatcher: A directory notification for '../../../Engine/Plugins/Runtime/Steam/SteamVR/Content/' was aborted.
[2017.12.10-19.48.27:361][316]LogExit: Object subsystem successfully closed.
[2017.12.10-19.48.27:383][316]LogD3D11RHI: Shutdown
[2017.12.10-19.48.27:383][316]LogD3D11RHI: CleanupD3DDevice
[2017.12.10-19.48.27:567][316]LogD3D11RHI: ~FD3D11DynamicRHI
[2017.12.10-19.48.27:606][316]LogModuleManager: Shutting down and abandoning module HierarchicalLODUtilities (536)
[2017.12.10-19.48.27:606][316]LogModuleManager: Shutting down and abandoning module BlueprintGraph (534)
[2017.12.10-19.48.27:606][316]LogModuleManager: Shutting down and abandoning module BlueprintProfiler (532)
[2017.12.10-19.48.27:606][316]LogModuleManager: Shutting down and abandoning module HierarchicalLODOutliner (530)
[2017.12.10-19.48.27:606][316]LogModuleManager: Shutting down and abandoning module SceneOutliner (528)
[2017.12.10-19.48.27:606][316]LogModuleManager: Shutting down and abandoning module AddContentDialog (526)
[2017.12.10-19.48.27:606][316]LogDirectoryWatcher: A directory notification for 'C:/Program Files/Epic Games/UE_4.17/FeaturePacks/' was aborted.
[2017.12.10-19.48.27:607][316]LogModuleManager: Shutting down and abandoning module WidgetCarousel (525)
[2017.12.10-19.48.27:608][316]LogModuleManager: Shutting down and abandoning module EditorWidgets (522)
[2017.12.10-19.48.27:608][316]LogModuleManager: Shutting down and abandoning module CollectionManager (520)
[2017.12.10-19.48.27:608][316]LogDirectoryWatcher: A directory notification for 'C:/Users/Jonathan Oates/Desktop/Repositories/ExperimentalGame_VR/KairosVR_new/Content/Collections/' was aborted.
[2017.12.10-19.48.27:608][316]LogDirectoryWatcher: A directory notification for 'C:/Users/Jonathan Oates/Desktop/Repositories/ExperimentalGame_VR/KairosVR_new/Content/Developers/JonathanOates/Collections/' was aborted.
[2017.12.10-19.48.27:608][316]LogDirectoryWatcher: A directory notification for 'C:/Users/Jonathan Oates/Desktop/Repositories/ExperimentalGame_VR/KairosVR_new/Saved/Collections/' was aborted.
[2017.12.10-19.48.27:608][316]LogModuleManager: Shutting down and abandoning module StatsViewer (518)
[2017.12.10-19.48.27:608][316]LogModuleManager: Shutting down and abandoning module FoliageEdit (516)
[2017.12.10-19.48.27:608][316]LogModuleManager: Shutting down and abandoning module LandscapeEditor (514)
[2017.12.10-19.48.27:608][316]LogModuleManager: Shutting down and abandoning module MeshPaintMode (512)
[2017.12.10-19.48.27:608][316]LogModuleManager: Shutting down and abandoning module SceneDepthPickerMode (510)
[2017.12.10-19.48.27:608][316]LogModuleManager: Shutting down and abandoning module ActorPickerMode (508)
[2017.12.10-19.48.27:608][316]LogModuleManager: Shutting down and abandoning module GeometryMode (506)
[2017.12.10-19.48.27:608][316]LogModuleManager: Shutting down and abandoning module TextureAlignMode (504)
[2017.12.10-19.48.27:608][316]LogModuleManager: Shutting down and abandoning module BspMode (502)
[2017.12.10-19.48.27:608][316]LogModuleManager: Shutting down and abandoning module PIEPreviewDeviceProfileSelector (500)
[2017.12.10-19.48.27:608][316]LogModuleManager: Shutting down and abandoning module HardwareSurvey (498)
[2017.12.10-19.48.27:608][316]LogModuleManager: Shutting down and abandoning module SequenceRecorderSections (496)
[2017.12.10-19.48.27:608][316]LogModuleManager: Shutting down and abandoning module AutomationWorker (494)
[2017.12.10-19.48.27:608][316]LogModuleManager: Shutting down and abandoning module MatineeToLevelSequence (492)
[2017.12.10-19.48.27:608][316]LogModuleManager: Shutting down and abandoning module LevelSequenceEditor (490)
[2017.12.10-19.48.27:609][316]LogModuleManager: Shutting down and abandoning module PlacementMode (489)
[2017.12.10-19.48.27:609][316]LogModuleManager: Shutting down and abandoning module WmfMediaFactory (486)
[2017.12.10-19.48.27:609][316]LogModuleManager: Shutting down and abandoning module WmfMediaEditor (484)
[2017.12.10-19.48.27:609][316]LogModuleManager: Shutting down and abandoning module AvfMediaFactory (482)
[2017.12.10-19.48.27:609][316]LogModuleManager: Shutting down and abandoning module AvfMediaEditor (480)
[2017.12.10-19.48.27:609][316]LogModuleManager: Shutting down and abandoning module AndroidMediaFactory (478)
[2017.12.10-19.48.27:609][316]LogModuleManager: Shutting down and abandoning module Media (477)
[2017.12.10-19.48.27:609][316]LogModuleManager: Shutting down and abandoning module AndroidMediaEditor (474)
[2017.12.10-19.48.27:609][316]LogModuleManager: Shutting down and abandoning module CharacterAI (472)
[2017.12.10-19.48.27:609][316]LogModuleManager: Shutting down and abandoning module AudioCapture (470)
[2017.12.10-19.48.27:609][316]LogModuleManager: Shutting down and abandoning module SequenceRecorder (469)
[2017.12.10-19.48.27:609][316]LogModuleManager: Shutting down and abandoning module SmartSnapping (466)
[2017.12.10-19.48.27:609][316]LogModuleManager: Shutting down and abandoning module SessionServices (464)
[2017.12.10-19.48.27:609][316]LogModuleManager: Shutting down and abandoning module ViewportSnapping (462)
[2017.12.10-19.48.27:609][316]LogModuleManager: Shutting down and abandoning module ViewportInteraction (460)
[2017.12.10-19.48.27:609][316]LogModuleManager: Shutting down and abandoning module ClothPainter (458)
[2017.12.10-19.48.27:609][316]LogModuleManager: Shutting down and abandoning module LogVisualizer (456)
[2017.12.10-19.48.27:609][316]LogModuleManager: Shutting down and abandoning module IntroTutorials (454)
[2017.12.10-19.48.27:609][316]LogModuleManager: Shutting down and abandoning module GameProjectGeneration (453)
[2017.12.10-19.48.27:609][316]LogModuleManager: Shutting down and abandoning module IOSPlatformEditor (450)
[2017.12.10-19.48.27:609][316]LogModuleManager: Shutting down and abandoning module HTML5PlatformEditor (448)
[2017.12.10-19.48.27:609][316]LogModuleManager: Shutting down and abandoning module AndroidPlatformEditor (446)
[2017.12.10-19.48.27:609][316]LogModuleManager: Shutting down and abandoning module AndroidDeviceDetection (445)
[2017.12.10-19.48.27:778][316]LogModuleManager: Shutting down and abandoning module WindowsPlatformEditor (442)
[2017.12.10-19.48.27:778][316]LogModuleManager: Shutting down and abandoning module IOSRuntimeSettings (440)
[2017.12.10-19.48.27:778][316]LogModuleManager: Shutting down and abandoning module AndroidRuntimeSettings (438)
[2017.12.10-19.48.27:778][316]LogModuleManager: Shutting down and abandoning module InputBindingEditor (436)
[2017.12.10-19.48.27:778][316]LogModuleManager: Shutting down and abandoning module MergeActors (434)
[2017.12.10-19.48.27:778][316]LogModuleManager: Shutting down and abandoning module SizeMap (432)
[2017.12.10-19.48.27:778][316]LogModuleManager: Shutting down and abandoning module TreeMap (430)
[2017.12.10-19.48.27:778][316]LogModuleManager: Shutting down and abandoning module ReferenceViewer (428)
[2017.12.10-19.48.27:778][316]LogModuleManager: Shutting down and abandoning module LocalizationDashboard (426)
[2017.12.10-19.48.27:778][316]LogModuleManager: Shutting down and abandoning module LocalizationService (425)
[2017.12.10-19.48.27:778][316]LogModuleManager: Shutting down and abandoning module HardwareTargeting (422)
[2017.12.10-19.48.27:778][316]LogModuleManager: Shutting down and abandoning module DeviceProfileEditor (420)
[2017.12.10-19.48.27:778][316]LogModuleManager: Shutting down and abandoning module UndoHistory (418)
[2017.12.10-19.48.27:778][316]LogModuleManager: Shutting down and abandoning module XmlParser (416)
[2017.12.10-19.48.27:778][316]LogModuleManager: Shutting down and abandoning module Blutility (414)
[2017.12.10-19.48.27:778][316]LogModuleManager: Shutting down and abandoning module ProjectSettingsViewer (412)
[2017.12.10-19.48.27:778][316]LogModuleManager: Shutting down and abandoning module ProjectTargetPlatformEditor (411)
[2017.12.10-19.48.27:778][316]LogModuleManager: Shutting down and abandoning module EditorSettingsViewer (408)
[2017.12.10-19.48.27:778][316]LogModuleManager: Shutting down and abandoning module SettingsEditor (406)
[2017.12.10-19.48.27:778][316]LogModuleManager: Shutting down and abandoning module ProjectLauncher (404)
[2017.12.10-19.48.27:778][316]LogModuleManager: Shutting down and abandoning module SessionFrontend (402)
[2017.12.10-19.48.27:778][316]LogModuleManager: Shutting down and abandoning module ProfilerClient (400)
[2017.12.10-19.48.27:778][316]LogModuleManager: Shutting down and abandoning module DeviceManager (398)
[2017.12.10-19.48.27:779][316]LogModuleManager: Shutting down and abandoning module TargetDeviceServices (397)
[2017.12.10-19.48.27:833][316]LogModuleManager: Shutting down and abandoning module AutomationController (394)
[2017.12.10-19.48.27:833][316]LogModuleManager: Shutting down and abandoning module AutomationWindow (392)
[2017.12.10-19.48.27:833][316]LogModuleManager: Shutting down and abandoning module Layers (390)
[2017.12.10-19.48.27:833][316]LogModuleManager: Shutting down and abandoning module ComponentVisualizers (388)
[2017.12.10-19.48.27:833][316]LogModuleManager: Shutting down and abandoning module DetailCustomizations (386)
[2017.12.10-19.48.27:833][316]LogModuleManager: Shutting down and abandoning module PackagesDialog (384)
[2017.12.10-19.48.27:833][316]LogModuleManager: Shutting down and abandoning module Persona (382)
[2017.12.10-19.48.27:833][316]LogModuleManager: Shutting down and abandoning module AdvancedPreviewScene (381)
[2017.12.10-19.48.27:833][316]LogModuleManager: Shutting down and abandoning module AnimGraph (379)
[2017.12.10-19.48.27:833][316]LogModuleManager: Shutting down and abandoning module Kismet (376)
[2017.12.10-19.48.27:847][316]LogModuleManager: Shutting down and abandoning module ClassViewer (374)
[2017.12.10-19.48.27:849][316]LogModuleManager: Shutting down and abandoning module Toolbox (372)
[2017.12.10-19.48.27:849][316]LogModuleManager: Shutting down and abandoning module ModuleUI (370)
[2017.12.10-19.48.27:849][316]LogModuleManager: Shutting down and abandoning module MovieSceneTools (368)
[2017.12.10-19.48.27:849][316]LogModuleManager: Shutting down and abandoning module OutputLog (366)
[2017.12.10-19.48.27:849][316]LogModuleManager: Shutting down and abandoning module GammaUI (364)
[2017.12.10-19.48.27:849][316]LogModuleManager: Shutting down and abandoning module Documentation (362)
[2017.12.10-19.48.27:849][316]LogModuleManager: Shutting down and abandoning module MovieSceneTracks (360)
[2017.12.10-19.48.27:849][316]LogModuleManager: Shutting down and abandoning module MovieScene (358)
[2017.12.10-19.48.27:849][316]LogModuleManager: Shutting down and abandoning module Niagara (356)
[2017.12.10-19.48.27:849][316]LogModuleManager: Shutting down and abandoning module NiagaraEditor (355)
[2017.12.10-19.48.27:850][316]LogModuleManager: Shutting down and abandoning module StreamingPauseRendering (352)
[2017.12.10-19.48.27:850][316]LogModuleManager: Shutting down and abandoning module LauncherPlatform (350)
[2017.12.10-19.48.27:850][316]LogModuleManager: Shutting down and abandoning module AnalyticsET (348)
[2017.12.10-19.48.27:850][316]LogModuleManager: Shutting down and abandoning module PortalServices (346)
[2017.12.10-19.48.27:850][316]LogModuleManager: Shutting down and abandoning module PortalRpc (344)
[2017.12.10-19.48.27:850][316]LogModuleManager: Shutting down and abandoning module MessagingRpc (342)
[2017.12.10-19.48.27:850][316]LogModuleManager: Shutting down and abandoning module AIModule (340)
[2017.12.10-19.48.27:850][316]LogModuleManager: Shutting down and abandoning module GameplayDebugger (339)
[2017.12.10-19.48.27:850][316]LogModuleManager: Shutting down and abandoning module AITestSuite (337)
[2017.12.10-19.48.27:850][316]LogModuleManager: Shutting down and abandoning module ProfilerService (334)
[2017.12.10-19.48.28:002][316]LogModuleManager: Shutting down and abandoning module TaskGraph (332)
[2017.12.10-19.48.28:002][316]LogModuleManager: Shutting down and abandoning module SteamVRController (330)
[2017.12.10-19.48.28:002][316]LogModuleManager: Shutting down and abandoning module ProceduralMeshComponentEditor (328)
[2017.12.10-19.48.28:003][316]LogModuleManager: Shutting down and abandoning module ProceduralMeshComponent (326)
[2017.12.10-19.48.28:003][316]LogModuleManager: Shutting down and abandoning module OculusInput (324)
[2017.12.10-19.48.28:003][316]LogModuleManager: Shutting down and abandoning module MobilePatchingUtils (322)
[2017.12.10-19.48.28:003][316]LogModuleManager: Shutting down and abandoning module CustomMeshComponent (320)
[2017.12.10-19.48.28:003][316]LogModuleManager: Shutting down and abandoning module CableComponent (318)
[2017.12.10-19.48.28:003][316]LogModuleManager: Shutting down and abandoning module ArchVisCharacter (316)
[2017.12.10-19.48.28:003][316]LogModuleManager: Shutting down and abandoning module AndroidPermission (314)
[2017.12.10-19.48.28:003][316]LogModuleManager: Shutting down and abandoning module MediaPlayerEditor (310)
[2017.12.10-19.48.28:003][316]LogModuleManager: Shutting down and abandoning module HTML5Networking (308)
[2017.12.10-19.48.28:003][316]LogModuleManager: Shutting down and abandoning module AlembicImporter (306)
[2017.12.10-19.48.28:003][316]LogModuleManager: Shutting down and abandoning module AlembicLibrary (305)
[2017.12.10-19.48.28:003][316]LogModuleManager: Shutting down and abandoning module GeometryCache (304)
[2017.12.10-19.48.28:003][316]LogModuleManager: Shutting down and abandoning module GeometryCacheEd (303)
[2017.12.10-19.48.28:003][316]LogModuleManager: Shutting down and abandoning module SpeedTreeImporter (298)
[2017.12.10-19.48.28:003][316]LogModuleManager: Shutting down and abandoning module PluginBrowser (296)
[2017.12.10-19.48.28:003][316]LogModuleManager: Shutting down and abandoning module MobileLauncherProfileWizard (294)
[2017.12.10-19.48.28:003][316]LogModuleManager: Shutting down and abandoning module VisualStudioSourceCodeAccess (292)
[2017.12.10-19.48.28:003][316]LogModuleManager: Shutting down and abandoning module DesktopPlatform (291)
[2017.12.10-19.48.28:003][316]LogModuleManager: Shutting down and abandoning module UObjectPlugin (288)
[2017.12.10-19.48.28:003][316]LogModuleManager: Shutting down and abandoning module SubversionSourceControl (286)
[2017.12.10-19.48.28:003][316]LogModuleManager: Shutting down and abandoning module PerforceSourceControl (284)
[2017.12.10-19.48.28:003][316]LogModuleManager: Shutting down and abandoning module GitSourceControl (282)
[2017.12.10-19.48.28:003][316]LogModuleManager: Shutting down and abandoning module SourceControl (281)
[2017.12.10-19.48.28:004][316]LogModuleManager: Shutting down and abandoning module LightPropagationVolumeEditor (278)
[2017.12.10-19.48.28:004][316]LogModuleManager: Shutting down and abandoning module PaperTiledImporter (276)
[2017.12.10-19.48.28:004][316]LogModuleManager: Shutting down and abandoning module PaperSpriteSheetImporter (274)
[2017.12.10-19.48.28:004][316]LogModuleManager: Shutting down and abandoning module Paper2DEditor (272)
[2017.12.10-19.48.28:004][316]LogModuleManager: Shutting down and abandoning module MeshPaint (271)
[2017.12.10-19.48.28:004][316]LogModuleManager: Shutting down and abandoning module LevelEditor (269)
[2017.12.10-19.48.28:004][316]LogModuleManager: Shutting down and abandoning module PixelInspectorModule (268)
[2017.12.10-19.48.28:004][316]LogModuleManager: Shutting down and abandoning module MainFrame (266)
[2017.12.10-19.48.28:004][316]LogModuleManager: Shutting down and abandoning module HotReload (265)
[2017.12.10-19.48.28:005][316]LogModuleManager: Shutting down and abandoning module RuntimePhysXCooking (260)
[2017.12.10-19.48.28:005][316]LogModuleManager: Shutting down and abandoning module PhysXVehiclesEditor (258)
[2017.12.10-19.48.28:005][316]LogModuleManager: Shutting down and abandoning module PhysXVehicles (256)
[2017.12.10-19.48.28:005][316]LogModuleManager: Shutting down and abandoning module OculusEditor (254)
[2017.12.10-19.48.28:005][316]LogModuleManager: Shutting down and abandoning module LocationServicesBPLibrary (252)
[2017.12.10-19.48.28:005][316]LogModuleManager: Shutting down and abandoning module ImmediatePhysicsEditor (250)
[2017.12.10-19.48.28:005][316]LogModuleManager: Shutting down and abandoning module ImmediatePhysics (248)
[2017.12.10-19.48.28:005][316]LogModuleManager: Shutting down and abandoning module UdpMessaging (246)
[2017.12.10-19.48.28:106][316]LogModuleManager: Shutting down and abandoning module TcpMessaging (244)
[2017.12.10-19.48.28:207][316]LogModuleManager: Shutting down and abandoning module GameplayTagsEditor (242)
[2017.12.10-19.48.28:207][316]LogModuleManager: Shutting down and abandoning module FacialAnimationEditor (240)
[2017.12.10-19.48.28:207][316]LogModuleManager: Shutting down and abandoning module FacialAnimation (238)
[2017.12.10-19.48.28:207][316]LogModuleManager: Shutting down and abandoning module AssetManagerEditor (236)
[2017.12.10-19.48.28:207][316]LogModuleManager: Shutting down and abandoning module GraphEditor (235)
[2017.12.10-19.48.28:207][316]LogModuleManager: Shutting down and abandoning module ContentBrowser (233)
[2017.12.10-19.48.28:208][316]LogModuleManager: Shutting down and abandoning module LightPropagationVolumeRuntime (230)
[2017.12.10-19.48.28:208][316]LogModuleManager: Shutting down and abandoning module Paper2D (228)
[2017.12.10-19.48.28:208][316]LogModuleManager: Shutting down and abandoning module WindowsMoviePlayer (226)
[2017.12.10-19.48.28:208][316]LogModuleManager: Shutting down and abandoning module WmfMedia (224)
[2017.12.10-19.48.28:209][316]LogModuleManager: Shutting down and abandoning module PacketHandler (222)
[2017.12.10-19.48.28:209][316]LogModuleManager: Shutting down and abandoning module ClothingSystemEditor (220)
[2017.12.10-19.48.28:209][316]LogModuleManager: Shutting down and abandoning module ClothingSystemRuntime (218)
[2017.12.10-19.48.28:209][316]LogModuleManager: Shutting down and abandoning module Overlay (216)
[2017.12.10-19.48.28:209][316]LogModuleManager: Shutting down and abandoning module OverlayEditor (215)
[2017.12.10-19.48.28:209][316]LogModuleManager: Shutting down and abandoning module MediaAssets (212)
[2017.12.10-19.48.28:209][316]LogModuleManager: Shutting down and abandoning module VREditor (210)
[2017.12.10-19.48.28:209][316]LogModuleManager: Shutting down and abandoning module StringTableEditor (208)
[2017.12.10-19.48.28:209][316]LogModuleManager: Shutting down and abandoning module GameplayTasksEditor (206)
[2017.12.10-19.48.28:209][316]LogModuleManager: Shutting down and abandoning module BehaviorTreeEditor (204)
[2017.12.10-19.48.28:209][316]LogModuleManager: Shutting down and abandoning module FunctionalTesting (202)
[2017.12.10-19.48.28:209][316]LogModuleManager: Shutting down and abandoning module CollisionAnalyzer (200)
[2017.12.10-19.48.28:209][316]LogModuleManager: Shutting down and abandoning module WorkspaceMenuStructure (199)
[2017.12.10-19.48.28:209][316]LogModuleManager: Shutting down and abandoning module UMG (196)
[2017.12.10-19.48.28:209][316]LogModuleManager: Shutting down and abandoning module UMGEditor (195)
[2017.12.10-19.48.28:209][316]LogModuleManager: Shutting down and abandoning module Sequencer (194)
[2017.12.10-19.48.28:210][316]LogModuleManager: Shutting down and abandoning module MessageLog (191)
[2017.12.10-19.48.28:210][316]LogModuleManager: Shutting down and abandoning module SlateReflector (186)
[2017.12.10-19.48.28:210][316]LogModuleManager: Shutting down and abandoning module Slate (184)
[2017.12.10-19.48.28:210][316]LogModuleManager: Shutting down and abandoning module EditorStyle (182)
[2017.12.10-19.48.28:213][316]LogModuleManager: Shutting down and abandoning module MRMesh (180)
[2017.12.10-19.48.28:213][316]LogModuleManager: Shutting down and abandoning module SourceCodeAccess (178)
[2017.12.10-19.48.28:213][316]LogModuleManager: Shutting down and abandoning module HeadMountedDisplay (176)
[2017.12.10-19.48.28:213][316]LogModuleManager: Shutting down and abandoning module XAudio2 (174)
[2017.12.10-19.48.28:213][316]LogModuleManager: Shutting down and abandoning module Networking (172)
[2017.12.10-19.48.28:213][316]LogModuleManager: Shutting down and abandoning module Core (168)
[2017.12.10-19.48.28:213][316]LogModuleManager: Shutting down and abandoning module KismetCompiler (164)
[2017.12.10-19.48.28:213][316]LogModuleManager: Shutting down and abandoning module LevelSequence (162)
[2017.12.10-19.48.28:213][316]LogModuleManager: Shutting down and abandoning module MeshUtilities (160)
[2017.12.10-19.48.28:213][316]LogModuleManager: Shutting down and abandoning module MeshMergeUtilities (159)
[2017.12.10-19.48.28:214][316]LogModuleManager: Shutting down and abandoning module MeshReductionInterface (158)
[2017.12.10-19.48.28:214][316]LogModuleManager: Shutting down and abandoning module SimplygonSwarm (157)
[2017.12.10-19.48.28:214][316]LogModuleManager: Shutting down and abandoning module SimplygonMeshReduction (155)
[2017.12.10-19.48.28:214][316]LogModuleManager: Shutting down and abandoning module QuadricMeshReduction (153)
[2017.12.10-19.48.28:214][316]LogModuleManager: Shutting down and abandoning module MaterialBaking (149)
[2017.12.10-19.48.28:214][316]LogModuleManager: Shutting down and abandoning module DirectoryWatcher (146)
[2017.12.10-19.48.28:215][316]LogModuleManager: Shutting down and abandoning module DerivedDataCache (144)
[2017.12.10-19.48.28:315][316]LogDerivedDataCache: Shutdown
[2017.12.10-19.48.28:315][316]LogModuleManager: Shutting down and abandoning module TargetPlatform (142)
[2017.12.10-19.48.28:315][316]LogModuleManager: Shutting down and abandoning module VulkanShaderFormat (141)
[2017.12.10-19.48.28:315][316]LogModuleManager: Shutting down and abandoning module ShaderFormatVectorVM (139)
[2017.12.10-19.48.28:315][316]LogModuleManager: Shutting down and abandoning module ShaderFormatOpenGL (137)
[2017.12.10-19.48.28:315][316]LogModuleManager: Shutting down and abandoning module ShaderFormatD3D (135)
[2017.12.10-19.48.28:315][316]LogModuleManager: Shutting down and abandoning module MetalShaderFormat (133)
[2017.12.10-19.48.28:315][316]LogModuleManager: Shutting down and abandoning module TextureFormatUncompressed (131)
[2017.12.10-19.48.28:315][316]LogModuleManager: Shutting down and abandoning module TextureFormatPVR (129)
[2017.12.10-19.48.28:315][316]LogModuleManager: Shutting down and abandoning module TextureFormatDXT (127)
[2017.12.10-19.48.28:315][316]LogModuleManager: Shutting down and abandoning module TextureFormatIntelISPCTexComp (125)
[2017.12.10-19.48.28:315][316]LogModuleManager: Shutting down and abandoning module TextureFormatASTC (123)
[2017.12.10-19.48.28:315][316]LogModuleManager: Shutting down and abandoning module ImageWrapper (122)
[2017.12.10-19.48.28:315][316]LogModuleManager: Shutting down and abandoning module TextureFormatAndroid (119)
[2017.12.10-19.48.28:315][316]LogModuleManager: Shutting down and abandoning module AudioFormatOpus (117)
[2017.12.10-19.48.28:315][316]LogModuleManager: Shutting down and abandoning module AudioFormatOgg (115)
[2017.12.10-19.48.28:315][316]LogModuleManager: Shutting down and abandoning module AudioFormatADPCM (113)
[2017.12.10-19.48.28:315][316]LogModuleManager: Shutting down and abandoning module LinuxTargetPlatform (111)
[2017.12.10-19.48.28:315][316]LogModuleManager: Shutting down and abandoning module LinuxServerTargetPlatform (109)
[2017.12.10-19.48.28:315][316]LogModuleManager: Shutting down and abandoning module LinuxNoEditorTargetPlatform (107)
[2017.12.10-19.48.28:315][316]LogModuleManager: Shutting down and abandoning module LinuxClientTargetPlatform (105)
[2017.12.10-19.48.28:315][316]LogModuleManager: Shutting down and abandoning module TVOSTargetPlatform (103)
[2017.12.10-19.48.28:315][316]LogModuleManager: Shutting down and abandoning module Messaging (101)
[2017.12.10-19.48.28:315][316]LogModuleManager: Shutting down and abandoning module IOSTargetPlatform (99)
[2017.12.10-19.48.28:315][316]LogModuleManager: Shutting down and abandoning module HTML5TargetPlatform (97)
[2017.12.10-19.48.28:315][316]LogModuleManager: Shutting down and abandoning module Android_PVRTCTargetPlatform (95)
[2017.12.10-19.48.28:315][316]LogModuleManager: Shutting down and abandoning module Android_MultiTargetPlatform (93)
[2017.12.10-19.48.28:315][316]LogModuleManager: Shutting down and abandoning module Android_ETC2TargetPlatform (91)
[2017.12.10-19.48.28:315][316]LogModuleManager: Shutting down and abandoning module Android_ETC1TargetPlatform (89)
[2017.12.10-19.48.28:315][316]LogModuleManager: Shutting down and abandoning module Android_DXTTargetPlatform (87)
[2017.12.10-19.48.28:315][316]LogModuleManager: Shutting down and abandoning module Android_ATCTargetPlatform (85)
[2017.12.10-19.48.28:315][316]LogModuleManager: Shutting down and abandoning module Android_ASTCTargetPlatform (83)
[2017.12.10-19.48.28:315][316]LogModuleManager: Shutting down and abandoning module AndroidTargetPlatform (81)
[2017.12.10-19.48.28:315][316]LogModuleManager: Shutting down and abandoning module WindowsTargetPlatform (79)
[2017.12.10-19.48.28:315][316]LogModuleManager: Shutting down and abandoning module WindowsServerTargetPlatform (77)
[2017.12.10-19.48.28:315][316]LogModuleManager: Shutting down and abandoning module WindowsNoEditorTargetPlatform (75)
[2017.12.10-19.48.28:315][316]LogModuleManager: Shutting down and abandoning module WindowsClientTargetPlatform (73)
[2017.12.10-19.48.28:315][316]LogModuleManager: Shutting down and abandoning module MacTargetPlatform (71)
[2017.12.10-19.48.28:315][316]LogModuleManager: Shutting down and abandoning module MacServerTargetPlatform (69)
[2017.12.10-19.48.28:315][316]LogModuleManager: Shutting down and abandoning module MacNoEditorTargetPlatform (67)
[2017.12.10-19.48.28:316][316]LogModuleManager: Shutting down and abandoning module MacClientTargetPlatform (65)
[2017.12.10-19.48.28:316][316]LogModuleManager: Shutting down and abandoning module AllDesktopTargetPlatform (63)
[2017.12.10-19.48.28:316][316]LogModuleManager: Shutting down and abandoning module InputCore (60)
[2017.12.10-19.48.28:316][316]LogModuleManager: Shutting down and abandoning module Settings (58)
[2017.12.10-19.48.28:316][316]LogModuleManager: Shutting down and abandoning module PhysXCooking (56)
[2017.12.10-19.48.28:316][316]LogModuleManager: Shutting down and abandoning module SteamVR (54)
[2017.12.10-19.48.28:316][316]LogModuleManager: Shutting down and abandoning module OculusHMD (52)
[2017.12.10-19.48.28:316][316]LogModuleManager: Shutting down and abandoning module ExampleDeviceProfileSelector (50)
[2017.12.10-19.48.28:316][316]LogModuleManager: Shutting down and abandoning module OnlineBlueprintSupport (48)
[2017.12.10-19.48.28:316][316]LogModuleManager: Shutting down and abandoning module OnlineSubsystem (44)
[2017.12.10-19.48.28:316][316]LogOnline: Display: Unloading online subsystem: NULL
[2017.12.10-19.48.28:316][316]LogModuleManager: Shutting down and abandoning module XMPP (43)
[2017.12.10-19.48.28:316][316]LogModuleManager: Shutting down and abandoning module HTTP (41)
[2017.12.10-19.48.28:316][316]LogHttp: Display: Http module shutting down, but needs to wait on 2 outstanding Http requests:
[2017.12.10-19.48.28:316][316]LogHttp: Display: 	verb=[POST] url=[https://datarouter.ol.epicgames.com/datarouter/api/v1/public/data?SessionID=%7BC5E7447F-46D7-D7E8-C291-22B3AA147EB8%7D&AppID=UEEditor.Rocket.Release&AppVersion=4.17.2-3658906%2B%2B%2BUE4%2BRelease-4.17&UserID=0c00cb594444ce5292f97aadf3b4bd87%7C9975c818dc15487da82246fda931f30b%7C03c2f105-f08a-4122-bd94-ebf12ae9fd8f&AppEnvironment=datacollector-binary&UploadType=eteventstream] status=Processing
[2017.12.10-19.48.28:316][316]LogHttp: Display: 	verb=[POST] url=[https://datarouter.ol.epicgames.com/datarouter/api/v1/public/data?SessionID=%7BC5E7447F-46D7-D7E8-C291-22B3AA147EB8%7D&AppID=UEEditor.Rocket.Release&AppVersion=4.17.2-3658906%2B%2B%2BUE4%2BRelease-4.17&UserID=0c00cb594444ce5292f97aadf3b4bd87%7C9975c818dc15487da82246fda931f30b%7C03c2f105-f08a-4122-bd94-ebf12ae9fd8f&AppEnvironment=datacollector-binary&UploadType=eteventstream] status=Processing
[2017.12.10-19.48.28:336][316]LogModuleManager: Shutting down and abandoning module SSL (40)
[2017.12.10-19.48.28:337][316]LogModuleManager: Shutting down and abandoning module AnimationModifiers (36)
[2017.12.10-19.48.28:337][316]LogModuleManager: Shutting down and abandoning module PropertyEditor (35)
[2017.12.10-19.48.28:337][316]LogModuleManager: Shutting down and abandoning module AudioEditor (32)
[2017.12.10-19.48.28:337][316]LogModuleManager: Shutting down and abandoning module TextureCompressor (30)
[2017.12.10-19.48.28:338][316]LogModuleManager: Shutting down and abandoning module ShaderCore (28)
[2017.12.10-19.48.28:338][316]LogModuleManager: Shutting down and abandoning module Landscape (26)
[2017.12.10-19.48.28:338][316]LogModuleManager: Shutting down and abandoning module SlateRHIRenderer (24)
[2017.12.10-19.48.28:341][316]LogModuleManager: Shutting down and abandoning module OpenGLDrv (22)
[2017.12.10-19.48.28:341][316]LogModuleManager: Shutting down and abandoning module D3D11RHI (20)
[2017.12.10-19.48.28:341][316]LogModuleManager: Shutting down and abandoning module AnimGraphRuntime (18)
[2017.12.10-19.48.28:341][316]LogModuleManager: Shutting down and abandoning module Renderer (16)
[2017.12.10-19.48.28:341][316]LogModuleManager: Shutting down and abandoning module Engine (14)
[2017.12.10-19.48.28:341][316]LogModuleManager: Shutting down and abandoning module CoreUObject (12)
[2017.12.10-19.48.28:341][316]LogModuleManager: Shutting down and abandoning module NetworkFile (10)
[2017.12.10-19.48.28:341][316]LogModuleManager: Shutting down and abandoning module CookedIterativeFile (8)
[2017.12.10-19.48.28:341][316]LogModuleManager: Shutting down and abandoning module StreamingFile (6)
[2017.12.10-19.48.28:341][316]LogModuleManager: Shutting down and abandoning module SandboxFile (4)
[2017.12.10-19.48.28:341][316]LogModuleManager: Shutting down and abandoning module PakFile (2)
[2017.12.10-19.48.28:345][316]LogExit: Exiting.
[2017.12.10-19.48.28:361][316]Log file closed, 12/10/17 14:48:28
