Log file open, 12/06/17 15:26:37
LogWindows: Failed to load 'aqProf.dll' (GetLastError=126)
LogWindows: File 'aqProf.dll' does not exist
LogWindows: Failed to load 'VSPerf140.dll' (GetLastError=126)
LogWindows: File 'VSPerf140.dll' does not exist
LogWindows: Failed to load 'VtuneApi.dll' (GetLastError=126)
LogWindows: File 'VtuneApi.dll' does not exist
LogWindows: Failed to load 'VtuneApi32e.dll' (GetLastError=126)
LogWindows: File 'VtuneApi32e.dll' does not exist
LogInit: Display: Running engine for game: KairosVR_new
LogPlatformFile: Not using cached read wrapper
LogInit: Display: RandInit(885144275) SRandInit(885144275).
LogTaskGraph: Started task graph with 5 named threads and 20 total threads with 3 sets of task threads.
LogStats: Stats thread started at 0.227796
LogD3D11RHI: Aftermath initialized
LogPluginManager: Mounting plugin Paper2D
LogPluginManager: Mounting plugin LightPropagationVolume
LogPluginManager: Mounting plugin CodeLiteSourceCodeAccess
LogPluginManager: Mounting plugin GitSourceControl
LogPluginManager: Mounting plugin KDevelopSourceCodeAccess
LogPluginManager: Mounting plugin NullSourceCodeAccess
LogPluginManager: Mounting plugin PerforceSourceControl
LogPluginManager: Mounting plugin SubversionSourceControl
LogPluginManager: Mounting plugin UObjectPlugin
LogPluginManager: Mounting plugin VisualStudioSourceCodeAccess
LogPluginManager: Mounting plugin XCodeSourceCodeAccess
LogPluginManager: Mounting plugin AssetManagerEditor
LogPluginManager: Mounting plugin AudioCapture
LogPluginManager: Mounting plugin FacialAnimation
LogPluginManager: Mounting plugin GameplayTagsEditor
LogPluginManager: Mounting plugin MobileLauncherProfileWizard
LogPluginManager: Mounting plugin PluginBrowser
LogPluginManager: Mounting plugin SpeedTreeImporter
LogPluginManager: Mounting plugin AlembicImporter
LogPluginManager: Mounting plugin CharacterAI
LogPluginManager: Mounting plugin HTML5Networking
LogPluginManager: Mounting plugin AndroidMedia
LogPluginManager: Mounting plugin AvfMedia
LogPluginManager: Mounting plugin MediaPlayerEditor
LogPluginManager: Mounting plugin WmfMedia
LogPluginManager: Mounting plugin TcpMessaging
LogPluginManager: Mounting plugin UdpMessaging
LogPluginManager: Mounting plugin LevelSequenceEditor
LogPluginManager: Mounting plugin MatineeToLevelSequence
LogPluginManager: Mounting plugin OnlineSubsystemGooglePlay
LogPluginManager: Mounting plugin OnlineSubsystemIOS
LogPluginManager: Mounting plugin OnlineSubsystem
LogPluginManager: Mounting plugin OnlineSubsystemNull
LogPluginManager: Mounting plugin OnlineSubsystemUtils
LogPluginManager: Mounting plugin AndroidDeviceProfileSelector
LogPluginManager: Mounting plugin AndroidMoviePlayer
LogPluginManager: Mounting plugin AndroidPermission
LogPluginManager: Mounting plugin AppleMoviePlayer
LogPluginManager: Mounting plugin ArchVisCharacter
LogPluginManager: Mounting plugin CableComponent
LogPluginManager: Mounting plugin CustomMeshComponent
LogPluginManager: Mounting plugin ExampleDeviceProfileSelector
LogPluginManager: Mounting plugin GoogleCloudMessaging
LogPluginManager: Mounting plugin ImmediatePhysics
LogPluginManager: Mounting plugin IOSDeviceProfileSelector
LogPluginManager: Mounting plugin LinuxDeviceProfileSelector
LogPluginManager: Mounting plugin LocationServicesBPLibrary
LogPluginManager: Mounting plugin MobilePatchingUtils
LogPluginManager: Mounting plugin OculusVR
LogPluginManager: Mounting plugin PhysXVehicles
LogPluginManager: Mounting plugin ProceduralMeshComponent
LogPluginManager: Mounting plugin RuntimePhysXCooking
LogPluginManager: Mounting plugin SteamVR
LogPluginManager: Mounting plugin WindowsMoviePlayer
LogInit: Using libcurl 7.47.1
LogInit:  - built for x86_64-pc-win32
LogInit:  - supports SSL with OpenSSL/1.0.2g
LogInit:  - supports HTTP deflate (compression) using libz 1.2.8
LogInit:  - other features:
LogInit:      CURL_VERSION_SSL
LogInit:      CURL_VERSION_LIBZ
LogInit:      CURL_VERSION_IPV6
LogInit:      CURL_VERSION_ASYNCHDNS
LogInit:      CURL_VERSION_LARGEFILE
LogInit:      CURL_VERSION_IDN
LogInit:  CurlRequestOptions (configurable via config and command line):
LogInit:  - bVerifyPeer = false  - Libcurl will NOT verify peer certificate
LogInit:  - bUseHttpProxy = false  - Libcurl will NOT use HTTP proxy
LogInit:  - bDontReuseConnections = false  - Libcurl will reuse connections
LogInit:  - CertBundlePath = nullptr  - Libcurl will use whatever was configured at build time.
LogInit: Build: ++UE4+Release-4.17-CL-3658906
LogInit: Engine Version: 4.17.2-3658906+++UE4+Release-4.17
LogInit: Compatible Engine Version: 4.17.0-3573198+++UE4+Release-4.17
LogInit: Net CL: 3573198
LogDevObjectVersion: Number of dev versions registered: 16
LogDevObjectVersion:   Dev-Blueprints (B0D832E4-1F89-4F0D-ACCF-7EB736FD4AA2): 10
LogDevObjectVersion:   Dev-Build (E1C64328-A22C-4D53-A36C-8E866417BD8C): 0
LogDevObjectVersion:   Dev-Core (375EC13C-06E4-48FB-B500-84F0262A717E): 2
LogDevObjectVersion:   Dev-Editor (E4B068ED-F494-42E9-A231-DA0B2E46BB41): 20
LogDevObjectVersion:   Dev-Framework (CFFC743F-43B0-4480-9391-14DF171D2073): 28
LogDevObjectVersion:   Dev-Mobile (B02B49B5-BB20-44E9-A304-32B752E40360): 0
LogDevObjectVersion:   Dev-Networking (A4E4105C-59A1-49B5-A7C5-40C4547EDFEE): 0
LogDevObjectVersion:   Dev-Online (39C831C9-5AE6-47DC-9A44-9C173E1C8E7C): 0
LogDevObjectVersion:   Dev-Physics (78F01B33-EBEA-4F98-B9B4-84EACCB95AA2): 0
LogDevObjectVersion:   Dev-Platform (6631380F-2D4D-43E0-8009-CF276956A95A): 0
LogDevObjectVersion:   Dev-Rendering (12F88B9F-8875-4AFC-A67C-D90C383ABD29): 19
LogDevObjectVersion:   Dev-Sequencer (7B5AE74C-D270-4C10-A958-57980B212A5A): 4
LogDevObjectVersion:   Dev-VR (D7296918-1DD6-4BDD-9DE2-64A83CC13884): 0
LogDevObjectVersion:   Dev-LoadTimes (C2A15278-BFE7-4AFE-6C17-90FF531DF755): 1
LogDevObjectVersion:   Private-Geometry (6EACA3D4-40EC-4CC1-B786-8BED09428FC5): 1
LogDevObjectVersion:   Dev-AnimPhys (29E575DD-E0A3-4627-9D10-D276232CDCEA): 7
LogInit: Compiled (64-bit): Sep 22 2017 13:47:16
LogInit: Compiled with Visual C++: 19.00.24215.01
LogInit: Build Configuration: Development
LogInit: Branch Name: ++UE4+Release-4.17
LogInit: Command line:  
LogInit: Base directory: C:/Users/oatesj/Desktop/UE_4.17/Engine/Binaries/Win64/
LogInit: Installed Engine Build: 1
LogInit: Presizing for max 8388607 objects, including 0 objects not considered by GC, pre-allocating 0 bytes for permanent pool.
LogInit: Object subsystem initialized
[2017.12.06-20.26.37:736][  0]LogInit: Selected Device Profile: [Windows]
[2017.12.06-20.26.37:736][  0]LogInit: Applying CVar settings loaded from the selected device profile: [Windows]
[2017.12.06-20.26.37:746][  0]LogInit: Computer: SA2502-PC01
[2017.12.06-20.26.37:746][  0]LogInit: User: OATESJ
[2017.12.06-20.26.37:746][  0]LogInit: CPU Page size=4096, Cores=6
[2017.12.06-20.26.37:746][  0]LogInit: High frequency timer resolution =3.410072 MHz
[2017.12.06-20.26.37:747][  0]LogMemory: Memory total: Physical=31.9GB (32GB approx)
[2017.12.06-20.26.37:747][  0]LogMemory: Platform Memory Stats for Windows
[2017.12.06-20.26.37:747][  0]LogMemory: Process Physical Memory: 278.80 MB used, 278.80 MB peak
[2017.12.06-20.26.37:747][  0]LogMemory: Process Virtual Memory: 280.61 MB used, 280.61 MB peak
[2017.12.06-20.26.37:747][  0]LogMemory: Physical Memory: 4927.75 MB used,  27762.54 MB free, 32690.29 MB total
[2017.12.06-20.26.37:747][  0]LogMemory: Virtual Memory: 713.55 MB used,  27762.54 MB free, 134217728.00 MB total
[2017.12.06-20.26.37:889][  0]LogInit: Using OS detected language (en-US).
[2017.12.06-20.26.37:889][  0]LogInit: Using OS detected locale (en-US).
[2017.12.06-20.26.37:892][  0]LogTextLocalizationManager: No specific localization for 'en-US' exists, so the 'en' localization will be used.
[2017.12.06-20.26.38:539][  0]LogD3D11RHI: D3D11 adapters:
[2017.12.06-20.26.38:571][  0]LogD3D11RHI:    0. 'NVIDIA GeForce GTX 1080' (Feature Level 11_0)
[2017.12.06-20.26.38:571][  0]LogD3D11RHI:       8076/0/16345 MB DedicatedVideo/DedicatedSystem/SharedSystem, Outputs:2, VendorId:0x10de
[2017.12.06-20.26.38:573][  0]LogD3D11RHI:    1. 'Microsoft Basic Render Driver' (Feature Level 11_0)
[2017.12.06-20.26.38:573][  0]LogD3D11RHI:       0/0/16345 MB DedicatedVideo/DedicatedSystem/SharedSystem, Outputs:0, VendorId:0x1414
[2017.12.06-20.26.38:573][  0]LogD3D11RHI: Chosen D3D11 Adapter: 0
[2017.12.06-20.26.38:579][  0]LogD3D11RHI: Creating new Direct3DDevice
[2017.12.06-20.26.38:580][  0]LogD3D11RHI:     GPU DeviceId: 0x1b80 (for the marketing name, search the web for "GPU Device Id")
[2017.12.06-20.26.38:580][  0]LogWindows: EnumDisplayDevices:
[2017.12.06-20.26.38:580][  0]LogWindows:    0. 'NVIDIA GeForce GTX 1080' (P:0 D:1)
[2017.12.06-20.26.38:580][  0]LogWindows:    1. 'NVIDIA GeForce GTX 1080' (P:1 D:1)
[2017.12.06-20.26.38:580][  0]LogWindows:    2. 'NVIDIA GeForce GTX 1080' (P:0 D:0)
[2017.12.06-20.26.38:580][  0]LogWindows:    3. 'NVIDIA GeForce GTX 1080' (P:0 D:0)
[2017.12.06-20.26.38:580][  0]LogWindows: DebugString: GetVideoDriverDetailsInvalid PrimaryIsNotTheChoosenAdapter GetVideoDriverDetailsInvalid PrimaryIsNotTheChoosenAdapter GetVideoDriverDetailsInvalid PrimaryIsNotTheChoosenAdapter GetVideoDriverDetailsInvalid PrimaryIsNotTheChoosenAdapter FoundDriverCount:0 
[2017.12.06-20.26.38:580][  0]LogD3D11RHI:     Adapter Name: NVIDIA GeForce GTX 1080
[2017.12.06-20.26.38:580][  0]LogD3D11RHI:   Driver Version: Unknown (internal:Unknown, unified:Unknown)
[2017.12.06-20.26.38:580][  0]LogD3D11RHI:      Driver Date: Unknown
[2017.12.06-20.26.38:580][  0]LogRHI: Texture pool is 1361 MB (70% of 1945 MB)
[2017.12.06-20.26.38:600][  0]LogD3D11RHI: Async texture creation enabled
[2017.12.06-20.26.38:611][  0]LogD3D11RHI: GPU Timing Frequency: 1000.000000 (Debug: 2 1)
[2017.12.06-20.26.38:654][  0]LogShaderCompilers: Guid format shader working directory is 3 characters bigger than the processId version (../../../../ExperimentalGame_VR/KairosVR_new/Intermediate/Shaders/WorkingDirectory/7888/).
[2017.12.06-20.26.38:654][  0]LogShaderCompilers: Cleaned the shader compiler working directory 'C:/Users/oatesj/AppData/Local/Temp/UnrealShaderWorkingDir/AC49AB62449E627803B2758A30CFEB09/'.
[2017.12.06-20.26.38:654][  0]LogShaderCompilers: Display: Using Local Shader Compiler.
[2017.12.06-20.26.39:539][  0]LogTemp: Display: Loaded TP AllDesktopTargetPlatform
[2017.12.06-20.26.39:586][  0]LogTemp: Display: Loaded TP MacClientTargetPlatform
[2017.12.06-20.26.39:633][  0]LogTemp: Display: Loaded TP MacNoEditorTargetPlatform
[2017.12.06-20.26.39:681][  0]LogTemp: Display: Loaded TP MacServerTargetPlatform
[2017.12.06-20.26.39:728][  0]LogTemp: Display: Loaded TP MacTargetPlatform
[2017.12.06-20.26.39:777][  0]LogTemp: Display: Loaded TP WindowsClientTargetPlatform
[2017.12.06-20.26.39:825][  0]LogTemp: Display: Loaded TP WindowsNoEditorTargetPlatform
[2017.12.06-20.26.39:877][  0]LogTemp: Display: Loaded TP WindowsServerTargetPlatform
[2017.12.06-20.26.39:916][  0]LogTemp: Display: Loaded TP WindowsTargetPlatform
[2017.12.06-20.26.39:963][  0]LogTemp: Display: Loaded TP AndroidTargetPlatform
[2017.12.06-20.26.40:014][  0]LogTemp: Display: Loaded TP Android_ASTCTargetPlatform
[2017.12.06-20.26.40:058][  0]LogTemp: Display: Loaded TP Android_ATCTargetPlatform
[2017.12.06-20.26.40:103][  0]LogTemp: Display: Loaded TP Android_DXTTargetPlatform
[2017.12.06-20.26.40:148][  0]LogTemp: Display: Loaded TP Android_ETC1TargetPlatform
[2017.12.06-20.26.40:194][  0]LogTemp: Display: Loaded TP Android_ETC2TargetPlatform
[2017.12.06-20.26.40:284][  0]LogTemp: Display: Loaded TP Android_MultiTargetPlatform
[2017.12.06-20.26.40:284][  0]LogTemp: Display: Loaded TP Android_PVRTCTargetPlatform
[2017.12.06-20.26.40:318][  0]LogTemp: Display: Loaded TP HTML5TargetPlatform
[2017.12.06-20.26.40:403][  0]LogTemp: Display: Loaded TP IOSTargetPlatform
[2017.12.06-20.26.40:431][  0]LogTemp: Display: Loaded TP TVOSTargetPlatform
[2017.12.06-20.26.40:481][  0]LogTemp: Display: Loaded TP LinuxClientTargetPlatform
[2017.12.06-20.26.40:529][  0]LogTemp: Display: Loaded TP LinuxNoEditorTargetPlatform
[2017.12.06-20.26.40:579][  0]LogTemp: Display: Loaded TP LinuxServerTargetPlatform
[2017.12.06-20.26.40:630][  0]LogTemp: Display: Loaded TP LinuxTargetPlatform
[2017.12.06-20.26.40:630][  0]LogTargetPlatformManager: Display: Building Assets For Windows
[2017.12.06-20.26.41:067][  0]LogDerivedDataCache: Display: Max Cache Size: 512 MB
[2017.12.06-20.26.41:148][  0]LogDerivedDataCache: Loaded boot cache 0.08s 93MB C:/Users/oatesj/AppData/Local/UnrealEngine/4.17/DerivedDataCache/Boot.ddc.
[2017.12.06-20.26.41:148][  0]LogDerivedDataCache: Display: Loaded Boot cache: C:/Users/oatesj/AppData/Local/UnrealEngine/4.17/DerivedDataCache/Boot.ddc
[2017.12.06-20.26.41:148][  0]LogDerivedDataCache: FDerivedDataBackendGraph:  Pak pak cache file ../../../../ExperimentalGame_VR/KairosVR_new/DerivedDataCache/DDC.ddp not found, will not use a pak cache.
[2017.12.06-20.26.41:148][  0]LogDerivedDataCache: Unable to find inner node Pak for hierarchical cache Hierarchy.
[2017.12.06-20.26.41:148][  0]LogDerivedDataCache: FDerivedDataBackendGraph:  CompressedPak pak cache file ../../../../ExperimentalGame_VR/KairosVR_new/DerivedDataCache/Compressed.ddp not found, will not use a pak cache.
[2017.12.06-20.26.41:148][  0]LogDerivedDataCache: Unable to find inner node CompressedPak for hierarchical cache Hierarchy.
[2017.12.06-20.26.41:163][  0]LogDerivedDataCache: Display: Pak cache opened for reading ../../../Engine/DerivedDataCache/Compressed.ddp.
[2017.12.06-20.26.41:175][  0]LogDerivedDataCache: Using Local data cache path C:/Users/oatesj/AppData/Local/UnrealEngine/Common/DerivedDataCache: Writable
[2017.12.06-20.26.41:185][  0]LogMaterial: Verifying Global Shaders for PCD3D_SM5
[2017.12.06-20.26.41:185][  0]LogSlate: Using Freetype 2.6.0
[2017.12.06-20.26.41:186][  0]LogSlate: SlateFontCache - WITH_FREETYPE: 1, WITH_HARFBUZZ: 1
[2017.12.06-20.26.41:186][  0]LogSlate: SlateFontCache - WITH_FREETYPE: 1, WITH_HARFBUZZ: 1
[2017.12.06-20.26.41:447][  0]LogAssetRegistry: FAssetRegistry took 0.0254 seconds to start up
[2017.12.06-20.26.41:559][  0]LogInit: Selected Device Profile: [Windows]
[2017.12.06-20.26.41:682][  0]LogContentStreaming: Texture pool size is 0.00 MB
[2017.12.06-20.26.41:969][  0]LogSimplygon: Simplygon DLL not present - disabling.
[2017.12.06-20.26.42:006][  0]LogMeshReduction: Using SimplygonSwarm for distributed automatic mesh merging
[2017.12.06-20.26.42:006][  0]LogMeshReduction: Using QuadricMeshReduction for automatic static mesh reduction
[2017.12.06-20.26.42:006][  0]LogMeshReduction: No automatic skeletal mesh reduction module available
[2017.12.06-20.26.42:006][  0]LogMeshReduction: No automatic mesh merging module available
[2017.12.06-20.26.42:006][  0]LogMeshMerging: No automatic mesh merging module available
[2017.12.06-20.26.42:326][  0]LogNetVersion: KairosVR_new , NetCL: 3573198, EngineNetVer: 2, GameNetVer: 0 (Checksum: 3281661072)
[2017.12.06-20.26.42:523][  0]LogPackageLocalizationCache: Processed 5 localized package path(s) for 2 prioritized culture(s) in 0.045146 seconds
[2017.12.06-20.26.42:529][  0]LogUObjectArray: 35825 objects as part of root set at end of initial load.
[2017.12.06-20.26.42:529][  0]LogUObjectAllocator: 7529104 out of 0 bytes used by permanent object pool.
[2017.12.06-20.26.42:529][  0]LogUObjectArray: CloseDisregardForGC: 0/0 objects in disregard for GC pool
[2017.12.06-20.26.42:584][  0]LogInit: WinSock: version 1.1 (2.2), MaxSocks=32767, MaxUdp=65467
[2017.12.06-20.26.44:916][  0]LogTcpMessaging: Initializing TcpMessaging bridge
[2017.12.06-20.26.44:952][  0]LogUdpMessaging: Initializing bridge on interface 0.0.0.0:0 to multicast group 230.0.0.1:6666.
[2017.12.06-20.26.45:537][  0]LogMaterial: Uniform references updated for custom material expression Custom.
[2017.12.06-20.26.45:903][  0]SourceControl: Source control is disabled
[2017.12.06-20.26.45:903][  0]SourceControl: Source control is disabled
[2017.12.06-20.26.45:952][  0]SourceControl: Source control is disabled
[2017.12.06-20.26.45:993][  0]SourceControl: Source control is disabled
[2017.12.06-20.26.46:504][  0]LogAndroidPermission: UAndroidPermissionCallbackProxy::GetInstance
[2017.12.06-20.26.46:725][  0]LogOcInput: OculusInput pre-init called
[2017.12.06-20.26.46:949][  0]LogEngine: Initializing Engine...
[2017.12.06-20.26.47:495][  0]LogHMD: SteamVR initialized.  Driver: lighthouse  Display: LHR-E7E95ADB
[2017.12.06-20.26.47:714][  0]LogStats: UGameplayTagsManager::ConstructGameplayTagTree: Construct from data asset -  0.000 s
[2017.12.06-20.26.47:714][  0]LogStats: UGameplayTagsManager::ConstructGameplayTagTree: GameplayTagTreeChangedEvent.Broadcast -  0.000 s
[2017.12.06-20.26.47:820][  0]LogAIModule: Creating AISystem for world Untitled
[2017.12.06-20.26.47:830][  0]LogInit: XAudio2 using 'Speakers / Headphones (Realtek Audio)' : 2 channels at 48 kHz using 32 bits per sample (channel mask 0x3)
[2017.12.06-20.26.47:849][  0]LogInit: FAudioDevice initialized.
[2017.12.06-20.26.47:904][  0]LogDerivedDataCache: Saved boot cache 0.06s 93MB C:/Users/oatesj/AppData/Local/UnrealEngine/4.17/DerivedDataCache/Boot.ddc.
[2017.12.06-20.26.47:915][  0]LogInit: Texture streaming: Enabled
[2017.12.06-20.26.48:015][  0]LogEngineSessionManager: EngineSessionManager initialized
[2017.12.06-20.26.48:204][  0]LogInit: Transaction tracking system initialized
[2017.12.06-20.26.48:479][  0]BlueprintLog: New page: Editor Load
[2017.12.06-20.26.49:283][  0]LocalizationService: Localization service is disabled
[2017.12.06-20.26.49:889][  0]LogConsoleResponse: Display: 
[2017.12.06-20.26.50:051][  0]LogCook: Display: Max memory allowance for cook 16384mb min free memory 0mb
[2017.12.06-20.26.50:051][  0]LogCook: Display: Mobile HDR setting 1
[2017.12.06-20.26.50:051][  0]LogGameplayTags: Display: UGameplayTagsManager::DoneAddingNativeTags. DelegateIsBound: 0
[2017.12.06-20.26.50:958][  0]LogFileCache: Scanning file cache for directory 'C:/Users/oatesj/Desktop/ExperimentalGame_VR/KairosVR_new/Content/' took 0.01s
[2017.12.06-20.26.50:958][  0]SourceControl: Source control is disabled
[2017.12.06-20.26.50:958][  0]Cmd: MAP LOAD FILE="../../../../ExperimentalGame_VR/KairosVR_new/Content/Maps/ShipInterior.umap" TEMPLATE=0 SHOWPROGRESS=1 FEATURELEVEL=3
[2017.12.06-20.26.50:958][  0]LightingResults: New page: Lighting Build
[2017.12.06-20.26.50:994][  0]MapCheck: New page: Map Check
[2017.12.06-20.26.50:994][  0]LightingResults: New page: Lighting Build
[2017.12.06-20.26.52:026][  0]LogAIModule: Creating AISystem for world ShipInterior
[2017.12.06-20.26.52:033][  0]LogEditorServer: Finished looking for orphan Actors (0.000 secs)
[2017.12.06-20.26.52:054][  0]Cmd: MAP CHECKDEP NOCLEARLOG
[2017.12.06-20.26.52:109][  0]MapCheck: Map check complete: 0 Error(s), 0 Warning(s), took 54.791ms to complete.
[2017.12.06-20.26.52:109][  0]LogFileHelpers: Loading map 'ShipInterior' took 1.151
[2017.12.06-20.26.52:255][  0]LogCollectionManager: Loaded 0 collections in 0.001482 seconds
[2017.12.06-20.26.52:327][  0]LogFileCache: Scanning file cache for directory 'C:/Users/oatesj/Desktop/ExperimentalGame_VR/KairosVR_new/Saved/Collections/' took 0.01s
[2017.12.06-20.26.52:327][  0]LogFileCache: Scanning file cache for directory 'C:/Users/oatesj/Desktop/ExperimentalGame_VR/KairosVR_new/Content/Developers/OATESJ/Collections/' took 0.01s
[2017.12.06-20.26.52:327][  0]LogFileCache: Scanning file cache for directory 'C:/Users/oatesj/Desktop/ExperimentalGame_VR/KairosVR_new/Content/Collections/' took 0.01s
[2017.12.06-20.26.52:327][  0]LogCollectionManager: Rebuilt the GUID cache for 0 collections in 0.000001 seconds
[2017.12.06-20.26.52:336][  0]LogContentBrowser: Native class hierarchy populated in 0.0090 seconds. Added 2386 classes and 500 folders.
[2017.12.06-20.26.52:393][  0]LogContentBrowser: Native class hierarchy updated for 'WidgetCarousel' in 0.0006 seconds. Added 0 classes and 0 folders.
[2017.12.06-20.26.52:427][  0]LogContentBrowser: Native class hierarchy updated for 'AddContentDialog' in 0.0006 seconds. Added 0 classes and 0 folders.
[2017.12.06-20.26.52:466][  0]LogContentBrowser: Native class hierarchy updated for 'SceneOutliner' in 0.0006 seconds. Added 1 classes and 2 folders.
[2017.12.06-20.26.52:485][  0]LogSlate: Took 0.000156 seconds to synchronously load lazily loaded font '../../../Engine/Content/Slate/Fonts/Roboto-Regular.ttf' (155K)
[2017.12.06-20.26.52:487][  0]LogSlate: Took 0.000169 seconds to synchronously load lazily loaded font '../../../Engine/Content/Slate/Fonts/Roboto-Bold.ttf' (160K)
[2017.12.06-20.26.52:492][  0]LogSlate: Took 0.000181 seconds to synchronously load lazily loaded font '../../../Engine/Content/Editor/Slate/Fonts/FontAwesome.ttf' (139K)
[2017.12.06-20.26.52:589][  0]LogRenderer: Reallocating scene render targets to support 1208x652 Format 26 NumSamples 1 (Frame:1).
[2017.12.06-20.26.52:722][  0]LogContentBrowser: Native class hierarchy updated for 'HierarchicalLODOutliner' in 0.0006 seconds. Added 1 classes and 2 folders.
[2017.12.06-20.26.52:722][  0]LogLoad: (Engine Initialization) Total time: 16.50 seconds
[2017.12.06-20.26.52:722][  0]LogLoad: (Engine Initialization) Total Blueprint compile time: 0.00 seconds
[2017.12.06-20.26.52:722][  0]LogExternalProfiler: No external profilers were discovered.  External profiling features will not be available.
[2017.12.06-20.26.52:731][  0]LogWindowsTextInputMethodSystem: Display: IME system now deactivated.
[2017.12.06-20.26.52:731][  0]LogSteamVRController: Controller role for device 3 is 2 (invalid=0, left=1, right=2).
[2017.12.06-20.26.52:731][  0]LogSteamVRController: Warning: Controller device 3 is being assigned to its prefered role 'right'.
[2017.12.06-20.26.52:761][  0]LogAssetRegistry: Asset discovery search completed in 11.3352 seconds
[2017.12.06-20.26.52:763][  0]LogCollectionManager: Rebuilt the object cache for 0 collections in 0.000001 seconds (found 0 objects)
[2017.12.06-20.26.52:763][  0]LogCollectionManager: Fixed up redirectors for 0 collections in 0.000048 seconds (updated 0 objects)
[2017.12.06-20.26.52:765][  0]LogContentStreaming: Texture pool size now 1000 MB
[2017.12.06-20.26.52:815][  0]LogSlate: Took 0.000182 seconds to synchronously load lazily loaded font '../../../Engine/Content/Slate/Fonts/Roboto-Light.ttf' (159K)
[2017.12.06-20.26.52:833][  1]LogFileCache: Retrieving MD5 hashes for directory 'C:/Users/oatesj/Desktop/ExperimentalGame_VR/KairosVR_new/Content/' took 0.09s
[2017.12.06-20.26.53:751][106]LogSlate: Took 0.000179 seconds to synchronously load lazily loaded font '../../../Engine/Content/Slate/Fonts/Roboto-Light.ttf' (159K)
[2017.12.06-20.27.02:537][160]LogSteamVRController: Controller role for device 4 is 0 (invalid=0, left=1, right=2).
[2017.12.06-20.27.02:537][160]LogSteamVRController: Putting controller 4 on the left hand because there is already a controller for the right.
[2017.12.06-20.29.47:440][877]LogTemp: Repeating last play command: VR Preview
[2017.12.06-20.29.47:476][877]LogPlayLevel: PlayLevel: No blueprints needed recompiling
[2017.12.06-20.29.47:477][877]PIE: New page: PIE session: ShipInterior (Dec 6, 2017, 10:29:47 AM)
[2017.12.06-20.29.47:477][877]LogPlayLevel: Creating play world package: /Game/Maps/UEDPIE_0_ShipInterior
[2017.12.06-20.29.47:479][877]LogPlayLevel: PIE: StaticDuplicateObject took: (0.002221s)
[2017.12.06-20.29.47:480][877]LogAIModule: Creating AISystem for world ShipInterior
[2017.12.06-20.29.47:480][877]LogPlayLevel: PIE: World Init took: (0.000733s)
[2017.12.06-20.29.47:480][877]LogPlayLevel: PIE: Created PIE world by copying editor world from /Game/Maps/ShipInterior.ShipInterior to /Game/Maps/UEDPIE_0_ShipInterior.ShipInterior (0.003244s)
[2017.12.06-20.29.47:500][877]LogInit: XAudio2 using 'Speakers / Headphones (Realtek Audio)' : 2 channels at 48 kHz using 32 bits per sample (channel mask 0x3)
[2017.12.06-20.29.47:514][877]LogInit: FAudioDevice initialized.
[2017.12.06-20.29.47:607][877]LogUObjectGlobals: Warning: Failed to find object 'Class None.'
[2017.12.06-20.29.47:607][877]LogLoad: Game class is 'GameModeBase'
[2017.12.06-20.29.47:610][877]LogWorld: Bringing World /Game/Maps/UEDPIE_0_ShipInterior.ShipInterior up for play (max tick rate 0) at 2017.12.06-15.29.47
[2017.12.06-20.29.47:610][877]LogWorld: Bringing up level for play took: 0.001227
[2017.12.06-20.29.47:647][877]LogContentBrowser: Native class hierarchy updated for 'MovieSceneCapture' in 0.0007 seconds. Added 11 classes and 0 folders.
[2017.12.06-20.29.47:660][877]PIE: Play in editor start time for /Game/Maps/UEDPIE_0_ShipInterior 0.925
[2017.12.06-20.29.47:692][878]LogRenderer: Reallocating scene render targets to support 3024x1680 Format 26 NumSamples 1 (Frame:1).
