Log file open, 11/08/17 14:33:36
LogWindows: Failed to load 'aqProf.dll' (GetLastError=126)
LogWindows: File 'aqProf.dll' does not exist
LogWindows: Failed to load 'VSPerf140.dll' (GetLastError=126)
LogWindows: File 'VSPerf140.dll' does not exist
LogWindows: Failed to load 'VtuneApi.dll' (GetLastError=126)
LogWindows: File 'VtuneApi.dll' does not exist
LogWindows: Failed to load 'VtuneApi32e.dll' (GetLastError=126)
LogWindows: File 'VtuneApi32e.dll' does not exist
LogInit: Display: Running engine for game: KairosVR_new
LogPlatformFile: Not using cached read wrapper
LogInit: Display: RandInit(807180393) SRandInit(807180393).
LogTaskGraph: Started task graph with 5 named threads and 14 total threads with 3 sets of task threads.
LogStats: Stats thread started at 3.639154
LogD3D11RHI: Aftermath initialized
LogPluginManager: Mounting plugin Paper2D
LogPluginManager: Mounting plugin LightPropagationVolume
LogPluginManager: Mounting plugin CodeLiteSourceCodeAccess
LogPluginManager: Mounting plugin GitSourceControl
LogPluginManager: Mounting plugin KDevelopSourceCodeAccess
LogPluginManager: Mounting plugin NullSourceCodeAccess
LogPluginManager: Mounting plugin PerforceSourceControl
LogPluginManager: Mounting plugin SubversionSourceControl
LogPluginManager: Mounting plugin UObjectPlugin
LogPluginManager: Mounting plugin VisualStudioSourceCodeAccess
LogPluginManager: Mounting plugin XCodeSourceCodeAccess
LogPluginManager: Mounting plugin AssetManagerEditor
LogPluginManager: Mounting plugin AudioCapture
LogPluginManager: Mounting plugin FacialAnimation
LogPluginManager: Mounting plugin GameplayTagsEditor
LogPluginManager: Mounting plugin MobileLauncherProfileWizard
LogPluginManager: Mounting plugin PluginBrowser
LogPluginManager: Mounting plugin SpeedTreeImporter
LogPluginManager: Mounting plugin AlembicImporter
LogPluginManager: Mounting plugin CharacterAI
LogPluginManager: Mounting plugin HTML5Networking
LogPluginManager: Mounting plugin AndroidMedia
LogPluginManager: Mounting plugin AvfMedia
LogPluginManager: Mounting plugin MediaPlayerEditor
LogPluginManager: Mounting plugin WmfMedia
LogPluginManager: Mounting plugin TcpMessaging
LogPluginManager: Mounting plugin UdpMessaging
LogPluginManager: Mounting plugin LevelSequenceEditor
LogPluginManager: Mounting plugin MatineeToLevelSequence
LogPluginManager: Mounting plugin OnlineSubsystemGooglePlay
LogPluginManager: Mounting plugin OnlineSubsystemIOS
LogPluginManager: Mounting plugin OnlineSubsystem
LogPluginManager: Mounting plugin OnlineSubsystemNull
LogPluginManager: Mounting plugin OnlineSubsystemUtils
LogPluginManager: Mounting plugin AndroidDeviceProfileSelector
LogPluginManager: Mounting plugin AndroidMoviePlayer
LogPluginManager: Mounting plugin AndroidPermission
LogPluginManager: Mounting plugin AppleMoviePlayer
LogPluginManager: Mounting plugin ArchVisCharacter
LogPluginManager: Mounting plugin CableComponent
LogPluginManager: Mounting plugin CustomMeshComponent
LogPluginManager: Mounting plugin ExampleDeviceProfileSelector
LogPluginManager: Mounting plugin GoogleCloudMessaging
LogPluginManager: Mounting plugin ImmediatePhysics
LogPluginManager: Mounting plugin IOSDeviceProfileSelector
LogPluginManager: Mounting plugin LinuxDeviceProfileSelector
LogPluginManager: Mounting plugin LocationServicesBPLibrary
LogPluginManager: Mounting plugin MobilePatchingUtils
LogPluginManager: Mounting plugin OculusVR
LogPluginManager: Mounting plugin PhysXVehicles
LogPluginManager: Mounting plugin ProceduralMeshComponent
LogPluginManager: Mounting plugin RuntimePhysXCooking
LogPluginManager: Mounting plugin SteamVR
LogPluginManager: Mounting plugin WindowsMoviePlayer
LogInit: Using libcurl 7.47.1
LogInit:  - built for x86_64-pc-win32
LogInit:  - supports SSL with OpenSSL/1.0.2g
LogInit:  - supports HTTP deflate (compression) using libz 1.2.8
LogInit:  - other features:
LogInit:      CURL_VERSION_SSL
LogInit:      CURL_VERSION_LIBZ
LogInit:      CURL_VERSION_IPV6
LogInit:      CURL_VERSION_ASYNCHDNS
LogInit:      CURL_VERSION_LARGEFILE
LogInit:      CURL_VERSION_IDN
LogInit:  CurlRequestOptions (configurable via config and command line):
LogInit:  - bVerifyPeer = false  - Libcurl will NOT verify peer certificate
LogInit:  - bUseHttpProxy = false  - Libcurl will NOT use HTTP proxy
LogInit:  - bDontReuseConnections = false  - Libcurl will reuse connections
LogInit:  - CertBundlePath = nullptr  - Libcurl will use whatever was configured at build time.
LogInit: Build: ++UE4+Release-4.17-CL-3658906
LogInit: Engine Version: 4.17.2-3658906+++UE4+Release-4.17
LogInit: Compatible Engine Version: 4.17.0-3573198+++UE4+Release-4.17
LogInit: Net CL: 3573198
LogDevObjectVersion: Number of dev versions registered: 16
LogDevObjectVersion:   Dev-Blueprints (B0D832E4-1F89-4F0D-ACCF-7EB736FD4AA2): 10
LogDevObjectVersion:   Dev-Build (E1C64328-A22C-4D53-A36C-8E866417BD8C): 0
LogDevObjectVersion:   Dev-Core (375EC13C-06E4-48FB-B500-84F0262A717E): 2
LogDevObjectVersion:   Dev-Editor (E4B068ED-F494-42E9-A231-DA0B2E46BB41): 20
LogDevObjectVersion:   Dev-Framework (CFFC743F-43B0-4480-9391-14DF171D2073): 28
LogDevObjectVersion:   Dev-Mobile (B02B49B5-BB20-44E9-A304-32B752E40360): 0
LogDevObjectVersion:   Dev-Networking (A4E4105C-59A1-49B5-A7C5-40C4547EDFEE): 0
LogDevObjectVersion:   Dev-Online (39C831C9-5AE6-47DC-9A44-9C173E1C8E7C): 0
LogDevObjectVersion:   Dev-Physics (78F01B33-EBEA-4F98-B9B4-84EACCB95AA2): 0
LogDevObjectVersion:   Dev-Platform (6631380F-2D4D-43E0-8009-CF276956A95A): 0
LogDevObjectVersion:   Dev-Rendering (12F88B9F-8875-4AFC-A67C-D90C383ABD29): 19
LogDevObjectVersion:   Dev-Sequencer (7B5AE74C-D270-4C10-A958-57980B212A5A): 4
LogDevObjectVersion:   Dev-VR (D7296918-1DD6-4BDD-9DE2-64A83CC13884): 0
LogDevObjectVersion:   Dev-LoadTimes (C2A15278-BFE7-4AFE-6C17-90FF531DF755): 1
LogDevObjectVersion:   Private-Geometry (6EACA3D4-40EC-4CC1-B786-8BED09428FC5): 1
LogDevObjectVersion:   Dev-AnimPhys (29E575DD-E0A3-4627-9D10-D276232CDCEA): 7
LogInit: Compiled (64-bit): Sep 22 2017 13:47:16
LogInit: Compiled with Visual C++: 19.00.24215.01
LogInit: Build Configuration: Development
LogInit: Branch Name: ++UE4+Release-4.17
LogInit: Command line:  
LogInit: Base directory: D:/ProgramFiles/Epic Games/UE_4.17/Engine/Binaries/Win64/
LogInit: Installed Engine Build: 1
LogInit: Presizing for max 8388607 objects, including 0 objects not considered by GC, pre-allocating 0 bytes for permanent pool.
LogInit: Object subsystem initialized
[2017.11.08-19.33.38:326][  0]LogInit: Selected Device Profile: [Windows]
[2017.11.08-19.33.38:326][  0]LogInit: Applying CVar settings loaded from the selected device profile: [Windows]
[2017.11.08-19.33.38:407][  0]LogInit: Computer: DESKTOP-QLCPO53
[2017.11.08-19.33.38:407][  0]LogInit: User: JonathanOates
[2017.11.08-19.33.38:407][  0]LogInit: CPU Page size=4096, Cores=4
[2017.11.08-19.33.38:407][  0]LogInit: High frequency timer resolution =2.742193 MHz
[2017.11.08-19.33.38:407][  0]LogMemory: Memory total: Physical=15.9GB (16GB approx)
[2017.11.08-19.33.38:407][  0]LogMemory: Platform Memory Stats for Windows
[2017.11.08-19.33.38:407][  0]LogMemory: Process Physical Memory: 280.24 MB used, 280.24 MB peak
[2017.11.08-19.33.38:407][  0]LogMemory: Process Virtual Memory: 282.30 MB used, 282.30 MB peak
[2017.11.08-19.33.38:407][  0]LogMemory: Physical Memory: 4518.13 MB used,  11732.14 MB free, 16250.27 MB total
[2017.11.08-19.33.38:408][  0]LogMemory: Virtual Memory: 662.60 MB used,  11732.14 MB free, 134217728.00 MB total
[2017.11.08-19.33.40:011][  0]LogInit: Using OS detected language (en-US).
[2017.11.08-19.33.40:011][  0]LogInit: Using OS detected locale (en-US).
[2017.11.08-19.33.40:068][  0]LogTextLocalizationManager: No specific localization for 'en-US' exists, so the 'en' localization will be used.
[2017.11.08-19.33.41:731][  0]LogD3D11RHI: D3D11 adapters:
[2017.11.08-19.33.42:672][  0]LogD3D11RHI:    0. 'NVIDIA GeForce GTX 1050 Ti' (Feature Level 11_0)
[2017.11.08-19.33.42:672][  0]LogD3D11RHI:       4014/0/8125 MB DedicatedVideo/DedicatedSystem/SharedSystem, Outputs:1, VendorId:0x10de
[2017.11.08-19.33.42:683][  0]LogD3D11RHI:    1. 'Intel(R) HD Graphics 630' (Feature Level 11_0)
[2017.11.08-19.33.42:683][  0]LogD3D11RHI:       128/0/8125 MB DedicatedVideo/DedicatedSystem/SharedSystem, Outputs:0, VendorId:0x8086
[2017.11.08-19.33.42:685][  0]LogD3D11RHI:    2. 'Microsoft Basic Render Driver' (Feature Level 11_0)
[2017.11.08-19.33.42:685][  0]LogD3D11RHI:       0/0/8125 MB DedicatedVideo/DedicatedSystem/SharedSystem, Outputs:0, VendorId:0x1414
[2017.11.08-19.33.42:685][  0]LogD3D11RHI: Chosen D3D11 Adapter: 0
[2017.11.08-19.33.42:694][  0]LogD3D11RHI: Creating new Direct3DDevice
[2017.11.08-19.33.42:694][  0]LogD3D11RHI:     GPU DeviceId: 0x1c8c (for the marketing name, search the web for "GPU Device Id")
[2017.11.08-19.33.42:694][  0]LogWindows: EnumDisplayDevices:
[2017.11.08-19.33.42:694][  0]LogWindows:    0. 'Intel(R) HD Graphics 630' (P:1 D:1)
[2017.11.08-19.33.42:694][  0]LogWindows:    1. 'Intel(R) HD Graphics 630' (P:0 D:0)
[2017.11.08-19.33.42:695][  0]LogWindows:    2. 'Intel(R) HD Graphics 630' (P:0 D:0)
[2017.11.08-19.33.42:695][  0]LogWindows:    3. 'NVIDIA GeForce GTX 1050 Ti' (P:0 D:0)
[2017.11.08-19.33.42:695][  0]LogWindows: DebugString: PrimaryIsNotTheChoosenAdapter PrimaryIsNotTheChoosenAdapter PrimaryIsNotTheChoosenAdapter 
[2017.11.08-19.33.42:695][  0]LogD3D11RHI:     Adapter Name: NVIDIA GeForce GTX 1050 Ti
[2017.11.08-19.33.42:696][  0]LogD3D11RHI:   Driver Version: 384.77 (internal:22.21.13.8477, unified:384.77)
[2017.11.08-19.33.42:696][  0]LogD3D11RHI:      Driver Date: 6-29-2017
[2017.11.08-19.33.42:696][  0]LogRHI: Texture pool is 1361 MB (70% of 1945 MB)
[2017.11.08-19.33.42:780][  0]LogD3D11RHI: Async texture creation enabled
[2017.11.08-19.33.43:088][  0]LogD3D11RHI: GPU Timing Frequency: 1000.000000 (Debug: 2 2)
[2017.11.08-19.33.43:186][  0]LogShaderCompilers: Guid format shader working directory is -33 characters bigger than the processId version (../../../../../../Jonathan Oates/Documents/Repositories/ExperimentalGame_VR/KairosVR_new/Intermediate/Shaders/WorkingDirectory/9200/).
[2017.11.08-19.33.43:186][  0]LogShaderCompilers: Cleaned the shader compiler working directory 'C:/Users/Jonathan Oates/AppData/Local/Temp/UnrealShaderWorkingDir/2DA95F7E43B3CA1D06448FBD468D31E6/'.
[2017.11.08-19.33.43:206][  0]LogShaderCompilers: Display: Using Local Shader Compiler.
[2017.11.08-19.33.45:443][  0]LogTemp: Display: Loaded TP AllDesktopTargetPlatform
[2017.11.08-19.33.45:505][  0]LogTemp: Display: Loaded TP MacClientTargetPlatform
[2017.11.08-19.33.45:564][  0]LogTemp: Display: Loaded TP MacNoEditorTargetPlatform
[2017.11.08-19.33.45:623][  0]LogTemp: Display: Loaded TP MacServerTargetPlatform
[2017.11.08-19.33.45:691][  0]LogTemp: Display: Loaded TP MacTargetPlatform
[2017.11.08-19.33.45:747][  0]LogTemp: Display: Loaded TP WindowsClientTargetPlatform
[2017.11.08-19.33.45:809][  0]LogTemp: Display: Loaded TP WindowsNoEditorTargetPlatform
[2017.11.08-19.33.45:868][  0]LogTemp: Display: Loaded TP WindowsServerTargetPlatform
[2017.11.08-19.33.45:919][  0]LogTemp: Display: Loaded TP WindowsTargetPlatform
[2017.11.08-19.33.45:992][  0]LogTemp: Display: Loaded TP AndroidTargetPlatform
[2017.11.08-19.33.46:054][  0]LogTemp: Display: Loaded TP Android_ASTCTargetPlatform
[2017.11.08-19.33.46:110][  0]LogTemp: Display: Loaded TP Android_ATCTargetPlatform
[2017.11.08-19.33.46:165][  0]LogTemp: Display: Loaded TP Android_DXTTargetPlatform
[2017.11.08-19.33.46:225][  0]LogTemp: Display: Loaded TP Android_ETC1TargetPlatform
[2017.11.08-19.33.46:280][  0]LogTemp: Display: Loaded TP Android_ETC2TargetPlatform
[2017.11.08-19.33.46:384][  0]LogTemp: Display: Loaded TP Android_MultiTargetPlatform
[2017.11.08-19.33.46:384][  0]LogTemp: Display: Loaded TP Android_PVRTCTargetPlatform
[2017.11.08-19.33.46:432][  0]LogTemp: Display: Loaded TP HTML5TargetPlatform
[2017.11.08-19.33.46:560][  0]LogTemp: Display: Loaded TP IOSTargetPlatform
[2017.11.08-19.33.46:592][  0]LogTemp: Display: Loaded TP TVOSTargetPlatform
[2017.11.08-19.33.46:646][  0]LogTemp: Display: Loaded TP LinuxClientTargetPlatform
[2017.11.08-19.33.46:705][  0]LogTemp: Display: Loaded TP LinuxNoEditorTargetPlatform
[2017.11.08-19.33.46:759][  0]LogTemp: Display: Loaded TP LinuxServerTargetPlatform
[2017.11.08-19.33.46:826][  0]LogTemp: Display: Loaded TP LinuxTargetPlatform
[2017.11.08-19.33.46:826][  0]LogTargetPlatformManager: Display: Building Assets For Windows
[2017.11.08-19.33.48:123][  0]LogDerivedDataCache: Display: Max Cache Size: 512 MB
[2017.11.08-19.33.48:564][  0]LogDerivedDataCache: Loaded boot cache 0.44s 93MB C:/Users/Jonathan Oates/AppData/Local/UnrealEngine/4.17/DerivedDataCache/Boot.ddc.
[2017.11.08-19.33.48:564][  0]LogDerivedDataCache: Display: Loaded Boot cache: C:/Users/Jonathan Oates/AppData/Local/UnrealEngine/4.17/DerivedDataCache/Boot.ddc
[2017.11.08-19.33.48:565][  0]LogDerivedDataCache: FDerivedDataBackendGraph:  Pak pak cache file ../../../../../../Jonathan Oates/Documents/Repositories/ExperimentalGame_VR/KairosVR_new/DerivedDataCache/DDC.ddp not found, will not use a pak cache.
[2017.11.08-19.33.48:565][  0]LogDerivedDataCache: Unable to find inner node Pak for hierarchical cache Hierarchy.
[2017.11.08-19.33.48:565][  0]LogDerivedDataCache: FDerivedDataBackendGraph:  CompressedPak pak cache file ../../../../../../Jonathan Oates/Documents/Repositories/ExperimentalGame_VR/KairosVR_new/DerivedDataCache/Compressed.ddp not found, will not use a pak cache.
[2017.11.08-19.33.48:565][  0]LogDerivedDataCache: Unable to find inner node CompressedPak for hierarchical cache Hierarchy.
[2017.11.08-19.33.48:610][  0]LogDerivedDataCache: Display: Pak cache opened for reading ../../../Engine/DerivedDataCache/Compressed.ddp.
[2017.11.08-19.33.48:624][  0]LogDerivedDataCache: Using Local data cache path C:/Users/Jonathan Oates/AppData/Local/UnrealEngine/Common/DerivedDataCache: Writable
[2017.11.08-19.33.48:691][  0]LogMaterial: Verifying Global Shaders for PCD3D_SM5
[2017.11.08-19.33.48:748][  0]LogSlate: Using Freetype 2.6.0
[2017.11.08-19.33.48:779][  0]LogSlate: SlateFontCache - WITH_FREETYPE: 1, WITH_HARFBUZZ: 1
[2017.11.08-19.33.48:788][  0]LogSlate: SlateFontCache - WITH_FREETYPE: 1, WITH_HARFBUZZ: 1
[2017.11.08-19.33.54:970][  0]LogAssetRegistry: FAssetRegistry took 0.0660 seconds to start up
[2017.11.08-19.33.56:003][  0]LogInit: Selected Device Profile: [Windows]
[2017.11.08-19.34.00:127][  0]LogSimplygon: Simplygon DLL not present - disabling.
[2017.11.08-19.34.00:239][  0]LogMeshReduction: Using SimplygonSwarm for distributed automatic mesh merging
[2017.11.08-19.34.00:260][  0]LogMeshReduction: Using QuadricMeshReduction for automatic static mesh reduction
[2017.11.08-19.34.00:260][  0]LogMeshReduction: No automatic skeletal mesh reduction module available
[2017.11.08-19.34.00:260][  0]LogMeshReduction: No automatic mesh merging module available
[2017.11.08-19.34.00:260][  0]LogMeshMerging: No automatic mesh merging module available
[2017.11.08-19.34.00:523][  0]LogContentStreaming: Texture pool size is 0.00 MB
[2017.11.08-19.34.04:324][  0]LogNetVersion: KairosVR_new , NetCL: 3573198, EngineNetVer: 2, GameNetVer: 0 (Checksum: 3281661072)
[2017.11.08-19.34.06:344][  0]LogPackageLocalizationCache: Processed 5 localized package path(s) for 2 prioritized culture(s) in 0.122030 seconds
[2017.11.08-19.34.06:355][  0]LogUObjectArray: 35825 objects as part of root set at end of initial load.
[2017.11.08-19.34.06:355][  0]LogUObjectAllocator: 7529112 out of 0 bytes used by permanent object pool.
[2017.11.08-19.34.06:355][  0]LogUObjectArray: CloseDisregardForGC: 0/0 objects in disregard for GC pool
[2017.11.08-19.34.06:412][  0]LogInit: WinSock: version 1.1 (2.2), MaxSocks=32767, MaxUdp=65467
[2017.11.08-19.34.16:837][  0]LogTcpMessaging: Initializing TcpMessaging bridge
[2017.11.08-19.34.16:908][  0]LogUdpMessaging: Initializing bridge on interface 0.0.0.0:0 to multicast group 230.0.0.1:6666.
[2017.11.08-19.34.18:392][  0]LogMaterial: Uniform references updated for custom material expression Custom.
[2017.11.08-19.34.19:185][  0]SourceControl: Source control is disabled
[2017.11.08-19.34.19:185][  0]SourceControl: Source control is disabled
[2017.11.08-19.34.19:323][  0]SourceControl: Source control is disabled
[2017.11.08-19.34.19:421][  0]SourceControl: Source control is disabled
[2017.11.08-19.34.20:728][  0]LogAndroidPermission: UAndroidPermissionCallbackProxy::GetInstance
[2017.11.08-19.34.21:175][  0]LogOcInput: OculusInput pre-init called
[2017.11.08-19.34.21:874][  0]LogEngine: Initializing Engine...
[2017.11.08-19.34.21:934][  0]LogHMD: Failed to initialize OpenVR with code 110
[2017.11.08-19.34.22:386][  0]LogStats: UGameplayTagsManager::ConstructGameplayTagTree: Construct from data asset -  0.000 s
[2017.11.08-19.34.22:386][  0]LogStats: UGameplayTagsManager::ConstructGameplayTagTree: GameplayTagTreeChangedEvent.Broadcast -  0.000 s
[2017.11.08-19.34.22:811][  0]LogAIModule: Creating AISystem for world Untitled
[2017.11.08-19.34.22:968][  0]LogInit: XAudio2 using 'Speakers / Headphones (Realtek Audio)' : 2 channels at 48 kHz using 32 bits per sample (channel mask 0x3)
[2017.11.08-19.34.23:056][  0]LogInit: FAudioDevice initialized.
[2017.11.08-19.34.23:220][  0]LogDerivedDataCache: Saved boot cache 0.16s 93MB C:/Users/Jonathan Oates/AppData/Local/UnrealEngine/4.17/DerivedDataCache/Boot.ddc.
[2017.11.08-19.34.23:239][  0]LogInit: Texture streaming: Enabled
[2017.11.08-19.34.23:479][  0]LogEngineSessionManager: EngineSessionManager initialized
[2017.11.08-19.34.24:327][  0]LogInit: Transaction tracking system initialized
[2017.11.08-19.34.25:315][  0]BlueprintLog: New page: Editor Load
[2017.11.08-19.34.29:113][  0]LocalizationService: Localization service is disabled
[2017.11.08-19.34.31:603][  0]LogConsoleResponse: Display: 
[2017.11.08-19.34.33:169][  0]LogFileCache: Scanning file cache for directory 'D:/Jonathan Oates/Documents/Repositories/ExperimentalGame_VR/KairosVR_new/Content/' took 0.10s
[2017.11.08-19.34.33:169][  0]LogCook: Display: Max memory allowance for cook 16384mb min free memory 0mb
[2017.11.08-19.34.33:169][  0]LogCook: Display: Mobile HDR setting 1
[2017.11.08-19.34.33:176][  0]LogGameplayTags: Display: UGameplayTagsManager::DoneAddingNativeTags. DelegateIsBound: 0
[2017.11.08-19.34.37:080][  0]SourceControl: Source control is disabled
[2017.11.08-19.34.37:182][  0]Cmd: MAP LOAD FILE="../../../../../../Jonathan Oates/Documents/Repositories/ExperimentalGame_VR/KairosVR_new/Content/VirtualRealityBP/Maps/StartupMap.umap" TEMPLATE=0 SHOWPROGRESS=1 FEATURELEVEL=3
[2017.11.08-19.34.37:320][  0]LightingResults: New page: Lighting Build
[2017.11.08-19.34.37:541][  0]MapCheck: New page: Map Check
[2017.11.08-19.34.37:541][  0]LightingResults: New page: Lighting Build
[2017.11.08-19.34.37:776][  0]LogLinker: Warning: Can't find file '/Game/VirtualRealityBP/Maps/StartupMap_BuiltData'
[2017.11.08-19.34.37:776][  0]LogLinker: Warning: Can't find file for asset '/Game/VirtualRealityBP/Maps/StartupMap_BuiltData' while loading ../../../../../../Jonathan Oates/Documents/Repositories/ExperimentalGame_VR/KairosVR_new/Content/VirtualRealityBP/Maps/StartupMap.umap.
[2017.11.08-19.34.37:776][  0]LoadErrors: Error: /Game/VirtualRealityBP/Maps/StartupMap : Can't find file for asset. /Game/VirtualRealityBP/Maps/StartupMap_BuiltData
[2017.11.08-19.34.37:838][  0]LogLinker: Warning: Can't find file '/Game/VirtualRealityBP/Maps/StartupMap_BuiltData'
[2017.11.08-19.34.37:838][  0]LogLinker: Warning: Can't find file for asset '/Game/VirtualRealityBP/Maps/StartupMap_BuiltData' while loading ../../../../../../Jonathan Oates/Documents/Repositories/ExperimentalGame_VR/KairosVR_new/Content/VirtualRealityBP/Maps/StartupMap.umap.
[2017.11.08-19.34.37:838][  0]LoadErrors: Error: /Game/VirtualRealityBP/Maps/StartupMap : Can't find file for asset. /Game/VirtualRealityBP/Maps/StartupMap_BuiltData
[2017.11.08-19.34.37:884][  0]LogLinker: Warning: Can't find file '/Game/VirtualRealityBP/Maps/StartupMap_BuiltData'
[2017.11.08-19.34.37:884][  0]LoadErrors: Failed to load /Game/VirtualRealityBP/Maps/StartupMap_BuiltData.StartupMap_BuiltData Referenced by PersistentLevel
[2017.11.08-19.34.37:884][  0]LogLinker: Warning: Can't find file for asset '/Game/VirtualRealityBP/Maps/StartupMap_BuiltData' while loading NULL.
[2017.11.08-19.34.37:884][  0]LoadErrors: Failed to load /Game/VirtualRealityBP/Maps/StartupMap_BuiltData.StartupMap_BuiltData Referenced by PersistentLevel
[2017.11.08-19.34.38:293][  0]LogAIModule: Creating AISystem for world StartupMap
[2017.11.08-19.34.38:920][  0]LogEditorServer: Finished looking for orphan Actors (0.000 secs)
[2017.11.08-19.34.39:394][  0]Cmd: MAP CHECKDEP NOCLEARLOG
[2017.11.08-19.34.39:495][  0]MapCheck: Map check complete: 0 Error(s), 0 Warning(s), took 100.676ms to complete.
[2017.11.08-19.34.39:495][  0]LogFileHelpers: Loading map 'StartupMap' took 2.341
[2017.11.08-19.34.42:570][  0]LogCollectionManager: Loaded 0 collections in 0.001372 seconds
[2017.11.08-19.34.43:318][  0]LogFileCache: Scanning file cache for directory 'D:/Jonathan Oates/Documents/Repositories/ExperimentalGame_VR/KairosVR_new/Saved/Collections/' took 0.01s
[2017.11.08-19.34.43:318][  0]LogFileCache: Scanning file cache for directory 'D:/Jonathan Oates/Documents/Repositories/ExperimentalGame_VR/KairosVR_new/Content/Developers/JonathanOates/Collections/' took 0.01s
[2017.11.08-19.34.43:318][  0]LogFileCache: Scanning file cache for directory 'D:/Jonathan Oates/Documents/Repositories/ExperimentalGame_VR/KairosVR_new/Content/Collections/' took 0.01s
[2017.11.08-19.34.43:318][  0]LogCollectionManager: Rebuilt the GUID cache for 0 collections in 0.000001 seconds
[2017.11.08-19.34.43:412][  0]LogContentBrowser: Native class hierarchy populated in 0.0477 seconds. Added 2386 classes and 500 folders.
[2017.11.08-19.34.43:691][  0]LogContentBrowser: Native class hierarchy updated for 'WidgetCarousel' in 0.0125 seconds. Added 0 classes and 0 folders.
[2017.11.08-19.34.44:285][  0]LogContentBrowser: Native class hierarchy updated for 'AddContentDialog' in 0.0008 seconds. Added 0 classes and 0 folders.
[2017.11.08-19.34.44:559][  0]LogContentBrowser: Native class hierarchy updated for 'SceneOutliner' in 0.0010 seconds. Added 1 classes and 2 folders.
[2017.11.08-19.34.47:452][  0]LogSlate: Took 0.123478 seconds to synchronously load lazily loaded font '../../../Engine/Content/Slate/Fonts/Roboto-Regular.ttf' (155K)
[2017.11.08-19.34.47:529][  0]LogSlate: Took 0.034526 seconds to synchronously load lazily loaded font '../../../Engine/Content/Slate/Fonts/Roboto-Bold.ttf' (160K)
[2017.11.08-19.34.47:724][  0]LogSlate: Took 0.026482 seconds to synchronously load lazily loaded font '../../../Engine/Content/Editor/Slate/Fonts/FontAwesome.ttf' (139K)
[2017.11.08-19.34.48:648][  0]LogRenderer: Reallocating scene render targets to support 964x436 Format 26 NumSamples 1 (Frame:1).
[2017.11.08-19.34.50:150][  0]LogContentBrowser: Native class hierarchy updated for 'HierarchicalLODOutliner' in 0.0009 seconds. Added 1 classes and 2 folders.
[2017.11.08-19.34.50:150][  0]LogLoad: (Engine Initialization) Total time: 83.60 seconds
[2017.11.08-19.34.50:150][  0]LogLoad: (Engine Initialization) Total Blueprint compile time: 0.00 seconds
[2017.11.08-19.34.50:150][  0]LogExternalProfiler: No external profilers were discovered.  External profiling features will not be available.
[2017.11.08-19.34.50:580][  0]LogContentStreaming: Texture pool size now 1000 MB
[2017.11.08-19.34.51:538][  3]LogAssetRegistry: Asset discovery search completed in 56.5895 seconds
[2017.11.08-19.34.51:540][  3]LogCollectionManager: Rebuilt the object cache for 0 collections in 0.000000 seconds (found 0 objects)
[2017.11.08-19.34.51:540][  3]LogCollectionManager: Fixed up redirectors for 0 collections in 0.000137 seconds (updated 0 objects)
[2017.11.08-19.34.51:563][  3]LogSlate: Took 0.013352 seconds to synchronously load lazily loaded font '../../../Engine/Content/Slate/Fonts/Roboto-Light.ttf' (159K)
[2017.11.08-19.34.54:948][ 13]LogSlate: Took 0.000412 seconds to synchronously load lazily loaded font '../../../Engine/Content/Slate/Fonts/Roboto-Light.ttf' (159K)
[2017.11.08-19.37.01:147][282]LogSlate: Took 0.045750 seconds to synchronously load lazily loaded font '../../../Engine/Content/Slate/Fonts/Roboto-Light.ttf' (159K)
[2017.11.08-19.37.01:593][282]LogSlate: Took 0.001897 seconds to synchronously load lazily loaded font '../../../Engine/Content/Slate/Fonts/Roboto-Regular.ttf' (155K)
[2017.11.08-19.37.02:036][282]LogContentBrowser: Native class hierarchy updated for 'BlueprintGraph' in 0.0016 seconds. Added 113 classes and 0 folders.
[2017.11.08-19.37.03:411][282]LogSlate: Took 0.014148 seconds to synchronously load lazily loaded font '../../../Engine/Content/Editor/Slate/Fonts/Roboto-BoldCondensed.ttf' (158K)
[2017.11.08-19.37.05:603][386]LogSlate: Took 0.009931 seconds to synchronously load lazily loaded font '../../../Engine/Content/Editor/Slate/Fonts/Roboto-Italic.ttf' (157K)
[2017.11.08-19.38.06:588][467]BlueprintLog: New page: Compile BP_GenericShip
[2017.11.08-19.38.12:397][ 11]LogSavePackage: Save=259.76ms
[2017.11.08-19.38.12:397][ 11]LogSavePackage: Moving '../../../../../../Jonathan Oates/Documents/Repositories/ExperimentalGame_VR/KairosVR_new/Saved/BP_GenericShipA3709BF34DC35DB5AD860495C6C6FF79.tmp' to '../../../../../../Jonathan Oates/Documents/Repositories/ExperimentalGame_VR/KairosVR_new/Content/Blueprints/BP_GenericShip.uasset'
[2017.11.08-19.38.12:441][ 11]LogSavePackage: Display: Finished SavePackage ../../../../../../Jonathan Oates/Documents/Repositories/ExperimentalGame_VR/KairosVR_new/Content/Blueprints/BP_GenericShip.uasset
[2017.11.08-19.38.50:955][456]BlueprintLog: New page: Compile BP_GenericShip
[2017.11.08-19.38.53:503][687]LogSavePackage: Save=178.40ms
[2017.11.08-19.38.53:503][687]LogSavePackage: Moving '../../../../../../Jonathan Oates/Documents/Repositories/ExperimentalGame_VR/KairosVR_new/Saved/BP_GenericShip2B8DB3BE4477DA3BC8BF4EA95A9D5A49.tmp' to '../../../../../../Jonathan Oates/Documents/Repositories/ExperimentalGame_VR/KairosVR_new/Content/Blueprints/BP_GenericShip.uasset'
[2017.11.08-19.38.53:511][687]LogSavePackage: Display: Finished SavePackage ../../../../../../Jonathan Oates/Documents/Repositories/ExperimentalGame_VR/KairosVR_new/Content/Blueprints/BP_GenericShip.uasset
[2017.11.08-19.50.07:366][224]LogRenderer: Reallocating scene render targets to support 964x540 Format 26 NumSamples 1 (Frame:1).
[2017.11.08-19.56.04:253][ 53]BlueprintLog: New page: Compile BP_MotionController
[2017.11.08-19.56.04:557][ 53]LogBlueprint: Error: [Compiler BP_MotionController] This blueprint (self) is not a SceneComponent, therefore ' Target ' must have a connection.
[2017.11.08-19.56.04:557][ 53]LogBlueprint: Error: [Compiler BP_MotionController] This blueprint (self) is not a SceneComponent, therefore ' Target ' must have a connection.
[2017.11.08-19.56.04:557][ 53]LogBlueprint: Error: [Compiler BP_MotionController] This blueprint (self) is not a SceneComponent, therefore ' Target ' must have a connection.
[2017.11.08-19.56.04:557][ 53]LogBlueprint: Error: [Compiler BP_MotionController] This blueprint (self) is not a SceneComponent, therefore ' Target ' must have a connection.
[2017.11.08-19.56.04:557][ 53]LogBlueprint: Error: [Compiler BP_MotionController] This blueprint (self) is not a SceneComponent, therefore ' Target ' must have a connection.
[2017.11.08-19.56.04:558][ 53]LogBlueprint: Error: [Compiler BP_MotionController] This blueprint (self) is not a SceneComponent, therefore ' Target ' must have a connection.
[2017.11.08-19.56.04:558][ 53]LogBlueprint: Error: [Compiler BP_MotionController] This blueprint (self) is not a SceneComponent, therefore ' Target ' must have a connection.
[2017.11.08-19.56.04:558][ 53]LogBlueprint: Error: [Compiler BP_MotionController] This blueprint (self) is not a SceneComponent, therefore ' Target ' must have a connection.
[2017.11.08-19.56.04:558][ 53]LogBlueprint: Error: [Compiler BP_MotionController] This blueprint (self) is not a SceneComponent, therefore ' Target ' must have a connection.
[2017.11.08-19.56.04:558][ 53]LogBlueprint: Error: [Compiler BP_MotionController] This blueprint (self) is not a SceneComponent, therefore ' Target ' must have a connection.
[2017.11.08-19.56.04:558][ 53]LogBlueprint: Error: [Compiler BP_MotionController] This blueprint (self) is not a SceneComponent, therefore ' Target ' must have a connection.
[2017.11.08-19.56.04:558][ 53]LogBlueprint: Error: [Compiler BP_MotionController] This blueprint (self) is not a SceneComponent, therefore ' Target ' must have a connection.
[2017.11.08-19.56.04:558][ 53]LogBlueprint: Error: [Compiler BP_MotionController] This blueprint (self) is not a SceneComponent, therefore ' Target ' must have a connection.
[2017.11.08-19.56.04:558][ 53]LogBlueprint: Error: [Compiler BP_MotionController] This blueprint (self) is not a SceneComponent, therefore ' Target ' must have a connection.
[2017.11.08-19.56.04:558][ 53]LogBlueprint: Error: [Compiler BP_MotionController] This blueprint (self) is not a SceneComponent, therefore ' Target ' must have a connection.
[2017.11.08-19.56.04:934][ 53]LogBlueprint: Warning: [Compiler BP_MotionController] [1358.39] Compile of BP_MotionController failed. 15 Fatal Issue(s) 0 Warning(s) [in 680 ms] (/Game/VirtualRealityBP/Blueprints/BP_MotionController.BP_MotionController)
[2017.11.08-19.56.06:311][205]LogEditorTransaction: Undo Remove Components
[2017.11.08-19.56.06:695][242]LogEditorTransaction: Undo Remove Components
[2017.11.08-19.56.06:964][264]LogEditorTransaction: Undo Remove Components
[2017.11.08-19.56.07:220][287]LogEditorTransaction: Undo Remove Components
[2017.11.08-19.56.12:485][895]BlueprintLog: New page: Compile BP_MotionController
[2017.11.08-19.56.54:807][721]BlueprintLog: New page: Compile BP_MotionController
[2017.11.08-19.57.57:800][910]BlueprintLog: New page: Compile BP_MotionController
[2017.11.08-20.00.32:322][655]BlueprintLog: New page: Compile MotionControllerPawn
[2017.11.08-20.00.39:613][226]LogTemp: Executing iPhonePackager certificates Engine -bundlename com.YourCompany.KairosVRnew
[2017.11.08-20.00.39:613][226]LogTemp: CWD: D:\ProgramFiles\Epic Games\UE_4.17\Engine\Binaries\DotNET\IOS
[2017.11.08-20.00.39:613][226]LogTemp: Initial Dir: D:\ProgramFiles\Epic Games\UE_4.17
[2017.11.08-20.00.39:613][226]LogTemp: Env CWD: D:\ProgramFiles\Epic Games\UE_4.17\Engine\Binaries\DotNET\IOS
[2017.11.08-20.00.39:613][226]LogTemp: BranchPath = DESKTOP-QLCPO53/D/ProgramFiles/Epic Games/UE_4.17/Engine/Binaries --- GameBranchPath = DESKTOP-QLCPO53/D/ProgramFiles/Epic Games/UE_4.17/Engine/Binaries
[2017.11.08-20.00.39:613][226]LogTemp: IPP ERROR: Could not find provision directory 'C:\Users\Jonathan Oates\AppData\Local/Apple Computer/MobileDevice/Provisioning Profiles/'.
[2017.11.08-20.02.32:905][535]BlueprintLog: New page: Compile BP_MotionController
[2017.11.08-20.04.27:680][833]BlueprintLog: New page: Compile MotionControllerPawn
[2017.11.08-20.04.55:993][305]LogFileHelpers: Editor autosave (incl. sublevels) for '/Game/VirtualRealityBP/Maps/StartupMap' took 0.031
[2017.11.08-20.04.55:996][305]OBJ SavePackage: Generating thumbnails for [1] asset(s) in package [/Game/VirtualRealityBP/Blueprints/BP_MotionController] ([1] browsable assets)...
[2017.11.08-20.04.56:020][305]OBJ SavePackage:     Rendered thumbnail for [Blueprint /Game/VirtualRealityBP/Blueprints/BP_MotionController.BP_MotionController]
[2017.11.08-20.04.56:020][305]OBJ SavePackage: Finished generating thumbnails for package [/Game/VirtualRealityBP/Blueprints/BP_MotionController]
[2017.11.08-20.04.56:394][305]LogSavePackage: Save=367.08ms
[2017.11.08-20.04.56:394][305]LogSavePackage: Moving '../../../../../../Jonathan Oates/Documents/Repositories/ExperimentalGame_VR/KairosVR_new/Saved/BP_MotionController_Auto156AFD84842D9FDE39535D5A0C4A9E639.tmp' to '../../../../../../Jonathan Oates/Documents/Repositories/ExperimentalGame_VR/KairosVR_new/Saved/Autosaves/Game/VirtualRealityBP/Blueprints/BP_MotionController_Auto1.uasset'
[2017.11.08-20.04.56:397][305]LogSavePackage: Display: Finished SavePackage ../../../../../../Jonathan Oates/Documents/Repositories/ExperimentalGame_VR/KairosVR_new/Saved/Autosaves/Game/VirtualRealityBP/Blueprints/BP_MotionController_Auto1.uasset
[2017.11.08-20.04.56:399][305]OBJ SavePackage: Generating thumbnails for [0] asset(s) in package [/Game/VirtualRealityBP/Blueprints/MotionControllerPawn] ([1] browsable assets)...
[2017.11.08-20.04.56:399][305]OBJ SavePackage: Finished generating thumbnails for package [/Game/VirtualRealityBP/Blueprints/MotionControllerPawn]
[2017.11.08-20.04.56:558][305]LogSavePackage: Save=152.72ms
[2017.11.08-20.04.56:558][305]LogSavePackage: Moving '../../../../../../Jonathan Oates/Documents/Repositories/ExperimentalGame_VR/KairosVR_new/Saved/MotionControllerPawn_Auto125187C1D4B542F2061DCEA94FEFA1517.tmp' to '../../../../../../Jonathan Oates/Documents/Repositories/ExperimentalGame_VR/KairosVR_new/Saved/Autosaves/Game/VirtualRealityBP/Blueprints/MotionControllerPawn_Auto1.uasset'
[2017.11.08-20.04.56:561][305]LogSavePackage: Display: Finished SavePackage ../../../../../../Jonathan Oates/Documents/Repositories/ExperimentalGame_VR/KairosVR_new/Saved/Autosaves/Game/VirtualRealityBP/Blueprints/MotionControllerPawn_Auto1.uasset
[2017.11.08-20.04.56:562][305]LogFileHelpers: Auto-saving content packages took 0.568
[2017.11.08-20.06.15:167][430]AssetReimport: New page: Outstanding source content changes 10:06:15 AM
[2017.11.08-20.06.15:209][430]LogFactory: FactoryCreateFile: StaticMesh with FbxFactory (0 0 D:/Jonathan Oates/Documents/Repositories/ExperimentalGame_VR/KairosVR_new/Content/Assets/radialMenuWedge_1.fbx)
[2017.11.08-20.06.15:569][430]LogFbx: ItemName: GlobalSettings, ItemCount : 1
[2017.11.08-20.06.15:569][430]LogFbx: ItemName: AnimationStack, ItemCount : 1
[2017.11.08-20.06.15:569][430]LogFbx: ItemName: AnimationLayer, ItemCount : 1
[2017.11.08-20.06.15:569][430]LogFbx: ItemName: Geometry, ItemCount : 1
[2017.11.08-20.06.15:569][430]LogFbx: ItemName: Material, ItemCount : 1
[2017.11.08-20.06.15:569][430]LogFbx: ItemName: Model, ItemCount : 1
[2017.11.08-20.06.15:615][430]LogFbx: Loading FBX Scene from D:/Jonathan Oates/Documents/Repositories/ExperimentalGame_VR/KairosVR_new/Content/Assets/radialMenuWedge_1.fbx
[2017.11.08-20.06.15:686][430]LogFbx: FBX Scene Loaded Succesfully
[2017.11.08-20.06.18:683][430]LogFbx: Loading FBX Scene from D:/Jonathan Oates/Documents/Repositories/ExperimentalGame_VR/KairosVR_new/Content/Assets/radialMenuWedge_1.fbx
[2017.11.08-20.06.18:690][430]LogFbx: FBX Scene Loaded Succesfully
[2017.11.08-20.06.18:711][430]LogLinker: Can't find file '/Game/Assets/lambert1'
[2017.11.08-20.06.18:711][430]LogLinker: Can't find file '/Game/Assets/lambert1'
[2017.11.08-20.06.18:755][430]LogMaterial: Missing cached shader map for material lambert1, compiling. 
[2017.11.08-20.06.18:885][430]LogStaticMesh: Building static mesh radialMenuWedge_1...
[2017.11.08-20.06.18:916][430]LogStaticMesh: Built static mesh [0.03s] /Game/Assets/radialMenuWedge_1.radialMenuWedge_1
[2017.11.08-20.06.19:090][431]LogSavePackage: Save=13.43ms
[2017.11.08-20.06.19:090][431]LogSavePackage: Moving '../../../../../../Jonathan Oates/Documents/Repositories/ExperimentalGame_VR/KairosVR_new/Saved/radialMenuWedge_1C8B9D3114874C771DB127D840DCA15C7.tmp' to '../../../../../../Jonathan Oates/Documents/Repositories/ExperimentalGame_VR/KairosVR_new/Content/Assets/radialMenuWedge_1.uasset'
[2017.11.08-20.06.19:096][431]LogSavePackage: Display: Finished SavePackage ../../../../../../Jonathan Oates/Documents/Repositories/ExperimentalGame_VR/KairosVR_new/Content/Assets/radialMenuWedge_1.uasset
[2017.11.08-20.06.22:103][734]AssetReimport: Importing new asset /Game/Assets/radialMenuWedge_1.
[2017.11.08-20.06.24:544][956]LogMaterial: Missing cached shader map for material M_SkyBox, compiling. 
[2017.11.08-20.06.25:071][957]LogRenderer: Reallocating scene render targets to support 1144x708 Format 26 NumSamples 1 (Frame:1).
[2017.11.08-20.08.09:434][859]LogEditorTransaction: Undo Modify Component(s)
[2017.11.08-20.10.55:022][366]BlueprintLog: New page: Compile BP_MotionController
[2017.11.08-20.12.16:106][600]BlueprintLog: New page: Compile BP_MotionController
[2017.11.08-20.43.50:655][776]AssetReimport: New page: Outstanding source content changes 10:43:50 AM
[2017.11.08-20.43.50:685][776]LogFactory: FactoryCreateFile: StaticMesh with FbxFactory (0 0 D:/Jonathan Oates/Documents/Repositories/ExperimentalGame_VR/KairosVR_new/Content/Assets/radialMenuWedge_2.fbx)
[2017.11.08-20.43.50:689][776]LogFbx: ItemName: GlobalSettings, ItemCount : 1
[2017.11.08-20.43.50:689][776]LogFbx: ItemName: AnimationStack, ItemCount : 1
[2017.11.08-20.43.50:689][776]LogFbx: ItemName: AnimationLayer, ItemCount : 1
[2017.11.08-20.43.50:689][776]LogFbx: ItemName: Geometry, ItemCount : 1
[2017.11.08-20.43.50:689][776]LogFbx: ItemName: Material, ItemCount : 1
[2017.11.08-20.43.50:689][776]LogFbx: ItemName: Model, ItemCount : 1
[2017.11.08-20.43.50:694][776]LogFbx: Loading FBX Scene from D:/Jonathan Oates/Documents/Repositories/ExperimentalGame_VR/KairosVR_new/Content/Assets/radialMenuWedge_2.fbx
[2017.11.08-20.43.50:709][776]LogFbx: FBX Scene Loaded Succesfully
[2017.11.08-20.43.52:494][776]LogFbx: Loading FBX Scene from D:/Jonathan Oates/Documents/Repositories/ExperimentalGame_VR/KairosVR_new/Content/Assets/radialMenuWedge_2.fbx
[2017.11.08-20.43.52:500][776]LogFbx: FBX Scene Loaded Succesfully
[2017.11.08-20.43.52:508][776]LogStaticMesh: Building static mesh radialMenuWedge_2...
[2017.11.08-20.43.52:513][776]LogStaticMesh: Built static mesh [0.00s] /Game/Assets/radialMenuWedge_2.radialMenuWedge_2
[2017.11.08-20.43.52:553][777]LogFactory: FactoryCreateFile: StaticMesh with FbxFactory (0 0 D:/Jonathan Oates/Documents/Repositories/ExperimentalGame_VR/KairosVR_new/Content/Assets/radialMenuWedge_3.fbx)
[2017.11.08-20.43.52:559][777]LogFbx: ItemName: GlobalSettings, ItemCount : 1
[2017.11.08-20.43.52:559][777]LogFbx: ItemName: AnimationStack, ItemCount : 1
[2017.11.08-20.43.52:559][777]LogFbx: ItemName: AnimationLayer, ItemCount : 1
[2017.11.08-20.43.52:559][777]LogFbx: ItemName: Geometry, ItemCount : 1
[2017.11.08-20.43.52:559][777]LogFbx: ItemName: Material, ItemCount : 1
[2017.11.08-20.43.52:559][777]LogFbx: ItemName: Model, ItemCount : 1
[2017.11.08-20.43.52:564][777]LogFbx: Loading FBX Scene from D:/Jonathan Oates/Documents/Repositories/ExperimentalGame_VR/KairosVR_new/Content/Assets/radialMenuWedge_3.fbx
[2017.11.08-20.43.52:570][777]LogFbx: FBX Scene Loaded Succesfully
[2017.11.08-20.43.53:810][777]LogFbx: Loading FBX Scene from D:/Jonathan Oates/Documents/Repositories/ExperimentalGame_VR/KairosVR_new/Content/Assets/radialMenuWedge_3.fbx
[2017.11.08-20.43.53:818][777]LogFbx: FBX Scene Loaded Succesfully
[2017.11.08-20.43.53:832][777]LogStaticMesh: Building static mesh radialMenuWedge_3...
[2017.11.08-20.43.53:837][777]LogStaticMesh: Built static mesh [0.00s] /Game/Assets/radialMenuWedge_3.radialMenuWedge_3
[2017.11.08-20.43.53:898][778]LogSavePackage: Save=11.17ms
[2017.11.08-20.43.53:898][778]LogSavePackage: Moving '../../../../../../Jonathan Oates/Documents/Repositories/ExperimentalGame_VR/KairosVR_new/Saved/radialMenuWedge_2EAD6ACD3470957683A07A1B13244375C.tmp' to '../../../../../../Jonathan Oates/Documents/Repositories/ExperimentalGame_VR/KairosVR_new/Content/Assets/radialMenuWedge_2.uasset'
[2017.11.08-20.43.53:904][778]LogSavePackage: Display: Finished SavePackage ../../../../../../Jonathan Oates/Documents/Repositories/ExperimentalGame_VR/KairosVR_new/Content/Assets/radialMenuWedge_2.uasset
[2017.11.08-20.43.53:940][778]LogSavePackage: Save=10.75ms
[2017.11.08-20.43.53:940][778]LogSavePackage: Moving '../../../../../../Jonathan Oates/Documents/Repositories/ExperimentalGame_VR/KairosVR_new/Saved/radialMenuWedge_3CC09607B40402EC397E6ACB4E6A44D14.tmp' to '../../../../../../Jonathan Oates/Documents/Repositories/ExperimentalGame_VR/KairosVR_new/Content/Assets/radialMenuWedge_3.uasset'
[2017.11.08-20.43.53:946][778]LogSavePackage: Display: Finished SavePackage ../../../../../../Jonathan Oates/Documents/Repositories/ExperimentalGame_VR/KairosVR_new/Content/Assets/radialMenuWedge_3.uasset
[2017.11.08-20.43.56:966][958]AssetReimport: Importing new asset /Game/Assets/radialMenuWedge_2.
[2017.11.08-20.43.56:966][958]AssetReimport: Importing new asset /Game/Assets/radialMenuWedge_3.
[2017.11.08-20.45.11:503][408]BlueprintLog: New page: Compile BP_MotionController
[2017.11.08-20.46.06:977][676]BlueprintLog: New page: Compile BP_MotionController
[2017.11.08-20.51.25:924][ 12]LogSavePackage: Save=373.76ms
[2017.11.08-20.51.25:924][ 12]LogSavePackage: Moving '../../../../../../Jonathan Oates/Documents/Repositories/ExperimentalGame_VR/KairosVR_new/Saved/BP_MotionController5393C5544856A8BD9465A6A0118DE8E1.tmp' to '../../../../../../Jonathan Oates/Documents/Repositories/ExperimentalGame_VR/KairosVR_new/Content/VirtualRealityBP/Blueprints/BP_MotionController.uasset'
[2017.11.08-20.51.25:931][ 12]LogSavePackage: Display: Finished SavePackage ../../../../../../Jonathan Oates/Documents/Repositories/ExperimentalGame_VR/KairosVR_new/Content/VirtualRealityBP/Blueprints/BP_MotionController.uasset
[2017.11.08-20.51.26:084][ 12]LogSavePackage: Save=146.34ms
[2017.11.08-20.51.26:084][ 12]LogSavePackage: Moving '../../../../../../Jonathan Oates/Documents/Repositories/ExperimentalGame_VR/KairosVR_new/Saved/MotionControllerPawn408815B24C466979F52C7F8748CDD749.tmp' to '../../../../../../Jonathan Oates/Documents/Repositories/ExperimentalGame_VR/KairosVR_new/Content/VirtualRealityBP/Blueprints/MotionControllerPawn.uasset'
[2017.11.08-20.51.26:092][ 12]LogSavePackage: Display: Finished SavePackage ../../../../../../Jonathan Oates/Documents/Repositories/ExperimentalGame_VR/KairosVR_new/Content/VirtualRealityBP/Blueprints/MotionControllerPawn.uasset
[2017.11.08-20.51.26:115][ 12]Cmd: OBJ SAVEPACKAGE PACKAGE="/Game/Assets/lambert1" FILE="../../../../../../Jonathan Oates/Documents/Repositories/ExperimentalGame_VR/KairosVR_new/Content/Assets/lambert1.uasset" SILENT=true
[2017.11.08-20.51.26:129][ 12]LogSavePackage: Save=11.22ms
[2017.11.08-20.51.26:129][ 12]LogSavePackage: Moving '../../../../../../Jonathan Oates/Documents/Repositories/ExperimentalGame_VR/KairosVR_new/Saved/lambert14E72486045D025A1C330C9BCCD8D4E6C.tmp' to '../../../../../../Jonathan Oates/Documents/Repositories/ExperimentalGame_VR/KairosVR_new/Content/Assets/lambert1.uasset'
[2017.11.08-20.51.26:136][ 12]LogSavePackage: Display: Finished SavePackage ../../../../../../Jonathan Oates/Documents/Repositories/ExperimentalGame_VR/KairosVR_new/Content/Assets/lambert1.uasset
[2017.11.08-21.09.57:762][411]LogD3D11RHI: Timed out while waiting for GPU to catch up. (500 ms)
[2017.11.08-21.09.57:812][412]LogHttp: Warning: 000002677DD75480: request failed, libcurl error: 6 (Couldn't resolve host name)
[2017.11.08-21.09.57:812][412]LogHttp: Warning: 000002677DD75480: libcurl info message cache 0 (Connection 25 seems to be dead!)
[2017.11.08-21.09.57:812][412]LogHttp: Warning: 000002677DD75480: libcurl info message cache 1 (Closing connection 25)
[2017.11.08-21.09.57:812][412]LogHttp: Warning: 000002677DD75480: libcurl info message cache 2 (Could not resolve host: datarouter.ol.epicgames.com)
[2017.11.08-21.09.57:812][412]LogHttp: Warning: 000002677DD75480: libcurl info message cache 3 (Closing connection 26)
