Log file open, 11/05/17 14:18:07
LogWindows: Failed to load 'aqProf.dll' (GetLastError=126)
LogWindows: File 'aqProf.dll' does not exist
LogWindows: Failed to load 'VtuneApi.dll' (GetLastError=126)
LogWindows: File 'VtuneApi.dll' does not exist
LogWindows: Failed to load 'VtuneApi32e.dll' (GetLastError=126)
LogWindows: File 'VtuneApi32e.dll' does not exist
LogInit: Display: Running engine for game: KairosVR
LogPlatformFile: Not using cached read wrapper
LogInit: Display: RandInit(-839589748) SRandInit(-839589748).
LogTaskGraph: Started task graph with 5 named threads and 14 total threads with 3 sets of task threads.
LogStats: Stats thread started at 0.236498
LogD3D11RHI: Aftermath initialized
LogPluginManager: Mounting plugin Paper2D
LogPluginManager: Mounting plugin LightPropagationVolume
LogPluginManager: Mounting plugin CodeLiteSourceCodeAccess
LogPluginManager: Mounting plugin GitSourceControl
LogPluginManager: Mounting plugin KDevelopSourceCodeAccess
LogPluginManager: Mounting plugin NullSourceCodeAccess
LogPluginManager: Mounting plugin PerforceSourceControl
LogPluginManager: Mounting plugin SubversionSourceControl
LogPluginManager: Mounting plugin UObjectPlugin
LogPluginManager: Mounting plugin VisualStudioSourceCodeAccess
LogPluginManager: Mounting plugin XCodeSourceCodeAccess
LogPluginManager: Mounting plugin AssetManagerEditor
LogPluginManager: Mounting plugin AudioCapture
LogPluginManager: Mounting plugin FacialAnimation
LogPluginManager: Mounting plugin GameplayTagsEditor
LogPluginManager: Mounting plugin MobileLauncherProfileWizard
LogPluginManager: Mounting plugin PluginBrowser
LogPluginManager: Mounting plugin SpeedTreeImporter
LogPluginManager: Mounting plugin AlembicImporter
LogPluginManager: Mounting plugin CharacterAI
LogPluginManager: Mounting plugin HTML5Networking
LogPluginManager: Mounting plugin AndroidMedia
LogPluginManager: Mounting plugin AvfMedia
LogPluginManager: Mounting plugin MediaPlayerEditor
LogPluginManager: Mounting plugin WmfMedia
LogPluginManager: Mounting plugin TcpMessaging
LogPluginManager: Mounting plugin UdpMessaging
LogPluginManager: Mounting plugin LevelSequenceEditor
LogPluginManager: Mounting plugin MatineeToLevelSequence
LogPluginManager: Mounting plugin OnlineSubsystemGooglePlay
LogPluginManager: Mounting plugin OnlineSubsystemIOS
LogPluginManager: Mounting plugin OnlineSubsystem
LogPluginManager: Mounting plugin OnlineSubsystemNull
LogPluginManager: Mounting plugin OnlineSubsystemUtils
LogPluginManager: Mounting plugin AndroidDeviceProfileSelector
LogPluginManager: Mounting plugin AndroidMoviePlayer
LogPluginManager: Mounting plugin AndroidPermission
LogPluginManager: Mounting plugin AppleMoviePlayer
LogPluginManager: Mounting plugin ArchVisCharacter
LogPluginManager: Mounting plugin CableComponent
LogPluginManager: Mounting plugin CustomMeshComponent
LogPluginManager: Mounting plugin ExampleDeviceProfileSelector
LogPluginManager: Mounting plugin GoogleCloudMessaging
LogPluginManager: Mounting plugin ImmediatePhysics
LogPluginManager: Mounting plugin IOSDeviceProfileSelector
LogPluginManager: Mounting plugin LinuxDeviceProfileSelector
LogPluginManager: Mounting plugin LocationServicesBPLibrary
LogPluginManager: Mounting plugin MobilePatchingUtils
LogPluginManager: Mounting plugin OculusVR
LogPluginManager: Mounting plugin PhysXVehicles
LogPluginManager: Mounting plugin ProceduralMeshComponent
LogPluginManager: Mounting plugin RuntimePhysXCooking
LogPluginManager: Mounting plugin SteamVR
LogPluginManager: Mounting plugin WindowsMoviePlayer
LogInit: Using libcurl 7.47.1
LogInit:  - built for x86_64-pc-win32
LogInit:  - supports SSL with OpenSSL/1.0.2g
LogInit:  - supports HTTP deflate (compression) using libz 1.2.8
LogInit:  - other features:
LogInit:      CURL_VERSION_SSL
LogInit:      CURL_VERSION_LIBZ
LogInit:      CURL_VERSION_IPV6
LogInit:      CURL_VERSION_ASYNCHDNS
LogInit:      CURL_VERSION_LARGEFILE
LogInit:      CURL_VERSION_IDN
LogInit:  CurlRequestOptions (configurable via config and command line):
LogInit:  - bVerifyPeer = false  - Libcurl will NOT verify peer certificate
LogInit:  - bUseHttpProxy = false  - Libcurl will NOT use HTTP proxy
LogInit:  - bDontReuseConnections = false  - Libcurl will reuse connections
LogInit:  - CertBundlePath = nullptr  - Libcurl will use whatever was configured at build time.
LogInit: Build: ++UE4+Release-4.17-CL-3658906
LogInit: Engine Version: 4.17.2-3658906+++UE4+Release-4.17
LogInit: Compatible Engine Version: 4.17.0-3573198+++UE4+Release-4.17
LogInit: Net CL: 3573198
LogDevObjectVersion: Number of dev versions registered: 16
LogDevObjectVersion:   Dev-Blueprints (B0D832E4-1F89-4F0D-ACCF-7EB736FD4AA2): 10
LogDevObjectVersion:   Dev-Build (E1C64328-A22C-4D53-A36C-8E866417BD8C): 0
LogDevObjectVersion:   Dev-Core (375EC13C-06E4-48FB-B500-84F0262A717E): 2
LogDevObjectVersion:   Dev-Editor (E4B068ED-F494-42E9-A231-DA0B2E46BB41): 20
LogDevObjectVersion:   Dev-Framework (CFFC743F-43B0-4480-9391-14DF171D2073): 28
LogDevObjectVersion:   Dev-Mobile (B02B49B5-BB20-44E9-A304-32B752E40360): 0
LogDevObjectVersion:   Dev-Networking (A4E4105C-59A1-49B5-A7C5-40C4547EDFEE): 0
LogDevObjectVersion:   Dev-Online (39C831C9-5AE6-47DC-9A44-9C173E1C8E7C): 0
LogDevObjectVersion:   Dev-Physics (78F01B33-EBEA-4F98-B9B4-84EACCB95AA2): 0
LogDevObjectVersion:   Dev-Platform (6631380F-2D4D-43E0-8009-CF276956A95A): 0
LogDevObjectVersion:   Dev-Rendering (12F88B9F-8875-4AFC-A67C-D90C383ABD29): 19
LogDevObjectVersion:   Dev-Sequencer (7B5AE74C-D270-4C10-A958-57980B212A5A): 4
LogDevObjectVersion:   Dev-VR (D7296918-1DD6-4BDD-9DE2-64A83CC13884): 0
LogDevObjectVersion:   Dev-LoadTimes (C2A15278-BFE7-4AFE-6C17-90FF531DF755): 1
LogDevObjectVersion:   Private-Geometry (6EACA3D4-40EC-4CC1-B786-8BED09428FC5): 1
LogDevObjectVersion:   Dev-AnimPhys (29E575DD-E0A3-4627-9D10-D276232CDCEA): 7
LogInit: Compiled (64-bit): Sep 22 2017 13:47:16
LogInit: Compiled with Visual C++: 19.00.24215.01
LogInit: Build Configuration: Development
LogInit: Branch Name: ++UE4+Release-4.17
LogInit: Command line: -EpicPortal 
LogInit: Base directory: C:/Program Files/Epic Games/UE_4.17/Engine/Binaries/Win64/
LogInit: Installed Engine Build: 1
LogInit: Presizing for max 8388607 objects, including 0 objects not considered by GC, pre-allocating 0 bytes for permanent pool.
LogInit: Object subsystem initialized
[2017.11.05-19.18.09:003][  0]LogInit: Selected Device Profile: [Windows]
[2017.11.05-19.18.09:003][  0]LogInit: Applying CVar settings loaded from the selected device profile: [Windows]
[2017.11.05-19.18.09:034][  0]LogInit: Computer: DESKTOP-G1FM37K
[2017.11.05-19.18.09:034][  0]LogInit: User: JonathanOates
[2017.11.05-19.18.09:034][  0]LogInit: CPU Page size=4096, Cores=4
[2017.11.05-19.18.09:034][  0]LogInit: High frequency timer resolution =4.311345 MHz
[2017.11.05-19.18.09:034][  0]LogMemory: Memory total: Physical=31.9GB (32GB approx)
[2017.11.05-19.18.09:035][  0]LogMemory: Platform Memory Stats for Windows
[2017.11.05-19.18.09:035][  0]LogMemory: Process Physical Memory: 279.27 MB used, 279.27 MB peak
[2017.11.05-19.18.09:035][  0]LogMemory: Process Virtual Memory: 274.56 MB used, 274.56 MB peak
[2017.11.05-19.18.09:035][  0]LogMemory: Physical Memory: 6718.67 MB used,  25945.93 MB free, 32664.60 MB total
[2017.11.05-19.18.09:035][  0]LogMemory: Virtual Memory: 655.02 MB used,  25945.93 MB free, 134217728.00 MB total
[2017.11.05-19.18.09:436][  0]LogInit: Using OS detected language (en-US).
[2017.11.05-19.18.09:436][  0]LogInit: Using OS detected locale (en-US).
[2017.11.05-19.18.09:442][  0]LogTextLocalizationManager: No specific localization for 'en-US' exists, so the 'en' localization will be used.
[2017.11.05-19.18.10:445][  0]LogD3D11RHI: D3D11 adapters:
[2017.11.05-19.18.10:476][  0]LogD3D11RHI:    0. 'NVIDIA GeForce GTX 1080' (Feature Level 11_0)
[2017.11.05-19.18.10:476][  0]LogD3D11RHI:       8144/0/16332 MB DedicatedVideo/DedicatedSystem/SharedSystem, Outputs:2, VendorId:0x10de
[2017.11.05-19.18.10:478][  0]LogD3D11RHI:    1. 'Microsoft Basic Render Driver' (Feature Level 11_0)
[2017.11.05-19.18.10:478][  0]LogD3D11RHI:       0/0/16332 MB DedicatedVideo/DedicatedSystem/SharedSystem, Outputs:0, VendorId:0x1414
[2017.11.05-19.18.10:478][  0]LogD3D11RHI: Chosen D3D11 Adapter: 0
[2017.11.05-19.18.10:491][  0]LogD3D11RHI: Creating new Direct3DDevice
[2017.11.05-19.18.10:491][  0]LogD3D11RHI:     GPU DeviceId: 0x1b80 (for the marketing name, search the web for "GPU Device Id")
[2017.11.05-19.18.10:491][  0]LogWindows: EnumDisplayDevices:
[2017.11.05-19.18.10:491][  0]LogWindows:    0. 'NVIDIA GeForce GTX 1080' (P:1 D:1)
[2017.11.05-19.18.10:492][  0]LogWindows:    1. 'NVIDIA GeForce GTX 1080' (P:0 D:1)
[2017.11.05-19.18.10:492][  0]LogWindows:    2. 'NVIDIA GeForce GTX 1080' (P:0 D:0)
[2017.11.05-19.18.10:492][  0]LogWindows:    3. 'NVIDIA GeForce GTX 1080' (P:0 D:0)
[2017.11.05-19.18.10:493][  0]LogWindows: DebugString: FoundDriverCount:4 
[2017.11.05-19.18.10:493][  0]LogD3D11RHI:     Adapter Name: NVIDIA GeForce GTX 1080
[2017.11.05-19.18.10:493][  0]LogD3D11RHI:   Driver Version: 376.53 (internal:21.21.13.7653, unified:376.53)
[2017.11.05-19.18.10:493][  0]LogD3D11RHI:      Driver Date: 12-29-2016
[2017.11.05-19.18.10:493][  0]LogRHI: Texture pool is 1361 MB (70% of 1945 MB)
[2017.11.05-19.18.10:514][  0]LogD3D11RHI: Async texture creation enabled
[2017.11.05-19.18.10:526][  0]LogD3D11RHI: GPU Timing Frequency: 1000.000000 (Debug: 2 1)
[2017.11.05-19.18.10:627][  0]LogShaderCompilers: Guid format shader working directory is -34 characters bigger than the processId version (../../../../../../Users/Jonathan Oates/Desktop/Repositories/ExperimentalGame_VR/KairosVR/Intermediate/Shaders/WorkingDirectory/39744/).
[2017.11.05-19.18.10:628][  0]LogShaderCompilers: Cleaned the shader compiler working directory 'C:/Users/Jonathan Oates/AppData/Local/Temp/UnrealShaderWorkingDir/C9D2C30D4EE31A190ED30AB37AC715F4/'.
[2017.11.05-19.18.10:628][  0]LogShaderCompilers: Display: Using Local Shader Compiler.
[2017.11.05-19.18.12:246][  0]LogTemp: Display: Loaded TP AllDesktopTargetPlatform
[2017.11.05-19.18.12:374][  0]LogTemp: Display: Loaded TP MacClientTargetPlatform
[2017.11.05-19.18.12:498][  0]LogTemp: Display: Loaded TP MacNoEditorTargetPlatform
[2017.11.05-19.18.12:631][  0]LogTemp: Display: Loaded TP MacServerTargetPlatform
[2017.11.05-19.18.12:756][  0]LogTemp: Display: Loaded TP MacTargetPlatform
[2017.11.05-19.18.12:883][  0]LogTemp: Display: Loaded TP WindowsClientTargetPlatform
[2017.11.05-19.18.13:009][  0]LogTemp: Display: Loaded TP WindowsNoEditorTargetPlatform
[2017.11.05-19.18.13:135][  0]LogTemp: Display: Loaded TP WindowsServerTargetPlatform
[2017.11.05-19.18.13:253][  0]LogTemp: Display: Loaded TP WindowsTargetPlatform
[2017.11.05-19.18.13:378][  0]LogTemp: Display: Loaded TP AndroidTargetPlatform
[2017.11.05-19.18.13:502][  0]LogTemp: Display: Loaded TP Android_ASTCTargetPlatform
[2017.11.05-19.18.13:626][  0]LogTemp: Display: Loaded TP Android_ATCTargetPlatform
[2017.11.05-19.18.13:755][  0]LogTemp: Display: Loaded TP Android_DXTTargetPlatform
[2017.11.05-19.18.13:878][  0]LogTemp: Display: Loaded TP Android_ETC1TargetPlatform
[2017.11.05-19.18.13:999][  0]LogTemp: Display: Loaded TP Android_ETC2TargetPlatform
[2017.11.05-19.18.14:247][  0]LogTemp: Display: Loaded TP Android_MultiTargetPlatform
[2017.11.05-19.18.14:247][  0]LogTemp: Display: Loaded TP Android_PVRTCTargetPlatform
[2017.11.05-19.18.14:354][  0]LogTemp: Display: Loaded TP HTML5TargetPlatform
[2017.11.05-19.18.14:549][  0]LogTemp: Display: Loaded TP IOSTargetPlatform
[2017.11.05-19.18.14:615][  0]LogTemp: Display: Loaded TP TVOSTargetPlatform
[2017.11.05-19.18.14:742][  0]LogTemp: Display: Loaded TP LinuxClientTargetPlatform
[2017.11.05-19.18.14:866][  0]LogTemp: Display: Loaded TP LinuxNoEditorTargetPlatform
[2017.11.05-19.18.14:989][  0]LogTemp: Display: Loaded TP LinuxServerTargetPlatform
[2017.11.05-19.18.15:111][  0]LogTemp: Display: Loaded TP LinuxTargetPlatform
[2017.11.05-19.18.15:111][  0]LogTargetPlatformManager: Display: Building Assets For Windows
[2017.11.05-19.18.16:366][  0]LogDerivedDataCache: Display: Max Cache Size: 512 MB
[2017.11.05-19.18.16:532][  0]LogDerivedDataCache: Loaded boot cache 0.17s 106MB C:/Users/Jonathan Oates/AppData/Local/UnrealEngine/4.17/DerivedDataCache/Boot.ddc.
[2017.11.05-19.18.16:532][  0]LogDerivedDataCache: Display: Loaded Boot cache: C:/Users/Jonathan Oates/AppData/Local/UnrealEngine/4.17/DerivedDataCache/Boot.ddc
[2017.11.05-19.18.16:532][  0]LogDerivedDataCache: FDerivedDataBackendGraph:  Pak pak cache file ../../../../../../Users/Jonathan Oates/Desktop/Repositories/ExperimentalGame_VR/KairosVR/DerivedDataCache/DDC.ddp not found, will not use a pak cache.
[2017.11.05-19.18.16:532][  0]LogDerivedDataCache: Unable to find inner node Pak for hierarchical cache Hierarchy.
[2017.11.05-19.18.16:532][  0]LogDerivedDataCache: FDerivedDataBackendGraph:  CompressedPak pak cache file ../../../../../../Users/Jonathan Oates/Desktop/Repositories/ExperimentalGame_VR/KairosVR/DerivedDataCache/Compressed.ddp not found, will not use a pak cache.
[2017.11.05-19.18.16:532][  0]LogDerivedDataCache: Unable to find inner node CompressedPak for hierarchical cache Hierarchy.
[2017.11.05-19.18.16:556][  0]LogDerivedDataCache: Display: Pak cache opened for reading ../../../Engine/DerivedDataCache/Compressed.ddp.
[2017.11.05-19.18.16:570][  0]LogDerivedDataCache: Using Local data cache path C:/Users/Jonathan Oates/AppData/Local/UnrealEngine/Common/DerivedDataCache: Writable
[2017.11.05-19.18.16:587][  0]LogMaterial: Verifying Global Shaders for PCD3D_SM5
[2017.11.05-19.18.16:587][  0]LogSlate: Using Freetype 2.6.0
[2017.11.05-19.18.16:588][  0]LogSlate: SlateFontCache - WITH_FREETYPE: 1, WITH_HARFBUZZ: 1
[2017.11.05-19.18.16:588][  0]LogSlate: SlateFontCache - WITH_FREETYPE: 1, WITH_HARFBUZZ: 1
[2017.11.05-19.18.17:035][  0]LogAssetRegistry: FAssetRegistry took 0.0290 seconds to start up
[2017.11.05-19.18.17:277][  0]LogInit: Selected Device Profile: [Windows]
[2017.11.05-19.18.17:530][  0]LogContentStreaming: Texture pool size is 0.00 MB
[2017.11.05-19.18.18:228][  0]LogSimplygon: Simplygon DLL not present - disabling.
[2017.11.05-19.18.18:342][  0]LogMeshReduction: Using SimplygonSwarm for distributed automatic mesh merging
[2017.11.05-19.18.18:342][  0]LogMeshReduction: Using QuadricMeshReduction for automatic static mesh reduction
[2017.11.05-19.18.18:343][  0]LogMeshReduction: No automatic skeletal mesh reduction module available
[2017.11.05-19.18.18:343][  0]LogMeshReduction: No automatic mesh merging module available
[2017.11.05-19.18.18:343][  0]LogMeshMerging: No automatic mesh merging module available
[2017.11.05-19.18.18:933][  0]LogNetVersion: KairosVR , NetCL: 3573198, EngineNetVer: 2, GameNetVer: 0 (Checksum: 2146758158)
[2017.11.05-19.18.19:371][  0]LogPackageLocalizationCache: Processed 5 localized package path(s) for 2 prioritized culture(s) in 0.112812 seconds
[2017.11.05-19.18.19:379][  0]LogUObjectArray: 35825 objects as part of root set at end of initial load.
[2017.11.05-19.18.19:379][  0]LogUObjectAllocator: 7529112 out of 0 bytes used by permanent object pool.
[2017.11.05-19.18.19:379][  0]LogUObjectArray: CloseDisregardForGC: 0/0 objects in disregard for GC pool
[2017.11.05-19.18.19:559][  0]LogInit: WinSock: version 1.1 (2.2), MaxSocks=32767, MaxUdp=65467
[2017.11.05-19.18.25:082][  0]LogTcpMessaging: Initializing TcpMessaging bridge
[2017.11.05-19.18.25:164][  0]LogUdpMessaging: Initializing bridge on interface 0.0.0.0:0 to multicast group 230.0.0.1:6666.
[2017.11.05-19.18.26:780][  0]LogMaterial: Uniform references updated for custom material expression Custom.
[2017.11.05-19.18.27:787][  0]SourceControl: Source control is disabled
[2017.11.05-19.18.27:787][  0]SourceControl: Source control is disabled
[2017.11.05-19.18.27:926][  0]SourceControl: Source control is disabled
[2017.11.05-19.18.28:069][  0]SourceControl: Source control is disabled
[2017.11.05-19.18.29:752][  0]LogAndroidPermission: UAndroidPermissionCallbackProxy::GetInstance
[2017.11.05-19.18.30:468][  0]LogOcInput: OculusInput pre-init called
[2017.11.05-19.18.31:182][  0]LogEngine: Initializing Engine...
[2017.11.05-19.18.31:275][  0]LogHMD: SteamVR initialized.  Driver: lighthouse  Display: LHR-E7E95ADB
[2017.11.05-19.18.31:651][  0]LogStats: UGameplayTagsManager::ConstructGameplayTagTree: Construct from data asset -  0.000 s
[2017.11.05-19.18.31:652][  0]LogStats: UGameplayTagsManager::ConstructGameplayTagTree: GameplayTagTreeChangedEvent.Broadcast -  0.000 s
[2017.11.05-19.18.32:013][  0]LogAIModule: Creating AISystem for world Untitled
[2017.11.05-19.18.32:125][  0]LogInit: XAudio2 using 'HTC-VIVE-C (NVIDIA High Definition Audio)' : 2 channels at 48 kHz using 16 bits per sample (channel mask 0x3)
[2017.11.05-19.18.32:145][  0]LogInit: FAudioDevice initialized.
[2017.11.05-19.18.32:358][  0]LogDerivedDataCache: Saved boot cache 0.21s 106MB C:/Users/Jonathan Oates/AppData/Local/UnrealEngine/4.17/DerivedDataCache/Boot.ddc.
[2017.11.05-19.18.32:386][  0]LogInit: Texture streaming: Enabled
[2017.11.05-19.18.32:672][  0]LogEngineSessionManager: EngineSessionManager initialized
[2017.11.05-19.18.33:292][  0]LogInit: Transaction tracking system initialized
[2017.11.05-19.18.34:141][  0]BlueprintLog: New page: Editor Load
[2017.11.05-19.18.36:621][  0]LocalizationService: Localization service is disabled
[2017.11.05-19.18.38:498][  0]LogConsoleResponse: Display: 
[2017.11.05-19.18.39:184][  0]LogCook: Display: Max memory allowance for cook 16384mb min free memory 0mb
[2017.11.05-19.18.39:184][  0]LogCook: Display: Mobile HDR setting 1
[2017.11.05-19.18.39:185][  0]LogGameplayTags: Display: UGameplayTagsManager::DoneAddingNativeTags. DelegateIsBound: 0
[2017.11.05-19.18.40:250][  0]LogFileCache: Scanning file cache for directory 'C:/Users/Jonathan Oates/Desktop/Repositories/ExperimentalGame_VR/KairosVR/Content/' took 0.02s
[2017.11.05-19.18.42:002][  0]SourceControl: Source control is disabled
[2017.11.05-19.18.42:003][  0]Cmd: MAP LOAD FILE="../../../../../../Users/Jonathan Oates/Desktop/Repositories/ExperimentalGame_VR/KairosVR/Content/Levels/ShipInterior.umap" TEMPLATE=0 SHOWPROGRESS=1 FEATURELEVEL=3
[2017.11.05-19.18.42:004][  0]LightingResults: New page: Lighting Build
[2017.11.05-19.18.42:116][  0]MapCheck: New page: Map Check
[2017.11.05-19.18.42:116][  0]LightingResults: New page: Lighting Build
[2017.11.05-19.18.42:604][  0]LogLinker: Warning: Can't find file '/Game/VirtualRealityBP/Blueprints/GripEnum'
[2017.11.05-19.18.42:604][  0]LogLinker: Warning: Can't find file for asset '/Game/VirtualRealityBP/Blueprints/GripEnum' while loading ../../../../../../Users/Jonathan Oates/Desktop/Repositories/ExperimentalGame_VR/KairosVR/Content/VirutalRealityTemplateContent/VirtualReality/Mannequin/Animations/RightHand_AnimBP.uasset.
[2017.11.05-19.18.42:604][  0]LoadErrors: Error: /Game/VirutalRealityTemplateContent/VirtualReality/Mannequin/Animations/RightHand_AnimBP : Can't find file for asset. /Game/VirtualRealityBP/Blueprints/GripEnum
[2017.11.05-19.18.42:607][  0]LogLinker: Warning: Can't find file '/Game/VirtualRealityBP/Blueprints/GripEnum'
[2017.11.05-19.18.42:607][  0]LogLinker: Warning: Can't find file for asset '/Game/VirtualRealityBP/Blueprints/GripEnum' while loading ../../../../../../Users/Jonathan Oates/Desktop/Repositories/ExperimentalGame_VR/KairosVR/Content/VirutalRealityTemplateContent/VirtualReality/Mannequin/Animations/RightHand_AnimBP.uasset.
[2017.11.05-19.18.42:607][  0]LoadErrors: Error: /Game/VirutalRealityTemplateContent/VirtualReality/Mannequin/Animations/RightHand_AnimBP : Can't find file for asset. /Game/VirtualRealityBP/Blueprints/GripEnum
[2017.11.05-19.18.42:608][  0]LogLinker: Warning: Can't find file '/Game/VirtualRealityBP/Blueprints/GripEnum'
[2017.11.05-19.18.42:609][  0]LoadErrors: Failed to load /Game/VirtualRealityBP/Blueprints/GripEnum.GripEnum Referenced by GripState
[2017.11.05-19.18.42:609][  0]LogLinker: Warning: Can't find file for asset '/Game/VirtualRealityBP/Blueprints/GripEnum' while loading ../../../../../../Users/Jonathan Oates/Desktop/Repositories/ExperimentalGame_VR/KairosVR/Content/Blueprints/BP_MotionController.uasset.
[2017.11.05-19.18.42:609][  0]LoadErrors: Failed to load /Game/VirtualRealityBP/Blueprints/GripEnum.GripEnum Referenced by GripState
[2017.11.05-19.18.42:609][  0]LoadErrors: Error: /Game/Blueprints/BP_MotionController : Can't find file for asset. /Game/VirtualRealityBP/Blueprints/GripEnum
[2017.11.05-19.18.42:609][  0]LogLinker: Warning: Can't find file '/Game/VirtualRealityBP/Blueprints/GripEnum'
[2017.11.05-19.18.42:609][  0]LogLinker: Warning: Can't find file for asset '/Game/VirtualRealityBP/Blueprints/GripEnum' while loading ../../../../../../Users/Jonathan Oates/Desktop/Repositories/ExperimentalGame_VR/KairosVR/Content/Blueprints/BP_MotionController.uasset.
[2017.11.05-19.18.42:609][  0]LoadErrors: Error: /Game/Blueprints/BP_MotionController : Can't find file for asset. /Game/VirtualRealityBP/Blueprints/GripEnum
[2017.11.05-19.18.42:610][  0]LogLinker: Warning: Can't find file '/Game/VirtualRealityBP/Blueprints/GripEnum'
[2017.11.05-19.18.42:610][  0]LogLinker: Warning: Can't find file for asset '/Game/VirtualRealityBP/Blueprints/GripEnum' while loading ../../../../../../Users/Jonathan Oates/Desktop/Repositories/ExperimentalGame_VR/KairosVR/Content/Blueprints/BP_MotionController.uasset.
[2017.11.05-19.18.42:610][  0]LoadErrors: Error: /Game/Blueprints/BP_MotionController : Can't find file for asset. /Game/VirtualRealityBP/Blueprints/GripEnum
[2017.11.05-19.18.42:611][  0]LogLinker: Warning: Can't find file '/Game/VirtualRealityBP/Blueprints/GripEnum'
[2017.11.05-19.18.42:611][  0]LoadErrors: Failed to load /Game/VirtualRealityBP/Blueprints/GripEnum.GripEnum Referenced by RightHand_AnimBP
[2017.11.05-19.18.42:611][  0]LogLinker: Warning: Can't find file for asset '/Game/VirtualRealityBP/Blueprints/GripEnum' while loading ../../../../../../Users/Jonathan Oates/Desktop/Repositories/ExperimentalGame_VR/KairosVR/Content/Blueprints/BP_MotionController.uasset.
[2017.11.05-19.18.42:611][  0]LoadErrors: Failed to load /Game/VirtualRealityBP/Blueprints/GripEnum.GripEnum Referenced by RightHand_AnimBP
[2017.11.05-19.18.42:611][  0]LoadErrors: Error: /Game/Blueprints/BP_MotionController : Can't find file for asset. /Game/VirtualRealityBP/Blueprints/GripEnum
[2017.11.05-19.18.42:612][  0]LogLinker: Warning: Can't find file '/Game/VirtualRealityBP/Blueprints/GripEnum'
[2017.11.05-19.18.42:612][  0]LoadErrors: Failed to load /Game/VirtualRealityBP/Blueprints/GripEnum.GripEnum Referenced by K2Node_VariableGet_64
[2017.11.05-19.18.42:612][  0]LogLinker: Warning: Can't find file for asset '/Game/VirtualRealityBP/Blueprints/GripEnum' while loading ../../../../../../Users/Jonathan Oates/Desktop/Repositories/ExperimentalGame_VR/KairosVR/Content/Blueprints/BP_MotionController.uasset.
[2017.11.05-19.18.42:612][  0]LoadErrors: Failed to load /Game/VirtualRealityBP/Blueprints/GripEnum.GripEnum Referenced by K2Node_VariableGet_64
[2017.11.05-19.18.42:612][  0]LoadErrors: Error: /Game/Blueprints/BP_MotionController : Can't find file for asset. /Game/VirtualRealityBP/Blueprints/GripEnum
[2017.11.05-19.18.43:143][  0]LogStaticMesh: Building static mesh TableBase_01...
[2017.11.05-19.18.43:182][  0]LogStaticMesh: Built static mesh [0.05s] /Game/Assets/Table/TableBase_01.TableBase_01
[2017.11.05-19.18.43:208][  0]LogStaticMesh: Building static mesh TableTop_01...
[2017.11.05-19.18.44:085][  0]LogStaticMesh: Built static mesh [0.88s] /Game/Assets/Table/TableTop_01.TableTop_01
[2017.11.05-19.18.44:473][  0]LogMaterial: Missing cached shader map for material lambert1, compiling. 
[2017.11.05-19.18.44:638][  0]LogAIModule: Creating AISystem for world ShipInterior
[2017.11.05-19.18.44:648][  0]LogEditorServer: Finished looking for orphan Actors (0.000 secs)
[2017.11.05-19.18.44:702][  0]Cmd: MAP CHECKDEP NOCLEARLOG
[2017.11.05-19.18.44:962][  0]MapCheck: Map check complete: 0 Error(s), 0 Warning(s), took 259.318ms to complete.
[2017.11.05-19.18.44:962][  0]LogFileHelpers: Loading map 'ShipInterior' took 2.959
[2017.11.05-19.18.45:057][  0]LogWindowsTextInputMethodSystem: Display: IME system now deactivated.
[2017.11.05-19.18.45:720][  0]LogCollectionManager: Loaded 0 collections in 0.004053 seconds
[2017.11.05-19.18.46:056][  0]LogFileCache: Scanning file cache for directory 'C:/Users/Jonathan Oates/Desktop/Repositories/ExperimentalGame_VR/KairosVR/Saved/Collections/' took 0.01s
[2017.11.05-19.18.46:056][  0]LogFileCache: Scanning file cache for directory 'C:/Users/Jonathan Oates/Desktop/Repositories/ExperimentalGame_VR/KairosVR/Content/Developers/JonathanOates/Collections/' took 0.01s
[2017.11.05-19.18.46:056][  0]LogFileCache: Scanning file cache for directory 'C:/Users/Jonathan Oates/Desktop/Repositories/ExperimentalGame_VR/KairosVR/Content/Collections/' took 0.01s
[2017.11.05-19.18.46:056][  0]LogCollectionManager: Rebuilt the GUID cache for 0 collections in 0.000001 seconds
[2017.11.05-19.18.46:074][  0]LogContentBrowser: Native class hierarchy populated in 0.0169 seconds. Added 2386 classes and 500 folders.
[2017.11.05-19.18.46:328][  0]LogContentBrowser: Native class hierarchy updated for 'WidgetCarousel' in 0.0013 seconds. Added 0 classes and 0 folders.
[2017.11.05-19.18.47:233][  0]LogContentBrowser: Native class hierarchy updated for 'AddContentDialog' in 0.0011 seconds. Added 0 classes and 0 folders.
[2017.11.05-19.18.47:430][  0]LogContentBrowser: Native class hierarchy updated for 'SceneOutliner' in 0.0021 seconds. Added 1 classes and 2 folders.
[2017.11.05-19.18.48:045][  0]LogSlate: Took 0.001042 seconds to synchronously load lazily loaded font '../../../Engine/Content/Slate/Fonts/Roboto-Regular.ttf' (155K)
[2017.11.05-19.18.48:055][  0]LogSlate: Took 0.000711 seconds to synchronously load lazily loaded font '../../../Engine/Content/Slate/Fonts/Roboto-Bold.ttf' (160K)
[2017.11.05-19.18.48:111][  0]LogSlate: Took 0.014263 seconds to synchronously load lazily loaded font '../../../Engine/Content/Editor/Slate/Fonts/FontAwesome.ttf' (139K)
[2017.11.05-19.18.48:505][  0]LogRenderer: Reallocating scene render targets to support 1136x652 Format 26 NumSamples 1 (Frame:1).
[2017.11.05-19.18.48:915][  0]LogContentBrowser: Native class hierarchy updated for 'HierarchicalLODOutliner' in 0.0009 seconds. Added 1 classes and 2 folders.
[2017.11.05-19.18.48:916][  0]LogLoad: (Engine Initialization) Total time: 43.79 seconds
[2017.11.05-19.18.48:916][  0]LogLoad: (Engine Initialization) Total Blueprint compile time: 0.00 seconds
[2017.11.05-19.18.48:916][  0]LogExternalProfiler: Found external profiler: VSPerf
[2017.11.05-19.18.48:916][  0]LogExternalProfiler: Using external profiler: VSPerf
[2017.11.05-19.18.48:926][  0]LogSteamVRController: Controller role for device 1 is 0 (invalid=0, left=1, right=2).
[2017.11.05-19.18.48:926][  0]LogSteamVRController: Warning: Controller device 1 has no role set.  There is no 'right' controller according to steamvr, so we are pickign that.
[2017.11.05-19.18.48:926][  0]LogSteamVRController: Controller role for device 2 is 0 (invalid=0, left=1, right=2).
[2017.11.05-19.18.48:926][  0]LogSteamVRController: Putting controller 2 on the left hand because there is already a controller for the right.
[2017.11.05-19.18.48:958][  0]LogContentStreaming: Texture pool size now 1000 MB
[2017.11.05-19.18.49:139][  0]LogSlate: Took 0.020381 seconds to synchronously load lazily loaded font '../../../Engine/Content/Slate/Fonts/Roboto-Light.ttf' (159K)
[2017.11.05-19.18.49:215][  1]LogAssetRegistry: Asset discovery search completed in 32.2023 seconds
[2017.11.05-19.18.49:219][  1]LogCollectionManager: Rebuilt the object cache for 0 collections in 0.000001 seconds (found 0 objects)
[2017.11.05-19.18.49:219][  1]LogCollectionManager: Fixed up redirectors for 0 collections in 0.000097 seconds (updated 0 objects)
[2017.11.05-19.18.49:962][ 62]LogSlate: Took 0.000503 seconds to synchronously load lazily loaded font '../../../Engine/Content/Slate/Fonts/Roboto-Light.ttf' (159K)
[2017.11.05-19.19.31:261][833]LogPlayLevel: PlayLevel: No blueprints needed recompiling
[2017.11.05-19.19.31:267][833]PIE: New page: PIE session: ShipInterior (Nov 5, 2017, 9:19:31 AM)
[2017.11.05-19.19.31:267][833]LogPlayLevel: Creating play world package: /Game/Levels/UEDPIE_0_ShipInterior
[2017.11.05-19.19.31:283][833]LogPlayLevel: PIE: StaticDuplicateObject took: (0.015192s)
[2017.11.05-19.19.31:283][833]LogAIModule: Creating AISystem for world ShipInterior
[2017.11.05-19.19.31:284][833]LogPlayLevel: PIE: World Init took: (0.000943s)
[2017.11.05-19.19.31:284][833]LogPlayLevel: PIE: Created PIE world by copying editor world from /Game/Levels/ShipInterior.ShipInterior to /Game/Levels/UEDPIE_0_ShipInterior.ShipInterior (0.016556s)
[2017.11.05-19.19.31:405][833]LogInit: XAudio2 using 'HTC-VIVE-C (NVIDIA High Definition Audio)' : 2 channels at 48 kHz using 16 bits per sample (channel mask 0x3)
[2017.11.05-19.19.31:414][833]LogInit: FAudioDevice initialized.
[2017.11.05-19.19.31:594][833]LogUObjectGlobals: Warning: Failed to find object 'Class None.'
[2017.11.05-19.19.31:594][833]LogLoad: Game class is 'GameModeBase'
[2017.11.05-19.19.31:603][833]LogWorld: Bringing World /Game/Levels/UEDPIE_0_ShipInterior.ShipInterior up for play (max tick rate 0) at 2017.11.05-14.19.31
[2017.11.05-19.19.31:616][833]LogWorld: Bringing up level for play took: 0.014092
[2017.11.05-19.19.31:752][833]LogContentBrowser: Native class hierarchy updated for 'MovieSceneCapture' in 0.0009 seconds. Added 11 classes and 0 folders.
[2017.11.05-19.19.31:754][833]LogUnrealMath: Error: FMatrix::InverseFast(), trying to invert a NIL matrix, this results in NaNs! Use Inverse() instead.
[2017.11.05-19.19.31:754][833]LogOutputDevice: Warning: 

Script Stack:
BP_MotionController_C.SetupRoomScaleOutline
BP_MotionController_C.ExecuteUbergraph_BP_MotionController
BP_MotionController_C.ReceiveBeginPlay
MotionControllerPawn_C.ExecuteUbergraph_MotionControllerPawn
MotionControllerPawn_C.ReceiveBeginPlay

[2017.11.05-19.19.32:260][833]LogStats: FPlatformStackWalk::StackWalkAndDump -  0.506 s
[2017.11.05-19.19.32:261][833]LogOutputDevice: Error: === Handled ensure: ===
[2017.11.05-19.19.32:261][833]LogOutputDevice: Error: 
[2017.11.05-19.19.32:261][833]LogOutputDevice: Error: Ensure condition failed: false [File:D:\Build\++UE4+Release-4.17+Compile\Sync\Engine\Source\Runtime\Core\Private\Math\Matrix.cpp] [Line: 8]
[2017.11.05-19.19.32:261][833]LogOutputDevice: Error: FMatrix::InverseFast(), trying to invert a NIL matrix, this results in NaNs! Use Inverse() instead.
[2017.11.05-19.19.32:261][833]LogOutputDevice: Error: Stack: 
[2017.11.05-19.19.32:261][833]LogOutputDevice: Error: UE4Editor-Core.dll!0x00000000B41C3E36
[2017.11.05-19.19.32:261][833]LogOutputDevice: Error: UE4Editor-Core.dll!0x00000000B3F4C2D2
[2017.11.05-19.19.32:261][833]LogOutputDevice: Error: UE4Editor-Core.dll!0x00000000B3F64746
[2017.11.05-19.19.32:261][833]LogOutputDevice: Error: UE4Editor-Core.dll!0x00000000B3EEE1A1
[2017.11.05-19.19.32:261][833]LogOutputDevice: Error: UE4Editor-Engine.dll!0x00000000A2FC74EB
[2017.11.05-19.19.32:261][833]LogOutputDevice: Error: UE4Editor-Engine.dll!0x00000000A391ABD3
[2017.11.05-19.19.32:261][833]LogOutputDevice: Error: UE4Editor-Engine.dll!0x00000000A39506C4
[2017.11.05-19.19.32:261][833]LogOutputDevice: Error: UE4Editor-CoreUObject.dll!0x00000000B388E944
[2017.11.05-19.19.32:261][833]LogOutputDevice: Error: UE4Editor-CoreUObject.dll!0x00000000B3A4DDA4
[2017.11.05-19.19.32:261][833]LogOutputDevice: Error: UE4Editor-CoreUObject.dll!0x00000000B3A63101
[2017.11.05-19.19.32:261][833]LogOutputDevice: Error: UE4Editor-CoreUObject.dll!0x00000000B3A652E2
[2017.11.05-19.19.32:261][833]LogOutputDevice: Error: UE4Editor-CoreUObject.dll!0x00000000B3A4E7AE
[2017.11.05-19.19.32:261][833]LogOutputDevice: Error: UE4Editor-CoreUObject.dll!0x00000000B3A652E2
[2017.11.05-19.19.32:261][833]LogOutputDevice: Error: UE4Editor-CoreUObject.dll!0x00000000B3A4E7AE
[2017.11.05-19.19.32:261][833]LogOutputDevice: Error: UE4Editor-CoreUObject.dll!0x00000000B3A652E2
[2017.11.05-19.19.32:261][833]LogOutputDevice: Error: UE4Editor-CoreUObject.dll!0x00000000B388E944
[2017.11.05-19.19.32:261][833]LogOutputDevice: Error: UE4Editor-CoreUObject.dll!0x00000000B3A64675
[2017.11.05-19.19.32:261][833]LogOutputDevice: Error: UE4Editor-Engine.dll!0x00000000A30AB247
[2017.11.05-19.19.32:261][833]LogOutputDevice: Error: UE4Editor-Engine.dll!0x00000000A4255B47
[2017.11.05-19.19.32:261][833]LogOutputDevice: Error: UE4Editor-Engine.dll!0x00000000A306DC2F
[2017.11.05-19.19.32:261][833]LogOutputDevice: Error: UE4Editor-Engine.dll!0x00000000A307ABCB
[2017.11.05-19.19.32:261][833]LogOutputDevice: Error: UE4Editor-Engine.dll!0x00000000A30A6959
[2017.11.05-19.19.32:261][833]LogOutputDevice: Error: UE4Editor-Engine.dll!0x00000000A3087E03
[2017.11.05-19.19.32:261][833]LogOutputDevice: Error: UE4Editor-Engine.dll!0x00000000A37ABE89
[2017.11.05-19.19.32:261][833]LogOutputDevice: Error: UE4Editor-Engine.dll!0x00000000A30E05B6
[2017.11.05-19.19.32:261][833]LogOutputDevice: Error: UE4Editor-CoreUObject.dll!0x00000000B388E944
[2017.11.05-19.19.32:261][833]LogOutputDevice: Error: UE4Editor-CoreUObject.dll!0x00000000B3A4DDA4
[2017.11.05-19.19.32:261][833]LogOutputDevice: Error: UE4Editor-CoreUObject.dll!0x00000000B3A63101
[2017.11.05-19.19.32:261][833]LogOutputDevice: Error: UE4Editor-CoreUObject.dll!0x00000000B3A8CDA4
[2017.11.05-19.19.32:261][833]LogOutputDevice: Error: UE4Editor-CoreUObject.dll!0x00000000B3A652E2
[2017.11.05-19.19.32:261][833]LogOutputDevice: Error: UE4Editor-CoreUObject.dll!0x00000000B3A4E7AE
[2017.11.05-19.19.32:262][833]LogOutputDevice: Error: UE4Editor-CoreUObject.dll!0x00000000B3A652E2
[2017.11.05-19.19.32:262][833]LogOutputDevice: Error: UE4Editor-CoreUObject.dll!0x00000000B388E944
[2017.11.05-19.19.32:262][833]LogOutputDevice: Error: UE4Editor-CoreUObject.dll!0x00000000B3A64675
[2017.11.05-19.19.32:262][833]LogOutputDevice: Error: UE4Editor-Engine.dll!0x00000000A30AB247
[2017.11.05-19.19.32:262][833]LogOutputDevice: Error: UE4Editor-Engine.dll!0x00000000A4255B47
[2017.11.05-19.19.32:262][833]LogOutputDevice: Error: UE4Editor-Engine.dll!0x00000000A306DC2F
[2017.11.05-19.19.32:262][833]LogOutputDevice: Error: UE4Editor-Engine.dll!0x00000000A307ABCB
[2017.11.05-19.19.32:262][833]LogOutputDevice: Error: UE4Editor-Engine.dll!0x00000000A423A871
[2017.11.05-19.19.32:262][833]LogOutputDevice: Error: UE4Editor-Engine.dll!0x00000000A37B4991
[2017.11.05-19.19.32:262][833]LogOutputDevice: Error: UE4Editor-Engine.dll!0x00000000A422601E
[2017.11.05-19.19.32:262][833]LogOutputDevice: Error: UE4Editor-Engine.dll!0x00000000A37D7CF6
[2017.11.05-19.19.32:262][833]LogOutputDevice: Error: UE4Editor-UnrealEd.dll!0x00000000A1ABAE6C
[2017.11.05-19.19.32:262][833]LogOutputDevice: Error: UE4Editor-UnrealEd.dll!0x00000000A1AE584E
[2017.11.05-19.19.32:262][833]LogOutputDevice: Error: UE4Editor-UnrealEd.dll!0x00000000A1B01394
[2017.11.05-19.19.32:262][833]LogOutputDevice: Error: UE4Editor-UnrealEd.dll!0x00000000A156BDF8
[2017.11.05-19.19.32:262][833]LogOutputDevice: Error: UE4Editor-UnrealEd.dll!0x00000000A1DFD646
[2017.11.05-19.19.32:262][833]LogOutputDevice: Error: UE4Editor.exe!0x000000006FD5534A
[2017.11.05-19.19.32:262][833]LogOutputDevice: Error: UE4Editor.exe!0x000000006FD63970
[2017.11.05-19.19.32:262][833]LogOutputDevice: Error: UE4Editor.exe!0x000000006FD639EA
[2017.11.05-19.19.32:262][833]LogOutputDevice: Error: UE4Editor.exe!0x000000006FD702D9
[2017.11.05-19.19.32:262][833]LogOutputDevice: Error: UE4Editor.exe!0x000000006FD71C47
[2017.11.05-19.19.32:262][833]LogOutputDevice: Error: KERNEL32.DLL!0x00000000E5348364
[2017.11.05-19.19.32:262][833]LogOutputDevice: Error: ntdll.dll!0x00000000E6B37091
[2017.11.05-19.19.32:262][833]LogOutputDevice: Error: 
[2017.11.05-19.19.32:265][833]LogStats:                SubmitErrorReport -  0.000 s
[2017.11.05-19.19.35:264][833]LogStats:                    SendNewReport -  3.000 s
[2017.11.05-19.19.35:264][833]LogStats:             FDebug::EnsureFailed -  3.510 s
[2017.11.05-19.19.35:264][833]LogUnrealMath: Error: FMatrix::InverseFast(), trying to invert a NIL matrix, this results in NaNs! Use Inverse() instead.
[2017.11.05-19.19.35:264][833]LogUnrealMath: Error: FMatrix::InverseFast(), trying to invert a NIL matrix, this results in NaNs! Use Inverse() instead.
[2017.11.05-19.19.35:264][833]LogUnrealMath: Error: FMatrix::InverseFast(), trying to invert a NIL matrix, this results in NaNs! Use Inverse() instead.
[2017.11.05-19.19.35:278][833]LogBlueprint: Warning: SetRelativeScale3D : Invalid Scale entered (X=0.000 Y=-nan(ind) Z=70.000). Resetting to 1.f.
[2017.11.05-19.19.35:284][833]LogUnrealMath: Error: FMatrix::InverseFast(), trying to invert a NIL matrix, this results in NaNs! Use Inverse() instead.
[2017.11.05-19.19.35:284][833]LogUnrealMath: Error: FMatrix::InverseFast(), trying to invert a NIL matrix, this results in NaNs! Use Inverse() instead.
[2017.11.05-19.19.35:284][833]LogUnrealMath: Error: FMatrix::InverseFast(), trying to invert a NIL matrix, this results in NaNs! Use Inverse() instead.
[2017.11.05-19.19.35:284][833]LogUnrealMath: Error: FMatrix::InverseFast(), trying to invert a NIL matrix, this results in NaNs! Use Inverse() instead.
[2017.11.05-19.19.35:285][833]LogBlueprint: Warning: SetRelativeScale3D : Invalid Scale entered (X=0.000 Y=-nan(ind) Z=70.000). Resetting to 1.f.
[2017.11.05-19.19.35:293][833]PIE: Play in editor start time for /Game/Levels/UEDPIE_0_ShipInterior 4.808
[2017.11.05-19.19.35:395][834]LogRenderer: Reallocating scene render targets to support 3024x1680 Format 26 NumSamples 1 (Frame:1).
[2017.11.05-19.19.53:970][778]LogTemp: Repeating last play command: VR Preview
[2017.11.05-19.19.53:990][778]LogPlayLevel: PlayLevel: No blueprints needed recompiling
[2017.11.05-19.19.53:990][778]PIE: New page: PIE session: ShipInterior (Nov 5, 2017, 9:19:53 AM)
[2017.11.05-19.19.53:990][778]LogPlayLevel: Creating play world package: /Game/Levels/UEDPIE_0_ShipInterior
[2017.11.05-19.19.53:993][778]LogPlayLevel: PIE: StaticDuplicateObject took: (0.002903s)
[2017.11.05-19.19.53:994][778]LogAIModule: Creating AISystem for world ShipInterior
[2017.11.05-19.19.53:994][778]LogPlayLevel: PIE: World Init took: (0.001029s)
[2017.11.05-19.19.53:995][778]LogPlayLevel: PIE: Created PIE world by copying editor world from /Game/Levels/ShipInterior.ShipInterior to /Game/Levels/UEDPIE_0_ShipInterior.ShipInterior (0.004233s)
[2017.11.05-19.19.54:136][778]LogInit: XAudio2 using 'HTC-VIVE-C (NVIDIA High Definition Audio)' : 2 channels at 48 kHz using 16 bits per sample (channel mask 0x3)
[2017.11.05-19.19.54:146][778]LogInit: FAudioDevice initialized.
[2017.11.05-19.19.54:266][778]LogUObjectGlobals: Warning: Failed to find object 'Class None.'
[2017.11.05-19.19.54:266][778]LogLoad: Game class is 'GameModeBase'
[2017.11.05-19.19.54:268][778]LogWorld: Bringing World /Game/Levels/UEDPIE_0_ShipInterior.ShipInterior up for play (max tick rate 0) at 2017.11.05-14.19.54
[2017.11.05-19.19.54:269][778]LogWorld: Bringing up level for play took: 0.001607
[2017.11.05-19.19.54:280][778]PIE: Play in editor start time for /Game/Levels/UEDPIE_0_ShipInterior -0.206
[2017.11.05-19.20.03:994][695]LogEditorViewport: Clicking on Actor (LMB): MotionControllerPawn_C (MotionControllerPawn)
[2017.11.05-19.20.18:844][975]LogEditorViewport: Clicking on Actor (LMB): MotionControllerPawn_C (MotionControllerPawn)
[2017.11.05-19.20.19:342][ 16]LogEditorViewport: Clicking on Actor (LMB): MotionControllerPawn_C (MotionControllerPawn)
[2017.11.05-19.20.22:849][310]LogSlate: Took 0.006919 seconds to synchronously load lazily loaded font '../../../Engine/Content/Editor/Slate/Fonts/Roboto-Italic.ttf' (157K)
[2017.11.05-19.20.31:510][ 66]LogTemp: Repeating last play command: VR Preview
[2017.11.05-19.20.31:530][ 66]LogPlayLevel: PlayLevel: No blueprints needed recompiling
[2017.11.05-19.20.31:530][ 66]PIE: New page: PIE session: ShipInterior (Nov 5, 2017, 9:20:31 AM)
[2017.11.05-19.20.31:531][ 66]LogPlayLevel: Creating play world package: /Game/Levels/UEDPIE_0_ShipInterior
[2017.11.05-19.20.31:534][ 66]LogPlayLevel: PIE: StaticDuplicateObject took: (0.003016s)
[2017.11.05-19.20.31:535][ 66]LogAIModule: Creating AISystem for world ShipInterior
[2017.11.05-19.20.31:535][ 66]LogPlayLevel: PIE: World Init took: (0.001304s)
[2017.11.05-19.20.31:535][ 66]LogPlayLevel: PIE: Created PIE world by copying editor world from /Game/Levels/ShipInterior.ShipInterior to /Game/Levels/UEDPIE_0_ShipInterior.ShipInterior (0.004708s)
[2017.11.05-19.20.31:719][ 66]LogInit: XAudio2 using 'HTC-VIVE-C (NVIDIA High Definition Audio)' : 2 channels at 48 kHz using 16 bits per sample (channel mask 0x3)
[2017.11.05-19.20.31:728][ 66]LogInit: FAudioDevice initialized.
[2017.11.05-19.20.31:851][ 66]LogUObjectGlobals: Warning: Failed to find object 'Class None.'
[2017.11.05-19.20.31:851][ 66]LogLoad: Game class is 'GameModeBase'
[2017.11.05-19.20.31:853][ 66]LogWorld: Bringing World /Game/Levels/UEDPIE_0_ShipInterior.ShipInterior up for play (max tick rate 0) at 2017.11.05-14.20.31
[2017.11.05-19.20.31:853][ 66]LogWorld: Bringing up level for play took: 0.001461
[2017.11.05-19.20.31:864][ 66]PIE: Play in editor start time for /Game/Levels/UEDPIE_0_ShipInterior -0.621
[2017.11.05-19.20.50:018][675]LogEditorViewport: Clicking on Actor (LMB): StaticMeshActor (Floor)
[2017.11.05-19.20.53:755][981]LogEditorViewport: Clicking on Actor (LMB): MotionControllerPawn_C (MotionControllerPawn)
[2017.11.05-19.20.54:612][ 56]LogEditorViewport: Clicking on Actor (LMB): BP_ControlTable_C (BP_ControlTable)
[2017.11.05-19.21.01:403][665]LogTemp: Repeating last play command: VR Preview
[2017.11.05-19.21.01:422][665]LogPlayLevel: PlayLevel: No blueprints needed recompiling
[2017.11.05-19.21.01:422][665]PIE: New page: PIE session: ShipInterior (Nov 5, 2017, 9:21:01 AM)
[2017.11.05-19.21.01:422][665]LogPlayLevel: Creating play world package: /Game/Levels/UEDPIE_0_ShipInterior
[2017.11.05-19.21.01:425][665]LogPlayLevel: PIE: StaticDuplicateObject took: (0.003196s)
[2017.11.05-19.21.01:426][665]LogAIModule: Creating AISystem for world ShipInterior
[2017.11.05-19.21.01:427][665]LogPlayLevel: PIE: World Init took: (0.001178s)
[2017.11.05-19.21.01:427][665]LogPlayLevel: PIE: Created PIE world by copying editor world from /Game/Levels/ShipInterior.ShipInterior to /Game/Levels/UEDPIE_0_ShipInterior.ShipInterior (0.004730s)
[2017.11.05-19.21.01:563][665]LogInit: XAudio2 using 'HTC-VIVE-C (NVIDIA High Definition Audio)' : 2 channels at 48 kHz using 16 bits per sample (channel mask 0x3)
[2017.11.05-19.21.01:572][665]LogInit: FAudioDevice initialized.
[2017.11.05-19.21.01:691][665]LogUObjectGlobals: Warning: Failed to find object 'Class None.'
[2017.11.05-19.21.01:691][665]LogLoad: Game class is 'GameModeBase'
[2017.11.05-19.21.01:693][665]LogWorld: Bringing World /Game/Levels/UEDPIE_0_ShipInterior.ShipInterior up for play (max tick rate 0) at 2017.11.05-14.21.01
[2017.11.05-19.21.01:694][665]LogWorld: Bringing up level for play took: 0.001797
[2017.11.05-19.21.01:705][665]PIE: Play in editor start time for /Game/Levels/UEDPIE_0_ShipInterior 1.22
[2017.11.05-19.21.27:175][946]LogTemp: Repeating last play command: VR Preview
[2017.11.05-19.21.27:195][946]LogPlayLevel: PlayLevel: No blueprints needed recompiling
[2017.11.05-19.21.27:195][946]PIE: New page: PIE session: ShipInterior (Nov 5, 2017, 9:21:27 AM)
[2017.11.05-19.21.27:195][946]LogPlayLevel: Creating play world package: /Game/Levels/UEDPIE_0_ShipInterior
[2017.11.05-19.21.27:198][946]LogPlayLevel: PIE: StaticDuplicateObject took: (0.002888s)
[2017.11.05-19.21.27:200][946]LogAIModule: Creating AISystem for world ShipInterior
[2017.11.05-19.21.27:200][946]LogPlayLevel: PIE: World Init took: (0.001680s)
[2017.11.05-19.21.27:200][946]LogPlayLevel: PIE: Created PIE world by copying editor world from /Game/Levels/ShipInterior.ShipInterior to /Game/Levels/UEDPIE_0_ShipInterior.ShipInterior (0.004938s)
[2017.11.05-19.21.27:333][946]LogInit: XAudio2 using 'HTC-VIVE-C (NVIDIA High Definition Audio)' : 2 channels at 48 kHz using 16 bits per sample (channel mask 0x3)
[2017.11.05-19.21.27:343][946]LogInit: FAudioDevice initialized.
[2017.11.05-19.21.27:464][946]LogUObjectGlobals: Warning: Failed to find object 'Class None.'
[2017.11.05-19.21.27:464][946]LogLoad: Game class is 'GameModeBase'
[2017.11.05-19.21.27:466][946]LogWorld: Bringing World /Game/Levels/UEDPIE_0_ShipInterior.ShipInterior up for play (max tick rate 0) at 2017.11.05-14.21.27
[2017.11.05-19.21.27:466][946]LogWorld: Bringing up level for play took: 0.001621
[2017.11.05-19.21.27:478][946]PIE: Play in editor start time for /Game/Levels/UEDPIE_0_ShipInterior 0.992
[2017.11.05-19.23.48:964][ 72]LogSlate: Took 0.000324 seconds to synchronously load lazily loaded font '../../../Engine/Content/Slate/Fonts/Roboto-Light.ttf' (159K)
[2017.11.05-19.23.49:347][ 72]LogSavePackage: Save=77.96ms
[2017.11.05-19.23.49:347][ 72]LogSavePackage: Moving '../../../../../../Users/Jonathan Oates/Desktop/Repositories/ExperimentalGame_VR/KairosVR/Saved/ShipInteriorF7EC4CB141522D5FEFB2C991CFB3C570.tmp' to '../../../../../../Users/Jonathan Oates/Desktop/Repositories/ExperimentalGame_VR/KairosVR/Content/Levels/ShipInterior.umap'
[2017.11.05-19.23.49:363][ 72]LogSavePackage: Display: Finished SavePackage ../../../../../../Users/Jonathan Oates/Desktop/Repositories/ExperimentalGame_VR/KairosVR/Content/Levels/ShipInterior.umap
[2017.11.05-19.23.49:432][ 72]LogFileHelpers: Saving map 'ShipInterior' took 0.447
[2017.11.05-19.23.51:090][229]LogWindowsTextInputMethodSystem: Display: IME system now deactivated.
[2017.11.05-19.23.51:321][230]Cmd: QUIT_EDITOR
[2017.11.05-19.23.51:559][230]LogExit: Preparing to exit.
[2017.11.05-19.23.52:006][230]LogDirectoryWatcher: A directory notification for 'C:/Users/Jonathan Oates/Desktop/Repositories/ExperimentalGame_VR/KairosVR/Content/' was aborted.
[2017.11.05-19.23.52:038][230]LogExit: Editor shut down
[2017.11.05-19.23.52:046][230]LogExit: Transaction tracking system shut down
[2017.11.05-19.23.52:272][230]LogDirectoryWatcher: A directory notification for '../../../Engine/Content/' was aborted.
[2017.11.05-19.23.52:272][230]LogDirectoryWatcher: A directory notification for '../../../../../../Users/Jonathan Oates/Desktop/Repositories/ExperimentalGame_VR/KairosVR/Content/' was aborted.
[2017.11.05-19.23.52:272][230]LogDirectoryWatcher: A directory notification for '../../../Engine/Plugins/2D/Paper2D/Content/' was aborted.
[2017.11.05-19.23.52:272][230]LogDirectoryWatcher: A directory notification for '../../../Engine/Plugins/Runtime/Oculus/OculusVR/Content/' was aborted.
[2017.11.05-19.23.52:272][230]LogDirectoryWatcher: A directory notification for '../../../Engine/Plugins/Runtime/Steam/SteamVR/Content/' was aborted.
[2017.11.05-19.23.52:339][230]LogExit: Object subsystem successfully closed.
[2017.11.05-19.23.52:362][230]LogD3D11RHI: Shutdown
[2017.11.05-19.23.52:362][230]LogD3D11RHI: CleanupD3DDevice
[2017.11.05-19.23.52:373][230]LogD3D11RHI: ~FD3D11DynamicRHI
[2017.11.05-19.23.52:440][230]LogModuleManager: Shutting down and abandoning module MovieSceneCapture (532)
[2017.11.05-19.23.52:440][230]LogModuleManager: Shutting down and abandoning module HierarchicalLODOutliner (530)
[2017.11.05-19.23.52:440][230]LogModuleManager: Shutting down and abandoning module SceneOutliner (528)
[2017.11.05-19.23.52:440][230]LogModuleManager: Shutting down and abandoning module AddContentDialog (526)
[2017.11.05-19.23.52:440][230]LogDirectoryWatcher: A directory notification for 'C:/Program Files/Epic Games/UE_4.17/FeaturePacks/' was aborted.
[2017.11.05-19.23.52:442][230]LogModuleManager: Shutting down and abandoning module WidgetCarousel (525)
[2017.11.05-19.23.52:442][230]LogModuleManager: Shutting down and abandoning module EditorWidgets (522)
[2017.11.05-19.23.52:442][230]LogModuleManager: Shutting down and abandoning module CollectionManager (520)
[2017.11.05-19.23.52:442][230]LogDirectoryWatcher: A directory notification for 'C:/Users/Jonathan Oates/Desktop/Repositories/ExperimentalGame_VR/KairosVR/Content/Collections/' was aborted.
[2017.11.05-19.23.52:442][230]LogDirectoryWatcher: A directory notification for 'C:/Users/Jonathan Oates/Desktop/Repositories/ExperimentalGame_VR/KairosVR/Content/Developers/JonathanOates/Collections/' was aborted.
[2017.11.05-19.23.52:442][230]LogDirectoryWatcher: A directory notification for 'C:/Users/Jonathan Oates/Desktop/Repositories/ExperimentalGame_VR/KairosVR/Saved/Collections/' was aborted.
[2017.11.05-19.23.52:442][230]LogModuleManager: Shutting down and abandoning module StatsViewer (518)
[2017.11.05-19.23.52:442][230]LogModuleManager: Shutting down and abandoning module FoliageEdit (516)
[2017.11.05-19.23.52:442][230]LogModuleManager: Shutting down and abandoning module LandscapeEditor (514)
[2017.11.05-19.23.52:442][230]LogModuleManager: Shutting down and abandoning module MeshPaintMode (512)
[2017.11.05-19.23.52:442][230]LogModuleManager: Shutting down and abandoning module SceneDepthPickerMode (510)
[2017.11.05-19.23.52:442][230]LogModuleManager: Shutting down and abandoning module ActorPickerMode (508)
[2017.11.05-19.23.52:442][230]LogModuleManager: Shutting down and abandoning module GeometryMode (506)
[2017.11.05-19.23.52:442][230]LogModuleManager: Shutting down and abandoning module TextureAlignMode (504)
[2017.11.05-19.23.52:442][230]LogModuleManager: Shutting down and abandoning module BspMode (502)
[2017.11.05-19.23.52:442][230]LogModuleManager: Shutting down and abandoning module PIEPreviewDeviceProfileSelector (500)
[2017.11.05-19.23.52:442][230]LogModuleManager: Shutting down and abandoning module HardwareSurvey (498)
[2017.11.05-19.23.52:442][230]LogModuleManager: Shutting down and abandoning module SequenceRecorderSections (496)
[2017.11.05-19.23.52:442][230]LogModuleManager: Shutting down and abandoning module AutomationWorker (494)
[2017.11.05-19.23.52:442][230]LogModuleManager: Shutting down and abandoning module MatineeToLevelSequence (492)
[2017.11.05-19.23.52:442][230]LogModuleManager: Shutting down and abandoning module LevelSequenceEditor (490)
[2017.11.05-19.23.52:443][230]LogModuleManager: Shutting down and abandoning module PlacementMode (489)
[2017.11.05-19.23.52:443][230]LogModuleManager: Shutting down and abandoning module WmfMediaFactory (486)
[2017.11.05-19.23.52:443][230]LogModuleManager: Shutting down and abandoning module WmfMediaEditor (484)
[2017.11.05-19.23.52:443][230]LogModuleManager: Shutting down and abandoning module AvfMediaFactory (482)
[2017.11.05-19.23.52:443][230]LogModuleManager: Shutting down and abandoning module AvfMediaEditor (480)
[2017.11.05-19.23.52:443][230]LogModuleManager: Shutting down and abandoning module AndroidMediaFactory (478)
[2017.11.05-19.23.52:443][230]LogModuleManager: Shutting down and abandoning module Media (477)
[2017.11.05-19.23.52:443][230]LogModuleManager: Shutting down and abandoning module AndroidMediaEditor (474)
[2017.11.05-19.23.52:443][230]LogModuleManager: Shutting down and abandoning module CharacterAI (472)
[2017.11.05-19.23.52:443][230]LogModuleManager: Shutting down and abandoning module AudioCapture (470)
[2017.11.05-19.23.52:443][230]LogModuleManager: Shutting down and abandoning module SequenceRecorder (469)
[2017.11.05-19.23.52:443][230]LogModuleManager: Shutting down and abandoning module SmartSnapping (466)
[2017.11.05-19.23.52:443][230]LogModuleManager: Shutting down and abandoning module SessionServices (464)
[2017.11.05-19.23.52:443][230]LogModuleManager: Shutting down and abandoning module ViewportSnapping (462)
[2017.11.05-19.23.52:443][230]LogModuleManager: Shutting down and abandoning module ViewportInteraction (460)
[2017.11.05-19.23.52:443][230]LogModuleManager: Shutting down and abandoning module ClothPainter (458)
[2017.11.05-19.23.52:443][230]LogModuleManager: Shutting down and abandoning module LogVisualizer (456)
[2017.11.05-19.23.52:443][230]LogModuleManager: Shutting down and abandoning module IntroTutorials (454)
[2017.11.05-19.23.52:443][230]LogModuleManager: Shutting down and abandoning module GameProjectGeneration (453)
[2017.11.05-19.23.52:443][230]LogModuleManager: Shutting down and abandoning module IOSPlatformEditor (450)
[2017.11.05-19.23.52:443][230]LogModuleManager: Shutting down and abandoning module HTML5PlatformEditor (448)
[2017.11.05-19.23.52:443][230]LogModuleManager: Shutting down and abandoning module AndroidPlatformEditor (446)
[2017.11.05-19.23.52:443][230]LogModuleManager: Shutting down and abandoning module AndroidDeviceDetection (445)
[2017.11.05-19.23.52:875][230]LogModuleManager: Shutting down and abandoning module WindowsPlatformEditor (442)
[2017.11.05-19.23.52:875][230]LogModuleManager: Shutting down and abandoning module IOSRuntimeSettings (440)
[2017.11.05-19.23.52:875][230]LogModuleManager: Shutting down and abandoning module AndroidRuntimeSettings (438)
[2017.11.05-19.23.52:875][230]LogModuleManager: Shutting down and abandoning module InputBindingEditor (436)
[2017.11.05-19.23.52:875][230]LogModuleManager: Shutting down and abandoning module MergeActors (434)
[2017.11.05-19.23.52:875][230]LogModuleManager: Shutting down and abandoning module SizeMap (432)
[2017.11.05-19.23.52:875][230]LogModuleManager: Shutting down and abandoning module TreeMap (430)
[2017.11.05-19.23.52:875][230]LogModuleManager: Shutting down and abandoning module ReferenceViewer (428)
[2017.11.05-19.23.52:875][230]LogModuleManager: Shutting down and abandoning module LocalizationDashboard (426)
[2017.11.05-19.23.52:876][230]LogModuleManager: Shutting down and abandoning module LocalizationService (425)
[2017.11.05-19.23.52:876][230]LogModuleManager: Shutting down and abandoning module HardwareTargeting (422)
[2017.11.05-19.23.52:876][230]LogModuleManager: Shutting down and abandoning module DeviceProfileEditor (420)
[2017.11.05-19.23.52:876][230]LogModuleManager: Shutting down and abandoning module UndoHistory (418)
[2017.11.05-19.23.52:876][230]LogModuleManager: Shutting down and abandoning module XmlParser (416)
[2017.11.05-19.23.52:876][230]LogModuleManager: Shutting down and abandoning module Blutility (414)
[2017.11.05-19.23.52:876][230]LogModuleManager: Shutting down and abandoning module ProjectSettingsViewer (412)
[2017.11.05-19.23.52:876][230]LogModuleManager: Shutting down and abandoning module ProjectTargetPlatformEditor (411)
[2017.11.05-19.23.52:876][230]LogModuleManager: Shutting down and abandoning module EditorSettingsViewer (408)
[2017.11.05-19.23.52:876][230]LogModuleManager: Shutting down and abandoning module SettingsEditor (406)
[2017.11.05-19.23.52:876][230]LogModuleManager: Shutting down and abandoning module ProjectLauncher (404)
[2017.11.05-19.23.52:876][230]LogModuleManager: Shutting down and abandoning module SessionFrontend (402)
[2017.11.05-19.23.52:876][230]LogModuleManager: Shutting down and abandoning module ProfilerClient (400)
[2017.11.05-19.23.52:876][230]LogModuleManager: Shutting down and abandoning module DeviceManager (398)
[2017.11.05-19.23.52:876][230]LogModuleManager: Shutting down and abandoning module TargetDeviceServices (397)
[2017.11.05-19.23.52:930][230]LogModuleManager: Shutting down and abandoning module AutomationController (394)
[2017.11.05-19.23.52:930][230]LogModuleManager: Shutting down and abandoning module AutomationWindow (392)
[2017.11.05-19.23.52:930][230]LogModuleManager: Shutting down and abandoning module Layers (390)
[2017.11.05-19.23.52:930][230]LogModuleManager: Shutting down and abandoning module ComponentVisualizers (388)
[2017.11.05-19.23.52:930][230]LogModuleManager: Shutting down and abandoning module DetailCustomizations (386)
[2017.11.05-19.23.52:930][230]LogModuleManager: Shutting down and abandoning module PackagesDialog (384)
[2017.11.05-19.23.52:930][230]LogModuleManager: Shutting down and abandoning module Persona (382)
[2017.11.05-19.23.52:930][230]LogModuleManager: Shutting down and abandoning module AdvancedPreviewScene (381)
[2017.11.05-19.23.52:930][230]LogModuleManager: Shutting down and abandoning module AnimGraph (379)
[2017.11.05-19.23.52:930][230]LogModuleManager: Shutting down and abandoning module Kismet (376)
[2017.11.05-19.23.52:932][230]LogModuleManager: Shutting down and abandoning module ClassViewer (374)
[2017.11.05-19.23.52:932][230]LogModuleManager: Shutting down and abandoning module Toolbox (372)
[2017.11.05-19.23.52:932][230]LogModuleManager: Shutting down and abandoning module ModuleUI (370)
[2017.11.05-19.23.52:932][230]LogModuleManager: Shutting down and abandoning module MovieSceneTools (368)
[2017.11.05-19.23.52:932][230]LogModuleManager: Shutting down and abandoning module OutputLog (366)
[2017.11.05-19.23.52:932][230]LogModuleManager: Shutting down and abandoning module GammaUI (364)
[2017.11.05-19.23.52:932][230]LogModuleManager: Shutting down and abandoning module Documentation (362)
[2017.11.05-19.23.52:932][230]LogModuleManager: Shutting down and abandoning module MovieSceneTracks (360)
[2017.11.05-19.23.52:932][230]LogModuleManager: Shutting down and abandoning module MovieScene (358)
[2017.11.05-19.23.52:932][230]LogModuleManager: Shutting down and abandoning module Niagara (356)
[2017.11.05-19.23.52:932][230]LogModuleManager: Shutting down and abandoning module NiagaraEditor (355)
[2017.11.05-19.23.52:932][230]LogModuleManager: Shutting down and abandoning module StreamingPauseRendering (352)
[2017.11.05-19.23.52:932][230]LogModuleManager: Shutting down and abandoning module LauncherPlatform (350)
[2017.11.05-19.23.52:932][230]LogModuleManager: Shutting down and abandoning module AnalyticsET (348)
[2017.11.05-19.23.52:932][230]LogModuleManager: Shutting down and abandoning module PortalServices (346)
[2017.11.05-19.23.52:932][230]LogModuleManager: Shutting down and abandoning module PortalRpc (344)
[2017.11.05-19.23.52:932][230]LogModuleManager: Shutting down and abandoning module MessagingRpc (342)
[2017.11.05-19.23.52:932][230]LogModuleManager: Shutting down and abandoning module AIModule (340)
[2017.11.05-19.23.52:932][230]LogModuleManager: Shutting down and abandoning module GameplayDebugger (339)
[2017.11.05-19.23.52:932][230]LogModuleManager: Shutting down and abandoning module AITestSuite (337)
[2017.11.05-19.23.52:932][230]LogModuleManager: Shutting down and abandoning module ProfilerService (334)
[2017.11.05-19.23.52:998][230]LogModuleManager: Shutting down and abandoning module TaskGraph (332)
[2017.11.05-19.23.52:998][230]LogModuleManager: Shutting down and abandoning module SteamVRController (330)
[2017.11.05-19.23.52:998][230]LogModuleManager: Shutting down and abandoning module ProceduralMeshComponentEditor (328)
[2017.11.05-19.23.52:998][230]LogModuleManager: Shutting down and abandoning module ProceduralMeshComponent (326)
[2017.11.05-19.23.52:998][230]LogModuleManager: Shutting down and abandoning module OculusInput (324)
[2017.11.05-19.23.52:998][230]LogModuleManager: Shutting down and abandoning module MobilePatchingUtils (322)
[2017.11.05-19.23.52:998][230]LogModuleManager: Shutting down and abandoning module CustomMeshComponent (320)
[2017.11.05-19.23.52:998][230]LogModuleManager: Shutting down and abandoning module CableComponent (318)
[2017.11.05-19.23.52:999][230]LogModuleManager: Shutting down and abandoning module ArchVisCharacter (316)
[2017.11.05-19.23.52:999][230]LogModuleManager: Shutting down and abandoning module AndroidPermission (314)
[2017.11.05-19.23.52:999][230]LogModuleManager: Shutting down and abandoning module MediaPlayerEditor (310)
[2017.11.05-19.23.52:999][230]LogModuleManager: Shutting down and abandoning module HTML5Networking (308)
[2017.11.05-19.23.52:999][230]LogModuleManager: Shutting down and abandoning module AlembicImporter (306)
[2017.11.05-19.23.52:999][230]LogModuleManager: Shutting down and abandoning module AlembicLibrary (305)
[2017.11.05-19.23.52:999][230]LogModuleManager: Shutting down and abandoning module GeometryCache (304)
[2017.11.05-19.23.52:999][230]LogModuleManager: Shutting down and abandoning module GeometryCacheEd (303)
[2017.11.05-19.23.52:999][230]LogModuleManager: Shutting down and abandoning module SpeedTreeImporter (298)
[2017.11.05-19.23.52:999][230]LogModuleManager: Shutting down and abandoning module PluginBrowser (296)
[2017.11.05-19.23.52:999][230]LogModuleManager: Shutting down and abandoning module MobileLauncherProfileWizard (294)
[2017.11.05-19.23.52:999][230]LogModuleManager: Shutting down and abandoning module VisualStudioSourceCodeAccess (292)
[2017.11.05-19.23.52:999][230]LogModuleManager: Shutting down and abandoning module DesktopPlatform (291)
[2017.11.05-19.23.52:999][230]LogModuleManager: Shutting down and abandoning module UObjectPlugin (288)
[2017.11.05-19.23.52:999][230]LogModuleManager: Shutting down and abandoning module SubversionSourceControl (286)
[2017.11.05-19.23.52:999][230]LogModuleManager: Shutting down and abandoning module PerforceSourceControl (284)
[2017.11.05-19.23.52:999][230]LogModuleManager: Shutting down and abandoning module GitSourceControl (282)
[2017.11.05-19.23.52:999][230]LogModuleManager: Shutting down and abandoning module SourceControl (281)
[2017.11.05-19.23.53:000][230]LogModuleManager: Shutting down and abandoning module LightPropagationVolumeEditor (278)
[2017.11.05-19.23.53:000][230]LogModuleManager: Shutting down and abandoning module PaperTiledImporter (276)
[2017.11.05-19.23.53:000][230]LogModuleManager: Shutting down and abandoning module PaperSpriteSheetImporter (274)
[2017.11.05-19.23.53:000][230]LogModuleManager: Shutting down and abandoning module Paper2DEditor (272)
[2017.11.05-19.23.53:000][230]LogModuleManager: Shutting down and abandoning module MeshPaint (271)
[2017.11.05-19.23.53:000][230]LogModuleManager: Shutting down and abandoning module LevelEditor (269)
[2017.11.05-19.23.53:001][230]LogModuleManager: Shutting down and abandoning module PixelInspectorModule (268)
[2017.11.05-19.23.53:001][230]LogModuleManager: Shutting down and abandoning module MainFrame (266)
[2017.11.05-19.23.53:001][230]LogModuleManager: Shutting down and abandoning module HotReload (265)
[2017.11.05-19.23.53:002][230]LogModuleManager: Shutting down and abandoning module RuntimePhysXCooking (260)
[2017.11.05-19.23.53:002][230]LogModuleManager: Shutting down and abandoning module PhysXVehiclesEditor (258)
[2017.11.05-19.23.53:002][230]LogModuleManager: Shutting down and abandoning module PhysXVehicles (256)
[2017.11.05-19.23.53:002][230]LogModuleManager: Shutting down and abandoning module OculusEditor (254)
[2017.11.05-19.23.53:002][230]LogModuleManager: Shutting down and abandoning module LocationServicesBPLibrary (252)
[2017.11.05-19.23.53:002][230]LogModuleManager: Shutting down and abandoning module ImmediatePhysicsEditor (250)
[2017.11.05-19.23.53:002][230]LogModuleManager: Shutting down and abandoning module ImmediatePhysics (248)
[2017.11.05-19.23.53:002][230]LogModuleManager: Shutting down and abandoning module UdpMessaging (246)
[2017.11.05-19.23.53:103][230]LogModuleManager: Shutting down and abandoning module TcpMessaging (244)
[2017.11.05-19.23.53:203][230]LogModuleManager: Shutting down and abandoning module GameplayTagsEditor (242)
[2017.11.05-19.23.53:203][230]LogModuleManager: Shutting down and abandoning module FacialAnimationEditor (240)
[2017.11.05-19.23.53:203][230]LogModuleManager: Shutting down and abandoning module FacialAnimation (238)
[2017.11.05-19.23.53:203][230]LogModuleManager: Shutting down and abandoning module AssetManagerEditor (236)
[2017.11.05-19.23.53:203][230]LogModuleManager: Shutting down and abandoning module GraphEditor (235)
[2017.11.05-19.23.53:204][230]LogModuleManager: Shutting down and abandoning module ContentBrowser (233)
[2017.11.05-19.23.53:205][230]LogModuleManager: Shutting down and abandoning module LightPropagationVolumeRuntime (230)
[2017.11.05-19.23.53:205][230]LogModuleManager: Shutting down and abandoning module Paper2D (228)
[2017.11.05-19.23.53:205][230]LogModuleManager: Shutting down and abandoning module WindowsMoviePlayer (226)
[2017.11.05-19.23.53:205][230]LogModuleManager: Shutting down and abandoning module WmfMedia (224)
[2017.11.05-19.23.53:205][230]LogModuleManager: Shutting down and abandoning module PacketHandler (222)
[2017.11.05-19.23.53:205][230]LogModuleManager: Shutting down and abandoning module ClothingSystemEditor (220)
[2017.11.05-19.23.53:205][230]LogModuleManager: Shutting down and abandoning module ClothingSystemRuntime (218)
[2017.11.05-19.23.53:205][230]LogModuleManager: Shutting down and abandoning module Overlay (216)
[2017.11.05-19.23.53:205][230]LogModuleManager: Shutting down and abandoning module OverlayEditor (215)
[2017.11.05-19.23.53:205][230]LogModuleManager: Shutting down and abandoning module MediaAssets (212)
[2017.11.05-19.23.53:205][230]LogModuleManager: Shutting down and abandoning module VREditor (210)
[2017.11.05-19.23.53:205][230]LogModuleManager: Shutting down and abandoning module StringTableEditor (208)
[2017.11.05-19.23.53:205][230]LogModuleManager: Shutting down and abandoning module GameplayTasksEditor (206)
[2017.11.05-19.23.53:206][230]LogModuleManager: Shutting down and abandoning module BehaviorTreeEditor (204)
[2017.11.05-19.23.53:206][230]LogModuleManager: Shutting down and abandoning module FunctionalTesting (202)
[2017.11.05-19.23.53:206][230]LogModuleManager: Shutting down and abandoning module CollisionAnalyzer (200)
[2017.11.05-19.23.53:206][230]LogModuleManager: Shutting down and abandoning module WorkspaceMenuStructure (199)
[2017.11.05-19.23.53:206][230]LogModuleManager: Shutting down and abandoning module UMG (196)
[2017.11.05-19.23.53:206][230]LogModuleManager: Shutting down and abandoning module UMGEditor (195)
[2017.11.05-19.23.53:206][230]LogModuleManager: Shutting down and abandoning module Sequencer (194)
[2017.11.05-19.23.53:206][230]LogModuleManager: Shutting down and abandoning module MessageLog (191)
[2017.11.05-19.23.53:206][230]LogModuleManager: Shutting down and abandoning module SlateReflector (186)
[2017.11.05-19.23.53:206][230]LogModuleManager: Shutting down and abandoning module Slate (184)
[2017.11.05-19.23.53:206][230]LogModuleManager: Shutting down and abandoning module EditorStyle (182)
[2017.11.05-19.23.53:212][230]LogModuleManager: Shutting down and abandoning module MRMesh (180)
[2017.11.05-19.23.53:212][230]LogModuleManager: Shutting down and abandoning module SourceCodeAccess (178)
[2017.11.05-19.23.53:212][230]LogModuleManager: Shutting down and abandoning module HeadMountedDisplay (176)
[2017.11.05-19.23.53:212][230]LogModuleManager: Shutting down and abandoning module XAudio2 (174)
[2017.11.05-19.23.53:212][230]LogModuleManager: Shutting down and abandoning module Networking (172)
[2017.11.05-19.23.53:212][230]LogModuleManager: Shutting down and abandoning module Core (168)
[2017.11.05-19.23.53:212][230]LogModuleManager: Shutting down and abandoning module KismetCompiler (164)
[2017.11.05-19.23.53:212][230]LogModuleManager: Shutting down and abandoning module LevelSequence (162)
[2017.11.05-19.23.53:212][230]LogModuleManager: Shutting down and abandoning module MeshUtilities (160)
[2017.11.05-19.23.53:212][230]LogModuleManager: Shutting down and abandoning module MeshMergeUtilities (159)
[2017.11.05-19.23.53:212][230]LogModuleManager: Shutting down and abandoning module MeshReductionInterface (158)
[2017.11.05-19.23.53:212][230]LogModuleManager: Shutting down and abandoning module SimplygonSwarm (157)
[2017.11.05-19.23.53:212][230]LogModuleManager: Shutting down and abandoning module SimplygonMeshReduction (155)
[2017.11.05-19.23.53:212][230]LogModuleManager: Shutting down and abandoning module QuadricMeshReduction (153)
[2017.11.05-19.23.53:212][230]LogModuleManager: Shutting down and abandoning module MaterialBaking (149)
[2017.11.05-19.23.53:212][230]LogModuleManager: Shutting down and abandoning module DirectoryWatcher (146)
[2017.11.05-19.23.53:214][230]LogModuleManager: Shutting down and abandoning module DerivedDataCache (144)
[2017.11.05-19.23.53:309][230]LogDerivedDataCache: Shutdown
[2017.11.05-19.23.53:309][230]LogModuleManager: Shutting down and abandoning module TargetPlatform (142)
[2017.11.05-19.23.53:309][230]LogModuleManager: Shutting down and abandoning module VulkanShaderFormat (141)
[2017.11.05-19.23.53:309][230]LogModuleManager: Shutting down and abandoning module ShaderFormatVectorVM (139)
[2017.11.05-19.23.53:309][230]LogModuleManager: Shutting down and abandoning module ShaderFormatOpenGL (137)
[2017.11.05-19.23.53:309][230]LogModuleManager: Shutting down and abandoning module ShaderFormatD3D (135)
[2017.11.05-19.23.53:309][230]LogModuleManager: Shutting down and abandoning module MetalShaderFormat (133)
[2017.11.05-19.23.53:309][230]LogModuleManager: Shutting down and abandoning module TextureFormatUncompressed (131)
[2017.11.05-19.23.53:309][230]LogModuleManager: Shutting down and abandoning module TextureFormatPVR (129)
[2017.11.05-19.23.53:309][230]LogModuleManager: Shutting down and abandoning module TextureFormatDXT (127)
[2017.11.05-19.23.53:310][230]LogModuleManager: Shutting down and abandoning module TextureFormatIntelISPCTexComp (125)
[2017.11.05-19.23.53:310][230]LogModuleManager: Shutting down and abandoning module TextureFormatASTC (123)
[2017.11.05-19.23.53:310][230]LogModuleManager: Shutting down and abandoning module ImageWrapper (122)
[2017.11.05-19.23.53:310][230]LogModuleManager: Shutting down and abandoning module TextureFormatAndroid (119)
[2017.11.05-19.23.53:310][230]LogModuleManager: Shutting down and abandoning module AudioFormatOpus (117)
[2017.11.05-19.23.53:310][230]LogModuleManager: Shutting down and abandoning module AudioFormatOgg (115)
[2017.11.05-19.23.53:310][230]LogModuleManager: Shutting down and abandoning module AudioFormatADPCM (113)
[2017.11.05-19.23.53:310][230]LogModuleManager: Shutting down and abandoning module LinuxTargetPlatform (111)
[2017.11.05-19.23.53:310][230]LogModuleManager: Shutting down and abandoning module LinuxServerTargetPlatform (109)
[2017.11.05-19.23.53:310][230]LogModuleManager: Shutting down and abandoning module LinuxNoEditorTargetPlatform (107)
[2017.11.05-19.23.53:310][230]LogModuleManager: Shutting down and abandoning module LinuxClientTargetPlatform (105)
[2017.11.05-19.23.53:310][230]LogModuleManager: Shutting down and abandoning module TVOSTargetPlatform (103)
[2017.11.05-19.23.53:310][230]LogModuleManager: Shutting down and abandoning module Messaging (101)
[2017.11.05-19.23.53:310][230]LogModuleManager: Shutting down and abandoning module IOSTargetPlatform (99)
[2017.11.05-19.23.53:310][230]LogModuleManager: Shutting down and abandoning module HTML5TargetPlatform (97)
[2017.11.05-19.23.53:310][230]LogModuleManager: Shutting down and abandoning module Android_PVRTCTargetPlatform (95)
[2017.11.05-19.23.53:310][230]LogModuleManager: Shutting down and abandoning module Android_MultiTargetPlatform (93)
[2017.11.05-19.23.53:310][230]LogModuleManager: Shutting down and abandoning module Android_ETC2TargetPlatform (91)
[2017.11.05-19.23.53:310][230]LogModuleManager: Shutting down and abandoning module Android_ETC1TargetPlatform (89)
[2017.11.05-19.23.53:310][230]LogModuleManager: Shutting down and abandoning module Android_DXTTargetPlatform (87)
[2017.11.05-19.23.53:310][230]LogModuleManager: Shutting down and abandoning module Android_ATCTargetPlatform (85)
[2017.11.05-19.23.53:310][230]LogModuleManager: Shutting down and abandoning module Android_ASTCTargetPlatform (83)
[2017.11.05-19.23.53:310][230]LogModuleManager: Shutting down and abandoning module AndroidTargetPlatform (81)
[2017.11.05-19.23.53:310][230]LogModuleManager: Shutting down and abandoning module WindowsTargetPlatform (79)
[2017.11.05-19.23.53:310][230]LogModuleManager: Shutting down and abandoning module WindowsServerTargetPlatform (77)
[2017.11.05-19.23.53:310][230]LogModuleManager: Shutting down and abandoning module WindowsNoEditorTargetPlatform (75)
[2017.11.05-19.23.53:310][230]LogModuleManager: Shutting down and abandoning module WindowsClientTargetPlatform (73)
[2017.11.05-19.23.53:310][230]LogModuleManager: Shutting down and abandoning module MacTargetPlatform (71)
[2017.11.05-19.23.53:310][230]LogModuleManager: Shutting down and abandoning module MacServerTargetPlatform (69)
[2017.11.05-19.23.53:310][230]LogModuleManager: Shutting down and abandoning module MacNoEditorTargetPlatform (67)
[2017.11.05-19.23.53:310][230]LogModuleManager: Shutting down and abandoning module MacClientTargetPlatform (65)
[2017.11.05-19.23.53:310][230]LogModuleManager: Shutting down and abandoning module AllDesktopTargetPlatform (63)
[2017.11.05-19.23.53:310][230]LogModuleManager: Shutting down and abandoning module InputCore (60)
[2017.11.05-19.23.53:310][230]LogModuleManager: Shutting down and abandoning module Settings (58)
[2017.11.05-19.23.53:311][230]LogModuleManager: Shutting down and abandoning module PhysXCooking (56)
[2017.11.05-19.23.53:311][230]LogModuleManager: Shutting down and abandoning module SteamVR (54)
[2017.11.05-19.23.53:311][230]LogModuleManager: Shutting down and abandoning module OculusHMD (52)
[2017.11.05-19.23.53:311][230]LogModuleManager: Shutting down and abandoning module ExampleDeviceProfileSelector (50)
[2017.11.05-19.23.53:311][230]LogModuleManager: Shutting down and abandoning module OnlineBlueprintSupport (48)
[2017.11.05-19.23.53:311][230]LogModuleManager: Shutting down and abandoning module OnlineSubsystem (44)
[2017.11.05-19.23.53:311][230]LogOnline: Display: Unloading online subsystem: NULL
[2017.11.05-19.23.53:311][230]LogModuleManager: Shutting down and abandoning module XMPP (43)
[2017.11.05-19.23.53:311][230]LogModuleManager: Shutting down and abandoning module HTTP (41)
[2017.11.05-19.23.53:311][230]LogHttp: Display: Http module shutting down, but needs to wait on 1 outstanding Http requests:
[2017.11.05-19.23.53:311][230]LogHttp: Display: 	verb=[POST] url=[https://datarouter.ol.epicgames.com/datarouter/api/v1/public/data?SessionID=%7B51F04AEF-4B16-E370-9FEF-1894C2F22922%7D&AppID=UEEditor.Rocket.Release&AppVersion=4.17.2-3658906%2B%2B%2BUE4%2BRelease-4.17&UserID=0c00cb594444ce5292f97aadf3b4bd87%7C9975c818dc15487da82246fda931f30b%7C03c2f105-f08a-4122-bd94-ebf12ae9fd8f&AppEnvironment=datacollector-binary&UploadType=eteventstream] status=Processing
[2017.11.05-19.23.53:322][230]LogModuleManager: Shutting down and abandoning module SSL (40)
[2017.11.05-19.23.53:323][230]LogModuleManager: Shutting down and abandoning module AnimationModifiers (36)
[2017.11.05-19.23.53:323][230]LogModuleManager: Shutting down and abandoning module PropertyEditor (35)
[2017.11.05-19.23.53:323][230]LogModuleManager: Shutting down and abandoning module AudioEditor (32)
[2017.11.05-19.23.53:323][230]LogModuleManager: Shutting down and abandoning module TextureCompressor (30)
[2017.11.05-19.23.53:323][230]LogModuleManager: Shutting down and abandoning module ShaderCore (28)
[2017.11.05-19.23.53:323][230]LogModuleManager: Shutting down and abandoning module Landscape (26)
[2017.11.05-19.23.53:323][230]LogModuleManager: Shutting down and abandoning module SlateRHIRenderer (24)
[2017.11.05-19.23.53:325][230]LogModuleManager: Shutting down and abandoning module OpenGLDrv (22)
[2017.11.05-19.23.53:325][230]LogModuleManager: Shutting down and abandoning module D3D11RHI (20)
[2017.11.05-19.23.53:325][230]LogModuleManager: Shutting down and abandoning module AnimGraphRuntime (18)
[2017.11.05-19.23.53:325][230]LogModuleManager: Shutting down and abandoning module Renderer (16)
[2017.11.05-19.23.53:325][230]LogModuleManager: Shutting down and abandoning module Engine (14)
[2017.11.05-19.23.53:325][230]LogModuleManager: Shutting down and abandoning module CoreUObject (12)
[2017.11.05-19.23.53:325][230]LogModuleManager: Shutting down and abandoning module NetworkFile (10)
[2017.11.05-19.23.53:325][230]LogModuleManager: Shutting down and abandoning module CookedIterativeFile (8)
[2017.11.05-19.23.53:325][230]LogModuleManager: Shutting down and abandoning module StreamingFile (6)
[2017.11.05-19.23.53:325][230]LogModuleManager: Shutting down and abandoning module SandboxFile (4)
[2017.11.05-19.23.53:325][230]LogModuleManager: Shutting down and abandoning module PakFile (2)
[2017.11.05-19.23.53:328][230]LogExit: Exiting.
[2017.11.05-19.23.53:346][230]Log file closed, 11/05/17 14:23:53
