Log file open, 11/05/17 14:24:34
LogWindows: Failed to load 'aqProf.dll' (GetLastError=126)
LogWindows: File 'aqProf.dll' does not exist
LogWindows: Failed to load 'VtuneApi.dll' (GetLastError=126)
LogWindows: File 'VtuneApi.dll' does not exist
LogWindows: Failed to load 'VtuneApi32e.dll' (GetLastError=126)
LogWindows: File 'VtuneApi32e.dll' does not exist
LogInit: Display: Running engine for game: KairosVR
LogPlatformFile: Not using cached read wrapper
LogInit: Display: RandInit(-1479228006) SRandInit(-1479228006).
LogTaskGraph: Started task graph with 5 named threads and 14 total threads with 3 sets of task threads.
LogStats: Stats thread started at 0.161409
LogD3D11RHI: Aftermath initialized
LogPluginManager: Mounting plugin Paper2D
LogPluginManager: Mounting plugin LightPropagationVolume
LogPluginManager: Mounting plugin CodeLiteSourceCodeAccess
LogPluginManager: Mounting plugin GitSourceControl
LogPluginManager: Mounting plugin KDevelopSourceCodeAccess
LogPluginManager: Mounting plugin NullSourceCodeAccess
LogPluginManager: Mounting plugin PerforceSourceControl
LogPluginManager: Mounting plugin SubversionSourceControl
LogPluginManager: Mounting plugin UObjectPlugin
LogPluginManager: Mounting plugin VisualStudioSourceCodeAccess
LogPluginManager: Mounting plugin XCodeSourceCodeAccess
LogPluginManager: Mounting plugin AssetManagerEditor
LogPluginManager: Mounting plugin AudioCapture
LogPluginManager: Mounting plugin FacialAnimation
LogPluginManager: Mounting plugin GameplayTagsEditor
LogPluginManager: Mounting plugin MobileLauncherProfileWizard
LogPluginManager: Mounting plugin PluginBrowser
LogPluginManager: Mounting plugin SpeedTreeImporter
LogPluginManager: Mounting plugin AlembicImporter
LogPluginManager: Mounting plugin CharacterAI
LogPluginManager: Mounting plugin HTML5Networking
LogPluginManager: Mounting plugin AndroidMedia
LogPluginManager: Mounting plugin AvfMedia
LogPluginManager: Mounting plugin MediaPlayerEditor
LogPluginManager: Mounting plugin WmfMedia
LogPluginManager: Mounting plugin TcpMessaging
LogPluginManager: Mounting plugin UdpMessaging
LogPluginManager: Mounting plugin LevelSequenceEditor
LogPluginManager: Mounting plugin MatineeToLevelSequence
LogPluginManager: Mounting plugin OnlineSubsystemGooglePlay
LogPluginManager: Mounting plugin OnlineSubsystemIOS
LogPluginManager: Mounting plugin OnlineSubsystem
LogPluginManager: Mounting plugin OnlineSubsystemNull
LogPluginManager: Mounting plugin OnlineSubsystemUtils
LogPluginManager: Mounting plugin AndroidDeviceProfileSelector
LogPluginManager: Mounting plugin AndroidMoviePlayer
LogPluginManager: Mounting plugin AndroidPermission
LogPluginManager: Mounting plugin AppleMoviePlayer
LogPluginManager: Mounting plugin ArchVisCharacter
LogPluginManager: Mounting plugin CableComponent
LogPluginManager: Mounting plugin CustomMeshComponent
LogPluginManager: Mounting plugin ExampleDeviceProfileSelector
LogPluginManager: Mounting plugin GoogleCloudMessaging
LogPluginManager: Mounting plugin ImmediatePhysics
LogPluginManager: Mounting plugin IOSDeviceProfileSelector
LogPluginManager: Mounting plugin LinuxDeviceProfileSelector
LogPluginManager: Mounting plugin LocationServicesBPLibrary
LogPluginManager: Mounting plugin MobilePatchingUtils
LogPluginManager: Mounting plugin OculusVR
LogPluginManager: Mounting plugin PhysXVehicles
LogPluginManager: Mounting plugin ProceduralMeshComponent
LogPluginManager: Mounting plugin RuntimePhysXCooking
LogPluginManager: Mounting plugin SteamVR
LogPluginManager: Mounting plugin WindowsMoviePlayer
LogInit: Using libcurl 7.47.1
LogInit:  - built for x86_64-pc-win32
LogInit:  - supports SSL with OpenSSL/1.0.2g
LogInit:  - supports HTTP deflate (compression) using libz 1.2.8
LogInit:  - other features:
LogInit:      CURL_VERSION_SSL
LogInit:      CURL_VERSION_LIBZ
LogInit:      CURL_VERSION_IPV6
LogInit:      CURL_VERSION_ASYNCHDNS
LogInit:      CURL_VERSION_LARGEFILE
LogInit:      CURL_VERSION_IDN
LogInit:  CurlRequestOptions (configurable via config and command line):
LogInit:  - bVerifyPeer = false  - Libcurl will NOT verify peer certificate
LogInit:  - bUseHttpProxy = false  - Libcurl will NOT use HTTP proxy
LogInit:  - bDontReuseConnections = false  - Libcurl will reuse connections
LogInit:  - CertBundlePath = nullptr  - Libcurl will use whatever was configured at build time.
LogInit: Build: ++UE4+Release-4.17-CL-3658906
LogInit: Engine Version: 4.17.2-3658906+++UE4+Release-4.17
LogInit: Compatible Engine Version: 4.17.0-3573198+++UE4+Release-4.17
LogInit: Net CL: 3573198
LogDevObjectVersion: Number of dev versions registered: 16
LogDevObjectVersion:   Dev-Blueprints (B0D832E4-1F89-4F0D-ACCF-7EB736FD4AA2): 10
LogDevObjectVersion:   Dev-Build (E1C64328-A22C-4D53-A36C-8E866417BD8C): 0
LogDevObjectVersion:   Dev-Core (375EC13C-06E4-48FB-B500-84F0262A717E): 2
LogDevObjectVersion:   Dev-Editor (E4B068ED-F494-42E9-A231-DA0B2E46BB41): 20
LogDevObjectVersion:   Dev-Framework (CFFC743F-43B0-4480-9391-14DF171D2073): 28
LogDevObjectVersion:   Dev-Mobile (B02B49B5-BB20-44E9-A304-32B752E40360): 0
LogDevObjectVersion:   Dev-Networking (A4E4105C-59A1-49B5-A7C5-40C4547EDFEE): 0
LogDevObjectVersion:   Dev-Online (39C831C9-5AE6-47DC-9A44-9C173E1C8E7C): 0
LogDevObjectVersion:   Dev-Physics (78F01B33-EBEA-4F98-B9B4-84EACCB95AA2): 0
LogDevObjectVersion:   Dev-Platform (6631380F-2D4D-43E0-8009-CF276956A95A): 0
LogDevObjectVersion:   Dev-Rendering (12F88B9F-8875-4AFC-A67C-D90C383ABD29): 19
LogDevObjectVersion:   Dev-Sequencer (7B5AE74C-D270-4C10-A958-57980B212A5A): 4
LogDevObjectVersion:   Dev-VR (D7296918-1DD6-4BDD-9DE2-64A83CC13884): 0
LogDevObjectVersion:   Dev-LoadTimes (C2A15278-BFE7-4AFE-6C17-90FF531DF755): 1
LogDevObjectVersion:   Private-Geometry (6EACA3D4-40EC-4CC1-B786-8BED09428FC5): 1
LogDevObjectVersion:   Dev-AnimPhys (29E575DD-E0A3-4627-9D10-D276232CDCEA): 7
LogInit: Compiled (64-bit): Sep 22 2017 13:47:16
LogInit: Compiled with Visual C++: 19.00.24215.01
LogInit: Build Configuration: Development
LogInit: Branch Name: ++UE4+Release-4.17
LogInit: Command line:  
LogInit: Base directory: C:/Program Files/Epic Games/UE_4.17/Engine/Binaries/Win64/
LogInit: Installed Engine Build: 1
LogInit: Presizing for max 8388607 objects, including 0 objects not considered by GC, pre-allocating 0 bytes for permanent pool.
LogInit: Object subsystem initialized
[2017.11.05-19.24.35:265][  0]LogInit: Selected Device Profile: [Windows]
[2017.11.05-19.24.35:265][  0]LogInit: Applying CVar settings loaded from the selected device profile: [Windows]
[2017.11.05-19.24.35:286][  0]LogInit: Computer: ARTSYFARTSY
[2017.11.05-19.24.35:286][  0]LogInit: User: Kaitlin
[2017.11.05-19.24.35:286][  0]LogInit: CPU Page size=4096, Cores=4
[2017.11.05-19.24.35:286][  0]LogInit: High frequency timer resolution =3.234501 MHz
[2017.11.05-19.24.35:286][  0]LogMemory: Memory total: Physical=15.9GB (16GB approx)
[2017.11.05-19.24.35:286][  0]LogMemory: Platform Memory Stats for Windows
[2017.11.05-19.24.35:286][  0]LogMemory: Process Physical Memory: 278.23 MB used, 278.23 MB peak
[2017.11.05-19.24.35:286][  0]LogMemory: Process Virtual Memory: 276.27 MB used, 276.27 MB peak
[2017.11.05-19.24.35:286][  0]LogMemory: Physical Memory: 5802.59 MB used,  10507.61 MB free, 16310.20 MB total
[2017.11.05-19.24.35:286][  0]LogMemory: Virtual Memory: 652.52 MB used,  10507.61 MB free, 8388608.00 MB total
[2017.11.05-19.24.35:879][  0]LogInit: Using OS detected language (en-US).
[2017.11.05-19.24.35:879][  0]LogInit: Using OS detected locale (en-US).
[2017.11.05-19.24.35:882][  0]LogTextLocalizationManager: No specific localization for 'en-US' exists, so the 'en' localization will be used.
[2017.11.05-19.24.36:519][  0]LogD3D11RHI: D3D11 adapters:
[2017.11.05-19.24.36:537][  0]LogD3D11RHI:    0. 'NVIDIA Quadro K2200' (Feature Level 11_0)
[2017.11.05-19.24.36:537][  0]LogD3D11RHI:       4034/0/7899 MB DedicatedVideo/DedicatedSystem/SharedSystem, Outputs:2, VendorId:0x10de
[2017.11.05-19.24.36:537][  0]LogD3D11RHI: Chosen D3D11 Adapter: 0
[2017.11.05-19.24.36:542][  0]LogD3D11RHI: Creating new Direct3DDevice
[2017.11.05-19.24.36:542][  0]LogD3D11RHI:     GPU DeviceId: 0x13ba (for the marketing name, search the web for "GPU Device Id")
[2017.11.05-19.24.36:542][  0]LogWindows: EnumDisplayDevices:
[2017.11.05-19.24.36:542][  0]LogWindows:    0. 'NVIDIA Quadro K2200' (P:0 D:1)
[2017.11.05-19.24.36:543][  0]LogWindows:    1. 'NVIDIA Quadro K2200' (P:1 D:1)
[2017.11.05-19.24.36:543][  0]LogWindows:    2. 'NVIDIA Quadro K2200' (P:0 D:0)
[2017.11.05-19.24.36:543][  0]LogWindows:    3. 'NVIDIA Quadro K2200' (P:0 D:0)
[2017.11.05-19.24.36:543][  0]LogWindows:    4. 'RDPDD Chained DD' (P:0 D:0)
[2017.11.05-19.24.36:543][  0]LogWindows:    5. 'RDP Encoder Mirror Driver' (P:0 D:0)
[2017.11.05-19.24.36:543][  0]LogWindows:    6. 'RDP Reflector Display Driver' (P:0 D:0)
[2017.11.05-19.24.36:543][  0]LogWindows: DebugString: GetVideoDriverDetailsInvalid PrimaryIsNotTheChoosenAdapter GetVideoDriverDetailsInvalid PrimaryIsNotTheChoosenAdapter GetVideoDriverDetailsInvalid PrimaryIsNotTheChoosenAdapter FoundDriverCount:4 
[2017.11.05-19.24.36:543][  0]LogD3D11RHI:     Adapter Name: NVIDIA Quadro K2200
[2017.11.05-19.24.36:543][  0]LogD3D11RHI:   Driver Version: 385.69 (internal:22.21.13.8569, unified:385.69)
[2017.11.05-19.24.36:543][  0]LogD3D11RHI:      Driver Date: 9-16-2017
[2017.11.05-19.24.36:543][  0]LogRHI: Texture pool is 1361 MB (70% of 1945 MB)
[2017.11.05-19.24.36:554][  0]LogD3D11RHI: Async texture creation enabled
[2017.11.05-19.24.36:569][  0]LogD3D11RHI: GPU Timing Frequency: 1000.000000 (Debug: 2 2)
[2017.11.05-19.24.36:655][  0]LogShaderCompilers: Guid format shader working directory is 7 characters bigger than the processId version (M:/ExpGames/ExperimentalGame_VR/KairosVR/Intermediate/Shaders/WorkingDirectory/12352/).
[2017.11.05-19.24.36:655][  0]LogShaderCompilers: Cleaned the shader compiler working directory 'C:/Users/Kaitlin/AppData/Local/Temp/UnrealShaderWorkingDir/8E6973724FDDFAE7BA48AEAD9AF934EC/'.
[2017.11.05-19.24.36:655][  0]LogShaderCompilers: Display: Using Local Shader Compiler.
[2017.11.05-19.24.37:472][  0]LogTemp: Display: Loaded TP AllDesktopTargetPlatform
[2017.11.05-19.24.37:528][  0]LogTemp: Display: Loaded TP MacClientTargetPlatform
[2017.11.05-19.24.37:588][  0]LogTemp: Display: Loaded TP MacNoEditorTargetPlatform
[2017.11.05-19.24.37:645][  0]LogTemp: Display: Loaded TP MacServerTargetPlatform
[2017.11.05-19.24.37:702][  0]LogTemp: Display: Loaded TP MacTargetPlatform
[2017.11.05-19.24.37:757][  0]LogTemp: Display: Loaded TP WindowsClientTargetPlatform
[2017.11.05-19.24.37:812][  0]LogTemp: Display: Loaded TP WindowsNoEditorTargetPlatform
[2017.11.05-19.24.37:867][  0]LogTemp: Display: Loaded TP WindowsServerTargetPlatform
[2017.11.05-19.24.37:916][  0]LogTemp: Display: Loaded TP WindowsTargetPlatform
[2017.11.05-19.24.37:970][  0]LogTemp: Display: Loaded TP AndroidTargetPlatform
[2017.11.05-19.24.38:024][  0]LogTemp: Display: Loaded TP Android_ASTCTargetPlatform
[2017.11.05-19.24.38:079][  0]LogTemp: Display: Loaded TP Android_ATCTargetPlatform
[2017.11.05-19.24.38:133][  0]LogTemp: Display: Loaded TP Android_DXTTargetPlatform
[2017.11.05-19.24.38:186][  0]LogTemp: Display: Loaded TP Android_ETC1TargetPlatform
[2017.11.05-19.24.38:240][  0]LogTemp: Display: Loaded TP Android_ETC2TargetPlatform
[2017.11.05-19.24.38:355][  0]LogTemp: Display: Loaded TP Android_MultiTargetPlatform
[2017.11.05-19.24.38:355][  0]LogTemp: Display: Loaded TP Android_PVRTCTargetPlatform
[2017.11.05-19.24.38:399][  0]LogTemp: Display: Loaded TP HTML5TargetPlatform
[2017.11.05-19.24.38:494][  0]LogTemp: Display: Loaded TP IOSTargetPlatform
[2017.11.05-19.24.38:524][  0]LogTemp: Display: Loaded TP TVOSTargetPlatform
[2017.11.05-19.24.38:578][  0]LogTemp: Display: Loaded TP LinuxClientTargetPlatform
[2017.11.05-19.24.38:636][  0]LogTemp: Display: Loaded TP LinuxNoEditorTargetPlatform
[2017.11.05-19.24.38:691][  0]LogTemp: Display: Loaded TP LinuxServerTargetPlatform
[2017.11.05-19.24.38:746][  0]LogTemp: Display: Loaded TP LinuxTargetPlatform
[2017.11.05-19.24.38:746][  0]LogTargetPlatformManager: Display: Building Assets For Windows
[2017.11.05-19.24.39:299][  0]LogDerivedDataCache: Display: Max Cache Size: 512 MB
[2017.11.05-19.24.39:381][  0]LogDerivedDataCache: Loaded boot cache 0.08s 93MB C:/Users/Kaitlin/AppData/Local/UnrealEngine/4.17/DerivedDataCache/Boot.ddc.
[2017.11.05-19.24.39:381][  0]LogDerivedDataCache: Display: Loaded Boot cache: C:/Users/Kaitlin/AppData/Local/UnrealEngine/4.17/DerivedDataCache/Boot.ddc
[2017.11.05-19.24.39:381][  0]LogDerivedDataCache: FDerivedDataBackendGraph:  Pak pak cache file M:/ExpGames/ExperimentalGame_VR/KairosVR/DerivedDataCache/DDC.ddp not found, will not use a pak cache.
[2017.11.05-19.24.39:381][  0]LogDerivedDataCache: Unable to find inner node Pak for hierarchical cache Hierarchy.
[2017.11.05-19.24.39:381][  0]LogDerivedDataCache: FDerivedDataBackendGraph:  CompressedPak pak cache file M:/ExpGames/ExperimentalGame_VR/KairosVR/DerivedDataCache/Compressed.ddp not found, will not use a pak cache.
[2017.11.05-19.24.39:381][  0]LogDerivedDataCache: Unable to find inner node CompressedPak for hierarchical cache Hierarchy.
[2017.11.05-19.24.39:397][  0]LogDerivedDataCache: Display: Pak cache opened for reading ../../../Engine/DerivedDataCache/Compressed.ddp.
[2017.11.05-19.24.39:408][  0]LogDerivedDataCache: Using Local data cache path C:/Users/Kaitlin/AppData/Local/UnrealEngine/Common/DerivedDataCache: Writable
[2017.11.05-19.24.39:417][  0]LogMaterial: Verifying Global Shaders for PCD3D_SM5
[2017.11.05-19.24.39:417][  0]LogSlate: Using Freetype 2.6.0
[2017.11.05-19.24.39:418][  0]LogSlate: SlateFontCache - WITH_FREETYPE: 1, WITH_HARFBUZZ: 1
[2017.11.05-19.24.39:418][  0]LogSlate: SlateFontCache - WITH_FREETYPE: 1, WITH_HARFBUZZ: 1
[2017.11.05-19.24.39:652][  0]LogAssetRegistry: FAssetRegistry took 0.0238 seconds to start up
[2017.11.05-19.24.39:811][  0]LogInit: Selected Device Profile: [Windows]
[2017.11.05-19.24.39:815][  0]LogContentStreaming: Texture pool size is 0.00 MB
[2017.11.05-19.24.40:231][  0]LogSimplygon: Simplygon DLL not present - disabling.
[2017.11.05-19.24.40:277][  0]LogMeshReduction: Using SimplygonSwarm for distributed automatic mesh merging
[2017.11.05-19.24.40:277][  0]LogMeshReduction: Using QuadricMeshReduction for automatic static mesh reduction
[2017.11.05-19.24.40:278][  0]LogMeshReduction: No automatic skeletal mesh reduction module available
[2017.11.05-19.24.40:278][  0]LogMeshReduction: No automatic mesh merging module available
[2017.11.05-19.24.40:278][  0]LogMeshMerging: No automatic mesh merging module available
[2017.11.05-19.24.40:612][  0]LogNetVersion: KairosVR , NetCL: 3573198, EngineNetVer: 2, GameNetVer: 0 (Checksum: 2146758158)
[2017.11.05-19.24.40:841][  0]LogPackageLocalizationCache: Processed 5 localized package path(s) for 2 prioritized culture(s) in 0.060063 seconds
[2017.11.05-19.24.40:846][  0]LogUObjectArray: 35825 objects as part of root set at end of initial load.
[2017.11.05-19.24.40:846][  0]LogUObjectAllocator: 7529112 out of 0 bytes used by permanent object pool.
[2017.11.05-19.24.40:846][  0]LogUObjectArray: CloseDisregardForGC: 0/0 objects in disregard for GC pool
[2017.11.05-19.24.40:907][  0]LogInit: WinSock: version 1.1 (2.2), MaxSocks=32767, MaxUdp=65467
[2017.11.05-19.24.43:532][  0]LogTcpMessaging: Initializing TcpMessaging bridge
[2017.11.05-19.24.43:570][  0]LogUdpMessaging: Initializing bridge on interface 0.0.0.0:0 to multicast group 230.0.0.1:6666.
[2017.11.05-19.24.44:310][  0]LogMaterial: Uniform references updated for custom material expression Custom.
[2017.11.05-19.24.44:867][  0]SourceControl: Source control is disabled
[2017.11.05-19.24.44:867][  0]SourceControl: Source control is disabled
[2017.11.05-19.24.44:920][  0]SourceControl: Source control is disabled
[2017.11.05-19.24.44:972][  0]SourceControl: Source control is disabled
[2017.11.05-19.24.45:606][  0]LogAndroidPermission: UAndroidPermissionCallbackProxy::GetInstance
[2017.11.05-19.24.45:878][  0]LogOcInput: OculusInput pre-init called
[2017.11.05-19.24.46:153][  0]LogEngine: Initializing Engine...
[2017.11.05-19.24.46:154][  0]LogHMD: Failed to initialize OpenVR with code 110
[2017.11.05-19.24.46:391][  0]LogStats: UGameplayTagsManager::ConstructGameplayTagTree: Construct from data asset -  0.000 s
[2017.11.05-19.24.46:391][  0]LogStats: UGameplayTagsManager::ConstructGameplayTagTree: GameplayTagTreeChangedEvent.Broadcast -  0.000 s
[2017.11.05-19.24.46:534][  0]LogAIModule: Creating AISystem for world Untitled
[2017.11.05-19.24.46:549][  0]LogInit: XAudio2 using 'Speakers / Headphones (Realtek High Definition Audio)' : 2 channels at 48 kHz using 32 bits per sample (channel mask 0x3)
[2017.11.05-19.24.46:667][  0]LogInit: FAudioDevice initialized.
[2017.11.05-19.24.47:096][  0]LogDerivedDataCache: Saved boot cache 0.43s 93MB C:/Users/Kaitlin/AppData/Local/UnrealEngine/4.17/DerivedDataCache/Boot.ddc.
[2017.11.05-19.24.47:122][  0]LogInit: Texture streaming: Enabled
[2017.11.05-19.24.47:242][  0]LogEngineSessionManager: EngineSessionManager initialized
[2017.11.05-19.24.47:488][  0]LogInit: Transaction tracking system initialized
[2017.11.05-19.24.47:846][  0]BlueprintLog: New page: Editor Load
[2017.11.05-19.24.48:841][  0]LocalizationService: Localization service is disabled
[2017.11.05-19.24.49:606][  0]LogConsoleResponse: Display: 
[2017.11.05-19.24.49:788][  0]LogCook: Display: Max memory allowance for cook 16384mb min free memory 0mb
[2017.11.05-19.24.49:788][  0]LogCook: Display: Mobile HDR setting 1
[2017.11.05-19.24.49:788][  0]LogGameplayTags: Display: UGameplayTagsManager::DoneAddingNativeTags. DelegateIsBound: 0
[2017.11.05-19.24.49:817][  0]LogFileCache: Scanning file cache for directory 'M:/ExpGames/ExperimentalGame_VR/KairosVR/Content/' took 0.01s
[2017.11.05-19.24.50:949][  0]SourceControl: Source control is disabled
[2017.11.05-19.24.50:949][  0]Cmd: MAP LOAD FILE="M:/ExpGames/ExperimentalGame_VR/KairosVR/Content/Levels/ShipInterior.umap" TEMPLATE=0 SHOWPROGRESS=1 FEATURELEVEL=3
[2017.11.05-19.24.50:950][  0]LightingResults: New page: Lighting Build
[2017.11.05-19.24.50:997][  0]MapCheck: New page: Map Check
[2017.11.05-19.24.50:997][  0]LightingResults: New page: Lighting Build
[2017.11.05-19.24.51:245][  0]LogLinker: Warning: Can't find file '/Game/VirtualRealityBP/Blueprints/GripEnum'
[2017.11.05-19.24.51:245][  0]LogLinker: Warning: Can't find file for asset '/Game/VirtualRealityBP/Blueprints/GripEnum' while loading M:/ExpGames/ExperimentalGame_VR/KairosVR/Content/VirutalRealityTemplateContent/VirtualReality/Mannequin/Animations/RightHand_AnimBP.uasset.
[2017.11.05-19.24.51:245][  0]LoadErrors: Error: /Game/VirutalRealityTemplateContent/VirtualReality/Mannequin/Animations/RightHand_AnimBP : Can't find file for asset. /Game/VirtualRealityBP/Blueprints/GripEnum
[2017.11.05-19.24.51:246][  0]LogLinker: Warning: Can't find file '/Game/VirtualRealityBP/Blueprints/GripEnum'
[2017.11.05-19.24.51:246][  0]LogLinker: Warning: Can't find file for asset '/Game/VirtualRealityBP/Blueprints/GripEnum' while loading M:/ExpGames/ExperimentalGame_VR/KairosVR/Content/VirutalRealityTemplateContent/VirtualReality/Mannequin/Animations/RightHand_AnimBP.uasset.
[2017.11.05-19.24.51:246][  0]LoadErrors: Error: /Game/VirutalRealityTemplateContent/VirtualReality/Mannequin/Animations/RightHand_AnimBP : Can't find file for asset. /Game/VirtualRealityBP/Blueprints/GripEnum
[2017.11.05-19.24.51:249][  0]LogLinker: Warning: Can't find file '/Game/VirtualRealityBP/Blueprints/GripEnum'
[2017.11.05-19.24.51:249][  0]LoadErrors: Failed to load /Game/VirtualRealityBP/Blueprints/GripEnum.GripEnum Referenced by GripState
[2017.11.05-19.24.51:249][  0]LogLinker: Warning: Can't find file for asset '/Game/VirtualRealityBP/Blueprints/GripEnum' while loading M:/ExpGames/ExperimentalGame_VR/KairosVR/Content/Blueprints/BP_MotionController.uasset.
[2017.11.05-19.24.51:249][  0]LoadErrors: Failed to load /Game/VirtualRealityBP/Blueprints/GripEnum.GripEnum Referenced by GripState
[2017.11.05-19.24.51:249][  0]LoadErrors: Error: /Game/Blueprints/BP_MotionController : Can't find file for asset. /Game/VirtualRealityBP/Blueprints/GripEnum
[2017.11.05-19.24.51:250][  0]LogLinker: Warning: Can't find file '/Game/VirtualRealityBP/Blueprints/GripEnum'
[2017.11.05-19.24.51:250][  0]LogLinker: Warning: Can't find file for asset '/Game/VirtualRealityBP/Blueprints/GripEnum' while loading M:/ExpGames/ExperimentalGame_VR/KairosVR/Content/Blueprints/BP_MotionController.uasset.
[2017.11.05-19.24.51:250][  0]LoadErrors: Error: /Game/Blueprints/BP_MotionController : Can't find file for asset. /Game/VirtualRealityBP/Blueprints/GripEnum
[2017.11.05-19.24.51:250][  0]LogLinker: Warning: Can't find file '/Game/VirtualRealityBP/Blueprints/GripEnum'
[2017.11.05-19.24.51:250][  0]LogLinker: Warning: Can't find file for asset '/Game/VirtualRealityBP/Blueprints/GripEnum' while loading M:/ExpGames/ExperimentalGame_VR/KairosVR/Content/Blueprints/BP_MotionController.uasset.
[2017.11.05-19.24.51:250][  0]LoadErrors: Error: /Game/Blueprints/BP_MotionController : Can't find file for asset. /Game/VirtualRealityBP/Blueprints/GripEnum
[2017.11.05-19.24.51:250][  0]LogLinker: Warning: Can't find file '/Game/VirtualRealityBP/Blueprints/GripEnum'
[2017.11.05-19.24.51:250][  0]LoadErrors: Failed to load /Game/VirtualRealityBP/Blueprints/GripEnum.GripEnum Referenced by RightHand_AnimBP
[2017.11.05-19.24.51:250][  0]LogLinker: Warning: Can't find file for asset '/Game/VirtualRealityBP/Blueprints/GripEnum' while loading M:/ExpGames/ExperimentalGame_VR/KairosVR/Content/Blueprints/BP_MotionController.uasset.
[2017.11.05-19.24.51:250][  0]LoadErrors: Failed to load /Game/VirtualRealityBP/Blueprints/GripEnum.GripEnum Referenced by RightHand_AnimBP
[2017.11.05-19.24.51:250][  0]LoadErrors: Error: /Game/Blueprints/BP_MotionController : Can't find file for asset. /Game/VirtualRealityBP/Blueprints/GripEnum
[2017.11.05-19.24.51:251][  0]LogLinker: Warning: Can't find file '/Game/VirtualRealityBP/Blueprints/GripEnum'
[2017.11.05-19.24.51:251][  0]LoadErrors: Failed to load /Game/VirtualRealityBP/Blueprints/GripEnum.GripEnum Referenced by K2Node_VariableGet_64
[2017.11.05-19.24.51:251][  0]LogLinker: Warning: Can't find file for asset '/Game/VirtualRealityBP/Blueprints/GripEnum' while loading M:/ExpGames/ExperimentalGame_VR/KairosVR/Content/Blueprints/BP_MotionController.uasset.
[2017.11.05-19.24.51:251][  0]LoadErrors: Failed to load /Game/VirtualRealityBP/Blueprints/GripEnum.GripEnum Referenced by K2Node_VariableGet_64
[2017.11.05-19.24.51:251][  0]LoadErrors: Error: /Game/Blueprints/BP_MotionController : Can't find file for asset. /Game/VirtualRealityBP/Blueprints/GripEnum
[2017.11.05-19.24.51:857][  0]LogAIModule: Creating AISystem for world ShipInterior
[2017.11.05-19.24.51:864][  0]LogEditorServer: Finished looking for orphan Actors (0.000 secs)
[2017.11.05-19.24.51:879][  0]Cmd: MAP CHECKDEP NOCLEARLOG
[2017.11.05-19.24.51:931][  0]MapCheck: Map check complete: 0 Error(s), 0 Warning(s), took 51.865ms to complete.
[2017.11.05-19.24.51:931][  0]LogFileHelpers: Loading map 'ShipInterior' took 0.982
[2017.11.05-19.24.52:087][  0]LogCollectionManager: Loaded 0 collections in 0.001079 seconds
[2017.11.05-19.24.52:175][  0]LogFileCache: Scanning file cache for directory 'M:/ExpGames/ExperimentalGame_VR/KairosVR/Saved/Collections/' took 0.01s
[2017.11.05-19.24.52:175][  0]LogFileCache: Scanning file cache for directory 'M:/ExpGames/ExperimentalGame_VR/KairosVR/Content/Developers/Kaitlin/Collections/' took 0.01s
[2017.11.05-19.24.52:175][  0]LogFileCache: Scanning file cache for directory 'M:/ExpGames/ExperimentalGame_VR/KairosVR/Content/Collections/' took 0.01s
[2017.11.05-19.24.52:175][  0]LogCollectionManager: Rebuilt the GUID cache for 0 collections in 0.000000 seconds
[2017.11.05-19.24.52:182][  0]LogContentBrowser: Native class hierarchy populated in 0.0072 seconds. Added 2386 classes and 500 folders.
[2017.11.05-19.24.52:253][  0]LogContentBrowser: Native class hierarchy updated for 'WidgetCarousel' in 0.0009 seconds. Added 0 classes and 0 folders.
[2017.11.05-19.24.52:292][  0]LogContentBrowser: Native class hierarchy updated for 'AddContentDialog' in 0.0006 seconds. Added 0 classes and 0 folders.
[2017.11.05-19.24.52:342][  0]LogContentBrowser: Native class hierarchy updated for 'SceneOutliner' in 0.0006 seconds. Added 1 classes and 2 folders.
[2017.11.05-19.24.52:362][  0]LogSlate: Took 0.000191 seconds to synchronously load lazily loaded font '../../../Engine/Content/Slate/Fonts/Roboto-Regular.ttf' (155K)
[2017.11.05-19.24.52:364][  0]LogSlate: Took 0.000179 seconds to synchronously load lazily loaded font '../../../Engine/Content/Slate/Fonts/Roboto-Bold.ttf' (160K)
[2017.11.05-19.24.52:368][  0]LogSlate: Took 0.000152 seconds to synchronously load lazily loaded font '../../../Engine/Content/Editor/Slate/Fonts/FontAwesome.ttf' (139K)
[2017.11.05-19.24.52:481][  0]LogRenderer: Reallocating scene render targets to support 1328x688 Format 26 NumSamples 1 (Frame:1).
[2017.11.05-19.24.52:751][  0]LogContentBrowser: Native class hierarchy updated for 'HierarchicalLODOutliner' in 0.0005 seconds. Added 1 classes and 2 folders.
[2017.11.05-19.24.52:752][  0]LogLoad: (Engine Initialization) Total time: 19.05 seconds
[2017.11.05-19.24.52:752][  0]LogLoad: (Engine Initialization) Total Blueprint compile time: 0.00 seconds
[2017.11.05-19.24.52:752][  0]LogExternalProfiler: Found external profiler: VSPerf
[2017.11.05-19.24.52:752][  0]LogExternalProfiler: Using external profiler: VSPerf
[2017.11.05-19.24.53:113][  0]LogContentStreaming: Texture pool size now 1000 MB
[2017.11.05-19.24.53:164][  0]LogSlate: Took 0.000208 seconds to synchronously load lazily loaded font '../../../Engine/Content/Slate/Fonts/Roboto-Light.ttf' (159K)
[2017.11.05-19.24.53:775][  2]LogAssetRegistry: Asset discovery search completed in 14.1425 seconds
[2017.11.05-19.24.53:780][  2]LogCollectionManager: Rebuilt the object cache for 0 collections in 0.000001 seconds (found 0 objects)
[2017.11.05-19.24.53:780][  2]LogCollectionManager: Fixed up redirectors for 0 collections in 0.000114 seconds (updated 0 objects)
[2017.11.05-19.24.54:121][  3]LogSlate: Took 0.000226 seconds to synchronously load lazily loaded font '../../../Engine/Content/Slate/Fonts/Roboto-Light.ttf' (159K)
[2017.11.05-19.25.09:876][526]LogEditorViewport: Clicking on Actor (LMB): BP_ControlTable_C (BP_ControlTable)
[2017.11.05-19.25.11:303][693]Cmd: CAMERA ALIGN ACTIVEVIEWPORTONLY
[2017.11.05-19.25.15:123][149]LogEditorViewport: Clicking on Actor (LMB): BP_ControlTable_C (BP_ControlTable)
[2017.11.05-19.25.22:331][973]LogSlate: Took 0.000199 seconds to synchronously load lazily loaded font '../../../Engine/Content/Slate/Fonts/Roboto-Light.ttf' (159K)
[2017.11.05-19.25.22:657][973]LogContentBrowser: Native class hierarchy updated for 'BlueprintGraph' in 0.0008 seconds. Added 113 classes and 0 folders.
[2017.11.05-19.25.23:207][973]LogSlate: Took 0.000134 seconds to synchronously load lazily loaded font '../../../Engine/Content/Slate/Fonts/Roboto-Regular.ttf' (155K)
[2017.11.05-19.25.23:259][973]LogSlate: Took 0.000225 seconds to synchronously load lazily loaded font '../../../Engine/Content/Editor/Slate/Fonts/Roboto-BoldCondensed.ttf' (158K)
[2017.11.05-19.25.23:346][974]LogSlate: Took 0.000253 seconds to synchronously load lazily loaded font '../../../Engine/Content/Editor/Slate/Fonts/Roboto-Italic.ttf' (157K)
[2017.11.05-19.25.45:159][751]LogRenderer: Reallocating scene render targets to support 1328x920 Format 26 NumSamples 1 (Frame:1).
[2017.11.05-19.27.00:820][891]LogFactory: FactoryCreateFile: StaticMesh with FbxFactory (0 0 M:\ExpGames\Final\assets\tableBase.fbx)
[2017.11.05-19.27.00:833][891]LogFbx: ItemName: GlobalSettings, ItemCount : 1
[2017.11.05-19.27.00:833][891]LogFbx: ItemName: Geometry, ItemCount : 1
[2017.11.05-19.27.00:833][891]LogFbx: ItemName: Material, ItemCount : 1
[2017.11.05-19.27.00:833][891]LogFbx: ItemName: Model, ItemCount : 1
[2017.11.05-19.27.00:838][891]LogFbx: Loading FBX Scene from M:\ExpGames\Final\assets\tableBase.fbx
[2017.11.05-19.27.00:845][891]LogFbx: FBX Scene Loaded Succesfully
[2017.11.05-19.27.04:866][891]LogFbx: Loading FBX Scene from M:\ExpGames\Final\assets\tableBase.fbx
[2017.11.05-19.27.04:871][891]LogFbx: FBX Scene Loaded Succesfully
[2017.11.05-19.27.04:871][891]LogFbx: Warning: Triangulating static mesh tableBase
[2017.11.05-19.27.04:889][891]LogStaticMesh: Building static mesh tableBase...
[2017.11.05-19.27.04:904][891]LogStaticMesh: Built static mesh [0.02s] /Game/Assets/Table/tableBase.tableBase
[2017.11.05-19.27.04:935][891]FBXImport: Warning: No smoothing group information was found in this FBX scene.  Please make sure to enable the 'Export Smoothing Groups' option in the FBX Exporter plug-in before exporting the file.  Even for tools that don't support smoothing groups, the FBX Exporter will generate appropriate smoothing data at export-time so that correct vertex normals can be inferred while importing. 
[2017.11.05-19.27.04:935][891]FBXImport: Warning: Warning: The imported mesh is very small. This is most likely an issue with the units used when exporting to FBX. 
[2017.11.05-19.27.04:962][891]LogFactory: FactoryCreateFile: StaticMesh with FbxFactory (0 0 M:\ExpGames\Final\assets\tableHandles.fbx)
[2017.11.05-19.27.04:975][891]LogFbx: Loading FBX Scene from M:\ExpGames\Final\assets\tableHandles.fbx
[2017.11.05-19.27.04:983][891]LogFbx: FBX Scene Loaded Succesfully
[2017.11.05-19.27.04:983][891]LogFbx: Warning: Triangulating static mesh tableHandles
[2017.11.05-19.27.05:421][891]LogStaticMesh: Building static mesh tableHandles...
[2017.11.05-19.27.05:556][891]LogStaticMesh: Built static mesh [0.13s] /Game/Assets/Table/tableHandles.tableHandles
[2017.11.05-19.27.05:570][891]FBXImport: Warning: No smoothing group information was found in this FBX scene.  Please make sure to enable the 'Export Smoothing Groups' option in the FBX Exporter plug-in before exporting the file.  Even for tools that don't support smoothing groups, the FBX Exporter will generate appropriate smoothing data at export-time so that correct vertex normals can be inferred while importing. 
[2017.11.05-19.27.05:580][891]LogFactory: FactoryCreateFile: StaticMesh with FbxFactory (0 0 M:\ExpGames\Final\assets\tableScrews.fbx)
[2017.11.05-19.27.05:591][891]LogFbx: Loading FBX Scene from M:\ExpGames\Final\assets\tableScrews.fbx
[2017.11.05-19.27.05:599][891]LogFbx: FBX Scene Loaded Succesfully
[2017.11.05-19.27.05:600][891]LogFbx: Warning: Triangulating static mesh tableScrews
[2017.11.05-19.27.06:111][891]LogStaticMesh: Building static mesh tableScrews...
[2017.11.05-19.27.06:385][891]LogStaticMesh: Built static mesh [0.27s] /Game/Assets/Table/tableScrews.tableScrews
[2017.11.05-19.27.06:408][891]FBXImport: Warning: No smoothing group information was found in this FBX scene.  Please make sure to enable the 'Export Smoothing Groups' option in the FBX Exporter plug-in before exporting the file.  Even for tools that don't support smoothing groups, the FBX Exporter will generate appropriate smoothing data at export-time so that correct vertex normals can be inferred while importing. 
[2017.11.05-19.27.06:414][891]LogFactory: FactoryCreateFile: StaticMesh with FbxFactory (0 0 M:\ExpGames\Final\assets\tableTop.fbx)
[2017.11.05-19.27.06:434][891]LogFbx: Loading FBX Scene from M:\ExpGames\Final\assets\tableTop.fbx
[2017.11.05-19.27.06:439][891]LogFbx: FBX Scene Loaded Succesfully
[2017.11.05-19.27.06:440][891]LogFbx: Warning: Triangulating static mesh tableTop
[2017.11.05-19.27.06:464][891]LogStaticMesh: Building static mesh tableTop...
[2017.11.05-19.27.06:478][891]LogStaticMesh: Built static mesh [0.01s] /Game/Assets/Table/tableTop.tableTop
[2017.11.05-19.27.06:486][891]FBXImport: Warning: No smoothing group information was found in this FBX scene.  Please make sure to enable the 'Export Smoothing Groups' option in the FBX Exporter plug-in before exporting the file.  Even for tools that don't support smoothing groups, the FBX Exporter will generate appropriate smoothing data at export-time so that correct vertex normals can be inferred while importing. 
[2017.11.05-19.27.06:490][891]LogFactory: FactoryCreateFile: StaticMesh with FbxFactory (0 0 M:\ExpGames\Final\assets\tableVents.fbx)
[2017.11.05-19.27.06:501][891]LogFbx: Loading FBX Scene from M:\ExpGames\Final\assets\tableVents.fbx
[2017.11.05-19.27.06:507][891]LogFbx: FBX Scene Loaded Succesfully
[2017.11.05-19.27.06:508][891]LogFbx: Warning: Triangulating static mesh tableVents
[2017.11.05-19.27.06:662][891]LogStaticMesh: Building static mesh tableVents...
[2017.11.05-19.27.06:746][891]LogStaticMesh: Built static mesh [0.08s] /Game/Assets/Table/tableVents.tableVents
[2017.11.05-19.27.06:756][891]FBXImport: Warning: No smoothing group information was found in this FBX scene.  Please make sure to enable the 'Export Smoothing Groups' option in the FBX Exporter plug-in before exporting the file.  Even for tools that don't support smoothing groups, the FBX Exporter will generate appropriate smoothing data at export-time so that correct vertex normals can be inferred while importing. 
[2017.11.05-19.30.36:233][174]LogEditorViewport: Clicking on Actor (LMB): StaticMeshActor (Floor)
[2017.11.05-19.31.35:718][849]LogEditorViewport: Clicking on Actor (LMB): StaticMeshActor (Floor)
[2017.11.05-19.32.18:501][849]LogLinker: Warning: Can't find file '/Game/Maps/AssetTesting_BuiltData'
[2017.11.05-19.32.18:501][849]LogLinker: Warning: Can't find file for asset '/Game/Maps/AssetTesting_BuiltData' while loading M:/ExpGames/ExperimentalGame_VR/KairosVR/Content/Maps/AssetTesting.umap.
[2017.11.05-19.32.18:501][849]LoadErrors: Error: /Game/Maps/AssetTesting : Can't find file for asset. /Game/Maps/AssetTesting_BuiltData
[2017.11.05-19.32.18:503][849]LogLinker: Warning: Can't find file '/Game/Maps/AssetTesting_BuiltData'
[2017.11.05-19.32.18:503][849]LogLinker: Warning: Can't find file for asset '/Game/Maps/AssetTesting_BuiltData' while loading M:/ExpGames/ExperimentalGame_VR/KairosVR/Content/Maps/AssetTesting.umap.
[2017.11.05-19.32.18:506][849]LogLinker: Warning: Can't find file '/Game/Maps/AssetTesting_BuiltData'
[2017.11.05-19.32.18:506][849]LoadErrors: Failed to load /Game/Maps/AssetTesting_BuiltData.AssetTesting_BuiltData Referenced by PersistentLevel
[2017.11.05-19.32.18:506][849]LogLinker: Warning: Can't find file for asset '/Game/Maps/AssetTesting_BuiltData' while loading NULL.
[2017.11.05-19.32.18:508][849]LogAIModule: Creating AISystem for world AssetTesting
[2017.11.05-19.32.24:410][849]Cmd: OBJ SAVEPACKAGE PACKAGE="/Game/Assets/Table/tableBase" FILE="M:/ExpGames/ExperimentalGame_VR/KairosVR/Content/Assets/Table/tableBase.uasset" SILENT=true
[2017.11.05-19.32.24:451][849]LogSavePackage: Save=36.44ms
[2017.11.05-19.32.24:451][849]LogSavePackage: Moving 'M:/ExpGames/ExperimentalGame_VR/KairosVR/Saved/tableBaseBFB205A2445C5652AC2FC299E1E53BBE.tmp' to 'M:/ExpGames/ExperimentalGame_VR/KairosVR/Content/Assets/Table/tableBase.uasset'
[2017.11.05-19.32.24:455][849]LogSavePackage: Display: Finished SavePackage M:/ExpGames/ExperimentalGame_VR/KairosVR/Content/Assets/Table/tableBase.uasset
[2017.11.05-19.32.24:476][849]Cmd: OBJ SAVEPACKAGE PACKAGE="/Game/Assets/Table/tableHandles" FILE="M:/ExpGames/ExperimentalGame_VR/KairosVR/Content/Assets/Table/tableHandles.uasset" SILENT=true
[2017.11.05-19.32.24:506][849]LogSavePackage: Save=26.45ms
[2017.11.05-19.32.24:506][849]LogSavePackage: Moving 'M:/ExpGames/ExperimentalGame_VR/KairosVR/Saved/tableHandles57329EDE4BA33BEBC19609AFA4832F45.tmp' to 'M:/ExpGames/ExperimentalGame_VR/KairosVR/Content/Assets/Table/tableHandles.uasset'
[2017.11.05-19.32.24:509][849]LogSavePackage: Display: Finished SavePackage M:/ExpGames/ExperimentalGame_VR/KairosVR/Content/Assets/Table/tableHandles.uasset
[2017.11.05-19.32.24:532][849]Cmd: OBJ SAVEPACKAGE PACKAGE="/Game/Assets/Table/tableScrews" FILE="M:/ExpGames/ExperimentalGame_VR/KairosVR/Content/Assets/Table/tableScrews.uasset" SILENT=true
[2017.11.05-19.32.24:566][849]LogSavePackage: Save=30.66ms
[2017.11.05-19.32.24:567][849]LogSavePackage: Moving 'M:/ExpGames/ExperimentalGame_VR/KairosVR/Saved/tableScrews137141C043E7BC57FD9F8BB12FF0AC3E.tmp' to 'M:/ExpGames/ExperimentalGame_VR/KairosVR/Content/Assets/Table/tableScrews.uasset'
[2017.11.05-19.32.24:572][849]LogSavePackage: Display: Finished SavePackage M:/ExpGames/ExperimentalGame_VR/KairosVR/Content/Assets/Table/tableScrews.uasset
[2017.11.05-19.32.24:592][849]Cmd: OBJ SAVEPACKAGE PACKAGE="/Game/Assets/Table/tableTop" FILE="M:/ExpGames/ExperimentalGame_VR/KairosVR/Content/Assets/Table/tableTop.uasset" SILENT=true
[2017.11.05-19.32.24:609][849]LogSavePackage: Save=14.36ms
[2017.11.05-19.32.24:609][849]LogSavePackage: Moving 'M:/ExpGames/ExperimentalGame_VR/KairosVR/Saved/tableTop62E464294B1E4B38A2E48192537CDFDE.tmp' to 'M:/ExpGames/ExperimentalGame_VR/KairosVR/Content/Assets/Table/tableTop.uasset'
[2017.11.05-19.32.24:614][849]LogSavePackage: Display: Finished SavePackage M:/ExpGames/ExperimentalGame_VR/KairosVR/Content/Assets/Table/tableTop.uasset
[2017.11.05-19.32.24:635][849]Cmd: OBJ SAVEPACKAGE PACKAGE="/Game/Assets/Table/tableVents" FILE="M:/ExpGames/ExperimentalGame_VR/KairosVR/Content/Assets/Table/tableVents.uasset" SILENT=true
[2017.11.05-19.32.24:663][849]LogSavePackage: Save=18.41ms
[2017.11.05-19.32.24:663][849]LogSavePackage: Moving 'M:/ExpGames/ExperimentalGame_VR/KairosVR/Saved/tableVentsA77CBD5C4A5908B782AA9EA2A4FB4812.tmp' to 'M:/ExpGames/ExperimentalGame_VR/KairosVR/Content/Assets/Table/tableVents.uasset'
[2017.11.05-19.32.24:669][849]LogSavePackage: Display: Finished SavePackage M:/ExpGames/ExperimentalGame_VR/KairosVR/Content/Assets/Table/tableVents.uasset
[2017.11.05-19.32.24:690][849]Cmd: OBJ SAVEPACKAGE PACKAGE="/Game/Blueprints/BP_ControlTable" FILE="M:/ExpGames/ExperimentalGame_VR/KairosVR/Content/Blueprints/BP_ControlTable.uasset" SILENT=true
[2017.11.05-19.32.24:759][849]LogSavePackage: Save=58.27ms
[2017.11.05-19.32.24:759][849]LogSavePackage: Moving 'M:/ExpGames/ExperimentalGame_VR/KairosVR/Saved/BP_ControlTable54B6C54842F18F2058376B8B0C55AD51.tmp' to 'M:/ExpGames/ExperimentalGame_VR/KairosVR/Content/Blueprints/BP_ControlTable.uasset'
[2017.11.05-19.32.24:764][849]LogSavePackage: Display: Finished SavePackage M:/ExpGames/ExperimentalGame_VR/KairosVR/Content/Blueprints/BP_ControlTable.uasset
[2017.11.05-19.32.24:828][849]Cmd: OBJ SAVEPACKAGE PACKAGE="/Game/Levels/ShipInterior" FILE="M:/ExpGames/ExperimentalGame_VR/KairosVR/Content/Levels/ShipInterior.umap" SILENT=true AUTOSAVING=false KEEPDIRTY=false
[2017.11.05-19.32.24:909][849]LogSavePackage: Save=43.46ms
[2017.11.05-19.32.24:909][849]LogSavePackage: Moving 'M:/ExpGames/ExperimentalGame_VR/KairosVR/Saved/ShipInterior293637EF43BB4B536448FDB6DEE39FF9.tmp' to 'M:/ExpGames/ExperimentalGame_VR/KairosVR/Content/Levels/ShipInterior.umap'
[2017.11.05-19.32.24:914][849]LogSavePackage: Display: Finished SavePackage M:/ExpGames/ExperimentalGame_VR/KairosVR/Content/Levels/ShipInterior.umap
[2017.11.05-19.32.24:934][849]LogFileHelpers: Saving map 'ShipInterior' took 0.169
[2017.11.05-19.32.24:935][849]Cmd: MAP LOAD FILE="M:/ExpGames/ExperimentalGame_VR/KairosVR/Content/Maps/AssetTesting.umap" TEMPLATE=0 SHOWPROGRESS=1 FEATURELEVEL=3
[2017.11.05-19.32.24:935][849]LightingResults: New page: Lighting Build
[2017.11.05-19.32.24:935][849]LoadErrors: New page: Loading map: AssetTesting.umap
[2017.11.05-19.32.24:936][849]MapCheck: New page: Map Check
[2017.11.05-19.32.24:936][849]LightingResults: New page: Lighting Build
[2017.11.05-19.32.24:953][849]LogEditorServer: Finished looking for orphan Actors (0.000 secs)
[2017.11.05-19.32.24:989][849]Cmd: MAP CHECKDEP NOCLEARLOG
[2017.11.05-19.32.25:044][849]MapCheck: Map check complete: 0 Error(s), 0 Warning(s), took 54.818ms to complete.
[2017.11.05-19.32.25:045][849]LogFileHelpers: Loading map 'AssetTesting' took 0.111
[2017.11.05-19.32.47:307][173]LogEditorActor: Deleted Actor: StaticMeshActor
[2017.11.05-19.32.47:307][173]LogEditorActor: Deleted Actor: StaticMeshActor
[2017.11.05-19.32.47:322][173]LogEditorActor: Deleted 2 Actors (0.019 secs)
[2017.11.05-19.33.01:380][525]LogEditorViewport: Clicking on Actor (LMB): BP_Sky_Sphere_C (Sky Sphere)
[2017.11.05-19.33.06:575][ 20]MapCheck: New page: Map Check
[2017.11.05-19.33.06:618][ 20]LightingResults: New page: Lighting Build - Nov 5, 2017, 9:33:06 AM
[2017.11.05-19.33.06:814][ 20]LogSwarmInterface: [OpenConnection] Registering TCP channel ...
[2017.11.05-19.33.07:490][ 20]LogSwarmInterface: [OpenConnection] Connecting to agent ...
[2017.11.05-19.33.07:593][ 20]LogSwarmInterface: [TryOpenConnection] Testing the Agent
[2017.11.05-19.33.10:187][ 20]LogSwarmInterface: Error: [TryOpenConnection] Waiting for the agent to start up ...
[2017.11.05-19.33.10:211][ 20]LogSwarmInterface: Error: System.Net.Sockets.SocketException (0x80004005): No connection could be made because the target machine actively refused it 127.0.0.1:8008

Server stack trace: 
   at System.Net.Sockets.Socket.DoConnect(EndPoint endPointSnapshot, SocketAddress socketAddress)
   at System.Net.Sockets.Socket.Connect(EndPoint remoteEP)
   at System.Runtime.Remoting.Channels.RemoteConnection.CreateNewSocket(EndPoint ipEndPoint)
   at System.Runtime.Remoting.Channels.SocketCache.GetSocket(String machinePortAndSid, Boolean openNew)
   at System.Runtime.Remoting.Channels.Tcp.TcpClientTransportSink.SendRequestWithRetry(IMessage msg, ITransportHeaders requestHeaders, Stream requestStream)
   at System.Runtime.Remoting.Channels.Tcp.TcpClientTransportSink.AsyncProcessRequest(IClientChannelSinkStack sinkStack, IMessage msg, ITransportHeaders headers, Stream stream)
   at System.Runtime.Remoting.Channels.BinaryClientFormatterSink.AsyncProcessMessage(IMessage msg, IMessageSink replySink)

Exception rethrown at [0]: 
   at System.Runtime.Remoting.Proxies.RealProxy.HandleReturnMessage(IMessage reqMsg, IMessage retMsg)
   at System.Runtime.Remoting.Proxies.RealProxy.PrivateInvoke(MessageData& msgData, Int32 type)
   at NSwarm.IAgentInterfaceWrapper.MethodDelegate.EndInvoke(Hashtable& OutParameters, IAsyncResult result)
   at NSwarm.FSwarmInterface.TryOpenConnection(FConnectionCallback CallbackFunc, IntPtr CallbackData, ELogFlags LoggingFlags)
[2017.11.05-19.33.15:488][ 20]LogSwarmInterface: [TryOpenConnection] Opening Connection to Agent
[2017.11.05-19.33.15:488][ 20]LogSwarmInterface: [TryOpenConnection] Local Process ID is 12352
[2017.11.05-19.33.21:175][ 20]LogStaticLightingSystem: Warning: No importance volume found, so the scene bounding box was used.  You can optimize your scene's quality and lighting build times by adding importance volumes.
[2017.11.05-19.33.21:176][ 20]LogStaticLightingSystem: Running Lightmass w/ ImmediateImport mode ENABLED
[2017.11.05-19.33.21:176][ 20]LogStaticLightingSystem: Running Lightmass w/ ImmediateProcess mode ENABLED
[2017.11.05-19.33.21:176][ 20]LogStaticLightingSystem: Running Lightmass w/ Sorting mode ENABLED
[2017.11.05-19.33.21:176][ 20]LogStaticLightingSystem: Running Lightmass w/ Mapping paddings ENABLED
[2017.11.05-19.33.21:176][ 20]LogStaticLightingSystem: Running Lightmass w/ Mapping debug paddings DISABLED
[2017.11.05-19.33.21:408][ 20]LogEditorBuildUtils: Build time 0:14
[2017.11.05-19.33.23:994][128]Job is a success!
[2017.11.05-19.33.24:101][129]LogTexture: Display: Building textures: HQ_Lightmap0_1 (AutoDXT, 256X256)
[2017.11.05-19.33.24:101][129]LogTexture: Display: Building textures: LQ_Lightmap_0_1 (DXT1, 256X256)
[2017.11.05-19.33.24:101][129]LogTexture: Display: Building textures: HQ_Lightmap0_2 (AutoDXT, 64X64)
[2017.11.05-19.33.24:101][129]LogTexture: Display: Building textures: LQ_Lightmap_0_2 (DXT1, 64X64)
[2017.11.05-19.33.24:101][129]LogTexture: Display: Building textures: ShadowMapTexture2D_1 (G8, 32X32)
[2017.11.05-19.33.24:101][129]LogTexture: Display: Building textures: ShadowMapTexture2D_0 (G8, 128X128)
[2017.11.05-19.33.24:137][129]Lightmass on ARTSYFARTSY: 750 ms total, 289 ms importing, 24 ms setup, 106 ms photons, 243 ms processing, 0 ms extra exporting [2/2 mappings]. Threads: 937 ms total, 145 ms processing.
[2017.11.05-19.33.24:159][129]LogStaticLightingSystem: Illumination: 17.5 sec (29 ms encoding lightmaps, 6 ms encoding shadowmaps)
[2017.11.05-19.33.24:159][129]LogStaticLightingSystem: Lightmap texture memory:  0.1 MB (0.1 MB streaming, 0.0 MB non-streaming), 4 textures
[2017.11.05-19.33.24:159][129]LogStaticLightingSystem: Shadowmap texture memory: 0.0 MB (0.0 MB streaming, 0.0 MB non-streaming), 2 textures
[2017.11.05-19.33.25:185][129]DumpUnbuiltLightIteractions
[2017.11.05-19.33.25:185][129]Lights with unbuilt interactions: 0
[2017.11.05-19.33.25:186][129]
[2017.11.05-19.33.25:186][129]Primitives with unbuilt interactions: 0
[2017.11.05-19.33.25:210][130]Cmd: MAP CHECK NOTIFYRESULTS
[2017.11.05-19.33.25:210][130]MapCheck: New page: AssetTesting - Nov 5, 2017, 9:33:25 AM
[2017.11.05-19.33.25:273][130]MapCheck: Map check complete: 0 Error(s), 0 Warning(s), took 62.208ms to complete.
[2017.11.05-19.34.05:216][800]LogEditorActor: Deleted Actor: BP_ControlTable_C
[2017.11.05-19.34.05:232][800]LogEditorActor: Deleted 1 Actors (0.016 secs)
[2017.11.05-19.34.22:467][639]Cmd: OBJ SAVEPACKAGE PACKAGE="/Game/Maps/AssetTesting" FILE="M:/ExpGames/ExperimentalGame_VR/KairosVR/Content/Maps/AssetTesting.umap" SILENT=true AUTOSAVING=false KEEPDIRTY=false
[2017.11.05-19.34.22:534][639]LogSavePackage: Save=32.49ms
[2017.11.05-19.34.22:534][639]LogSavePackage: Moving 'M:/ExpGames/ExperimentalGame_VR/KairosVR/Saved/AssetTestingEE79583C40DE620334CE6C9E1966C747.tmp' to 'M:/ExpGames/ExperimentalGame_VR/KairosVR/Content/Maps/AssetTesting.umap'
[2017.11.05-19.34.22:537][639]LogSavePackage: Display: Finished SavePackage M:/ExpGames/ExperimentalGame_VR/KairosVR/Content/Maps/AssetTesting.umap
[2017.11.05-19.34.22:559][639]Cmd: OBJ SAVEPACKAGE PACKAGE="/Game/Maps/AssetTesting_BuiltData" FILE="M:/ExpGames/ExperimentalGame_VR/KairosVR/Content/Maps/AssetTesting_BuiltData.uasset" SILENT=true
[2017.11.05-19.34.22:570][639]LogSavePackage: Save=8.82ms
[2017.11.05-19.34.22:571][639]LogSavePackage: Moving 'M:/ExpGames/ExperimentalGame_VR/KairosVR/Saved/AssetTesting_BuiltData61BAB3B94CC4F7259422FD87656C7762.tmp' to 'M:/ExpGames/ExperimentalGame_VR/KairosVR/Content/Maps/AssetTesting_BuiltData.uasset'
[2017.11.05-19.34.22:576][639]LogSavePackage: Display: Finished SavePackage M:/ExpGames/ExperimentalGame_VR/KairosVR/Content/Maps/AssetTesting_BuiltData.uasset
[2017.11.05-19.34.34:955][869]Cmd: OBJ SAVEPACKAGE PACKAGE="/Game/Blueprints/BP_ControlTable" FILE="M:/ExpGames/ExperimentalGame_VR/KairosVR/Content/Blueprints/BP_ControlTable.uasset" SILENT=true
[2017.11.05-19.34.35:026][869]LogSavePackage: Save=58.75ms
[2017.11.05-19.34.35:026][869]LogSavePackage: Moving 'M:/ExpGames/ExperimentalGame_VR/KairosVR/Saved/BP_ControlTableF9BD4E2749B36C06964273AD1DB3FADE.tmp' to 'M:/ExpGames/ExperimentalGame_VR/KairosVR/Content/Blueprints/BP_ControlTable.uasset'
[2017.11.05-19.34.35:028][869]LogSavePackage: Display: Finished SavePackage M:/ExpGames/ExperimentalGame_VR/KairosVR/Content/Blueprints/BP_ControlTable.uasset
[2017.11.05-19.34.40:715][370]Cmd: QUIT_EDITOR
[2017.11.05-19.34.40:799][370]LogExit: Preparing to exit.
[2017.11.05-19.34.41:785][370]LogExit: Editor shut down
[2017.11.05-19.34.41:788][370]LogExit: Transaction tracking system shut down
[2017.11.05-19.34.42:239][370]LogDirectoryWatcher: A directory notification for '../../../Engine/Content/' was aborted.
[2017.11.05-19.34.42:239][370]LogDirectoryWatcher: A directory notification for 'M:/ExpGames/ExperimentalGame_VR/KairosVR/Content/' was aborted.
[2017.11.05-19.34.42:239][370]LogDirectoryWatcher: A directory notification for '../../../Engine/Plugins/2D/Paper2D/Content/' was aborted.
[2017.11.05-19.34.42:240][370]LogDirectoryWatcher: A directory notification for '../../../Engine/Plugins/Runtime/Oculus/OculusVR/Content/' was aborted.
[2017.11.05-19.34.42:240][370]LogDirectoryWatcher: A directory notification for '../../../Engine/Plugins/Runtime/Steam/SteamVR/Content/' was aborted.
[2017.11.05-19.34.42:308][370]LogExit: Object subsystem successfully closed.
[2017.11.05-19.34.42:322][370]LogD3D11RHI: Shutdown
[2017.11.05-19.34.42:322][370]LogD3D11RHI: CleanupD3DDevice
[2017.11.05-19.34.42:385][370]LogD3D11RHI: ~FD3D11DynamicRHI
[2017.11.05-19.34.42:398][370]LogModuleManager: Shutting down and abandoning module HierarchicalLODUtilities (536)
[2017.11.05-19.34.42:398][370]LogModuleManager: Shutting down and abandoning module BlueprintGraph (534)
[2017.11.05-19.34.42:398][370]LogModuleManager: Shutting down and abandoning module BlueprintProfiler (532)
[2017.11.05-19.34.42:398][370]LogModuleManager: Shutting down and abandoning module HierarchicalLODOutliner (530)
[2017.11.05-19.34.42:398][370]LogModuleManager: Shutting down and abandoning module SceneOutliner (528)
[2017.11.05-19.34.42:398][370]LogModuleManager: Shutting down and abandoning module AddContentDialog (526)
[2017.11.05-19.34.42:398][370]LogDirectoryWatcher: A directory notification for 'C:/Program Files/Epic Games/UE_4.17/FeaturePacks/' was aborted.
[2017.11.05-19.34.42:399][370]LogModuleManager: Shutting down and abandoning module WidgetCarousel (525)
[2017.11.05-19.34.42:400][370]LogModuleManager: Shutting down and abandoning module EditorWidgets (522)
[2017.11.05-19.34.42:400][370]LogModuleManager: Shutting down and abandoning module CollectionManager (520)
[2017.11.05-19.34.42:400][370]LogDirectoryWatcher: A directory notification for 'M:/ExpGames/ExperimentalGame_VR/KairosVR/Content/Collections/' was aborted.
[2017.11.05-19.34.42:400][370]LogDirectoryWatcher: A directory notification for 'M:/ExpGames/ExperimentalGame_VR/KairosVR/Content/Developers/Kaitlin/Collections/' was aborted.
[2017.11.05-19.34.42:400][370]LogDirectoryWatcher: A directory notification for 'M:/ExpGames/ExperimentalGame_VR/KairosVR/Saved/Collections/' was aborted.
[2017.11.05-19.34.42:400][370]LogModuleManager: Shutting down and abandoning module StatsViewer (518)
[2017.11.05-19.34.42:400][370]LogModuleManager: Shutting down and abandoning module FoliageEdit (516)
[2017.11.05-19.34.42:400][370]LogModuleManager: Shutting down and abandoning module LandscapeEditor (514)
[2017.11.05-19.34.42:400][370]LogModuleManager: Shutting down and abandoning module MeshPaintMode (512)
[2017.11.05-19.34.42:400][370]LogModuleManager: Shutting down and abandoning module SceneDepthPickerMode (510)
[2017.11.05-19.34.42:400][370]LogModuleManager: Shutting down and abandoning module ActorPickerMode (508)
[2017.11.05-19.34.42:400][370]LogModuleManager: Shutting down and abandoning module GeometryMode (506)
[2017.11.05-19.34.42:400][370]LogModuleManager: Shutting down and abandoning module TextureAlignMode (504)
[2017.11.05-19.34.42:400][370]LogModuleManager: Shutting down and abandoning module BspMode (502)
[2017.11.05-19.34.42:400][370]LogModuleManager: Shutting down and abandoning module PIEPreviewDeviceProfileSelector (500)
[2017.11.05-19.34.42:400][370]LogModuleManager: Shutting down and abandoning module HardwareSurvey (498)
[2017.11.05-19.34.42:400][370]LogModuleManager: Shutting down and abandoning module SequenceRecorderSections (496)
[2017.11.05-19.34.42:400][370]LogModuleManager: Shutting down and abandoning module AutomationWorker (494)
[2017.11.05-19.34.42:400][370]LogModuleManager: Shutting down and abandoning module MatineeToLevelSequence (492)
[2017.11.05-19.34.42:400][370]LogModuleManager: Shutting down and abandoning module LevelSequenceEditor (490)
[2017.11.05-19.34.42:400][370]LogModuleManager: Shutting down and abandoning module PlacementMode (489)
[2017.11.05-19.34.42:400][370]LogModuleManager: Shutting down and abandoning module WmfMediaFactory (486)
[2017.11.05-19.34.42:400][370]LogModuleManager: Shutting down and abandoning module WmfMediaEditor (484)
[2017.11.05-19.34.42:400][370]LogModuleManager: Shutting down and abandoning module AvfMediaFactory (482)
[2017.11.05-19.34.42:400][370]LogModuleManager: Shutting down and abandoning module AvfMediaEditor (480)
[2017.11.05-19.34.42:400][370]LogModuleManager: Shutting down and abandoning module AndroidMediaFactory (478)
[2017.11.05-19.34.42:400][370]LogModuleManager: Shutting down and abandoning module Media (477)
[2017.11.05-19.34.42:400][370]LogModuleManager: Shutting down and abandoning module AndroidMediaEditor (474)
[2017.11.05-19.34.42:400][370]LogModuleManager: Shutting down and abandoning module CharacterAI (472)
[2017.11.05-19.34.42:400][370]LogModuleManager: Shutting down and abandoning module AudioCapture (470)
[2017.11.05-19.34.42:400][370]LogModuleManager: Shutting down and abandoning module SequenceRecorder (469)
[2017.11.05-19.34.42:401][370]LogModuleManager: Shutting down and abandoning module SmartSnapping (466)
[2017.11.05-19.34.42:401][370]LogModuleManager: Shutting down and abandoning module SessionServices (464)
[2017.11.05-19.34.42:401][370]LogModuleManager: Shutting down and abandoning module ViewportSnapping (462)
[2017.11.05-19.34.42:401][370]LogModuleManager: Shutting down and abandoning module ViewportInteraction (460)
[2017.11.05-19.34.42:401][370]LogModuleManager: Shutting down and abandoning module ClothPainter (458)
[2017.11.05-19.34.42:401][370]LogModuleManager: Shutting down and abandoning module LogVisualizer (456)
[2017.11.05-19.34.42:401][370]LogModuleManager: Shutting down and abandoning module IntroTutorials (454)
[2017.11.05-19.34.42:401][370]LogModuleManager: Shutting down and abandoning module GameProjectGeneration (453)
[2017.11.05-19.34.42:401][370]LogModuleManager: Shutting down and abandoning module IOSPlatformEditor (450)
[2017.11.05-19.34.42:401][370]LogModuleManager: Shutting down and abandoning module HTML5PlatformEditor (448)
[2017.11.05-19.34.42:401][370]LogModuleManager: Shutting down and abandoning module AndroidPlatformEditor (446)
[2017.11.05-19.34.42:401][370]LogModuleManager: Shutting down and abandoning module AndroidDeviceDetection (445)
[2017.11.05-19.34.43:251][370]LogModuleManager: Shutting down and abandoning module WindowsPlatformEditor (442)
[2017.11.05-19.34.43:251][370]LogModuleManager: Shutting down and abandoning module IOSRuntimeSettings (440)
[2017.11.05-19.34.43:251][370]LogModuleManager: Shutting down and abandoning module AndroidRuntimeSettings (438)
[2017.11.05-19.34.43:251][370]LogModuleManager: Shutting down and abandoning module InputBindingEditor (436)
[2017.11.05-19.34.43:251][370]LogModuleManager: Shutting down and abandoning module MergeActors (434)
[2017.11.05-19.34.43:252][370]LogModuleManager: Shutting down and abandoning module SizeMap (432)
[2017.11.05-19.34.43:252][370]LogModuleManager: Shutting down and abandoning module TreeMap (430)
[2017.11.05-19.34.43:252][370]LogModuleManager: Shutting down and abandoning module ReferenceViewer (428)
[2017.11.05-19.34.43:252][370]LogModuleManager: Shutting down and abandoning module LocalizationDashboard (426)
[2017.11.05-19.34.43:252][370]LogModuleManager: Shutting down and abandoning module LocalizationService (425)
[2017.11.05-19.34.43:252][370]LogModuleManager: Shutting down and abandoning module HardwareTargeting (422)
[2017.11.05-19.34.43:252][370]LogModuleManager: Shutting down and abandoning module DeviceProfileEditor (420)
[2017.11.05-19.34.43:252][370]LogModuleManager: Shutting down and abandoning module UndoHistory (418)
[2017.11.05-19.34.43:252][370]LogModuleManager: Shutting down and abandoning module XmlParser (416)
[2017.11.05-19.34.43:252][370]LogModuleManager: Shutting down and abandoning module Blutility (414)
[2017.11.05-19.34.43:252][370]LogModuleManager: Shutting down and abandoning module ProjectSettingsViewer (412)
[2017.11.05-19.34.43:252][370]LogModuleManager: Shutting down and abandoning module ProjectTargetPlatformEditor (411)
[2017.11.05-19.34.43:253][370]LogModuleManager: Shutting down and abandoning module EditorSettingsViewer (408)
[2017.11.05-19.34.43:253][370]LogModuleManager: Shutting down and abandoning module SettingsEditor (406)
[2017.11.05-19.34.43:253][370]LogModuleManager: Shutting down and abandoning module ProjectLauncher (404)
[2017.11.05-19.34.43:253][370]LogModuleManager: Shutting down and abandoning module SessionFrontend (402)
[2017.11.05-19.34.43:253][370]LogModuleManager: Shutting down and abandoning module ProfilerClient (400)
[2017.11.05-19.34.43:253][370]LogModuleManager: Shutting down and abandoning module DeviceManager (398)
[2017.11.05-19.34.43:253][370]LogModuleManager: Shutting down and abandoning module TargetDeviceServices (397)
[2017.11.05-19.34.43:293][370]LogModuleManager: Shutting down and abandoning module AutomationController (394)
[2017.11.05-19.34.43:293][370]LogModuleManager: Shutting down and abandoning module AutomationWindow (392)
[2017.11.05-19.34.43:293][370]LogModuleManager: Shutting down and abandoning module Layers (390)
[2017.11.05-19.34.43:293][370]LogModuleManager: Shutting down and abandoning module ComponentVisualizers (388)
[2017.11.05-19.34.43:293][370]LogModuleManager: Shutting down and abandoning module DetailCustomizations (386)
[2017.11.05-19.34.43:293][370]LogModuleManager: Shutting down and abandoning module PackagesDialog (384)
[2017.11.05-19.34.43:294][370]LogModuleManager: Shutting down and abandoning module Persona (382)
[2017.11.05-19.34.43:294][370]LogModuleManager: Shutting down and abandoning module AdvancedPreviewScene (381)
[2017.11.05-19.34.43:294][370]LogModuleManager: Shutting down and abandoning module AnimGraph (379)
[2017.11.05-19.34.43:294][370]LogModuleManager: Shutting down and abandoning module Kismet (376)
[2017.11.05-19.34.43:314][370]LogModuleManager: Shutting down and abandoning module ClassViewer (374)
[2017.11.05-19.34.43:315][370]LogModuleManager: Shutting down and abandoning module Toolbox (372)
[2017.11.05-19.34.43:315][370]LogModuleManager: Shutting down and abandoning module ModuleUI (370)
[2017.11.05-19.34.43:315][370]LogModuleManager: Shutting down and abandoning module MovieSceneTools (368)
[2017.11.05-19.34.43:315][370]LogModuleManager: Shutting down and abandoning module OutputLog (366)
[2017.11.05-19.34.43:315][370]LogModuleManager: Shutting down and abandoning module GammaUI (364)
[2017.11.05-19.34.43:315][370]LogModuleManager: Shutting down and abandoning module Documentation (362)
[2017.11.05-19.34.43:315][370]LogModuleManager: Shutting down and abandoning module MovieSceneTracks (360)
[2017.11.05-19.34.43:315][370]LogModuleManager: Shutting down and abandoning module MovieScene (358)
[2017.11.05-19.34.43:315][370]LogModuleManager: Shutting down and abandoning module Niagara (356)
[2017.11.05-19.34.43:315][370]LogModuleManager: Shutting down and abandoning module NiagaraEditor (355)
[2017.11.05-19.34.43:315][370]LogModuleManager: Shutting down and abandoning module StreamingPauseRendering (352)
[2017.11.05-19.34.43:316][370]LogModuleManager: Shutting down and abandoning module LauncherPlatform (350)
[2017.11.05-19.34.43:316][370]LogModuleManager: Shutting down and abandoning module AnalyticsET (348)
[2017.11.05-19.34.43:316][370]LogModuleManager: Shutting down and abandoning module PortalServices (346)
[2017.11.05-19.34.43:316][370]LogModuleManager: Shutting down and abandoning module PortalRpc (344)
[2017.11.05-19.34.43:316][370]LogModuleManager: Shutting down and abandoning module MessagingRpc (342)
[2017.11.05-19.34.43:316][370]LogModuleManager: Shutting down and abandoning module AIModule (340)
[2017.11.05-19.34.43:316][370]LogModuleManager: Shutting down and abandoning module GameplayDebugger (339)
[2017.11.05-19.34.43:316][370]LogModuleManager: Shutting down and abandoning module AITestSuite (337)
[2017.11.05-19.34.43:316][370]LogModuleManager: Shutting down and abandoning module ProfilerService (334)
[2017.11.05-19.34.43:361][370]LogModuleManager: Shutting down and abandoning module TaskGraph (332)
[2017.11.05-19.34.43:361][370]LogModuleManager: Shutting down and abandoning module SteamVRController (330)
[2017.11.05-19.34.43:361][370]LogModuleManager: Shutting down and abandoning module ProceduralMeshComponentEditor (328)
[2017.11.05-19.34.43:361][370]LogModuleManager: Shutting down and abandoning module ProceduralMeshComponent (326)
[2017.11.05-19.34.43:361][370]LogModuleManager: Shutting down and abandoning module OculusInput (324)
[2017.11.05-19.34.43:361][370]LogModuleManager: Shutting down and abandoning module MobilePatchingUtils (322)
[2017.11.05-19.34.43:361][370]LogModuleManager: Shutting down and abandoning module CustomMeshComponent (320)
[2017.11.05-19.34.43:361][370]LogModuleManager: Shutting down and abandoning module CableComponent (318)
[2017.11.05-19.34.43:361][370]LogModuleManager: Shutting down and abandoning module ArchVisCharacter (316)
[2017.11.05-19.34.43:361][370]LogModuleManager: Shutting down and abandoning module AndroidPermission (314)
[2017.11.05-19.34.43:361][370]LogModuleManager: Shutting down and abandoning module MediaPlayerEditor (310)
[2017.11.05-19.34.43:362][370]LogModuleManager: Shutting down and abandoning module HTML5Networking (308)
[2017.11.05-19.34.43:362][370]LogModuleManager: Shutting down and abandoning module AlembicImporter (306)
[2017.11.05-19.34.43:362][370]LogModuleManager: Shutting down and abandoning module AlembicLibrary (305)
[2017.11.05-19.34.43:362][370]LogModuleManager: Shutting down and abandoning module GeometryCache (304)
[2017.11.05-19.34.43:362][370]LogModuleManager: Shutting down and abandoning module GeometryCacheEd (303)
[2017.11.05-19.34.43:362][370]LogModuleManager: Shutting down and abandoning module SpeedTreeImporter (298)
[2017.11.05-19.34.43:362][370]LogModuleManager: Shutting down and abandoning module PluginBrowser (296)
[2017.11.05-19.34.43:362][370]LogModuleManager: Shutting down and abandoning module MobileLauncherProfileWizard (294)
[2017.11.05-19.34.43:362][370]LogModuleManager: Shutting down and abandoning module VisualStudioSourceCodeAccess (292)
[2017.11.05-19.34.43:362][370]LogModuleManager: Shutting down and abandoning module DesktopPlatform (291)
[2017.11.05-19.34.43:362][370]LogModuleManager: Shutting down and abandoning module UObjectPlugin (288)
[2017.11.05-19.34.43:362][370]LogModuleManager: Shutting down and abandoning module SubversionSourceControl (286)
[2017.11.05-19.34.43:362][370]LogModuleManager: Shutting down and abandoning module PerforceSourceControl (284)
[2017.11.05-19.34.43:363][370]LogModuleManager: Shutting down and abandoning module GitSourceControl (282)
[2017.11.05-19.34.43:363][370]LogModuleManager: Shutting down and abandoning module SourceControl (281)
[2017.11.05-19.34.43:363][370]LogModuleManager: Shutting down and abandoning module LightPropagationVolumeEditor (278)
[2017.11.05-19.34.43:363][370]LogModuleManager: Shutting down and abandoning module PaperTiledImporter (276)
[2017.11.05-19.34.43:363][370]LogModuleManager: Shutting down and abandoning module PaperSpriteSheetImporter (274)
[2017.11.05-19.34.43:363][370]LogModuleManager: Shutting down and abandoning module Paper2DEditor (272)
[2017.11.05-19.34.43:363][370]LogModuleManager: Shutting down and abandoning module MeshPaint (271)
[2017.11.05-19.34.43:363][370]LogModuleManager: Shutting down and abandoning module LevelEditor (269)
[2017.11.05-19.34.43:365][370]LogModuleManager: Shutting down and abandoning module PixelInspectorModule (268)
[2017.11.05-19.34.43:365][370]LogModuleManager: Shutting down and abandoning module MainFrame (266)
[2017.11.05-19.34.43:366][370]LogModuleManager: Shutting down and abandoning module HotReload (265)
[2017.11.05-19.34.43:367][370]LogModuleManager: Shutting down and abandoning module RuntimePhysXCooking (260)
[2017.11.05-19.34.43:367][370]LogModuleManager: Shutting down and abandoning module PhysXVehiclesEditor (258)
[2017.11.05-19.34.43:367][370]LogModuleManager: Shutting down and abandoning module PhysXVehicles (256)
[2017.11.05-19.34.43:367][370]LogModuleManager: Shutting down and abandoning module OculusEditor (254)
[2017.11.05-19.34.43:368][370]LogModuleManager: Shutting down and abandoning module LocationServicesBPLibrary (252)
[2017.11.05-19.34.43:368][370]LogModuleManager: Shutting down and abandoning module ImmediatePhysicsEditor (250)
[2017.11.05-19.34.43:368][370]LogModuleManager: Shutting down and abandoning module ImmediatePhysics (248)
[2017.11.05-19.34.43:368][370]LogModuleManager: Shutting down and abandoning module UdpMessaging (246)
[2017.11.05-19.34.43:468][370]LogModuleManager: Shutting down and abandoning module TcpMessaging (244)
[2017.11.05-19.34.43:568][370]LogModuleManager: Shutting down and abandoning module GameplayTagsEditor (242)
[2017.11.05-19.34.43:568][370]LogModuleManager: Shutting down and abandoning module FacialAnimationEditor (240)
[2017.11.05-19.34.43:568][370]LogModuleManager: Shutting down and abandoning module FacialAnimation (238)
[2017.11.05-19.34.43:568][370]LogModuleManager: Shutting down and abandoning module AssetManagerEditor (236)
[2017.11.05-19.34.43:568][370]LogModuleManager: Shutting down and abandoning module GraphEditor (235)
[2017.11.05-19.34.43:568][370]LogModuleManager: Shutting down and abandoning module ContentBrowser (233)
[2017.11.05-19.34.43:571][370]LogModuleManager: Shutting down and abandoning module LightPropagationVolumeRuntime (230)
[2017.11.05-19.34.43:571][370]LogModuleManager: Shutting down and abandoning module Paper2D (228)
[2017.11.05-19.34.43:571][370]LogModuleManager: Shutting down and abandoning module WindowsMoviePlayer (226)
[2017.11.05-19.34.43:571][370]LogModuleManager: Shutting down and abandoning module WmfMedia (224)
[2017.11.05-19.34.43:572][370]LogModuleManager: Shutting down and abandoning module PacketHandler (222)
[2017.11.05-19.34.43:572][370]LogModuleManager: Shutting down and abandoning module ClothingSystemEditor (220)
[2017.11.05-19.34.43:572][370]LogModuleManager: Shutting down and abandoning module ClothingSystemRuntime (218)
[2017.11.05-19.34.43:573][370]LogModuleManager: Shutting down and abandoning module Overlay (216)
[2017.11.05-19.34.43:573][370]LogModuleManager: Shutting down and abandoning module OverlayEditor (215)
[2017.11.05-19.34.43:573][370]LogModuleManager: Shutting down and abandoning module MediaAssets (212)
[2017.11.05-19.34.43:573][370]LogModuleManager: Shutting down and abandoning module VREditor (210)
[2017.11.05-19.34.43:573][370]LogModuleManager: Shutting down and abandoning module StringTableEditor (208)
[2017.11.05-19.34.43:573][370]LogModuleManager: Shutting down and abandoning module GameplayTasksEditor (206)
[2017.11.05-19.34.43:573][370]LogModuleManager: Shutting down and abandoning module BehaviorTreeEditor (204)
[2017.11.05-19.34.43:573][370]LogModuleManager: Shutting down and abandoning module FunctionalTesting (202)
[2017.11.05-19.34.43:573][370]LogModuleManager: Shutting down and abandoning module CollisionAnalyzer (200)
[2017.11.05-19.34.43:573][370]LogModuleManager: Shutting down and abandoning module WorkspaceMenuStructure (199)
[2017.11.05-19.34.43:574][370]LogModuleManager: Shutting down and abandoning module UMG (196)
[2017.11.05-19.34.43:574][370]LogModuleManager: Shutting down and abandoning module UMGEditor (195)
[2017.11.05-19.34.43:574][370]LogModuleManager: Shutting down and abandoning module Sequencer (194)
[2017.11.05-19.34.43:574][370]LogModuleManager: Shutting down and abandoning module MessageLog (191)
[2017.11.05-19.34.43:574][370]LogModuleManager: Shutting down and abandoning module SlateReflector (186)
[2017.11.05-19.34.43:574][370]LogModuleManager: Shutting down and abandoning module Slate (184)
[2017.11.05-19.34.43:574][370]LogModuleManager: Shutting down and abandoning module EditorStyle (182)
[2017.11.05-19.34.43:581][370]LogModuleManager: Shutting down and abandoning module MRMesh (180)
[2017.11.05-19.34.43:582][370]LogModuleManager: Shutting down and abandoning module SourceCodeAccess (178)
[2017.11.05-19.34.43:582][370]LogModuleManager: Shutting down and abandoning module HeadMountedDisplay (176)
[2017.11.05-19.34.43:582][370]LogModuleManager: Shutting down and abandoning module XAudio2 (174)
[2017.11.05-19.34.43:582][370]LogModuleManager: Shutting down and abandoning module Networking (172)
[2017.11.05-19.34.43:582][370]LogModuleManager: Shutting down and abandoning module Core (168)
[2017.11.05-19.34.43:582][370]LogModuleManager: Shutting down and abandoning module KismetCompiler (164)
[2017.11.05-19.34.43:582][370]LogModuleManager: Shutting down and abandoning module MeshUtilities (162)
[2017.11.05-19.34.43:582][370]LogModuleManager: Shutting down and abandoning module MeshMergeUtilities (161)
[2017.11.05-19.34.43:582][370]LogModuleManager: Shutting down and abandoning module MeshReductionInterface (160)
[2017.11.05-19.34.43:582][370]LogModuleManager: Shutting down and abandoning module SimplygonSwarm (159)
[2017.11.05-19.34.43:582][370]LogModuleManager: Shutting down and abandoning module SimplygonMeshReduction (157)
[2017.11.05-19.34.43:582][370]LogModuleManager: Shutting down and abandoning module QuadricMeshReduction (155)
[2017.11.05-19.34.43:582][370]LogModuleManager: Shutting down and abandoning module MaterialBaking (151)
[2017.11.05-19.34.43:583][370]LogModuleManager: Shutting down and abandoning module LevelSequence (148)
[2017.11.05-19.34.43:583][370]LogModuleManager: Shutting down and abandoning module DirectoryWatcher (146)
[2017.11.05-19.34.43:584][370]LogModuleManager: Shutting down and abandoning module DerivedDataCache (144)
[2017.11.05-19.34.43:683][370]LogDerivedDataCache: Shutdown
[2017.11.05-19.34.43:683][370]LogModuleManager: Shutting down and abandoning module TargetPlatform (142)
[2017.11.05-19.34.43:683][370]LogModuleManager: Shutting down and abandoning module VulkanShaderFormat (141)
[2017.11.05-19.34.43:683][370]LogModuleManager: Shutting down and abandoning module ShaderFormatVectorVM (139)
[2017.11.05-19.34.43:683][370]LogModuleManager: Shutting down and abandoning module ShaderFormatOpenGL (137)
[2017.11.05-19.34.43:683][370]LogModuleManager: Shutting down and abandoning module ShaderFormatD3D (135)
[2017.11.05-19.34.43:683][370]LogModuleManager: Shutting down and abandoning module MetalShaderFormat (133)
[2017.11.05-19.34.43:683][370]LogModuleManager: Shutting down and abandoning module TextureFormatUncompressed (131)
[2017.11.05-19.34.43:683][370]LogModuleManager: Shutting down and abandoning module TextureFormatPVR (129)
[2017.11.05-19.34.43:683][370]LogModuleManager: Shutting down and abandoning module TextureFormatDXT (127)
[2017.11.05-19.34.43:683][370]LogModuleManager: Shutting down and abandoning module TextureFormatIntelISPCTexComp (125)
[2017.11.05-19.34.43:683][370]LogModuleManager: Shutting down and abandoning module TextureFormatASTC (123)
[2017.11.05-19.34.43:683][370]LogModuleManager: Shutting down and abandoning module ImageWrapper (122)
[2017.11.05-19.34.43:683][370]LogModuleManager: Shutting down and abandoning module TextureFormatAndroid (119)
[2017.11.05-19.34.43:683][370]LogModuleManager: Shutting down and abandoning module AudioFormatOpus (117)
[2017.11.05-19.34.43:684][370]LogModuleManager: Shutting down and abandoning module AudioFormatOgg (115)
[2017.11.05-19.34.43:684][370]LogModuleManager: Shutting down and abandoning module AudioFormatADPCM (113)
[2017.11.05-19.34.43:684][370]LogModuleManager: Shutting down and abandoning module LinuxTargetPlatform (111)
[2017.11.05-19.34.43:684][370]LogModuleManager: Shutting down and abandoning module LinuxServerTargetPlatform (109)
[2017.11.05-19.34.43:684][370]LogModuleManager: Shutting down and abandoning module LinuxNoEditorTargetPlatform (107)
[2017.11.05-19.34.43:684][370]LogModuleManager: Shutting down and abandoning module LinuxClientTargetPlatform (105)
[2017.11.05-19.34.43:684][370]LogModuleManager: Shutting down and abandoning module TVOSTargetPlatform (103)
[2017.11.05-19.34.43:684][370]LogModuleManager: Shutting down and abandoning module Messaging (101)
[2017.11.05-19.34.43:684][370]LogModuleManager: Shutting down and abandoning module IOSTargetPlatform (99)
[2017.11.05-19.34.43:684][370]LogModuleManager: Shutting down and abandoning module HTML5TargetPlatform (97)
[2017.11.05-19.34.43:684][370]LogModuleManager: Shutting down and abandoning module Android_PVRTCTargetPlatform (95)
[2017.11.05-19.34.43:684][370]LogModuleManager: Shutting down and abandoning module Android_MultiTargetPlatform (93)
[2017.11.05-19.34.43:684][370]LogModuleManager: Shutting down and abandoning module Android_ETC2TargetPlatform (91)
[2017.11.05-19.34.43:684][370]LogModuleManager: Shutting down and abandoning module Android_ETC1TargetPlatform (89)
[2017.11.05-19.34.43:684][370]LogModuleManager: Shutting down and abandoning module Android_DXTTargetPlatform (87)
[2017.11.05-19.34.43:684][370]LogModuleManager: Shutting down and abandoning module Android_ATCTargetPlatform (85)
[2017.11.05-19.34.43:684][370]LogModuleManager: Shutting down and abandoning module Android_ASTCTargetPlatform (83)
[2017.11.05-19.34.43:684][370]LogModuleManager: Shutting down and abandoning module AndroidTargetPlatform (81)
[2017.11.05-19.34.43:684][370]LogModuleManager: Shutting down and abandoning module WindowsTargetPlatform (79)
[2017.11.05-19.34.43:684][370]LogModuleManager: Shutting down and abandoning module WindowsServerTargetPlatform (77)
[2017.11.05-19.34.43:684][370]LogModuleManager: Shutting down and abandoning module WindowsNoEditorTargetPlatform (75)
[2017.11.05-19.34.43:684][370]LogModuleManager: Shutting down and abandoning module WindowsClientTargetPlatform (73)
[2017.11.05-19.34.43:684][370]LogModuleManager: Shutting down and abandoning module MacTargetPlatform (71)
[2017.11.05-19.34.43:684][370]LogModuleManager: Shutting down and abandoning module MacServerTargetPlatform (69)
[2017.11.05-19.34.43:684][370]LogModuleManager: Shutting down and abandoning module MacNoEditorTargetPlatform (67)
[2017.11.05-19.34.43:684][370]LogModuleManager: Shutting down and abandoning module MacClientTargetPlatform (65)
[2017.11.05-19.34.43:684][370]LogModuleManager: Shutting down and abandoning module AllDesktopTargetPlatform (63)
[2017.11.05-19.34.43:684][370]LogModuleManager: Shutting down and abandoning module InputCore (60)
[2017.11.05-19.34.43:684][370]LogModuleManager: Shutting down and abandoning module Settings (58)
[2017.11.05-19.34.43:684][370]LogModuleManager: Shutting down and abandoning module PhysXCooking (56)
[2017.11.05-19.34.43:684][370]LogModuleManager: Shutting down and abandoning module SteamVR (54)
[2017.11.05-19.34.43:684][370]LogModuleManager: Shutting down and abandoning module OculusHMD (52)
[2017.11.05-19.34.43:684][370]LogModuleManager: Shutting down and abandoning module ExampleDeviceProfileSelector (50)
[2017.11.05-19.34.43:684][370]LogModuleManager: Shutting down and abandoning module OnlineBlueprintSupport (48)
[2017.11.05-19.34.43:684][370]LogModuleManager: Shutting down and abandoning module OnlineSubsystem (44)
[2017.11.05-19.34.43:684][370]LogOnline: Display: Unloading online subsystem: NULL
[2017.11.05-19.34.43:684][370]LogModuleManager: Shutting down and abandoning module XMPP (43)
[2017.11.05-19.34.43:684][370]LogModuleManager: Shutting down and abandoning module HTTP (41)
[2017.11.05-19.34.43:684][370]LogHttp: Display: Http module shutting down, but needs to wait on 1 outstanding Http requests:
[2017.11.05-19.34.43:684][370]LogHttp: Display: 	verb=[POST] url=[https://datarouter.ol.epicgames.com/datarouter/api/v1/public/data?SessionID=%7B7AA60656-4724-D9F2-F5C0-8BBEED25074E%7D&AppID=UEEditor.Rocket.Release&AppVersion=4.17.2-3658906%2B%2B%2BUE4%2BRelease-4.17&UserID=c4bbf9924792c6d8a7e45fb522afeec0%7Cfc1672ededc048ebb0076d5480b48f5b%7C4bdca32a-b8f4-415d-bbe9-809b738f38c8&AppEnvironment=datacollector-binary&UploadType=eteventstream] status=Processing
[2017.11.05-19.34.43:689][370]LogModuleManager: Shutting down and abandoning module SSL (40)
[2017.11.05-19.34.43:690][370]LogModuleManager: Shutting down and abandoning module AnimationModifiers (36)
[2017.11.05-19.34.43:690][370]LogModuleManager: Shutting down and abandoning module PropertyEditor (35)
[2017.11.05-19.34.43:690][370]LogModuleManager: Shutting down and abandoning module AudioEditor (32)
[2017.11.05-19.34.43:690][370]LogModuleManager: Shutting down and abandoning module TextureCompressor (30)
[2017.11.05-19.34.43:690][370]LogModuleManager: Shutting down and abandoning module ShaderCore (28)
[2017.11.05-19.34.43:690][370]LogModuleManager: Shutting down and abandoning module Landscape (26)
[2017.11.05-19.34.43:690][370]LogModuleManager: Shutting down and abandoning module SlateRHIRenderer (24)
[2017.11.05-19.34.43:691][370]LogModuleManager: Shutting down and abandoning module OpenGLDrv (22)
[2017.11.05-19.34.43:691][370]LogModuleManager: Shutting down and abandoning module D3D11RHI (20)
[2017.11.05-19.34.43:691][370]LogModuleManager: Shutting down and abandoning module AnimGraphRuntime (18)
[2017.11.05-19.34.43:691][370]LogModuleManager: Shutting down and abandoning module Renderer (16)
[2017.11.05-19.34.43:691][370]LogModuleManager: Shutting down and abandoning module Engine (14)
[2017.11.05-19.34.43:691][370]LogModuleManager: Shutting down and abandoning module CoreUObject (12)
[2017.11.05-19.34.43:691][370]LogModuleManager: Shutting down and abandoning module NetworkFile (10)
[2017.11.05-19.34.43:691][370]LogModuleManager: Shutting down and abandoning module CookedIterativeFile (8)
[2017.11.05-19.34.43:691][370]LogModuleManager: Shutting down and abandoning module StreamingFile (6)
[2017.11.05-19.34.43:691][370]LogModuleManager: Shutting down and abandoning module SandboxFile (4)
[2017.11.05-19.34.43:691][370]LogModuleManager: Shutting down and abandoning module PakFile (2)
[2017.11.05-19.34.43:694][370]LogExit: Exiting.
[2017.11.05-19.34.43:703][370]Log file closed, 11/05/17 14:34:43
