Log file open, 11/01/17 10:49:39
LogWindows: Failed to load 'aqProf.dll' (GetLastError=126)
LogWindows: File 'aqProf.dll' does not exist
LogWindows: Failed to load 'VtuneApi.dll' (GetLastError=126)
LogWindows: File 'VtuneApi.dll' does not exist
LogWindows: Failed to load 'VtuneApi32e.dll' (GetLastError=126)
LogWindows: File 'VtuneApi32e.dll' does not exist
LogInit: Display: Running engine for game: KairosVR
LogPlatformFile: Not using cached read wrapper
LogInit: Display: RandInit(1449483754) SRandInit(1449483754).
LogTaskGraph: Started task graph with 5 named threads and 14 total threads with 3 sets of task threads.
LogStats: Stats thread started at 0.580782
LogD3D11RHI: Aftermath initialized
LogPluginManager: Mounting plugin Paper2D
LogPluginManager: Mounting plugin LightPropagationVolume
LogPluginManager: Mounting plugin CodeLiteSourceCodeAccess
LogPluginManager: Mounting plugin GitSourceControl
LogPluginManager: Mounting plugin KDevelopSourceCodeAccess
LogPluginManager: Mounting plugin NullSourceCodeAccess
LogPluginManager: Mounting plugin PerforceSourceControl
LogPluginManager: Mounting plugin SubversionSourceControl
LogPluginManager: Mounting plugin UObjectPlugin
LogPluginManager: Mounting plugin VisualStudioSourceCodeAccess
LogPluginManager: Mounting plugin XCodeSourceCodeAccess
LogPluginManager: Mounting plugin AssetManagerEditor
LogPluginManager: Mounting plugin AudioCapture
LogPluginManager: Mounting plugin FacialAnimation
LogPluginManager: Mounting plugin GameplayTagsEditor
LogPluginManager: Mounting plugin MobileLauncherProfileWizard
LogPluginManager: Mounting plugin PluginBrowser
LogPluginManager: Mounting plugin SpeedTreeImporter
LogPluginManager: Mounting plugin AlembicImporter
LogPluginManager: Mounting plugin CharacterAI
LogPluginManager: Mounting plugin HTML5Networking
LogPluginManager: Mounting plugin AndroidMedia
LogPluginManager: Mounting plugin AvfMedia
LogPluginManager: Mounting plugin MediaPlayerEditor
LogPluginManager: Mounting plugin WmfMedia
LogPluginManager: Mounting plugin TcpMessaging
LogPluginManager: Mounting plugin UdpMessaging
LogPluginManager: Mounting plugin LevelSequenceEditor
LogPluginManager: Mounting plugin MatineeToLevelSequence
LogPluginManager: Mounting plugin OnlineSubsystemGooglePlay
LogPluginManager: Mounting plugin OnlineSubsystemIOS
LogPluginManager: Mounting plugin OnlineSubsystem
LogPluginManager: Mounting plugin OnlineSubsystemNull
LogPluginManager: Mounting plugin OnlineSubsystemUtils
LogPluginManager: Mounting plugin AndroidDeviceProfileSelector
LogPluginManager: Mounting plugin AndroidMoviePlayer
LogPluginManager: Mounting plugin AndroidPermission
LogPluginManager: Mounting plugin AppleMoviePlayer
LogPluginManager: Mounting plugin ArchVisCharacter
LogPluginManager: Mounting plugin CableComponent
LogPluginManager: Mounting plugin CustomMeshComponent
LogPluginManager: Mounting plugin ExampleDeviceProfileSelector
LogPluginManager: Mounting plugin GoogleCloudMessaging
LogPluginManager: Mounting plugin ImmediatePhysics
LogPluginManager: Mounting plugin IOSDeviceProfileSelector
LogPluginManager: Mounting plugin LinuxDeviceProfileSelector
LogPluginManager: Mounting plugin LocationServicesBPLibrary
LogPluginManager: Mounting plugin MobilePatchingUtils
LogPluginManager: Mounting plugin OculusVR
LogPluginManager: Mounting plugin PhysXVehicles
LogPluginManager: Mounting plugin ProceduralMeshComponent
LogPluginManager: Mounting plugin RuntimePhysXCooking
LogPluginManager: Mounting plugin SteamVR
LogPluginManager: Mounting plugin WindowsMoviePlayer
LogInit: Using libcurl 7.47.1
LogInit:  - built for x86_64-pc-win32
LogInit:  - supports SSL with OpenSSL/1.0.2g
LogInit:  - supports HTTP deflate (compression) using libz 1.2.8
LogInit:  - other features:
LogInit:      CURL_VERSION_SSL
LogInit:      CURL_VERSION_LIBZ
LogInit:      CURL_VERSION_IPV6
LogInit:      CURL_VERSION_ASYNCHDNS
LogInit:      CURL_VERSION_LARGEFILE
LogInit:      CURL_VERSION_IDN
LogInit:  CurlRequestOptions (configurable via config and command line):
LogInit:  - bVerifyPeer = false  - Libcurl will NOT verify peer certificate
LogInit:  - bUseHttpProxy = false  - Libcurl will NOT use HTTP proxy
LogInit:  - bDontReuseConnections = false  - Libcurl will reuse connections
LogInit:  - CertBundlePath = nullptr  - Libcurl will use whatever was configured at build time.
LogInit: Build: ++UE4+Release-4.17-CL-3658906
LogInit: Engine Version: 4.17.2-3658906+++UE4+Release-4.17
LogInit: Compatible Engine Version: 4.17.0-3573198+++UE4+Release-4.17
LogInit: Net CL: 3573198
LogDevObjectVersion: Number of dev versions registered: 16
LogDevObjectVersion:   Dev-Blueprints (B0D832E4-1F89-4F0D-ACCF-7EB736FD4AA2): 10
LogDevObjectVersion:   Dev-Build (E1C64328-A22C-4D53-A36C-8E866417BD8C): 0
LogDevObjectVersion:   Dev-Core (375EC13C-06E4-48FB-B500-84F0262A717E): 2
LogDevObjectVersion:   Dev-Editor (E4B068ED-F494-42E9-A231-DA0B2E46BB41): 20
LogDevObjectVersion:   Dev-Framework (CFFC743F-43B0-4480-9391-14DF171D2073): 28
LogDevObjectVersion:   Dev-Mobile (B02B49B5-BB20-44E9-A304-32B752E40360): 0
LogDevObjectVersion:   Dev-Networking (A4E4105C-59A1-49B5-A7C5-40C4547EDFEE): 0
LogDevObjectVersion:   Dev-Online (39C831C9-5AE6-47DC-9A44-9C173E1C8E7C): 0
LogDevObjectVersion:   Dev-Physics (78F01B33-EBEA-4F98-B9B4-84EACCB95AA2): 0
LogDevObjectVersion:   Dev-Platform (6631380F-2D4D-43E0-8009-CF276956A95A): 0
LogDevObjectVersion:   Dev-Rendering (12F88B9F-8875-4AFC-A67C-D90C383ABD29): 19
LogDevObjectVersion:   Dev-Sequencer (7B5AE74C-D270-4C10-A958-57980B212A5A): 4
LogDevObjectVersion:   Dev-VR (D7296918-1DD6-4BDD-9DE2-64A83CC13884): 0
LogDevObjectVersion:   Dev-LoadTimes (C2A15278-BFE7-4AFE-6C17-90FF531DF755): 1
LogDevObjectVersion:   Private-Geometry (6EACA3D4-40EC-4CC1-B786-8BED09428FC5): 1
LogDevObjectVersion:   Dev-AnimPhys (29E575DD-E0A3-4627-9D10-D276232CDCEA): 7
LogInit: Compiled (64-bit): Sep 22 2017 13:47:16
LogInit: Compiled with Visual C++: 19.00.24215.01
LogInit: Build Configuration: Development
LogInit: Branch Name: ++UE4+Release-4.17
LogInit: Command line:  
LogInit: Base directory: C:/Program Files/Epic Games/UE_4.17/Engine/Binaries/Win64/
LogInit: Installed Engine Build: 1
LogInit: Presizing for max 8388607 objects, including 0 objects not considered by GC, pre-allocating 0 bytes for permanent pool.
LogInit: Object subsystem initialized
[2017.11.01-14.49.42:643][  0]LogInit: Selected Device Profile: [Windows]
[2017.11.01-14.49.42:643][  0]LogInit: Applying CVar settings loaded from the selected device profile: [Windows]
[2017.11.01-14.49.42:702][  0]LogInit: Computer: ARTSYFARTSY
[2017.11.01-14.49.42:702][  0]LogInit: User: Kaitlin
[2017.11.01-14.49.42:702][  0]LogInit: CPU Page size=4096, Cores=4
[2017.11.01-14.49.42:702][  0]LogInit: High frequency timer resolution =3.234609 MHz
[2017.11.01-14.49.42:702][  0]LogMemory: Memory total: Physical=15.9GB (16GB approx)
[2017.11.01-14.49.42:702][  0]LogMemory: Platform Memory Stats for Windows
[2017.11.01-14.49.42:702][  0]LogMemory: Process Physical Memory: 278.28 MB used, 278.28 MB peak
[2017.11.01-14.49.42:702][  0]LogMemory: Process Virtual Memory: 276.29 MB used, 276.29 MB peak
[2017.11.01-14.49.42:702][  0]LogMemory: Physical Memory: 4072.57 MB used,  12237.63 MB free, 16310.20 MB total
[2017.11.01-14.49.42:702][  0]LogMemory: Virtual Memory: 652.52 MB used,  12237.63 MB free, 8388608.00 MB total
[2017.11.01-14.49.45:032][  0]LogInit: Using OS detected language (en-US).
[2017.11.01-14.49.45:032][  0]LogInit: Using OS detected locale (en-US).
[2017.11.01-14.49.45:162][  0]LogTextLocalizationManager: No specific localization for 'en-US' exists, so the 'en' localization will be used.
[2017.11.01-14.49.48:872][  0]LogD3D11RHI: D3D11 adapters:
[2017.11.01-14.49.48:945][  0]LogD3D11RHI:    0. 'NVIDIA Quadro K2200' (Feature Level 11_0)
[2017.11.01-14.49.48:945][  0]LogD3D11RHI:       4034/0/7899 MB DedicatedVideo/DedicatedSystem/SharedSystem, Outputs:2, VendorId:0x10de
[2017.11.01-14.49.48:945][  0]LogD3D11RHI: Chosen D3D11 Adapter: 0
[2017.11.01-14.49.48:952][  0]LogD3D11RHI: Creating new Direct3DDevice
[2017.11.01-14.49.48:952][  0]LogD3D11RHI:     GPU DeviceId: 0x13ba (for the marketing name, search the web for "GPU Device Id")
[2017.11.01-14.49.48:952][  0]LogWindows: EnumDisplayDevices:
[2017.11.01-14.49.48:953][  0]LogWindows:    0. 'NVIDIA Quadro K2200' (P:0 D:1)
[2017.11.01-14.49.48:953][  0]LogWindows:    1. 'NVIDIA Quadro K2200' (P:1 D:1)
[2017.11.01-14.49.48:953][  0]LogWindows:    2. 'NVIDIA Quadro K2200' (P:0 D:0)
[2017.11.01-14.49.48:953][  0]LogWindows:    3. 'NVIDIA Quadro K2200' (P:0 D:0)
[2017.11.01-14.49.48:953][  0]LogWindows:    4. 'RDPDD Chained DD' (P:0 D:0)
[2017.11.01-14.49.48:954][  0]LogWindows:    5. 'RDP Encoder Mirror Driver' (P:0 D:0)
[2017.11.01-14.49.48:954][  0]LogWindows:    6. 'RDP Reflector Display Driver' (P:0 D:0)
[2017.11.01-14.49.48:954][  0]LogWindows: DebugString: GetVideoDriverDetailsInvalid PrimaryIsNotTheChoosenAdapter GetVideoDriverDetailsInvalid PrimaryIsNotTheChoosenAdapter GetVideoDriverDetailsInvalid PrimaryIsNotTheChoosenAdapter FoundDriverCount:4 
[2017.11.01-14.49.48:954][  0]LogD3D11RHI:     Adapter Name: NVIDIA Quadro K2200
[2017.11.01-14.49.48:954][  0]LogD3D11RHI:   Driver Version: 385.69 (internal:22.21.13.8569, unified:385.69)
[2017.11.01-14.49.48:954][  0]LogD3D11RHI:      Driver Date: 9-16-2017
[2017.11.01-14.49.48:954][  0]LogRHI: Texture pool is 1361 MB (70% of 1945 MB)
[2017.11.01-14.49.49:021][  0]LogD3D11RHI: Async texture creation enabled
[2017.11.01-14.49.49:050][  0]LogD3D11RHI: GPU Timing Frequency: 1000.000000 (Debug: 2 2)
[2017.11.01-14.49.49:148][  0]LogShaderCompilers: Guid format shader working directory is 7 characters bigger than the processId version (M:/ExpGames/ExperimentalGame_VR/KairosVR/Intermediate/Shaders/WorkingDirectory/25040/).
[2017.11.01-14.49.49:148][  0]LogShaderCompilers: Cleaned the shader compiler working directory 'C:/Users/Kaitlin/AppData/Local/Temp/UnrealShaderWorkingDir/0D4747D04EF967CA8A2D07A0E9A98EDB/'.
[2017.11.01-14.49.49:148][  0]LogShaderCompilers: Display: Using Local Shader Compiler.
[2017.11.01-14.49.53:657][  0]LogTemp: Display: Loaded TP AllDesktopTargetPlatform
[2017.11.01-14.49.53:837][  0]LogTemp: Display: Loaded TP MacClientTargetPlatform
[2017.11.01-14.49.54:017][  0]LogTemp: Display: Loaded TP MacNoEditorTargetPlatform
[2017.11.01-14.49.54:174][  0]LogTemp: Display: Loaded TP MacServerTargetPlatform
[2017.11.01-14.49.54:423][  0]LogTemp: Display: Loaded TP MacTargetPlatform
[2017.11.01-14.49.54:617][  0]LogTemp: Display: Loaded TP WindowsClientTargetPlatform
[2017.11.01-14.49.54:785][  0]LogTemp: Display: Loaded TP WindowsNoEditorTargetPlatform
[2017.11.01-14.49.54:933][  0]LogTemp: Display: Loaded TP WindowsServerTargetPlatform
[2017.11.01-14.49.55:090][  0]LogTemp: Display: Loaded TP WindowsTargetPlatform
[2017.11.01-14.49.55:255][  0]LogTemp: Display: Loaded TP AndroidTargetPlatform
[2017.11.01-14.49.55:432][  0]LogTemp: Display: Loaded TP Android_ASTCTargetPlatform
[2017.11.01-14.49.55:590][  0]LogTemp: Display: Loaded TP Android_ATCTargetPlatform
[2017.11.01-14.49.55:740][  0]LogTemp: Display: Loaded TP Android_DXTTargetPlatform
[2017.11.01-14.49.55:891][  0]LogTemp: Display: Loaded TP Android_ETC1TargetPlatform
[2017.11.01-14.49.56:100][  0]LogTemp: Display: Loaded TP Android_ETC2TargetPlatform
[2017.11.01-14.49.56:418][  0]LogTemp: Display: Loaded TP Android_MultiTargetPlatform
[2017.11.01-14.49.56:418][  0]LogTemp: Display: Loaded TP Android_PVRTCTargetPlatform
[2017.11.01-14.49.56:548][  0]LogTemp: Display: Loaded TP HTML5TargetPlatform
[2017.11.01-14.49.57:085][  0]LogTemp: Display: Loaded TP IOSTargetPlatform
[2017.11.01-14.49.57:237][  0]LogTemp: Display: Loaded TP TVOSTargetPlatform
[2017.11.01-14.49.57:388][  0]LogTemp: Display: Loaded TP LinuxClientTargetPlatform
[2017.11.01-14.49.57:537][  0]LogTemp: Display: Loaded TP LinuxNoEditorTargetPlatform
[2017.11.01-14.49.57:708][  0]LogTemp: Display: Loaded TP LinuxServerTargetPlatform
[2017.11.01-14.49.57:902][  0]LogTemp: Display: Loaded TP LinuxTargetPlatform
[2017.11.01-14.49.57:902][  0]LogTargetPlatformManager: Display: Building Assets For Windows
[2017.11.01-14.50.02:298][  0]LogDerivedDataCache: Display: Max Cache Size: 512 MB
[2017.11.01-14.50.02:298][  0]LogDerivedDataCache: Display: Starting with empty Boot cache
[2017.11.01-14.50.02:298][  0]LogDerivedDataCache: FDerivedDataBackendGraph:  Pak pak cache file M:/ExpGames/ExperimentalGame_VR/KairosVR/DerivedDataCache/DDC.ddp not found, will not use a pak cache.
[2017.11.01-14.50.02:298][  0]LogDerivedDataCache: Unable to find inner node Pak for hierarchical cache Hierarchy.
[2017.11.01-14.50.02:298][  0]LogDerivedDataCache: FDerivedDataBackendGraph:  CompressedPak pak cache file M:/ExpGames/ExperimentalGame_VR/KairosVR/DerivedDataCache/Compressed.ddp not found, will not use a pak cache.
[2017.11.01-14.50.02:298][  0]LogDerivedDataCache: Unable to find inner node CompressedPak for hierarchical cache Hierarchy.
[2017.11.01-14.50.02:365][  0]LogDerivedDataCache: Display: Pak cache opened for reading ../../../Engine/DerivedDataCache/Compressed.ddp.
[2017.11.01-14.50.02:404][  0]LogDerivedDataCache: Using Local data cache path C:/Users/Kaitlin/AppData/Local/UnrealEngine/Common/DerivedDataCache: Writable
[2017.11.01-14.50.02:507][  0]LogMaterial: Verifying Global Shaders for PCD3D_SM5
[2017.11.01-14.50.02:507][  0]LogSlate: Using Freetype 2.6.0
[2017.11.01-14.50.02:524][  0]LogSlate: SlateFontCache - WITH_FREETYPE: 1, WITH_HARFBUZZ: 1
[2017.11.01-14.50.02:524][  0]LogSlate: SlateFontCache - WITH_FREETYPE: 1, WITH_HARFBUZZ: 1
[2017.11.01-14.50.07:116][  0]LogAssetRegistry: FAssetRegistry took 0.0243 seconds to start up
[2017.11.01-14.50.08:095][  0]LogInit: Selected Device Profile: [Windows]
[2017.11.01-14.50.08:219][  0]LogContentStreaming: Texture pool size is 0.00 MB
[2017.11.01-14.50.08:472][  0]LogMaterial: Missing cached shader map for material WorldGridMaterial, compiling. Is special engine material.
[2017.11.01-14.51.06:776][  0]LogMaterial: Missing cached shader map for material DefaultDeferredDecalMaterial, compiling. 
[2017.11.01-14.51.15:999][  0]LogMaterial: Missing cached shader map for material DefaultLightFunctionMaterial, compiling. 
[2017.11.01-14.51.17:259][  0]LogMaterial: Missing cached shader map for material DefaultPostProcessMaterial, compiling. 
[2017.11.01-14.51.18:554][  0]LogMaterial: Missing cached shader map for material CineMat, compiling. 
[2017.11.01-14.51.21:235][  0]LogSimplygon: Simplygon DLL not present - disabling.
[2017.11.01-14.51.21:388][  0]LogMeshReduction: Using SimplygonSwarm for distributed automatic mesh merging
[2017.11.01-14.51.21:388][  0]LogMeshReduction: Using QuadricMeshReduction for automatic static mesh reduction
[2017.11.01-14.51.21:388][  0]LogMeshReduction: No automatic skeletal mesh reduction module available
[2017.11.01-14.51.21:388][  0]LogMeshReduction: No automatic mesh merging module available
[2017.11.01-14.51.21:388][  0]LogMeshMerging: No automatic mesh merging module available
[2017.11.01-14.51.21:661][  0]LogMaterial: Missing cached shader map for material MatineeCam_mat, compiling. 
[2017.11.01-14.51.21:859][  0]LogMaterial: Missing cached shader map for material M_SimpleOpaque, compiling. 
[2017.11.01-14.51.21:976][  0]LogMaterial: Missing cached shader map for material M_SimpleTranslucent, compiling. 
[2017.11.01-14.51.22:876][  0]LogMaterial: Missing cached shader map for material SnapGridMaterial, compiling. 
[2017.11.01-14.51.22:981][  0]LogMaterial: Missing cached shader map for material TranslucentTransformGizmoMaterial, compiling. 
[2017.11.01-14.51.23:065][  0]LogMaterial: Missing cached shader map for material TransformGizmoMaterial, compiling. 
[2017.11.01-14.51.23:537][  0]LogMaterial: Missing cached shader map for material Xray, compiling. 
[2017.11.01-14.51.23:589][  0]LogMaterial: Missing cached shader map for material Main, compiling. 
[2017.11.01-14.51.24:337][  0]LogMaterial: Missing cached shader map for material SkySphereMaterial, compiling. 
[2017.11.01-14.51.24:454][  0]LogMaterial: Missing cached shader map for material FloorPlaneMaterial, compiling. 
[2017.11.01-14.51.24:992][  0]LogMaterial: Missing cached shader map for material LandscapeGizmo_Mat, compiling. 
[2017.11.01-14.51.25:072][  0]LogMaterial: Missing cached shader map for material LandscapeGizmoHeight_Mat, compiling. 
[2017.11.01-14.51.25:230][  0]LogMaterial: Missing cached shader map for material SplineEditorMeshMat, compiling. 
[2017.11.01-14.51.25:403][  0]LogNetVersion: KairosVR , NetCL: 3573198, EngineNetVer: 2, GameNetVer: 0 (Checksum: 2146758158)
[2017.11.01-14.51.25:687][  0]LogMaterial: Missing cached shader map for material HelpActorMaterial, compiling. 
[2017.11.01-14.51.26:559][  0]LogMaterial: Missing cached shader map for material DefaultTextMaterialOpaque, compiling. 
[2017.11.01-14.51.27:165][  0]LogPackageLocalizationCache: Processed 5 localized package path(s) for 2 prioritized culture(s) in 0.102278 seconds
[2017.11.01-14.51.27:171][  0]LogUObjectArray: 35825 objects as part of root set at end of initial load.
[2017.11.01-14.51.27:171][  0]LogUObjectAllocator: 7529112 out of 0 bytes used by permanent object pool.
[2017.11.01-14.51.27:171][  0]LogUObjectArray: CloseDisregardForGC: 0/0 objects in disregard for GC pool
[2017.11.01-14.51.27:406][  0]LogInit: WinSock: version 1.1 (2.2), MaxSocks=32767, MaxUdp=65467
[2017.11.01-14.51.52:972][  0]LogMaterial: Missing cached shader map for material GridMaterial, compiling. 
[2017.11.01-14.51.53:054][  0]LogMaterial: Missing cached shader map for material VRTextMaterial, compiling. 
[2017.11.01-14.51.53:218][  0]LogMaterial: Missing cached shader map for material TeleportDirectionMaterial, compiling. 
[2017.11.01-14.51.53:350][  0]LogMaterial: Missing cached shader map for material LaserPointerMaterial, compiling. 
[2017.11.01-14.51.53:460][  0]LogMaterial: Missing cached shader map for material GridPostProcess, compiling. 
[2017.11.01-14.51.53:616][  0]LogMaterial: Missing cached shader map for material GenericHMDMaterial, compiling. 
[2017.11.01-14.51.53:692][  0]LogMaterial: Missing cached shader map for material VivePreControllerMaterial, compiling. 
[2017.11.01-14.51.53:730][  0]LogMaterial: Missing cached shader map for material OculusControllerMaterial, compiling. 
[2017.11.01-14.51.53:800][  0]LogMaterial: Missing cached shader map for material FlattenHeightMat, compiling. 
[2017.11.01-14.51.53:812][  0]LogMaterial: Missing cached shader map for material ArrowMaterial, compiling. 
[2017.11.01-14.51.53:902][  0]LogMaterial: Missing cached shader map for material KeyDiskMaterial, compiling. 
[2017.11.01-14.51.53:982][  0]LogMaterial: Missing cached shader map for material M_ContentWindow, compiling. 
[2017.11.01-14.51.54:135][  0]LogMaterial: Missing cached shader map for material LineMaterial, compiling. 
[2017.11.01-14.52.01:020][  0]LogTcpMessaging: Initializing TcpMessaging bridge
[2017.11.01-14.52.01:223][  0]LogUdpMessaging: Initializing bridge on interface 0.0.0.0:0 to multicast group 230.0.0.1:6666.
[2017.11.01-14.52.02:707][  0]LogMaterial: Missing cached shader map for material DefaultMaterial, compiling. 
[2017.11.01-14.52.06:495][  0]LogMaterial: Missing cached shader map for material BaseColor, compiling. 
[2017.11.01-14.52.06:547][  0]LogMaterial: Missing cached shader map for material CustomDepth, compiling. 
[2017.11.01-14.52.06:666][  0]LogMaterial: Uniform references updated for custom material expression Custom.
[2017.11.01-14.52.06:696][  0]LogMaterial: Missing cached shader map for material CustomStencil, compiling. 
[2017.11.01-14.52.06:715][  0]LogMaterial: Missing cached shader map for material FinalImage, compiling. 
[2017.11.01-14.52.06:847][  0]LogMaterial: Missing cached shader map for material LightingModel, compiling. 
[2017.11.01-14.52.06:945][  0]LogMaterial: Missing cached shader map for material MaterialAO, compiling. 
[2017.11.01-14.52.07:031][  0]LogMaterial: Missing cached shader map for material Metallic, compiling. 
[2017.11.01-14.52.07:140][  0]LogMaterial: Missing cached shader map for material Opacity, compiling. 
[2017.11.01-14.52.07:202][  0]LogMaterial: Missing cached shader map for material Roughness, compiling. 
[2017.11.01-14.52.07:275][  0]LogMaterial: Missing cached shader map for material SceneColor, compiling. 
[2017.11.01-14.52.07:380][  0]LogMaterial: Missing cached shader map for material SceneDepth, compiling. 
[2017.11.01-14.52.07:449][  0]LogMaterial: Missing cached shader map for material SeparateTranslucencyRGB, compiling. 
[2017.11.01-14.52.07:494][  0]LogMaterial: Missing cached shader map for material SeparateTranslucencyA, compiling. 
[2017.11.01-14.52.07:554][  0]LogMaterial: Missing cached shader map for material Specular, compiling. 
[2017.11.01-14.52.07:621][  0]LogMaterial: Missing cached shader map for material SubsurfaceColor, compiling. 
[2017.11.01-14.52.07:661][  0]LogMaterial: Missing cached shader map for material WorldNormal, compiling. 
[2017.11.01-14.52.07:765][  0]LogMaterial: Missing cached shader map for material AmbientOcclusion, compiling. 
[2017.11.01-14.52.07:816][  0]LogMaterial: Missing cached shader map for material CustomDepthWorldUnits, compiling. 
[2017.11.01-14.52.07:833][  0]LogMaterial: Missing cached shader map for material SceneDepthWorldUnits, compiling. 
[2017.11.01-14.52.07:861][  0]LogMaterial: Missing cached shader map for material PreTonemapHDRColor, compiling. 
[2017.11.01-14.52.07:995][  0]LogMaterial: Missing cached shader map for material PostTonemapHDRColor, compiling. 
[2017.11.01-14.52.09:127][  0]SourceControl: Source control is disabled
[2017.11.01-14.52.09:127][  0]SourceControl: Source control is disabled
[2017.11.01-14.52.09:514][  0]SourceControl: Source control is disabled
[2017.11.01-14.52.09:862][  0]SourceControl: Source control is disabled
[2017.11.01-14.52.13:518][  0]LogAndroidPermission: UAndroidPermissionCallbackProxy::GetInstance
[2017.11.01-14.52.14:484][  0]LogOcInput: OculusInput pre-init called
[2017.11.01-14.52.15:657][  0]LogMaterial: Missing cached shader map for material HighResScreenshot, compiling. 
[2017.11.01-14.52.15:732][  0]LogMaterial: Missing cached shader map for material HighResScreenshotMask, compiling. 
[2017.11.01-14.52.15:817][  0]LogMaterial: Missing cached shader map for material HighResScreenshotCaptureRegion, compiling. 
[2017.11.01-14.52.15:859][  0]LogEngine: Initializing Engine...
[2017.11.01-14.52.15:860][  0]LogHMD: Failed to initialize OpenVR with code 110
[2017.11.01-14.52.15:883][  0]LogMaterial: Missing cached shader map for material WireframeMaterial, compiling. Is special engine material.
[2017.11.01-14.52.16:333][  0]LogMaterial: Missing cached shader map for material LevelColorationLitMaterial, compiling. Is special engine material.
[2017.11.01-14.52.16:837][  0]LogMaterial: Missing cached shader map for material LevelColorationUnlitMaterial, compiling. Is special engine material.
[2017.11.01-14.52.17:098][  0]LogMaterial: Missing cached shader map for material MAT_LevelColorationLitLightmapUV, compiling. Is special engine material.
[2017.11.01-14.52.17:689][  0]LogMaterial: Missing cached shader map for material ShadedLevelColorationLitMaterial, compiling. Is special engine material.
[2017.11.01-14.52.18:342][  0]LogMaterial: Missing cached shader map for material ShadedLevelColorationUnlitMateri, compiling. Is special engine material.
[2017.11.01-14.52.18:631][  0]LogMaterial: Missing cached shader map for material VertexColorMaterial, compiling. 
[2017.11.01-14.52.18:790][  0]LogMaterial: Missing cached shader map for material VertexColorViewMode_ColorOnly, compiling. 
[2017.11.01-14.52.18:861][  0]LogMaterial: Missing cached shader map for material VertexColorViewMode_AlphaAsColor, compiling. 
[2017.11.01-14.52.18:938][  0]LogMaterial: Missing cached shader map for material VertexColorViewMode_RedOnly, compiling. 
[2017.11.01-14.52.19:055][  0]LogMaterial: Missing cached shader map for material VertexColorViewMode_GreenOnly, compiling. 
[2017.11.01-14.52.19:131][  0]LogMaterial: Missing cached shader map for material VertexColorViewMode_BlueOnly, compiling. 
[2017.11.01-14.52.19:207][  0]LogMaterial: Missing cached shader map for material RemoveSurfaceMaterial, compiling. 
[2017.11.01-14.52.19:278][  0]LogMaterial: Missing cached shader map for material DebugMeshMaterial, compiling. 
[2017.11.01-14.52.19:366][  0]LogMaterial: Missing cached shader map for material M_InvalidLightmapSettings, compiling. 
[2017.11.01-14.52.19:484][  0]LogMaterial: Missing cached shader map for material GizmoMaterial, compiling. 
[2017.11.01-14.52.19:533][  0]LogMaterial: Missing cached shader map for material PhAT_JointLimitMaterial, compiling. 
[2017.11.01-14.52.19:633][  0]LogMaterial: Missing cached shader map for material GeomMaterial, compiling. 
[2017.11.01-14.52.19:673][  0]LogMaterial: Missing cached shader map for material EditorBrushMaterial, compiling. 
[2017.11.01-14.52.19:887][  0]LogMaterial: Missing cached shader map for material BoneWeightMaterial, compiling. 
[2017.11.01-14.52.20:200][  0]LogMaterial: Missing cached shader map for material ClothMaterial, compiling. 
[2017.11.01-14.52.20:449][  0]LogMaterial: Missing cached shader map for material ClothMaterial_WF, compiling. 
[2017.11.01-14.52.20:597][  0]LogMaterial: Missing cached shader map for material DebugEditorMaterial, compiling. 
[2017.11.01-14.52.20:699][  0]LogMaterial: Missing cached shader map for material PreviewShadowIndicatorMaterial, compiling. 
[2017.11.01-14.52.21:316][  0]LogStats: UGameplayTagsManager::ConstructGameplayTagTree: Construct from data asset -  0.000 s
[2017.11.01-14.52.21:317][  0]LogStats: UGameplayTagsManager::ConstructGameplayTagTree: GameplayTagTreeChangedEvent.Broadcast -  0.000 s
[2017.11.01-14.52.21:807][  0]LogAIModule: Creating AISystem for world Untitled
[2017.11.01-14.52.22:131][  0]LogInit: XAudio2 using 'Speakers / Headphones (Realtek High Definition Audio)' : 2 channels at 48 kHz using 32 bits per sample (channel mask 0x3)
[2017.11.01-14.52.22:652][  0]LogInit: FAudioDevice initialized.
[2017.11.01-14.52.23:030][  0]LogDerivedDataCache: Saved boot cache 0.38s 84MB C:/Users/Kaitlin/AppData/Local/UnrealEngine/4.17/DerivedDataCache/Boot.ddc.
[2017.11.01-14.52.23:039][  0]LogInit: Texture streaming: Enabled
[2017.11.01-14.52.24:167][  0]LogEngineSessionManager: EngineSessionManager initialized
[2017.11.01-14.52.25:195][  0]LogInit: Transaction tracking system initialized
[2017.11.01-14.52.26:992][  0]BlueprintLog: New page: Editor Load
[2017.11.01-14.52.32:773][  0]LocalizationService: Localization service is disabled
[2017.11.01-14.52.37:024][  0]LogConsoleResponse: Display: 
[2017.11.01-14.52.37:350][  0]LogMaterial: Missing cached shader map for material Cross_Mat, compiling. 
[2017.11.01-14.52.37:453][  0]LogMaterial: Missing cached shader map for material PhAT_BoneSelectedMaterial, compiling. 
[2017.11.01-14.52.37:478][  0]LogMaterial: Missing cached shader map for material PhAT_ElemSelectedMaterial, compiling. 
[2017.11.01-14.52.37:543][  0]LogMaterial: Missing cached shader map for material PhAT_NoCollisionMaterial, compiling. 
[2017.11.01-14.52.37:592][  0]LogMaterial: Missing cached shader map for material PhAT_UnselectedMaterial, compiling. 
[2017.11.01-14.52.37:683][  0]LogMaterial: Missing cached shader map for material Tick_Mat, compiling. 
[2017.11.01-14.52.37:758][  0]LogMaterial: Missing cached shader map for material WidgetGridVertexColorMaterial_Ma, compiling. 
[2017.11.01-14.52.37:828][  0]LogMaterial: Missing cached shader map for material WidgetMaterial, compiling. 
[2017.11.01-14.52.37:888][  0]LogMaterial: Missing cached shader map for material WidgetMaterial_Current, compiling. 
[2017.11.01-14.52.37:953][  0]LogMaterial: Missing cached shader map for material WidgetMaterial_X, compiling. 
[2017.11.01-14.52.38:041][  0]LogMaterial: Missing cached shader map for material WidgetMaterial_Y, compiling. 
[2017.11.01-14.52.38:115][  0]LogMaterial: Missing cached shader map for material WidgetMaterial_Z, compiling. 
[2017.11.01-14.52.38:228][  0]LogMaterial: Missing cached shader map for material WidgetVertexColorMaterial, compiling. 
[2017.11.01-14.52.38:475][  0]LogMaterial: Missing cached shader map for material LevelGridMaterial, compiling. 
[2017.11.01-14.52.38:712][  0]LogMaterial: Missing cached shader map for material BlinkingCaret, compiling. 
[2017.11.01-14.52.39:062][  0]LogMaterial: Missing cached shader map for material M_StreamingPause, compiling. 
[2017.11.01-14.52.39:123][  0]LogCook: Display: Max memory allowance for cook 16384mb min free memory 0mb
[2017.11.01-14.52.39:123][  0]LogCook: Display: Mobile HDR setting 1
[2017.11.01-14.52.39:123][  0]LogGameplayTags: Display: UGameplayTagsManager::DoneAddingNativeTags. DelegateIsBound: 0
[2017.11.01-14.52.39:423][  0]LogFileCache: Scanning file cache for directory 'M:/ExpGames/ExperimentalGame_VR/KairosVR/Content/' took 0.01s
[2017.11.01-14.52.45:392][  0]SourceControl: Source control is disabled
[2017.11.01-14.52.45:392][  0]Cmd: MAP LOAD FILE="M:/ExpGames/ExperimentalGame_VR/KairosVR/Content/Levels/ShipInterior.umap" TEMPLATE=0 SHOWPROGRESS=1 FEATURELEVEL=3
[2017.11.01-14.52.45:393][  0]LightingResults: New page: Lighting Build
[2017.11.01-14.52.45:447][  0]MapCheck: New page: Map Check
[2017.11.01-14.52.45:447][  0]LightingResults: New page: Lighting Build
[2017.11.01-14.52.46:768][  0]LogLinker: Warning: Can't find file '/Game/VirtualRealityBP/Blueprints/GripEnum'
[2017.11.01-14.52.46:768][  0]LogLinker: Warning: Can't find file for asset '/Game/VirtualRealityBP/Blueprints/GripEnum' while loading M:/ExpGames/ExperimentalGame_VR/KairosVR/Content/VirutalRealityTemplateContent/VirtualReality/Mannequin/Animations/RightHand_AnimBP.uasset.
[2017.11.01-14.52.46:768][  0]LoadErrors: Error: /Game/VirutalRealityTemplateContent/VirtualReality/Mannequin/Animations/RightHand_AnimBP : Can't find file for asset. /Game/VirtualRealityBP/Blueprints/GripEnum
[2017.11.01-14.52.46:770][  0]LogLinker: Warning: Can't find file '/Game/VirtualRealityBP/Blueprints/GripEnum'
[2017.11.01-14.52.46:770][  0]LogLinker: Warning: Can't find file for asset '/Game/VirtualRealityBP/Blueprints/GripEnum' while loading M:/ExpGames/ExperimentalGame_VR/KairosVR/Content/VirutalRealityTemplateContent/VirtualReality/Mannequin/Animations/RightHand_AnimBP.uasset.
[2017.11.01-14.52.46:770][  0]LoadErrors: Error: /Game/VirutalRealityTemplateContent/VirtualReality/Mannequin/Animations/RightHand_AnimBP : Can't find file for asset. /Game/VirtualRealityBP/Blueprints/GripEnum
[2017.11.01-14.52.46:813][  0]LogLinker: Warning: Can't find file '/Game/VirtualRealityBP/Blueprints/GripEnum'
[2017.11.01-14.52.46:813][  0]LoadErrors: Failed to load /Game/VirtualRealityBP/Blueprints/GripEnum.GripEnum Referenced by GripState
[2017.11.01-14.52.46:813][  0]LogLinker: Warning: Can't find file for asset '/Game/VirtualRealityBP/Blueprints/GripEnum' while loading M:/ExpGames/ExperimentalGame_VR/KairosVR/Content/Blueprints/BP_MotionController.uasset.
[2017.11.01-14.52.46:813][  0]LoadErrors: Failed to load /Game/VirtualRealityBP/Blueprints/GripEnum.GripEnum Referenced by GripState
[2017.11.01-14.52.46:813][  0]LoadErrors: Error: /Game/Blueprints/BP_MotionController : Can't find file for asset. /Game/VirtualRealityBP/Blueprints/GripEnum
[2017.11.01-14.52.46:818][  0]LogLinker: Warning: Can't find file '/Game/VirtualRealityBP/Blueprints/GripEnum'
[2017.11.01-14.52.46:818][  0]LogLinker: Warning: Can't find file for asset '/Game/VirtualRealityBP/Blueprints/GripEnum' while loading M:/ExpGames/ExperimentalGame_VR/KairosVR/Content/Blueprints/BP_MotionController.uasset.
[2017.11.01-14.52.46:818][  0]LoadErrors: Error: /Game/Blueprints/BP_MotionController : Can't find file for asset. /Game/VirtualRealityBP/Blueprints/GripEnum
[2017.11.01-14.52.46:818][  0]LogLinker: Warning: Can't find file '/Game/VirtualRealityBP/Blueprints/GripEnum'
[2017.11.01-14.52.46:818][  0]LogLinker: Warning: Can't find file for asset '/Game/VirtualRealityBP/Blueprints/GripEnum' while loading M:/ExpGames/ExperimentalGame_VR/KairosVR/Content/Blueprints/BP_MotionController.uasset.
[2017.11.01-14.52.46:818][  0]LoadErrors: Error: /Game/Blueprints/BP_MotionController : Can't find file for asset. /Game/VirtualRealityBP/Blueprints/GripEnum
[2017.11.01-14.52.46:818][  0]LogLinker: Warning: Can't find file '/Game/VirtualRealityBP/Blueprints/GripEnum'
[2017.11.01-14.52.46:818][  0]LoadErrors: Failed to load /Game/VirtualRealityBP/Blueprints/GripEnum.GripEnum Referenced by RightHand_AnimBP
[2017.11.01-14.52.46:818][  0]LogLinker: Warning: Can't find file for asset '/Game/VirtualRealityBP/Blueprints/GripEnum' while loading M:/ExpGames/ExperimentalGame_VR/KairosVR/Content/Blueprints/BP_MotionController.uasset.
[2017.11.01-14.52.46:819][  0]LoadErrors: Failed to load /Game/VirtualRealityBP/Blueprints/GripEnum.GripEnum Referenced by RightHand_AnimBP
[2017.11.01-14.52.46:819][  0]LoadErrors: Error: /Game/Blueprints/BP_MotionController : Can't find file for asset. /Game/VirtualRealityBP/Blueprints/GripEnum
[2017.11.01-14.52.46:820][  0]LogLinker: Warning: Can't find file '/Game/VirtualRealityBP/Blueprints/GripEnum'
[2017.11.01-14.52.46:820][  0]LoadErrors: Failed to load /Game/VirtualRealityBP/Blueprints/GripEnum.GripEnum Referenced by K2Node_VariableGet_64
[2017.11.01-14.52.46:820][  0]LogLinker: Warning: Can't find file for asset '/Game/VirtualRealityBP/Blueprints/GripEnum' while loading M:/ExpGames/ExperimentalGame_VR/KairosVR/Content/Blueprints/BP_MotionController.uasset.
[2017.11.01-14.52.46:820][  0]LoadErrors: Failed to load /Game/VirtualRealityBP/Blueprints/GripEnum.GripEnum Referenced by K2Node_VariableGet_64
[2017.11.01-14.52.46:820][  0]LoadErrors: Error: /Game/Blueprints/BP_MotionController : Can't find file for asset. /Game/VirtualRealityBP/Blueprints/GripEnum
[2017.11.01-14.52.48:123][  0]LogMaterial: Missing cached shader map for material M_Sky_Panning_Clouds2, compiling. 
[2017.11.01-14.52.48:348][  0]LogAIModule: Creating AISystem for world ShipInterior
[2017.11.01-14.52.48:702][  0]LogEditorServer: Finished looking for orphan Actors (0.000 secs)
[2017.11.01-14.52.48:721][  0]Cmd: MAP CHECKDEP NOCLEARLOG
[2017.11.01-14.52.48:836][  0]MapCheck: Map check complete: 0 Error(s), 0 Warning(s), took 114.942ms to complete.
[2017.11.01-14.52.48:836][  0]LogFileHelpers: Loading map 'ShipInterior' took 3.444
[2017.11.01-14.52.49:323][  0]LogCollectionManager: Loaded 0 collections in 0.001105 seconds
[2017.11.01-14.52.49:608][  0]LogFileCache: Scanning file cache for directory 'M:/ExpGames/ExperimentalGame_VR/KairosVR/Saved/Collections/' took 0.01s
[2017.11.01-14.52.49:608][  0]LogFileCache: Scanning file cache for directory 'M:/ExpGames/ExperimentalGame_VR/KairosVR/Content/Developers/Kaitlin/Collections/' took 0.01s
[2017.11.01-14.52.49:608][  0]LogFileCache: Scanning file cache for directory 'M:/ExpGames/ExperimentalGame_VR/KairosVR/Content/Collections/' took 0.07s
[2017.11.01-14.52.49:608][  0]LogCollectionManager: Rebuilt the GUID cache for 0 collections in 0.000000 seconds
[2017.11.01-14.52.49:616][  0]LogContentBrowser: Native class hierarchy populated in 0.0081 seconds. Added 2386 classes and 500 folders.
[2017.11.01-14.52.49:772][  0]LogContentBrowser: Native class hierarchy updated for 'WidgetCarousel' in 0.0006 seconds. Added 0 classes and 0 folders.
[2017.11.01-14.52.50:135][  0]LogContentBrowser: Native class hierarchy updated for 'AddContentDialog' in 0.0006 seconds. Added 0 classes and 0 folders.
[2017.11.01-14.52.50:488][  0]LogContentBrowser: Native class hierarchy updated for 'SceneOutliner' in 0.0006 seconds. Added 1 classes and 2 folders.
[2017.11.01-14.52.50:545][  0]LogSlate: Took 0.030319 seconds to synchronously load lazily loaded font '../../../Engine/Content/Slate/Fonts/Roboto-Regular.ttf' (155K)
[2017.11.01-14.52.50:552][  0]LogSlate: Took 0.005758 seconds to synchronously load lazily loaded font '../../../Engine/Content/Slate/Fonts/Roboto-Bold.ttf' (160K)
[2017.11.01-14.52.50:562][  0]LogSlate: Took 0.005474 seconds to synchronously load lazily loaded font '../../../Engine/Content/Editor/Slate/Fonts/FontAwesome.ttf' (139K)
[2017.11.01-14.52.50:698][  0]LogMaterial: Missing cached shader map for material LevelGridMaterial2, compiling. 
[2017.11.01-14.52.50:765][  0]LogRenderer: Reallocating scene render targets to support 1208x576 Format 26 NumSamples 1 (Frame:1).
[2017.11.01-14.52.52:214][  0]LogContentBrowser: Native class hierarchy updated for 'HierarchicalLODOutliner' in 0.0006 seconds. Added 1 classes and 2 folders.
[2017.11.01-14.52.52:214][  0]LogLoad: (Engine Initialization) Total time: 199.38 seconds
[2017.11.01-14.52.52:214][  0]LogLoad: (Engine Initialization) Total Blueprint compile time: 0.00 seconds
[2017.11.01-14.52.52:215][  0]LogExternalProfiler: Found external profiler: VSPerf
[2017.11.01-14.52.52:215][  0]LogExternalProfiler: Using external profiler: VSPerf
[2017.11.01-14.52.52:372][  0]LogAssetRegistry: Asset discovery search completed in 165.2648 seconds
[2017.11.01-14.52.52:374][  0]LogCollectionManager: Rebuilt the object cache for 0 collections in 0.000001 seconds (found 0 objects)
[2017.11.01-14.52.52:374][  0]LogCollectionManager: Fixed up redirectors for 0 collections in 0.000049 seconds (updated 0 objects)
[2017.11.01-14.52.52:376][  0]LogContentStreaming: Texture pool size now 1000 MB
[2017.11.01-14.52.52:494][  0]LogSlate: Took 0.010248 seconds to synchronously load lazily loaded font '../../../Engine/Content/Slate/Fonts/Roboto-Light.ttf' (159K)
[2017.11.01-14.52.54:612][  4]LogSlate: Took 0.000181 seconds to synchronously load lazily loaded font '../../../Engine/Content/Slate/Fonts/Roboto-Light.ttf' (159K)
[2017.11.01-14.58.15:581][427]LogSlate: Took 0.000186 seconds to synchronously load lazily loaded font '../../../Engine/Content/Slate/Fonts/Roboto-Light.ttf' (159K)
[2017.11.01-14.58.15:596][427]Cmd: MAP LOAD FILE="M:/ExpGames/ExperimentalGame_VR/KairosVR/Content/Levels/ShipInterior.umap" TEMPLATE=0 SHOWPROGRESS=1 FEATURELEVEL=3
[2017.11.01-14.58.15:596][427]LightingResults: New page: Lighting Build
[2017.11.01-14.58.15:597][427]LoadErrors: New page: Loading map: ShipInterior.umap
[2017.11.01-14.58.15:597][427]MapCheck: New page: Map Check
[2017.11.01-14.58.15:597][427]LightingResults: New page: Lighting Build
[2017.11.01-14.58.15:615][427]LogAIModule: Creating AISystem for world ShipInterior
[2017.11.01-14.58.15:620][427]LogEditorServer: Finished looking for orphan Actors (0.000 secs)
[2017.11.01-14.58.15:648][427]Cmd: MAP CHECKDEP NOCLEARLOG
[2017.11.01-14.58.15:702][427]MapCheck: Map check complete: 0 Error(s), 0 Warning(s), took 53.983ms to complete.
[2017.11.01-14.58.15:703][427]LogFileHelpers: Loading map 'ShipInterior' took 0.108
[2017.11.01-14.59.21:751][460]Cmd: OBJ SAVEPACKAGE PACKAGE="/Game/Levels/AssetTesting" FILE="M:/ExpGames/ExperimentalGame_VR/KairosVR/Content/Levels/AssetTesting.umap" SILENT=true AUTOSAVING=false KEEPDIRTY=false
[2017.11.01-14.59.21:767][460]LogSavePackage: Save=5.15ms
[2017.11.01-14.59.21:767][460]LogSavePackage: Moving 'M:/ExpGames/ExperimentalGame_VR/KairosVR/Saved/AssetTestingBBA7063A47BDD15FB65A3AA1FFB4BC74.tmp' to 'M:/ExpGames/ExperimentalGame_VR/KairosVR/Content/Levels/AssetTesting.umap'
[2017.11.01-14.59.21:770][460]LogSavePackage: Display: Finished SavePackage M:/ExpGames/ExperimentalGame_VR/KairosVR/Content/Levels/AssetTesting.umap
[2017.11.01-14.59.21:771][460]LogFileHelpers: Saving map 'AssetTesting' took 0.091
[2017.11.01-14.59.21:772][460]Cmd: MAP LOAD FILE="M:/ExpGames/ExperimentalGame_VR/KairosVR/Content/Levels/AssetTesting.umap" TEMPLATE=0 SHOWPROGRESS=1 FEATURELEVEL=3
[2017.11.01-14.59.21:772][460]LightingResults: New page: Lighting Build
[2017.11.01-14.59.21:773][460]LoadErrors: New page: Loading map: AssetTesting.umap
[2017.11.01-14.59.21:774][460]MapCheck: New page: Map Check
[2017.11.01-14.59.21:774][460]LightingResults: New page: Lighting Build
[2017.11.01-14.59.21:783][460]LogEditorServer: Finished looking for orphan Actors (0.000 secs)
[2017.11.01-14.59.21:783][460]LogAIModule: Creating AISystem for world AssetTesting
[2017.11.01-14.59.21:794][460]LogSlate: Took 0.000152 seconds to synchronously load lazily loaded font '../../../Engine/Content/Slate/Fonts/Roboto-Regular.ttf' (155K)
[2017.11.01-14.59.21:816][460]Cmd: MAP CHECKDEP NOCLEARLOG
[2017.11.01-14.59.21:868][460]MapCheck: Map check complete: 0 Error(s), 0 Warning(s), took 51.952ms to complete.
[2017.11.01-14.59.21:870][460]LogFileHelpers: Loading map 'AssetTesting' took 0.099
[2017.11.01-14.59.26:219][980]LogEditorViewport: Clicking Background
[2017.11.01-14.59.33:435][837]LogAIModule: Creating AISystem for world ShipInterior
[2017.11.01-14.59.39:462][313]LightingResults: New page: Lighting Build
[2017.11.01-14.59.39:474][313]MapCheck: New page: Map Check
[2017.11.01-14.59.39:475][313]LightingResults: New page: Lighting Build
[2017.11.01-14.59.39:485][313]LogAIModule: Creating AISystem for world Untitled
[2017.11.01-14.59.39:493][313]LoadErrors: New page: New Map
[2017.11.01-14.59.39:497][313]LogAIModule: Creating AISystem for world AssetTesting
[2017.11.01-14.59.49:184][  3]Cmd: MAP LOAD FILE="../../../Engine/Content/Maps/Templates/Template_Default.umap" TEMPLATE=1 SHOWPROGRESS=1 FEATURELEVEL=3
[2017.11.01-14.59.49:228][  3]LightingResults: New page: Lighting Build
[2017.11.01-14.59.49:230][  3]LoadErrors: New page: Loading map: Template_Default.umap
[2017.11.01-14.59.49:239][  3]MapCheck: New page: Map Check
[2017.11.01-14.59.49:239][  3]LightingResults: New page: Lighting Build
[2017.11.01-14.59.49:360][  3]LogAIModule: Creating AISystem for world Untitled_2
[2017.11.01-14.59.49:367][  3]LogEditorServer: Finished looking for orphan Actors (0.000 secs)
[2017.11.01-14.59.49:382][  3]Cmd: MAP CHECKDEP NOCLEARLOG
[2017.11.01-14.59.49:435][  3]MapCheck: Map check complete: 0 Error(s), 0 Warning(s), took 53.005ms to complete.
[2017.11.01-14.59.49:435][  3]LogFileHelpers: Loading map 'Template_Default' took 0.253
[2017.11.01-15.01.36:476][742]LogFactory: FactoryCreateFile: StaticMesh with FbxFactory (0 0 M:\ExpGames\FUN\Kairos\assets\TableBase_01.fbx)
[2017.11.01-15.01.36:486][742]LogFbx: ItemName: GlobalSettings, ItemCount : 1
[2017.11.01-15.01.36:486][742]LogFbx: ItemName: Geometry, ItemCount : 1
[2017.11.01-15.01.36:486][742]LogFbx: ItemName: Material, ItemCount : 1
[2017.11.01-15.01.36:486][742]LogFbx: ItemName: Model, ItemCount : 1
[2017.11.01-15.01.36:491][742]LogFbx: Loading FBX Scene from M:\ExpGames\FUN\Kairos\assets\TableBase_01.fbx
[2017.11.01-15.01.36:496][742]LogFbx: FBX Scene Loaded Succesfully
[2017.11.01-15.01.41:184][742]LogFbx: Loading FBX Scene from M:\ExpGames\FUN\Kairos\assets\TableBase_01.fbx
[2017.11.01-15.01.41:189][742]LogFbx: FBX Scene Loaded Succesfully
[2017.11.01-15.01.41:190][742]LogLinker: Can't find file '/Game/Assets/Table/lambert1'
[2017.11.01-15.01.41:190][742]LogLinker: Can't find file '/Game/Assets/Table/lambert1'
[2017.11.01-15.01.41:277][742]LogMaterial: Missing cached shader map for material lambert1, compiling. 
[2017.11.01-15.01.41:304][742]LogFbx: Warning: Triangulating static mesh Tablebase
[2017.11.01-15.01.41:385][742]LogStaticMesh: Building static mesh TableBase_01...
[2017.11.01-15.01.41:401][742]LogStaticMesh: Built static mesh [0.08s] /Game/Assets/Table/TableBase_01.TableBase_01
[2017.11.01-15.01.41:523][742]FBXImport: Warning: No smoothing group information was found in this FBX scene.  Please make sure to enable the 'Export Smoothing Groups' option in the FBX Exporter plug-in before exporting the file.  Even for tools that don't support smoothing groups, the FBX Exporter will generate appropriate smoothing data at export-time so that correct vertex normals can be inferred while importing. 
[2017.11.01-15.01.41:523][742]FBXImport: Warning: Warning: The imported mesh is very small. This is most likely an issue with the units used when exporting to FBX. 
[2017.11.01-15.01.41:590][742]LogFactory: FactoryCreateFile: StaticMesh with FbxFactory (0 0 M:\ExpGames\FUN\Kairos\assets\TableTop_01.fbx)
[2017.11.01-15.01.41:605][742]LogFbx: Loading FBX Scene from M:\ExpGames\FUN\Kairos\assets\TableTop_01.fbx
[2017.11.01-15.01.41:620][742]LogFbx: FBX Scene Loaded Succesfully
[2017.11.01-15.01.41:621][742]LogFbx: Warning: Triangulating static mesh Tabletop3
[2017.11.01-15.01.42:894][742]LogStaticMesh: Building static mesh TableTop_01...
[2017.11.01-15.01.43:501][742]LogStaticMesh: Built static mesh [0.66s] /Game/Assets/Table/TableTop_01.TableTop_01
[2017.11.01-15.01.43:711][742]FBXImport: Warning: No smoothing group information was found in this FBX scene.  Please make sure to enable the 'Export Smoothing Groups' option in the FBX Exporter plug-in before exporting the file.  Even for tools that don't support smoothing groups, the FBX Exporter will generate appropriate smoothing data at export-time so that correct vertex normals can be inferred while importing. 
[2017.11.01-15.01.50:871][535]LogActorFactory: Actor Factory created TableBase_01
[2017.11.01-15.01.50:872][535]LogActorFactory: Actor Factory created TableTop_01
[2017.11.01-15.01.51:680][631]LogActorFactory: Actor Factory created TableBase_01
[2017.11.01-15.01.51:734][631]LogActorFactory: Actor Factory created TableTop_01
[2017.11.01-15.02.05:201][219]Cmd: CAMERA ALIGN ACTIVEVIEWPORTONLY
[2017.11.01-15.03.00:087][764]LogEditorViewport: Clicking on Actor (LMB): BP_Sky_Sphere_C (Sky Sphere)
[2017.11.01-15.03.05:128][344]LogEditorViewport: Clicking on Actor (LMB): BP_Sky_Sphere_C (Sky Sphere)
[2017.11.01-15.03.06:036][450]LogEditorViewport: Clicking on Actor (LMB): BP_Sky_Sphere_C (Sky Sphere)
[2017.11.01-15.03.42:171][774]LogRenderer: Reallocating scene render targets to support 1212x576 Format 26 NumSamples 1 (Frame:18125).
[2017.11.01-15.03.42:204][775]LogRenderer: Reallocating scene render targets to support 1220x576 Format 26 NumSamples 1 (Frame:18127).
[2017.11.01-15.03.42:240][776]LogRenderer: Reallocating scene render targets to support 1232x576 Format 26 NumSamples 1 (Frame:18129).
[2017.11.01-15.03.42:285][777]LogRenderer: Reallocating scene render targets to support 1256x576 Format 26 NumSamples 1 (Frame:18131).
[2017.11.01-15.03.42:339][778]LogRenderer: Reallocating scene render targets to support 1284x576 Format 26 NumSamples 1 (Frame:18133).
[2017.11.01-15.03.42:388][779]LogRenderer: Reallocating scene render targets to support 1324x576 Format 26 NumSamples 1 (Frame:18135).
[2017.11.01-15.03.42:421][780]LogRenderer: Reallocating scene render targets to support 1360x576 Format 26 NumSamples 1 (Frame:18137).
[2017.11.01-15.03.42:467][781]LogRenderer: Reallocating scene render targets to support 1380x576 Format 26 NumSamples 1 (Frame:18139).
[2017.11.01-15.03.42:520][782]LogRenderer: Reallocating scene render targets to support 1408x576 Format 26 NumSamples 1 (Frame:18141).
[2017.11.01-15.03.42:556][783]LogRenderer: Reallocating scene render targets to support 1440x576 Format 26 NumSamples 1 (Frame:18143).
[2017.11.01-15.03.42:604][784]LogRenderer: Reallocating scene render targets to support 1460x576 Format 26 NumSamples 1 (Frame:18145).
[2017.11.01-15.03.42:637][785]LogRenderer: Reallocating scene render targets to support 1480x576 Format 26 NumSamples 1 (Frame:18147).
[2017.11.01-15.03.42:685][786]LogRenderer: Reallocating scene render targets to support 1488x576 Format 26 NumSamples 1 (Frame:18149).
[2017.11.01-15.03.42:745][787]LogRenderer: Reallocating scene render targets to support 1496x576 Format 26 NumSamples 1 (Frame:18151).
[2017.11.01-15.03.45:444][105]LogRenderer: Reallocating scene render targets to support 1500x576 Format 26 NumSamples 1 (Frame:18425).
[2017.11.01-15.03.45:475][106]LogRenderer: Reallocating scene render targets to support 1508x576 Format 26 NumSamples 1 (Frame:18427).
[2017.11.01-15.03.45:508][107]LogRenderer: Reallocating scene render targets to support 1524x576 Format 26 NumSamples 1 (Frame:18429).
[2017.11.01-15.03.45:542][107]LogRenderer: Reallocating scene render targets to support 1556x576 Format 26 NumSamples 1 (Frame:18431).
[2017.11.01-15.03.45:591][109]LogRenderer: Reallocating scene render targets to support 1616x576 Format 26 NumSamples 1 (Frame:18433).
[2017.11.01-15.03.45:628][110]LogRenderer: Reallocating scene render targets to support 1664x576 Format 26 NumSamples 1 (Frame:18435).
[2017.11.01-15.03.45:671][111]LogRenderer: Reallocating scene render targets to support 1712x576 Format 26 NumSamples 1 (Frame:18437).
[2017.11.01-15.03.45:739][112]LogRenderer: Reallocating scene render targets to support 1784x576 Format 26 NumSamples 1 (Frame:18439).
[2017.11.01-15.03.45:788][113]LogRenderer: Reallocating scene render targets to support 1868x576 Format 26 NumSamples 1 (Frame:18441).
[2017.11.01-15.03.47:427][297]LogRenderer: Reallocating scene render targets to support 1868x596 Format 26 NumSamples 1 (Frame:18577).
[2017.11.01-15.03.47:462][298]LogRenderer: Reallocating scene render targets to support 1868x628 Format 26 NumSamples 1 (Frame:18579).
[2017.11.01-15.03.47:497][299]LogRenderer: Reallocating scene render targets to support 1868x664 Format 26 NumSamples 1 (Frame:18581).
[2017.11.01-15.03.47:531][300]LogRenderer: Reallocating scene render targets to support 1868x716 Format 26 NumSamples 1 (Frame:18583).
[2017.11.01-15.03.47:585][301]LogRenderer: Reallocating scene render targets to support 1868x764 Format 26 NumSamples 1 (Frame:18585).
[2017.11.01-15.03.47:632][302]LogRenderer: Reallocating scene render targets to support 1868x832 Format 26 NumSamples 1 (Frame:18587).
[2017.11.01-15.03.47:697][303]LogRenderer: Reallocating scene render targets to support 1868x864 Format 26 NumSamples 1 (Frame:18589).
[2017.11.01-15.03.47:765][304]LogRenderer: Reallocating scene render targets to support 1868x896 Format 26 NumSamples 1 (Frame:18591).
[2017.11.01-15.03.47:827][305]LogRenderer: Reallocating scene render targets to support 1868x900 Format 26 NumSamples 1 (Frame:18593).
[2017.11.01-15.04.04:680][318]MapCheck: New page: Map Check
[2017.11.01-15.04.04:694][318]LightingResults: New page: Lighting Build - Nov 1, 2017, 7:04:04 AM
[2017.11.01-15.04.05:177][318]LogSwarmInterface: [OpenConnection] Registering TCP channel ...
[2017.11.01-15.04.05:856][318]LogSwarmInterface: [OpenConnection] Connecting to agent ...
[2017.11.01-15.04.06:004][318]LogSwarmInterface: [TryOpenConnection] Testing the Agent
[2017.11.01-15.04.07:775][318]LogSwarmInterface: [TryOpenConnection] Opening Connection to Agent
[2017.11.01-15.04.07:775][318]LogSwarmInterface: [TryOpenConnection] Local Process ID is 25040
[2017.11.01-15.04.19:228][318]LogStaticLightingSystem: Warning: No importance volume found, so the scene bounding box was used.  You can optimize your scene's quality and lighting build times by adding importance volumes.
[2017.11.01-15.04.19:229][318]LogStaticLightingSystem: Running Lightmass w/ ImmediateImport mode ENABLED
[2017.11.01-15.04.19:229][318]LogStaticLightingSystem: Running Lightmass w/ ImmediateProcess mode ENABLED
[2017.11.01-15.04.19:229][318]LogStaticLightingSystem: Running Lightmass w/ Sorting mode ENABLED
[2017.11.01-15.04.19:229][318]LogStaticLightingSystem: Running Lightmass w/ Mapping paddings ENABLED
[2017.11.01-15.04.19:229][318]LogStaticLightingSystem: Running Lightmass w/ Mapping debug paddings DISABLED
[2017.11.01-15.04.19:660][318]LogEditorBuildUtils: Build time 0:14
[2017.11.01-15.04.19:738][318]LogMaterial: Missing cached shader map for material FLightmassMaterialRenderer DefaultMaterial, compiling. 
[2017.11.01-15.04.19:792][318]LogMaterial: Missing cached shader map for material FLightmassMaterialRenderer DefaultMaterial, compiling. 
[2017.11.01-15.04.19:838][319]LogMaterial: Missing cached shader map for material FLightmassMaterialRenderer MaterialInstanceDynamic_0, compiling. 
[2017.11.01-15.04.19:844][319]LogMaterial: Missing cached shader map for material FLightmassMaterialRenderer MaterialInstanceDynamic_0, compiling. 
[2017.11.01-15.04.19:896][320]LogMaterial: Missing cached shader map for material FLightmassMaterialRenderer lambert1, compiling. 
[2017.11.01-15.04.19:936][320]LogMaterial: Missing cached shader map for material FLightmassMaterialRenderer lambert1, compiling. 
[2017.11.01-15.04.19:950][321]LogMaterial: Missing cached shader map for material FLightmassMaterialRenderer WorldGridMaterial, compiling. Is special engine material.
[2017.11.01-15.04.19:958][321]LogMaterial: Missing cached shader map for material FLightmassMaterialRenderer WorldGridMaterial, compiling. Is special engine material.
[2017.11.01-15.04.25:738][550]LightingResults: Warning: TableTop_01 Object has overlapping UVs.
[2017.11.01-15.04.25:738][550]LightingResults: TableTop_01 Lightmap UV are overlapping by 27.3%. Please adjust content - Enable Error Coloring to visualize.
[2017.11.01-15.04.25:772][554]Job is a success!
[2017.11.01-15.04.26:096][555]LogMaterial: Warning: Material /Game/Assets/Table/lambert1.lambert1 needed to have new flag set bUsedWithStaticLighting !
[2017.11.01-15.04.26:098][555]LogMaterial: Missing cached shader map for material lambert1, compiling. 
[2017.11.01-15.04.26:337][555]LogTexture: Display: Building textures: HQ_Lightmap1_1 (AutoDXT, 256X256)
[2017.11.01-15.04.26:337][555]LogTexture: Display: Building textures: LQ_Lightmap_1_1 (DXT1, 256X256)
[2017.11.01-15.04.26:337][555]LogTexture: Display: Building textures: HQ_Lightmap1_2 (AutoDXT, 64X64)
[2017.11.01-15.04.26:337][555]LogTexture: Display: Building textures: LQ_Lightmap_1_2 (DXT1, 64X64)
[2017.11.01-15.04.26:337][555]LogTexture: Display: Building textures: ShadowMapTexture2D_3 (G8, 32X32)
[2017.11.01-15.04.26:337][555]LogTexture: Display: Building textures: ShadowMapTexture2D_2 (G8, 256X128)
[2017.11.01-15.04.26:545][555]LogStaticLightingSystem: Illumination: 21.8 sec (89 ms encoding lightmaps, 117 ms encoding shadowmaps)
[2017.11.01-15.04.26:545][555]LogStaticLightingSystem: Lightmap texture memory:  0.1 MB (0.1 MB streaming, 0.0 MB non-streaming), 4 textures
[2017.11.01-15.04.26:545][555]LogStaticLightingSystem: Shadowmap texture memory: 0.0 MB (0.0 MB streaming, 0.0 MB non-streaming), 2 textures
[2017.11.01-15.04.27:251][555]Lightmass on ARTSYFARTSY: 2.08 sec total, 472 ms importing, 278 ms setup, 112 ms photons, 1.01 sec processing, 0 ms extra exporting [4/4 mappings]. Threads: 4.03 sec total, 734 ms processing.
[2017.11.01-15.04.27:251][555]DumpUnbuiltLightIteractions
[2017.11.01-15.04.27:251][555]Lights with unbuilt interactions: 0
[2017.11.01-15.04.27:251][555]
[2017.11.01-15.04.27:251][555]Primitives with unbuilt interactions: 0
[2017.11.01-15.04.27:257][556]Cmd: MAP CHECK NOTIFYRESULTS
[2017.11.01-15.04.27:258][556]MapCheck: New page: Untitled_2 - Nov 1, 2017, 7:04:27 AM
[2017.11.01-15.04.27:323][556]MapCheck: Map check complete: 0 Error(s), 0 Warning(s), took 64.893ms to complete.
[2017.11.01-15.04.46:538][839]LogEditorViewport: Clicking on Actor (LMB): BP_Sky_Sphere_C (Sky Sphere)
[2017.11.01-15.04.47:070][897]Cmd: TRANSACTION UNDO
[2017.11.01-15.04.47:070][897]LogEditorTransaction: Undo Clicking on Actors
[2017.11.01-15.04.58:158][100]LogEditorViewport: Clicking on Actor (LMB): StaticMeshActor (TableTop_01)
[2017.11.01-15.04.59:628][269]Cmd: DELETE
[2017.11.01-15.04.59:628][269]Cmd: ACTOR DELETE
[2017.11.01-15.04.59:628][269]LogEditorActor: Deleted Actor: StaticMeshActor
[2017.11.01-15.04.59:637][269]LogEditorActor: Deleted 1 Actors (0.009 secs)
[2017.11.01-15.05.01:079][441]LogEditorViewport: Clicking on Actor (LMB): StaticMeshActor (TableBase_01)
[2017.11.01-15.05.01:963][542]Cmd: DELETE
[2017.11.01-15.05.01:963][542]Cmd: ACTOR DELETE
[2017.11.01-15.05.01:963][542]LogEditorActor: Deleted Actor: StaticMeshActor
[2017.11.01-15.05.01:972][542]LogEditorActor: Deleted 1 Actors (0.009 secs)
[2017.11.01-15.05.09:569][313]LogEditorViewport: Clicking on Actor (LMB): BP_Sky_Sphere_C (Sky Sphere)
[2017.11.01-15.05.13:004][716]MapCheck: New page: Map Check
[2017.11.01-15.05.13:029][716]LightingResults: New page: Lighting Build - Nov 1, 2017, 7:05:13 AM
[2017.11.01-15.05.13:039][716]LogSwarmInterface: [OpenConnection] Registering TCP channel ...
[2017.11.01-15.05.13:040][716]LogSwarmInterface: [OpenConnection] Connecting to agent ...
[2017.11.01-15.05.13:040][716]LogSwarmInterface: [TryOpenConnection] Testing the Agent
[2017.11.01-15.05.13:041][716]LogSwarmInterface: [TryOpenConnection] Opening Connection to Agent
[2017.11.01-15.05.13:041][716]LogSwarmInterface: [TryOpenConnection] Local Process ID is 25040
[2017.11.01-15.05.18:154][716]LogStaticLightingSystem: Warning: No importance volume found, so the scene bounding box was used.  You can optimize your scene's quality and lighting build times by adding importance volumes.
[2017.11.01-15.05.18:154][716]LogStaticLightingSystem: Running Lightmass w/ ImmediateImport mode ENABLED
[2017.11.01-15.05.18:154][716]LogStaticLightingSystem: Running Lightmass w/ ImmediateProcess mode ENABLED
[2017.11.01-15.05.18:154][716]LogStaticLightingSystem: Running Lightmass w/ Sorting mode ENABLED
[2017.11.01-15.05.18:154][716]LogStaticLightingSystem: Running Lightmass w/ Mapping paddings ENABLED
[2017.11.01-15.05.18:154][716]LogStaticLightingSystem: Running Lightmass w/ Mapping debug paddings DISABLED
[2017.11.01-15.05.18:247][716]LogEditorBuildUtils: Build time 0:05
[2017.11.01-15.05.19:759][812]Job is a success!
[2017.11.01-15.05.20:076][814]LogTexture: Display: Building textures: LQ_Lightmap_0_1 (DXT1, 256X256)
[2017.11.01-15.05.20:076][814]LogTexture: Display: Building textures: HQ_Lightmap0_1 (AutoDXT, 256X256)
[2017.11.01-15.05.20:076][814]LogTexture: Display: Building textures: HQ_Lightmap0_2 (AutoDXT, 64X64)
[2017.11.01-15.05.20:076][814]LogTexture: Display: Building textures: LQ_Lightmap_0_2 (DXT1, 64X64)
[2017.11.01-15.05.20:076][814]LogTexture: Display: Building textures: ShadowMapTexture2D_5 (G8, 32X32)
[2017.11.01-15.05.20:076][814]LogTexture: Display: Building textures: ShadowMapTexture2D_4 (G8, 128X128)
[2017.11.01-15.05.20:125][814]Lightmass on ARTSYFARTSY: 767 ms total, 75 ms importing, 32 ms setup, 103 ms photons, 539 ms processing, 0 ms extra exporting [2/2 mappings]. Threads: 2.12 sec total, 143 ms processing.
[2017.11.01-15.05.20:163][814]LogStaticLightingSystem: Illumination: 7.10 sec (192 ms encoding lightmaps, 58 ms encoding shadowmaps)
[2017.11.01-15.05.20:163][814]LogStaticLightingSystem: Lightmap texture memory:  0.1 MB (0.1 MB streaming, 0.0 MB non-streaming), 4 textures
[2017.11.01-15.05.20:163][814]LogStaticLightingSystem: Shadowmap texture memory: 0.0 MB (0.0 MB streaming, 0.0 MB non-streaming), 2 textures
[2017.11.01-15.05.20:166][814]DumpUnbuiltLightIteractions
[2017.11.01-15.05.20:166][814]Lights with unbuilt interactions: 0
[2017.11.01-15.05.20:166][814]
[2017.11.01-15.05.20:166][814]Primitives with unbuilt interactions: 0
[2017.11.01-15.05.20:171][815]Cmd: MAP CHECK NOTIFYRESULTS
[2017.11.01-15.05.20:172][815]MapCheck: New page: Untitled_2 - Nov 1, 2017, 7:05:20 AM
[2017.11.01-15.05.20:230][815]MapCheck: Map check complete: 0 Error(s), 0 Warning(s), took 58.903ms to complete.
[2017.11.01-15.05.22:379][996]LogActorFactory: Actor Factory created TableTop_01
[2017.11.01-15.05.22:380][996]LogActorFactory: Actor Factory created TableBase_01
[2017.11.01-15.05.23:244][ 98]LogActorFactory: Actor Factory created TableTop_01
[2017.11.01-15.05.23:266][ 98]LogActorFactory: Actor Factory created TableBase_01
[2017.11.01-15.05.45:513][738]LogEditorViewport: Clicking on Actor (LMB): BP_Sky_Sphere_C (Sky Sphere)
[2017.11.01-15.05.46:870][895]LogEditorViewport: Clicking on Actor (LMB): BP_Sky_Sphere_C (Sky Sphere)
[2017.11.01-15.06.59:018][794]Cmd: OBJ SAVEPACKAGE PACKAGE="/Game/Maps/AssetTesting" FILE="M:/ExpGames/ExperimentalGame_VR/KairosVR/Content/Maps/AssetTesting.umap" SILENT=true AUTOSAVING=false KEEPDIRTY=false
[2017.11.01-15.06.59:072][794]LogSavePackage: Save=42.86ms
[2017.11.01-15.06.59:072][794]LogSavePackage: Moving 'M:/ExpGames/ExperimentalGame_VR/KairosVR/Saved/AssetTesting8F008E2E46ED6887E99FE18FE44F4B62.tmp' to 'M:/ExpGames/ExperimentalGame_VR/KairosVR/Content/Maps/AssetTesting.umap'
[2017.11.01-15.06.59:075][794]LogSavePackage: Display: Finished SavePackage M:/ExpGames/ExperimentalGame_VR/KairosVR/Content/Maps/AssetTesting.umap
[2017.11.01-15.06.59:100][794]Cmd: OBJ SAVEPACKAGE PACKAGE="/Game/Maps/AssetTesting_BuiltData" FILE="M:/ExpGames/ExperimentalGame_VR/KairosVR/Content/Maps/AssetTesting_BuiltData.uasset" SILENT=true
[2017.11.01-15.06.59:109][794]LogSavePackage: Save=7.43ms
[2017.11.01-15.06.59:110][794]LogSavePackage: Moving 'M:/ExpGames/ExperimentalGame_VR/KairosVR/Saved/AssetTesting_BuiltData522450994C7361D3FC34CD95F29209F1.tmp' to 'M:/ExpGames/ExperimentalGame_VR/KairosVR/Content/Maps/AssetTesting_BuiltData.uasset'
[2017.11.01-15.06.59:113][794]LogSavePackage: Display: Finished SavePackage M:/ExpGames/ExperimentalGame_VR/KairosVR/Content/Maps/AssetTesting_BuiltData.uasset
[2017.11.01-15.06.59:116][794]LogFileHelpers: Saving map 'AssetTesting' took 0.184
[2017.11.01-15.06.59:118][794]Cmd: MAP LOAD FILE="M:/ExpGames/ExperimentalGame_VR/KairosVR/Content/Maps/AssetTesting.umap" TEMPLATE=0 SHOWPROGRESS=1 FEATURELEVEL=3
[2017.11.01-15.06.59:130][794]LightingResults: New page: Lighting Build
[2017.11.01-15.06.59:131][794]LoadErrors: New page: Loading map: AssetTesting.umap
[2017.11.01-15.06.59:131][794]MapCheck: New page: Map Check
[2017.11.01-15.06.59:131][794]LightingResults: New page: Lighting Build
[2017.11.01-15.06.59:184][794]LogAIModule: Creating AISystem for world AssetTesting
[2017.11.01-15.06.59:188][794]LogEditorServer: Finished looking for orphan Actors (0.000 secs)
[2017.11.01-15.06.59:219][794]Cmd: MAP CHECKDEP NOCLEARLOG
[2017.11.01-15.06.59:274][794]MapCheck: Map check complete: 0 Error(s), 0 Warning(s), took 54.224ms to complete.
[2017.11.01-15.06.59:274][794]LogFileHelpers: Loading map 'AssetTesting' took 0.157
[2017.11.01-15.07.05:964][527]Cmd: OBJ SAVEPACKAGE PACKAGE="/Game/Maps/AssetTesting" FILE="M:/ExpGames/ExperimentalGame_VR/KairosVR/Content/Maps/AssetTesting.umap" SILENT=true AUTOSAVING=false KEEPDIRTY=false
[2017.11.01-15.07.06:029][527]LogSavePackage: Save=34.12ms
[2017.11.01-15.07.06:029][527]LogSavePackage: Moving 'M:/ExpGames/ExperimentalGame_VR/KairosVR/Saved/AssetTestingDD6E44F649194358EDC4EE8B59051E18.tmp' to 'M:/ExpGames/ExperimentalGame_VR/KairosVR/Content/Maps/AssetTesting.umap'
[2017.11.01-15.07.06:031][527]LogSavePackage: Display: Finished SavePackage M:/ExpGames/ExperimentalGame_VR/KairosVR/Content/Maps/AssetTesting.umap
[2017.11.01-15.07.06:052][527]Cmd: OBJ SAVEPACKAGE PACKAGE="/Game/Maps/AssetTesting_BuiltData" FILE="M:/ExpGames/ExperimentalGame_VR/KairosVR/Content/Maps/AssetTesting_BuiltData.uasset" SILENT=true
[2017.11.01-15.07.06:070][527]LogSavePackage: Save=9.92ms
[2017.11.01-15.07.06:070][527]LogSavePackage: Moving 'M:/ExpGames/ExperimentalGame_VR/KairosVR/Saved/AssetTesting_BuiltDataFC26145547B900A1142B5A9CBEF69DB6.tmp' to 'M:/ExpGames/ExperimentalGame_VR/KairosVR/Content/Maps/AssetTesting_BuiltData.uasset'
[2017.11.01-15.07.06:072][527]LogSavePackage: Display: Finished SavePackage M:/ExpGames/ExperimentalGame_VR/KairosVR/Content/Maps/AssetTesting_BuiltData.uasset
[2017.11.01-15.08.23:720][128]Cmd: OBJ SAVEPACKAGE PACKAGE="/Game/Assets/Table/lambert1" FILE="M:/ExpGames/ExperimentalGame_VR/KairosVR/Content/Assets/Table/lambert1.uasset" SILENT=true
[2017.11.01-15.08.23:737][128]LogSavePackage: Save=13.95ms
[2017.11.01-15.08.23:737][128]LogSavePackage: Moving 'M:/ExpGames/ExperimentalGame_VR/KairosVR/Saved/lambert11DC9102A4EF7ECFB4C6533B16EF0CB00.tmp' to 'M:/ExpGames/ExperimentalGame_VR/KairosVR/Content/Assets/Table/lambert1.uasset'
[2017.11.01-15.08.23:741][128]LogSavePackage: Display: Finished SavePackage M:/ExpGames/ExperimentalGame_VR/KairosVR/Content/Assets/Table/lambert1.uasset
[2017.11.01-15.08.23:763][128]Cmd: OBJ SAVEPACKAGE PACKAGE="/Game/Assets/Table/TableBase_01" FILE="M:/ExpGames/ExperimentalGame_VR/KairosVR/Content/Assets/Table/TableBase_01.uasset" SILENT=true
[2017.11.01-15.08.23:779][128]LogSavePackage: Save=13.72ms
[2017.11.01-15.08.23:779][128]LogSavePackage: Moving 'M:/ExpGames/ExperimentalGame_VR/KairosVR/Saved/TableBase_01F11FEE62421D4CEB3DEC51B8D6F1D236.tmp' to 'M:/ExpGames/ExperimentalGame_VR/KairosVR/Content/Assets/Table/TableBase_01.uasset'
[2017.11.01-15.08.23:784][128]LogSavePackage: Display: Finished SavePackage M:/ExpGames/ExperimentalGame_VR/KairosVR/Content/Assets/Table/TableBase_01.uasset
[2017.11.01-15.08.23:807][128]Cmd: OBJ SAVEPACKAGE PACKAGE="/Game/Assets/Table/TableTop_01" FILE="M:/ExpGames/ExperimentalGame_VR/KairosVR/Content/Assets/Table/TableTop_01.uasset" SILENT=true
[2017.11.01-15.08.23:860][128]LogSavePackage: Save=49.76ms
[2017.11.01-15.08.23:860][128]LogSavePackage: Moving 'M:/ExpGames/ExperimentalGame_VR/KairosVR/Saved/TableTop_01CC91901946190BF92319EF837A788EC8.tmp' to 'M:/ExpGames/ExperimentalGame_VR/KairosVR/Content/Assets/Table/TableTop_01.uasset'
[2017.11.01-15.08.23:863][128]LogSavePackage: Display: Finished SavePackage M:/ExpGames/ExperimentalGame_VR/KairosVR/Content/Assets/Table/TableTop_01.uasset
[2017.11.01-15.08.24:146][129]Cmd: QUIT_EDITOR
[2017.11.01-15.08.24:204][129]LogExit: Preparing to exit.
[2017.11.01-15.08.25:406][129]LogExit: Editor shut down
[2017.11.01-15.08.25:413][129]LogExit: Transaction tracking system shut down
[2017.11.01-15.08.25:738][129]LogDirectoryWatcher: A directory notification for '../../../Engine/Content/' was aborted.
[2017.11.01-15.08.25:738][129]LogDirectoryWatcher: A directory notification for 'M:/ExpGames/ExperimentalGame_VR/KairosVR/Content/' was aborted.
[2017.11.01-15.08.25:738][129]LogDirectoryWatcher: A directory notification for '../../../Engine/Plugins/2D/Paper2D/Content/' was aborted.
[2017.11.01-15.08.25:739][129]LogDirectoryWatcher: A directory notification for '../../../Engine/Plugins/Runtime/Oculus/OculusVR/Content/' was aborted.
[2017.11.01-15.08.25:739][129]LogDirectoryWatcher: A directory notification for '../../../Engine/Plugins/Runtime/Steam/SteamVR/Content/' was aborted.
[2017.11.01-15.08.25:797][129]LogExit: Object subsystem successfully closed.
[2017.11.01-15.08.25:822][129]LogD3D11RHI: Shutdown
[2017.11.01-15.08.25:822][129]LogD3D11RHI: CleanupD3DDevice
[2017.11.01-15.08.25:885][129]LogD3D11RHI: ~FD3D11DynamicRHI
[2017.11.01-15.08.25:903][129]LogModuleManager: Shutting down and abandoning module NewLevelDialog (532)
[2017.11.01-15.08.25:903][129]LogModuleManager: Shutting down and abandoning module HierarchicalLODOutliner (530)
[2017.11.01-15.08.25:903][129]LogModuleManager: Shutting down and abandoning module SceneOutliner (528)
[2017.11.01-15.08.25:903][129]LogModuleManager: Shutting down and abandoning module AddContentDialog (526)
[2017.11.01-15.08.25:903][129]LogDirectoryWatcher: A directory notification for 'C:/Program Files/Epic Games/UE_4.17/FeaturePacks/' was aborted.
[2017.11.01-15.08.25:904][129]LogModuleManager: Shutting down and abandoning module WidgetCarousel (525)
[2017.11.01-15.08.25:904][129]LogModuleManager: Shutting down and abandoning module EditorWidgets (522)
[2017.11.01-15.08.25:904][129]LogModuleManager: Shutting down and abandoning module CollectionManager (520)
[2017.11.01-15.08.25:904][129]LogDirectoryWatcher: A directory notification for 'M:/ExpGames/ExperimentalGame_VR/KairosVR/Content/Collections/' was aborted.
[2017.11.01-15.08.25:904][129]LogDirectoryWatcher: A directory notification for 'M:/ExpGames/ExperimentalGame_VR/KairosVR/Content/Developers/Kaitlin/Collections/' was aborted.
[2017.11.01-15.08.25:904][129]LogDirectoryWatcher: A directory notification for 'M:/ExpGames/ExperimentalGame_VR/KairosVR/Saved/Collections/' was aborted.
[2017.11.01-15.08.25:904][129]LogModuleManager: Shutting down and abandoning module StatsViewer (518)
[2017.11.01-15.08.25:904][129]LogModuleManager: Shutting down and abandoning module FoliageEdit (516)
[2017.11.01-15.08.25:904][129]LogModuleManager: Shutting down and abandoning module LandscapeEditor (514)
[2017.11.01-15.08.25:904][129]LogModuleManager: Shutting down and abandoning module MeshPaintMode (512)
[2017.11.01-15.08.25:904][129]LogModuleManager: Shutting down and abandoning module SceneDepthPickerMode (510)
[2017.11.01-15.08.25:904][129]LogModuleManager: Shutting down and abandoning module ActorPickerMode (508)
[2017.11.01-15.08.25:904][129]LogModuleManager: Shutting down and abandoning module GeometryMode (506)
[2017.11.01-15.08.25:904][129]LogModuleManager: Shutting down and abandoning module TextureAlignMode (504)
[2017.11.01-15.08.25:905][129]LogModuleManager: Shutting down and abandoning module BspMode (502)
[2017.11.01-15.08.25:905][129]LogModuleManager: Shutting down and abandoning module PIEPreviewDeviceProfileSelector (500)
[2017.11.01-15.08.25:905][129]LogModuleManager: Shutting down and abandoning module HardwareSurvey (498)
[2017.11.01-15.08.25:905][129]LogModuleManager: Shutting down and abandoning module SequenceRecorderSections (496)
[2017.11.01-15.08.25:923][129]LogModuleManager: Shutting down and abandoning module AutomationWorker (494)
[2017.11.01-15.08.25:924][129]LogModuleManager: Shutting down and abandoning module MatineeToLevelSequence (492)
[2017.11.01-15.08.25:924][129]LogModuleManager: Shutting down and abandoning module LevelSequenceEditor (490)
[2017.11.01-15.08.25:924][129]LogModuleManager: Shutting down and abandoning module PlacementMode (489)
[2017.11.01-15.08.25:924][129]LogModuleManager: Shutting down and abandoning module WmfMediaFactory (486)
[2017.11.01-15.08.25:924][129]LogModuleManager: Shutting down and abandoning module WmfMediaEditor (484)
[2017.11.01-15.08.25:924][129]LogModuleManager: Shutting down and abandoning module AvfMediaFactory (482)
[2017.11.01-15.08.25:924][129]LogModuleManager: Shutting down and abandoning module AvfMediaEditor (480)
[2017.11.01-15.08.25:924][129]LogModuleManager: Shutting down and abandoning module AndroidMediaFactory (478)
[2017.11.01-15.08.25:924][129]LogModuleManager: Shutting down and abandoning module Media (477)
[2017.11.01-15.08.25:924][129]LogModuleManager: Shutting down and abandoning module AndroidMediaEditor (474)
[2017.11.01-15.08.25:924][129]LogModuleManager: Shutting down and abandoning module CharacterAI (472)
[2017.11.01-15.08.25:924][129]LogModuleManager: Shutting down and abandoning module AudioCapture (470)
[2017.11.01-15.08.25:924][129]LogModuleManager: Shutting down and abandoning module SequenceRecorder (469)
[2017.11.01-15.08.25:924][129]LogModuleManager: Shutting down and abandoning module SmartSnapping (466)
[2017.11.01-15.08.25:924][129]LogModuleManager: Shutting down and abandoning module SessionServices (464)
[2017.11.01-15.08.25:924][129]LogModuleManager: Shutting down and abandoning module ViewportSnapping (462)
[2017.11.01-15.08.25:924][129]LogModuleManager: Shutting down and abandoning module ViewportInteraction (460)
[2017.11.01-15.08.25:924][129]LogModuleManager: Shutting down and abandoning module ClothPainter (458)
[2017.11.01-15.08.25:924][129]LogModuleManager: Shutting down and abandoning module LogVisualizer (456)
[2017.11.01-15.08.25:924][129]LogModuleManager: Shutting down and abandoning module IntroTutorials (454)
[2017.11.01-15.08.25:924][129]LogModuleManager: Shutting down and abandoning module GameProjectGeneration (453)
[2017.11.01-15.08.25:924][129]LogModuleManager: Shutting down and abandoning module IOSPlatformEditor (450)
[2017.11.01-15.08.25:924][129]LogModuleManager: Shutting down and abandoning module HTML5PlatformEditor (448)
[2017.11.01-15.08.25:924][129]LogModuleManager: Shutting down and abandoning module AndroidPlatformEditor (446)
[2017.11.01-15.08.25:924][129]LogModuleManager: Shutting down and abandoning module AndroidDeviceDetection (445)
[2017.11.01-15.08.26:420][129]LogModuleManager: Shutting down and abandoning module WindowsPlatformEditor (442)
[2017.11.01-15.08.26:420][129]LogModuleManager: Shutting down and abandoning module IOSRuntimeSettings (440)
[2017.11.01-15.08.26:420][129]LogModuleManager: Shutting down and abandoning module AndroidRuntimeSettings (438)
[2017.11.01-15.08.26:420][129]LogModuleManager: Shutting down and abandoning module InputBindingEditor (436)
[2017.11.01-15.08.26:420][129]LogModuleManager: Shutting down and abandoning module MergeActors (434)
[2017.11.01-15.08.26:420][129]LogModuleManager: Shutting down and abandoning module SizeMap (432)
[2017.11.01-15.08.26:420][129]LogModuleManager: Shutting down and abandoning module TreeMap (430)
[2017.11.01-15.08.26:420][129]LogModuleManager: Shutting down and abandoning module ReferenceViewer (428)
[2017.11.01-15.08.26:420][129]LogModuleManager: Shutting down and abandoning module LocalizationDashboard (426)
[2017.11.01-15.08.26:420][129]LogModuleManager: Shutting down and abandoning module LocalizationService (425)
[2017.11.01-15.08.26:421][129]LogModuleManager: Shutting down and abandoning module HardwareTargeting (422)
[2017.11.01-15.08.26:421][129]LogModuleManager: Shutting down and abandoning module DeviceProfileEditor (420)
[2017.11.01-15.08.26:421][129]LogModuleManager: Shutting down and abandoning module UndoHistory (418)
[2017.11.01-15.08.26:421][129]LogModuleManager: Shutting down and abandoning module XmlParser (416)
[2017.11.01-15.08.26:421][129]LogModuleManager: Shutting down and abandoning module Blutility (414)
[2017.11.01-15.08.26:421][129]LogModuleManager: Shutting down and abandoning module ProjectSettingsViewer (412)
[2017.11.01-15.08.26:421][129]LogModuleManager: Shutting down and abandoning module ProjectTargetPlatformEditor (411)
[2017.11.01-15.08.26:421][129]LogModuleManager: Shutting down and abandoning module EditorSettingsViewer (408)
[2017.11.01-15.08.26:422][129]LogModuleManager: Shutting down and abandoning module SettingsEditor (406)
[2017.11.01-15.08.26:422][129]LogModuleManager: Shutting down and abandoning module ProjectLauncher (404)
[2017.11.01-15.08.26:422][129]LogModuleManager: Shutting down and abandoning module SessionFrontend (402)
[2017.11.01-15.08.26:422][129]LogModuleManager: Shutting down and abandoning module ProfilerClient (400)
[2017.11.01-15.08.26:422][129]LogModuleManager: Shutting down and abandoning module DeviceManager (398)
[2017.11.01-15.08.26:422][129]LogModuleManager: Shutting down and abandoning module TargetDeviceServices (397)
[2017.11.01-15.08.26:462][129]LogModuleManager: Shutting down and abandoning module AutomationController (394)
[2017.11.01-15.08.26:462][129]LogModuleManager: Shutting down and abandoning module AutomationWindow (392)
[2017.11.01-15.08.26:462][129]LogModuleManager: Shutting down and abandoning module Layers (390)
[2017.11.01-15.08.26:462][129]LogModuleManager: Shutting down and abandoning module ComponentVisualizers (388)
[2017.11.01-15.08.26:462][129]LogModuleManager: Shutting down and abandoning module DetailCustomizations (386)
[2017.11.01-15.08.26:462][129]LogModuleManager: Shutting down and abandoning module PackagesDialog (384)
[2017.11.01-15.08.26:463][129]LogModuleManager: Shutting down and abandoning module Persona (382)
[2017.11.01-15.08.26:463][129]LogModuleManager: Shutting down and abandoning module AdvancedPreviewScene (381)
[2017.11.01-15.08.26:463][129]LogModuleManager: Shutting down and abandoning module AnimGraph (379)
[2017.11.01-15.08.26:463][129]LogModuleManager: Shutting down and abandoning module Kismet (376)
[2017.11.01-15.08.26:466][129]LogModuleManager: Shutting down and abandoning module ClassViewer (374)
[2017.11.01-15.08.26:469][129]LogModuleManager: Shutting down and abandoning module Toolbox (372)
[2017.11.01-15.08.26:469][129]LogModuleManager: Shutting down and abandoning module ModuleUI (370)
[2017.11.01-15.08.26:469][129]LogModuleManager: Shutting down and abandoning module MovieSceneTools (368)
[2017.11.01-15.08.26:470][129]LogModuleManager: Shutting down and abandoning module OutputLog (366)
[2017.11.01-15.08.26:470][129]LogModuleManager: Shutting down and abandoning module GammaUI (364)
[2017.11.01-15.08.26:470][129]LogModuleManager: Shutting down and abandoning module Documentation (362)
[2017.11.01-15.08.26:470][129]LogModuleManager: Shutting down and abandoning module MovieSceneTracks (360)
[2017.11.01-15.08.26:470][129]LogModuleManager: Shutting down and abandoning module MovieScene (358)
[2017.11.01-15.08.26:470][129]LogModuleManager: Shutting down and abandoning module Niagara (356)
[2017.11.01-15.08.26:470][129]LogModuleManager: Shutting down and abandoning module NiagaraEditor (355)
[2017.11.01-15.08.26:470][129]LogModuleManager: Shutting down and abandoning module StreamingPauseRendering (352)
[2017.11.01-15.08.26:470][129]LogModuleManager: Shutting down and abandoning module LauncherPlatform (350)
[2017.11.01-15.08.26:470][129]LogModuleManager: Shutting down and abandoning module AnalyticsET (348)
[2017.11.01-15.08.26:470][129]LogModuleManager: Shutting down and abandoning module PortalServices (346)
[2017.11.01-15.08.26:471][129]LogModuleManager: Shutting down and abandoning module PortalRpc (344)
[2017.11.01-15.08.26:471][129]LogModuleManager: Shutting down and abandoning module MessagingRpc (342)
[2017.11.01-15.08.26:471][129]LogModuleManager: Shutting down and abandoning module AIModule (340)
[2017.11.01-15.08.26:471][129]LogModuleManager: Shutting down and abandoning module GameplayDebugger (339)
[2017.11.01-15.08.26:471][129]LogModuleManager: Shutting down and abandoning module AITestSuite (337)
[2017.11.01-15.08.26:471][129]LogModuleManager: Shutting down and abandoning module ProfilerService (334)
[2017.11.01-15.08.26:580][129]LogModuleManager: Shutting down and abandoning module TaskGraph (332)
[2017.11.01-15.08.26:580][129]LogModuleManager: Shutting down and abandoning module SteamVRController (330)
[2017.11.01-15.08.26:580][129]LogModuleManager: Shutting down and abandoning module ProceduralMeshComponentEditor (328)
[2017.11.01-15.08.26:580][129]LogModuleManager: Shutting down and abandoning module ProceduralMeshComponent (326)
[2017.11.01-15.08.26:580][129]LogModuleManager: Shutting down and abandoning module OculusInput (324)
[2017.11.01-15.08.26:580][129]LogModuleManager: Shutting down and abandoning module MobilePatchingUtils (322)
[2017.11.01-15.08.26:580][129]LogModuleManager: Shutting down and abandoning module CustomMeshComponent (320)
[2017.11.01-15.08.26:581][129]LogModuleManager: Shutting down and abandoning module CableComponent (318)
[2017.11.01-15.08.26:581][129]LogModuleManager: Shutting down and abandoning module ArchVisCharacter (316)
[2017.11.01-15.08.26:581][129]LogModuleManager: Shutting down and abandoning module AndroidPermission (314)
[2017.11.01-15.08.26:581][129]LogModuleManager: Shutting down and abandoning module MediaPlayerEditor (310)
[2017.11.01-15.08.26:581][129]LogModuleManager: Shutting down and abandoning module HTML5Networking (308)
[2017.11.01-15.08.26:581][129]LogModuleManager: Shutting down and abandoning module AlembicImporter (306)
[2017.11.01-15.08.26:581][129]LogModuleManager: Shutting down and abandoning module AlembicLibrary (305)
[2017.11.01-15.08.26:581][129]LogModuleManager: Shutting down and abandoning module GeometryCache (304)
[2017.11.01-15.08.26:581][129]LogModuleManager: Shutting down and abandoning module GeometryCacheEd (303)
[2017.11.01-15.08.26:581][129]LogModuleManager: Shutting down and abandoning module SpeedTreeImporter (298)
[2017.11.01-15.08.26:581][129]LogModuleManager: Shutting down and abandoning module PluginBrowser (296)
[2017.11.01-15.08.26:581][129]LogModuleManager: Shutting down and abandoning module MobileLauncherProfileWizard (294)
[2017.11.01-15.08.26:582][129]LogModuleManager: Shutting down and abandoning module VisualStudioSourceCodeAccess (292)
[2017.11.01-15.08.26:582][129]LogModuleManager: Shutting down and abandoning module DesktopPlatform (291)
[2017.11.01-15.08.26:582][129]LogModuleManager: Shutting down and abandoning module UObjectPlugin (288)
[2017.11.01-15.08.26:582][129]LogModuleManager: Shutting down and abandoning module SubversionSourceControl (286)
[2017.11.01-15.08.26:582][129]LogModuleManager: Shutting down and abandoning module PerforceSourceControl (284)
[2017.11.01-15.08.26:582][129]LogModuleManager: Shutting down and abandoning module GitSourceControl (282)
[2017.11.01-15.08.26:582][129]LogModuleManager: Shutting down and abandoning module SourceControl (281)
[2017.11.01-15.08.26:582][129]LogModuleManager: Shutting down and abandoning module LightPropagationVolumeEditor (278)
[2017.11.01-15.08.26:582][129]LogModuleManager: Shutting down and abandoning module PaperTiledImporter (276)
[2017.11.01-15.08.26:582][129]LogModuleManager: Shutting down and abandoning module PaperSpriteSheetImporter (274)
[2017.11.01-15.08.26:583][129]LogModuleManager: Shutting down and abandoning module Paper2DEditor (272)
[2017.11.01-15.08.26:583][129]LogModuleManager: Shutting down and abandoning module MeshPaint (271)
[2017.11.01-15.08.26:583][129]LogModuleManager: Shutting down and abandoning module LevelEditor (269)
[2017.11.01-15.08.26:585][129]LogModuleManager: Shutting down and abandoning module PixelInspectorModule (268)
[2017.11.01-15.08.26:585][129]LogModuleManager: Shutting down and abandoning module MainFrame (266)
[2017.11.01-15.08.26:585][129]LogModuleManager: Shutting down and abandoning module HotReload (265)
[2017.11.01-15.08.26:587][129]LogModuleManager: Shutting down and abandoning module RuntimePhysXCooking (260)
[2017.11.01-15.08.26:587][129]LogModuleManager: Shutting down and abandoning module PhysXVehiclesEditor (258)
[2017.11.01-15.08.26:587][129]LogModuleManager: Shutting down and abandoning module PhysXVehicles (256)
[2017.11.01-15.08.26:587][129]LogModuleManager: Shutting down and abandoning module OculusEditor (254)
[2017.11.01-15.08.26:587][129]LogModuleManager: Shutting down and abandoning module LocationServicesBPLibrary (252)
[2017.11.01-15.08.26:587][129]LogModuleManager: Shutting down and abandoning module ImmediatePhysicsEditor (250)
[2017.11.01-15.08.26:587][129]LogModuleManager: Shutting down and abandoning module ImmediatePhysics (248)
[2017.11.01-15.08.26:587][129]LogModuleManager: Shutting down and abandoning module UdpMessaging (246)
[2017.11.01-15.08.26:687][129]LogModuleManager: Shutting down and abandoning module TcpMessaging (244)
[2017.11.01-15.08.26:787][129]LogModuleManager: Shutting down and abandoning module GameplayTagsEditor (242)
[2017.11.01-15.08.26:787][129]LogModuleManager: Shutting down and abandoning module FacialAnimationEditor (240)
[2017.11.01-15.08.26:787][129]LogModuleManager: Shutting down and abandoning module FacialAnimation (238)
[2017.11.01-15.08.26:787][129]LogModuleManager: Shutting down and abandoning module AssetManagerEditor (236)
[2017.11.01-15.08.26:787][129]LogModuleManager: Shutting down and abandoning module GraphEditor (235)
[2017.11.01-15.08.26:788][129]LogModuleManager: Shutting down and abandoning module ContentBrowser (233)
[2017.11.01-15.08.26:790][129]LogModuleManager: Shutting down and abandoning module LightPropagationVolumeRuntime (230)
[2017.11.01-15.08.26:790][129]LogModuleManager: Shutting down and abandoning module Paper2D (228)
[2017.11.01-15.08.26:790][129]LogModuleManager: Shutting down and abandoning module WindowsMoviePlayer (226)
[2017.11.01-15.08.26:790][129]LogModuleManager: Shutting down and abandoning module WmfMedia (224)
[2017.11.01-15.08.26:791][129]LogModuleManager: Shutting down and abandoning module PacketHandler (222)
[2017.11.01-15.08.26:792][129]LogModuleManager: Shutting down and abandoning module ClothingSystemEditor (220)
[2017.11.01-15.08.26:792][129]LogModuleManager: Shutting down and abandoning module ClothingSystemRuntime (218)
[2017.11.01-15.08.26:792][129]LogModuleManager: Shutting down and abandoning module Overlay (216)
[2017.11.01-15.08.26:792][129]LogModuleManager: Shutting down and abandoning module OverlayEditor (215)
[2017.11.01-15.08.26:792][129]LogModuleManager: Shutting down and abandoning module MediaAssets (212)
[2017.11.01-15.08.26:792][129]LogModuleManager: Shutting down and abandoning module VREditor (210)
[2017.11.01-15.08.26:792][129]LogModuleManager: Shutting down and abandoning module StringTableEditor (208)
[2017.11.01-15.08.26:793][129]LogModuleManager: Shutting down and abandoning module GameplayTasksEditor (206)
[2017.11.01-15.08.26:793][129]LogModuleManager: Shutting down and abandoning module BehaviorTreeEditor (204)
[2017.11.01-15.08.26:793][129]LogModuleManager: Shutting down and abandoning module FunctionalTesting (202)
[2017.11.01-15.08.26:793][129]LogModuleManager: Shutting down and abandoning module CollisionAnalyzer (200)
[2017.11.01-15.08.26:793][129]LogModuleManager: Shutting down and abandoning module WorkspaceMenuStructure (199)
[2017.11.01-15.08.26:793][129]LogModuleManager: Shutting down and abandoning module UMG (196)
[2017.11.01-15.08.26:793][129]LogModuleManager: Shutting down and abandoning module UMGEditor (195)
[2017.11.01-15.08.26:793][129]LogModuleManager: Shutting down and abandoning module Sequencer (194)
[2017.11.01-15.08.26:794][129]LogModuleManager: Shutting down and abandoning module MessageLog (191)
[2017.11.01-15.08.26:794][129]LogModuleManager: Shutting down and abandoning module SlateReflector (186)
[2017.11.01-15.08.26:794][129]LogModuleManager: Shutting down and abandoning module Slate (184)
[2017.11.01-15.08.26:794][129]LogModuleManager: Shutting down and abandoning module EditorStyle (182)
[2017.11.01-15.08.26:801][129]LogModuleManager: Shutting down and abandoning module MRMesh (180)
[2017.11.01-15.08.26:801][129]LogModuleManager: Shutting down and abandoning module SourceCodeAccess (178)
[2017.11.01-15.08.26:801][129]LogModuleManager: Shutting down and abandoning module HeadMountedDisplay (176)
[2017.11.01-15.08.26:802][129]LogModuleManager: Shutting down and abandoning module XAudio2 (174)
[2017.11.01-15.08.26:802][129]LogModuleManager: Shutting down and abandoning module Networking (172)
[2017.11.01-15.08.26:802][129]LogModuleManager: Shutting down and abandoning module Core (168)
[2017.11.01-15.08.26:802][129]LogModuleManager: Shutting down and abandoning module KismetCompiler (164)
[2017.11.01-15.08.26:802][129]LogModuleManager: Shutting down and abandoning module MeshUtilities (162)
[2017.11.01-15.08.26:802][129]LogModuleManager: Shutting down and abandoning module MeshMergeUtilities (161)
[2017.11.01-15.08.26:802][129]LogModuleManager: Shutting down and abandoning module MeshReductionInterface (160)
[2017.11.01-15.08.26:802][129]LogModuleManager: Shutting down and abandoning module SimplygonSwarm (159)
[2017.11.01-15.08.26:802][129]LogModuleManager: Shutting down and abandoning module SimplygonMeshReduction (157)
[2017.11.01-15.08.26:802][129]LogModuleManager: Shutting down and abandoning module QuadricMeshReduction (155)
[2017.11.01-15.08.26:802][129]LogModuleManager: Shutting down and abandoning module MaterialBaking (151)
[2017.11.01-15.08.26:802][129]LogModuleManager: Shutting down and abandoning module LevelSequence (148)
[2017.11.01-15.08.26:802][129]LogModuleManager: Shutting down and abandoning module DirectoryWatcher (146)
[2017.11.01-15.08.26:804][129]LogModuleManager: Shutting down and abandoning module DerivedDataCache (144)
[2017.11.01-15.08.26:821][129]LogDerivedDataCache: Shutdown
[2017.11.01-15.08.26:821][129]LogModuleManager: Shutting down and abandoning module TargetPlatform (142)
[2017.11.01-15.08.26:821][129]LogModuleManager: Shutting down and abandoning module VulkanShaderFormat (141)
[2017.11.01-15.08.26:821][129]LogModuleManager: Shutting down and abandoning module ShaderFormatVectorVM (139)
[2017.11.01-15.08.26:821][129]LogModuleManager: Shutting down and abandoning module ShaderFormatOpenGL (137)
[2017.11.01-15.08.26:821][129]LogModuleManager: Shutting down and abandoning module ShaderFormatD3D (135)
[2017.11.01-15.08.26:821][129]LogModuleManager: Shutting down and abandoning module MetalShaderFormat (133)
[2017.11.01-15.08.26:821][129]LogModuleManager: Shutting down and abandoning module TextureFormatUncompressed (131)
[2017.11.01-15.08.26:822][129]LogModuleManager: Shutting down and abandoning module TextureFormatPVR (129)
[2017.11.01-15.08.26:822][129]LogModuleManager: Shutting down and abandoning module TextureFormatDXT (127)
[2017.11.01-15.08.26:822][129]LogModuleManager: Shutting down and abandoning module TextureFormatIntelISPCTexComp (125)
[2017.11.01-15.08.26:822][129]LogModuleManager: Shutting down and abandoning module TextureFormatASTC (123)
[2017.11.01-15.08.26:822][129]LogModuleManager: Shutting down and abandoning module ImageWrapper (122)
[2017.11.01-15.08.26:822][129]LogModuleManager: Shutting down and abandoning module TextureFormatAndroid (119)
[2017.11.01-15.08.26:822][129]LogModuleManager: Shutting down and abandoning module AudioFormatOpus (117)
[2017.11.01-15.08.26:822][129]LogModuleManager: Shutting down and abandoning module AudioFormatOgg (115)
[2017.11.01-15.08.26:822][129]LogModuleManager: Shutting down and abandoning module AudioFormatADPCM (113)
[2017.11.01-15.08.26:822][129]LogModuleManager: Shutting down and abandoning module LinuxTargetPlatform (111)
[2017.11.01-15.08.26:822][129]LogModuleManager: Shutting down and abandoning module LinuxServerTargetPlatform (109)
[2017.11.01-15.08.26:822][129]LogModuleManager: Shutting down and abandoning module LinuxNoEditorTargetPlatform (107)
[2017.11.01-15.08.26:822][129]LogModuleManager: Shutting down and abandoning module LinuxClientTargetPlatform (105)
[2017.11.01-15.08.26:822][129]LogModuleManager: Shutting down and abandoning module TVOSTargetPlatform (103)
[2017.11.01-15.08.26:822][129]LogModuleManager: Shutting down and abandoning module Messaging (101)
[2017.11.01-15.08.26:823][129]LogModuleManager: Shutting down and abandoning module IOSTargetPlatform (99)
[2017.11.01-15.08.26:823][129]LogModuleManager: Shutting down and abandoning module HTML5TargetPlatform (97)
[2017.11.01-15.08.26:823][129]LogModuleManager: Shutting down and abandoning module Android_PVRTCTargetPlatform (95)
[2017.11.01-15.08.26:823][129]LogModuleManager: Shutting down and abandoning module Android_MultiTargetPlatform (93)
[2017.11.01-15.08.26:823][129]LogModuleManager: Shutting down and abandoning module Android_ETC2TargetPlatform (91)
[2017.11.01-15.08.26:823][129]LogModuleManager: Shutting down and abandoning module Android_ETC1TargetPlatform (89)
[2017.11.01-15.08.26:823][129]LogModuleManager: Shutting down and abandoning module Android_DXTTargetPlatform (87)
[2017.11.01-15.08.26:823][129]LogModuleManager: Shutting down and abandoning module Android_ATCTargetPlatform (85)
[2017.11.01-15.08.26:823][129]LogModuleManager: Shutting down and abandoning module Android_ASTCTargetPlatform (83)
[2017.11.01-15.08.26:823][129]LogModuleManager: Shutting down and abandoning module AndroidTargetPlatform (81)
[2017.11.01-15.08.26:823][129]LogModuleManager: Shutting down and abandoning module WindowsTargetPlatform (79)
[2017.11.01-15.08.26:823][129]LogModuleManager: Shutting down and abandoning module WindowsServerTargetPlatform (77)
[2017.11.01-15.08.26:823][129]LogModuleManager: Shutting down and abandoning module WindowsNoEditorTargetPlatform (75)
[2017.11.01-15.08.26:823][129]LogModuleManager: Shutting down and abandoning module WindowsClientTargetPlatform (73)
[2017.11.01-15.08.26:823][129]LogModuleManager: Shutting down and abandoning module MacTargetPlatform (71)
[2017.11.01-15.08.26:823][129]LogModuleManager: Shutting down and abandoning module MacServerTargetPlatform (69)
[2017.11.01-15.08.26:823][129]LogModuleManager: Shutting down and abandoning module MacNoEditorTargetPlatform (67)
[2017.11.01-15.08.26:823][129]LogModuleManager: Shutting down and abandoning module MacClientTargetPlatform (65)
[2017.11.01-15.08.26:823][129]LogModuleManager: Shutting down and abandoning module AllDesktopTargetPlatform (63)
[2017.11.01-15.08.26:823][129]LogModuleManager: Shutting down and abandoning module InputCore (60)
[2017.11.01-15.08.26:823][129]LogModuleManager: Shutting down and abandoning module Settings (58)
[2017.11.01-15.08.26:824][129]LogModuleManager: Shutting down and abandoning module PhysXCooking (56)
[2017.11.01-15.08.26:824][129]LogModuleManager: Shutting down and abandoning module SteamVR (54)
[2017.11.01-15.08.26:824][129]LogModuleManager: Shutting down and abandoning module OculusHMD (52)
[2017.11.01-15.08.26:824][129]LogModuleManager: Shutting down and abandoning module ExampleDeviceProfileSelector (50)
[2017.11.01-15.08.26:824][129]LogModuleManager: Shutting down and abandoning module OnlineBlueprintSupport (48)
[2017.11.01-15.08.26:824][129]LogModuleManager: Shutting down and abandoning module OnlineSubsystem (44)
[2017.11.01-15.08.26:824][129]LogOnline: Display: Unloading online subsystem: NULL
[2017.11.01-15.08.26:824][129]LogModuleManager: Shutting down and abandoning module XMPP (43)
[2017.11.01-15.08.26:824][129]LogModuleManager: Shutting down and abandoning module HTTP (41)
[2017.11.01-15.08.26:824][129]LogHttp: Display: Http module shutting down, but needs to wait on 1 outstanding Http requests:
[2017.11.01-15.08.26:824][129]LogHttp: Display: 	verb=[POST] url=[https://datarouter.ol.epicgames.com/datarouter/api/v1/public/data?SessionID=%7B47BC84BE-4E0A-88B9-D8A5-A6AC1EB2BB66%7D&AppID=UEEditor.Rocket.Release&AppVersion=4.17.2-3658906%2B%2B%2BUE4%2BRelease-4.17&UserID=c4bbf9924792c6d8a7e45fb522afeec0%7Cfc1672ededc048ebb0076d5480b48f5b%7C4bdca32a-b8f4-415d-bbe9-809b738f38c8&AppEnvironment=datacollector-binary&UploadType=eteventstream] status=Processing
[2017.11.01-15.08.26:829][129]LogModuleManager: Shutting down and abandoning module SSL (40)
[2017.11.01-15.08.26:834][129]LogModuleManager: Shutting down and abandoning module AnimationModifiers (36)
[2017.11.01-15.08.26:834][129]LogModuleManager: Shutting down and abandoning module PropertyEditor (35)
[2017.11.01-15.08.26:834][129]LogModuleManager: Shutting down and abandoning module AudioEditor (32)
[2017.11.01-15.08.26:834][129]LogModuleManager: Shutting down and abandoning module TextureCompressor (30)
[2017.11.01-15.08.26:834][129]LogModuleManager: Shutting down and abandoning module ShaderCore (28)
[2017.11.01-15.08.26:834][129]LogModuleManager: Shutting down and abandoning module Landscape (26)
[2017.11.01-15.08.26:834][129]LogModuleManager: Shutting down and abandoning module SlateRHIRenderer (24)
[2017.11.01-15.08.26:836][129]LogModuleManager: Shutting down and abandoning module OpenGLDrv (22)
[2017.11.01-15.08.26:836][129]LogModuleManager: Shutting down and abandoning module D3D11RHI (20)
[2017.11.01-15.08.26:836][129]LogModuleManager: Shutting down and abandoning module AnimGraphRuntime (18)
[2017.11.01-15.08.26:837][129]LogModuleManager: Shutting down and abandoning module Renderer (16)
[2017.11.01-15.08.26:837][129]LogModuleManager: Shutting down and abandoning module Engine (14)
[2017.11.01-15.08.26:837][129]LogModuleManager: Shutting down and abandoning module CoreUObject (12)
[2017.11.01-15.08.26:837][129]LogModuleManager: Shutting down and abandoning module NetworkFile (10)
[2017.11.01-15.08.26:837][129]LogModuleManager: Shutting down and abandoning module CookedIterativeFile (8)
[2017.11.01-15.08.26:837][129]LogModuleManager: Shutting down and abandoning module StreamingFile (6)
[2017.11.01-15.08.26:837][129]LogModuleManager: Shutting down and abandoning module SandboxFile (4)
[2017.11.01-15.08.26:837][129]LogModuleManager: Shutting down and abandoning module PakFile (2)
[2017.11.01-15.08.26:843][129]LogExit: Exiting.
[2017.11.01-15.08.26:871][129]Log file closed, 11/01/17 11:08:26
